<?xml version="1.0" encoding="UTF-8"?>
<testsuites name="RTS001_ScriptTemplate_Validation" time="15.669" tests="2" failures="0" errors="2">
   <testsuite name="RTS001_ScriptTemplate_Validation" tests="2" failures="0" errors="2" time="15.669" skipped="0" timestamp="25-04-2025T09:56:21" hostname="MunyaradziKandoro - DESKTOP-06T37RT" id="Test Suites/Regression Test Suite/RTS001_ScriptTemplate_Validation">
      <properties>
         <property name="deviceName" value=""/>
         <property name="devicePlatform"/>
         <property name="logFolder" value="C:\\Users\\MunyaradziKandoro\\git\\Script-Template-Manager-Web-UI-Testing\\Reports\\20250425_095531\\Regression Test Suite\\RTS001_ScriptTemplate_Validation\\20250425_095616"/>
         <property name="logFiles" value="C:\\Users\\MunyaradziKandoro\\git\\Script-Template-Manager-Web-UI-Testing\\Reports\\20250425_095531\\Regression Test Suite\\RTS001_ScriptTemplate_Validation\\20250425_095616\\execution0.log"/>
         <property name="attachments" value=""/>
         <property name="hostName" value="MunyaradziKandoro - DESKTOP-06T37RT"/>
         <property name="os" value="Windows 11 64bit"/>
         <property name="katalonVersion" value="10.1.0.223"/>
         <property name="browser" value="Chrome 135.0.7049.96"/>
         <property name="hostAddress" value="192.168.1.101"/>
         <property name="sessionId" value="99cbed9fe2aa59f8bcddfe3e48573fa2"/>
         <property name="seleniumVersion" value="4.22.0"/>
         <property name="proxyInformation" value="ProxyInformation { proxyOption=NO_PROXY, proxyServerType=HTTP, username=, password=********, proxyServerAddress=, proxyServerPort=0, executionList=&quot;&quot;, isApplyToDesiredCapabilities=true }"/>
         <property name="platform" value="Windows 11"/>
      </properties>
      <testcase name="Test Cases/TC01 - Add Script Template" time="5.705" classname="Test Cases/TC01 - Add Script Template" status="ERROR">
         <properties>
            <property name="data_binding"><![CDATA[{"Type":"1","MergeFieldSuffi...":"}}","Description":"This is a sample","ApplicationModu...":"33","Username":"Jvansandwyk11","RememberMe":"TRUE","MergeFieldPrefi...":"{{","TextScript":"Rear {{policy.accountHolder}},\n\nWe have the following information on record for ID {{legalRefNo}}. Your policy with policy number {{policy.policyNo}} under the {{policy.productName}} is now ready.\n\nPlease contact us and confirm that your account is with {{policy.bankName}}.\n\nThe Benefits table is depicted below:\n{{policy.benefits}}\n\nThe Signatures table is depicted below:\n{{policy.signatures}}\n\nThe Contacts table is depicted below:\n{{policy.memberContacts}}\n\nKind regards","Name":"Json_Testing_Template_6","Password":"123456"}]]></property>
         </properties>
         <error type="ERROR" message="Test Cases/TC01 - Add Script Template FAILED.&#xa;Reason:&#xa;groovy.lang.MissingMethodException: No signature of method: static com.kms.katalon.core.webui.keyword.WebUiBuiltInKeywords.verifyElementVisible() is applicable for argument types: (com.kms.katalon.core.testobject.TestObject, Integer) values: [TestObject - 'Object Repository/Page_ScriptTemplates/span_Account_Name', ...]&#xa;Possible solutions: verifyElementVisible(com.kms.katalon.core.testobject.TestObject), verifyElementVisible(com.kms.katalon.core.testobject.TestObject, com.kms.katalon.core.model.FailureHandling), verifyElementNotVisible(com.kms.katalon.core.testobject.TestObject), verifyElementNotVisible(com.kms.katalon.core.testobject.TestObject, com.kms.katalon.core.model.FailureHandling)&#xa;	at TC01 - Add Script Template.run(TC01 - Add Script Template:31)&#xa;	at com.kms.katalon.core.main.ScriptEngine.run(ScriptEngine.java:194)&#xa;	at com.kms.katalon.core.main.ScriptEngine.runScriptAsRawText(ScriptEngine.java:119)&#xa;	at com.kms.katalon.core.main.TestCaseExecutor.runScript(TestCaseExecutor.java:448)&#xa;	at com.kms.katalon.core.main.TestCaseExecutor.doExecute(TestCaseExecutor.java:439)&#xa;	at com.kms.katalon.core.main.TestCaseExecutor.processExecutionPhase(TestCaseExecutor.java:418)&#xa;	at com.kms.katalon.core.main.TestCaseExecutor.accessMainPhase(TestCaseExecutor.java:410)&#xa;	at com.kms.katalon.core.main.TestCaseExecutor.execute(TestCaseExecutor.java:285)&#xa;	at com.kms.katalon.core.common.CommonExecutor.accessTestCaseMainPhase(CommonExecutor.java:71)&#xa;	at com.kms.katalon.core.main.TestSuiteExecutor.accessTestSuiteMainPhase(TestSuiteExecutor.java:160)&#xa;	at com.kms.katalon.core.main.TestSuiteExecutor.execute(TestSuiteExecutor.java:107)&#xa;	at com.kms.katalon.core.main.TestCaseMain.startTestSuite(TestCaseMain.java:180)&#xa;	at TempTestSuite1745567776088.run(TempTestSuite1745567776088.groovy:35)&#xa;	at java.base/jdk.internal.reflect.NativeMethodAccessorImpl.invoke0(Native Method)&#xa;	at java.base/jdk.internal.reflect.NativeMethodAccessorImpl.invoke(NativeMethodAccessorImpl.java:77)&#xa;	at java.base/jdk.internal.reflect.DelegatingMethodAccessorImpl.invoke(DelegatingMethodAccessorImpl.java:43)&#xa;"/>
         <system-out><![CDATA[25-04-2025T09:56:26 - [TEST_CASE][ERROR] - Test Cases/TC01 - Add Script Template: Test Cases/TC01 - Add Script Template FAILED.
Reason:
groovy.lang.MissingMethodException: No signature of method: static com.kms.katalon.core.webui.keyword.WebUiBuiltInKeywords.verifyElementVisible() is applicable for argument types: (com.kms.katalon.core.testobject.TestObject, Integer) values: [TestObject - 'Object Repository/Page_ScriptTemplates/span_Account_Name', ...]
Possible solutions: verifyElementVisible(com.kms.katalon.core.testobject.TestObject), verifyElementVisible(com.kms.katalon.core.testobject.TestObject, com.kms.katalon.core.model.FailureHandling), verifyElementNotVisible(com.kms.katalon.core.testobject.TestObject), verifyElementNotVisible(com.kms.katalon.core.testobject.TestObject, com.kms.katalon.core.model.FailureHandling)
	at TC01 - Add Script Template.run(TC01 - Add Script Template:31)
	at com.kms.katalon.core.main.ScriptEngine.run(ScriptEngine.java:194)
	at com.kms.katalon.core.main.ScriptEngine.runScriptAsRawText(ScriptEngine.java:119)
	at com.kms.katalon.core.main.TestCaseExecutor.runScript(TestCaseExecutor.java:448)
	at com.kms.katalon.core.main.TestCaseExecutor.doExecute(TestCaseExecutor.java:439)
	at com.kms.katalon.core.main.TestCaseExecutor.processExecutionPhase(TestCaseExecutor.java:418)
	at com.kms.katalon.core.main.TestCaseExecutor.accessMainPhase(TestCaseExecutor.java:410)
	at com.kms.katalon.core.main.TestCaseExecutor.execute(TestCaseExecutor.java:285)
	at com.kms.katalon.core.common.CommonExecutor.accessTestCaseMainPhase(CommonExecutor.java:71)
	at com.kms.katalon.core.main.TestSuiteExecutor.accessTestSuiteMainPhase(TestSuiteExecutor.java:160)
	at com.kms.katalon.core.main.TestSuiteExecutor.execute(TestSuiteExecutor.java:107)
	at com.kms.katalon.core.main.TestCaseMain.startTestSuite(TestCaseMain.java:180)
	at TempTestSuite1745567776088.run(TempTestSuite1745567776088.groovy:35)
	at java.base/jdk.internal.reflect.NativeMethodAccessorImpl.invoke0(Native Method)
	at java.base/jdk.internal.reflect.NativeMethodAccessorImpl.invoke(NativeMethodAccessorImpl.java:77)
	at java.base/jdk.internal.reflect.DelegatingMethodAccessorImpl.invoke(DelegatingMethodAccessorImpl.java:43)


25-04-2025T09:56:26 - [TEST_STEP][PASSED] - Start listener action : logBeforeTestCase: null

25-04-2025T09:56:26 - [TEST_STEP][PASSED] - comment("Initialize setup for Test Case Execution"): Initialize setup for Test Case Execution

25-04-2025T09:56:26 - [MESSAGE][INFO] - Initialize setup for Test Case Execution

25-04-2025T09:56:26 - [TEST_STEP][PASSED] - markWarning("Test Case Name : " + testCaseContext.getTestCaseId()): Test Case Name : Test Cases/TC01 - Add Script Template

25-04-2025T09:56:26 - [MESSAGE][WARNING] - Test Case Name : Test Cases/TC01 - Add Script Template

25-04-2025T09:56:26 - [TEST_STEP][PASSED] - markWarning("Test Case Variables : " + testCaseContext.getTestCaseVariables()): Test Case Variables : [Type:1, Description:This is a sample, Username:Jvansandwyk11, RememberMe:TRUE, MergeFieldPrefix:{{, MergeFieldSuffix:}}, TextScript:Rear {{policy.accountHolder}},

We have the following information on record for ID {{legalRefNo}}. Your policy with policy number {{policy.policyNo}} under the {{policy.productName}} is now ready.

Please contact us and confirm that your account is with {{policy.bankName}}.

The Benefits table is depicted below:
{{policy.benefits}}

The Signatures table is depicted below:
{{policy.signatures}}

The Contacts table is depicted below:
{{policy.memberContacts}}

Kind regards, Name:Json_Testing_Template_6, ApplicationModule:33, Password:123456]

25-04-2025T09:56:26 - [MESSAGE][WARNING] - Test Case Variables : [Type:1, Description:This is a sample, Username:Jvansandwyk11, RememberMe:TRUE, MergeFieldPrefix:{{, MergeFieldSuffix:}}, TextScript:Rear {{policy.accountHolder}},

We have the following information on record for ID {{legalRefNo}}. Your policy with policy number {{policy.policyNo}} under the {{policy.productName}} is now ready.

Please contact us and confirm that your account is with {{policy.bankName}}.

The Benefits table is depicted below:
{{policy.benefits}}

The Signatures table is depicted below:
{{policy.signatures}}

The Contacts table is depicted below:
{{policy.memberContacts}}

Kind regards, Name:Json_Testing_Template_6, ApplicationModule:33, Password:123456]

25-04-2025T09:56:26 - [TEST_STEP][PASSED] - println("Initializing test data for case " + testCaseContext.getTestCaseId()): null

25-04-2025T09:56:26 - [TEST_STEP][PASSED] - delayDuration = 3: null

25-04-2025T09:56:26 - [TEST_STEP][PASSED] - comment("Story: Add a Script Template"): Story: Add a Script Template

25-04-2025T09:56:26 - [MESSAGE][INFO] - Story: Add a Script Template

25-04-2025T09:56:26 - [TEST_STEP][PASSED] - comment("Given that the user has logged into their account"): Given that the user has logged into their account

25-04-2025T09:56:26 - [MESSAGE][INFO] - Given that the user has logged into their account

25-04-2025T09:56:26 - [TEST_STEP][PASSED] - delay(5): Delayed 5 second(s)

25-04-2025T09:56:31 - [MESSAGE][PASSED] - Delayed 5 second(s)

25-04-2025T09:56:31 - [TEST_STEP][ERROR] - isLoggedIn = verifyElementVisible(findTestObject("Object Repository/Page_ScriptTemplates/span_Account_Name"), 3): Test Cases/TC01 - Add Script Template FAILED.
Reason:
groovy.lang.MissingMethodException: No signature of method: static com.kms.katalon.core.webui.keyword.WebUiBuiltInKeywords.verifyElementVisible() is applicable for argument types: (com.kms.katalon.core.testobject.TestObject, Integer) values: [TestObject - 'Object Repository/Page_ScriptTemplates/span_Account_Name', ...]
Possible solutions: verifyElementVisible(com.kms.katalon.core.testobject.TestObject), verifyElementVisible(com.kms.katalon.core.testobject.TestObject, com.kms.katalon.core.model.FailureHandling), verifyElementNotVisible(com.kms.katalon.core.testobject.TestObject), verifyElementNotVisible(com.kms.katalon.core.testobject.TestObject, com.kms.katalon.core.model.FailureHandling)
	at TC01 - Add Script Template.run(TC01 - Add Script Template:31)
	at com.kms.katalon.core.main.ScriptEngine.run(ScriptEngine.java:194)
	at com.kms.katalon.core.main.ScriptEngine.runScriptAsRawText(ScriptEngine.java:119)
	at com.kms.katalon.core.main.TestCaseExecutor.runScript(TestCaseExecutor.java:448)
	at com.kms.katalon.core.main.TestCaseExecutor.doExecute(TestCaseExecutor.java:439)
	at com.kms.katalon.core.main.TestCaseExecutor.processExecutionPhase(TestCaseExecutor.java:418)
	at com.kms.katalon.core.main.TestCaseExecutor.accessMainPhase(TestCaseExecutor.java:410)
	at com.kms.katalon.core.main.TestCaseExecutor.execute(TestCaseExecutor.java:285)
	at com.kms.katalon.core.common.CommonExecutor.accessTestCaseMainPhase(CommonExecutor.java:71)
	at com.kms.katalon.core.main.TestSuiteExecutor.accessTestSuiteMainPhase(TestSuiteExecutor.java:160)
	at com.kms.katalon.core.main.TestSuiteExecutor.execute(TestSuiteExecutor.java:107)
	at com.kms.katalon.core.main.TestCaseMain.startTestSuite(TestCaseMain.java:180)
	at TempTestSuite1745567776088.run(TempTestSuite1745567776088.groovy:35)
	at java.base/jdk.internal.reflect.NativeMethodAccessorImpl.invoke0(Native Method)
	at java.base/jdk.internal.reflect.NativeMethodAccessorImpl.invoke(NativeMethodAccessorImpl.java:77)
	at java.base/jdk.internal.reflect.DelegatingMethodAccessorImpl.invoke(DelegatingMethodAccessorImpl.java:43)


25-04-2025T09:56:32 - [MESSAGE][ERROR] - Test Cases/TC01 - Add Script Template FAILED.
Reason:
groovy.lang.MissingMethodException: No signature of method: static com.kms.katalon.core.webui.keyword.WebUiBuiltInKeywords.verifyElementVisible() is applicable for argument types: (com.kms.katalon.core.testobject.TestObject, Integer) values: [TestObject - 'Object Repository/Page_ScriptTemplates/span_Account_Name', ...]
Possible solutions: verifyElementVisible(com.kms.katalon.core.testobject.TestObject), verifyElementVisible(com.kms.katalon.core.testobject.TestObject, com.kms.katalon.core.model.FailureHandling), verifyElementNotVisible(com.kms.katalon.core.testobject.TestObject), verifyElementNotVisible(com.kms.katalon.core.testobject.TestObject, com.kms.katalon.core.model.FailureHandling)
	at TC01 - Add Script Template.run(TC01 - Add Script Template:31)
	at com.kms.katalon.core.main.ScriptEngine.run(ScriptEngine.java:194)
	at com.kms.katalon.core.main.ScriptEngine.runScriptAsRawText(ScriptEngine.java:119)
	at com.kms.katalon.core.main.TestCaseExecutor.runScript(TestCaseExecutor.java:448)
	at com.kms.katalon.core.main.TestCaseExecutor.doExecute(TestCaseExecutor.java:439)
	at com.kms.katalon.core.main.TestCaseExecutor.processExecutionPhase(TestCaseExecutor.java:418)
	at com.kms.katalon.core.main.TestCaseExecutor.accessMainPhase(TestCaseExecutor.java:410)
	at com.kms.katalon.core.main.TestCaseExecutor.execute(TestCaseExecutor.java:285)
	at com.kms.katalon.core.common.CommonExecutor.accessTestCaseMainPhase(CommonExecutor.java:71)
	at com.kms.katalon.core.main.TestSuiteExecutor.accessTestSuiteMainPhase(TestSuiteExecutor.java:160)
	at com.kms.katalon.core.main.TestSuiteExecutor.execute(TestSuiteExecutor.java:107)
	at com.kms.katalon.core.main.TestCaseMain.startTestSuite(TestCaseMain.java:180)
	at TempTestSuite1745567776088.run(TempTestSuite1745567776088.groovy:35)
	at java.base/jdk.internal.reflect.NativeMethodAccessorImpl.invoke0(Native Method)
	at java.base/jdk.internal.reflect.NativeMethodAccessorImpl.invoke(NativeMethodAccessorImpl.java:77)
	at java.base/jdk.internal.reflect.DelegatingMethodAccessorImpl.invoke(DelegatingMethodAccessorImpl.java:43)


25-04-2025T09:56:32 - [TEST_STEP][PASSED] - Start listener action : logAfterTestCase: null

25-04-2025T09:56:32 - [TEST_STEP][PASSED] - switchToDefaultContent(): null

25-04-2025T09:56:32 - [TEST_STEP][PASSED] - comment("Test Case Execution Completed"): Test Case Execution Completed

25-04-2025T09:56:32 - [MESSAGE][INFO] - Test Case Execution Completed

25-04-2025T09:56:32 - [TEST_STEP][PASSED] - markWarning("Test Case Name : " + testCaseContext.getTestCaseId()): Test Case Name : Test Cases/TC01 - Add Script Template

25-04-2025T09:56:32 - [MESSAGE][WARNING] - Test Case Name : Test Cases/TC01 - Add Script Template

25-04-2025T09:56:32 - [TEST_STEP][PASSED] - markWarning("Test Case Status : " + testCaseContext.getTestCaseStatus()): Test Case Status : ERROR

25-04-2025T09:56:32 - [MESSAGE][WARNING] - Test Case Status : ERROR

25-04-2025T09:56:32 - [TEST_STEP][PASSED] - if (getTestCaseStatus().equals("FAILED")): null

25-04-2025T09:56:32 - [TEST_STEP][PASSED] - println("Reseting test configuration settings..."): null

25-04-2025T09:56:32 - [TEST_STEP][PASSED] - println("Cleaning up resources for case " + testCaseContext.getTestCaseId()): null]]></system-out>
         <system-err><![CDATA[25-04-2025T09:56:26 - [TEST_CASE][ERROR] - Test Cases/TC01 - Add Script Template: Test Cases/TC01 - Add Script Template FAILED.
Reason:
groovy.lang.MissingMethodException: No signature of method: static com.kms.katalon.core.webui.keyword.WebUiBuiltInKeywords.verifyElementVisible() is applicable for argument types: (com.kms.katalon.core.testobject.TestObject, Integer) values: [TestObject - 'Object Repository/Page_ScriptTemplates/span_Account_Name', ...]
Possible solutions: verifyElementVisible(com.kms.katalon.core.testobject.TestObject), verifyElementVisible(com.kms.katalon.core.testobject.TestObject, com.kms.katalon.core.model.FailureHandling), verifyElementNotVisible(com.kms.katalon.core.testobject.TestObject), verifyElementNotVisible(com.kms.katalon.core.testobject.TestObject, com.kms.katalon.core.model.FailureHandling)
	at TC01 - Add Script Template.run(TC01 - Add Script Template:31)
	at com.kms.katalon.core.main.ScriptEngine.run(ScriptEngine.java:194)
	at com.kms.katalon.core.main.ScriptEngine.runScriptAsRawText(ScriptEngine.java:119)
	at com.kms.katalon.core.main.TestCaseExecutor.runScript(TestCaseExecutor.java:448)
	at com.kms.katalon.core.main.TestCaseExecutor.doExecute(TestCaseExecutor.java:439)
	at com.kms.katalon.core.main.TestCaseExecutor.processExecutionPhase(TestCaseExecutor.java:418)
	at com.kms.katalon.core.main.TestCaseExecutor.accessMainPhase(TestCaseExecutor.java:410)
	at com.kms.katalon.core.main.TestCaseExecutor.execute(TestCaseExecutor.java:285)
	at com.kms.katalon.core.common.CommonExecutor.accessTestCaseMainPhase(CommonExecutor.java:71)
	at com.kms.katalon.core.main.TestSuiteExecutor.accessTestSuiteMainPhase(TestSuiteExecutor.java:160)
	at com.kms.katalon.core.main.TestSuiteExecutor.execute(TestSuiteExecutor.java:107)
	at com.kms.katalon.core.main.TestCaseMain.startTestSuite(TestCaseMain.java:180)
	at TempTestSuite1745567776088.run(TempTestSuite1745567776088.groovy:35)
	at java.base/jdk.internal.reflect.NativeMethodAccessorImpl.invoke0(Native Method)
	at java.base/jdk.internal.reflect.NativeMethodAccessorImpl.invoke(NativeMethodAccessorImpl.java:77)
	at java.base/jdk.internal.reflect.DelegatingMethodAccessorImpl.invoke(DelegatingMethodAccessorImpl.java:43)]]></system-err>
      </testcase>
      <testcase name="Test Cases/TC03 - Edit Script Template" time="5.321" classname="Test Cases/TC03 - Edit Script Template" status="ERROR">
         <properties>
            <property name="data_binding"><![CDATA[{"Username":"Jvansandwyk11","RememberMe":"TRUE","TemplateName":"Json_Testing_Template_6","Password":"123456"}]]></property>
         </properties>
         <error type="ERROR" message="Test Cases/TC03 - Edit Script Template FAILED.&#xa;Reason:&#xa;groovy.lang.MissingMethodException: No signature of method: static com.kms.katalon.core.webui.keyword.WebUiBuiltInKeywords.verifyElementVisible() is applicable for argument types: (com.kms.katalon.core.testobject.TestObject, Integer) values: [TestObject - 'Object Repository/Page_ScriptTemplates/span_Account_Name', ...]&#xa;Possible solutions: verifyElementVisible(com.kms.katalon.core.testobject.TestObject), verifyElementVisible(com.kms.katalon.core.testobject.TestObject, com.kms.katalon.core.model.FailureHandling), verifyElementNotVisible(com.kms.katalon.core.testobject.TestObject), verifyElementNotVisible(com.kms.katalon.core.testobject.TestObject, com.kms.katalon.core.model.FailureHandling)&#xa;	at TC03 - Edit Script Template.run(TC03 - Edit Script Template:31)&#xa;	at com.kms.katalon.core.main.ScriptEngine.run(ScriptEngine.java:194)&#xa;	at com.kms.katalon.core.main.ScriptEngine.runScriptAsRawText(ScriptEngine.java:119)&#xa;	at com.kms.katalon.core.main.TestCaseExecutor.runScript(TestCaseExecutor.java:448)&#xa;	at com.kms.katalon.core.main.TestCaseExecutor.doExecute(TestCaseExecutor.java:439)&#xa;	at com.kms.katalon.core.main.TestCaseExecutor.processExecutionPhase(TestCaseExecutor.java:418)&#xa;	at com.kms.katalon.core.main.TestCaseExecutor.accessMainPhase(TestCaseExecutor.java:410)&#xa;	at com.kms.katalon.core.main.TestCaseExecutor.execute(TestCaseExecutor.java:285)&#xa;	at com.kms.katalon.core.common.CommonExecutor.accessTestCaseMainPhase(CommonExecutor.java:71)&#xa;	at com.kms.katalon.core.main.TestSuiteExecutor.accessTestSuiteMainPhase(TestSuiteExecutor.java:160)&#xa;	at com.kms.katalon.core.main.TestSuiteExecutor.execute(TestSuiteExecutor.java:107)&#xa;	at com.kms.katalon.core.main.TestCaseMain.startTestSuite(TestCaseMain.java:180)&#xa;	at TempTestSuite1745567776088.run(TempTestSuite1745567776088.groovy:35)&#xa;	at java.base/jdk.internal.reflect.NativeMethodAccessorImpl.invoke0(Native Method)&#xa;	at java.base/jdk.internal.reflect.NativeMethodAccessorImpl.invoke(NativeMethodAccessorImpl.java:77)&#xa;	at java.base/jdk.internal.reflect.DelegatingMethodAccessorImpl.invoke(DelegatingMethodAccessorImpl.java:43)&#xa;"/>
         <system-out><![CDATA[25-04-2025T09:56:32 - [TEST_CASE][ERROR] - Test Cases/TC03 - Edit Script Template: Test Cases/TC03 - Edit Script Template FAILED.
Reason:
groovy.lang.MissingMethodException: No signature of method: static com.kms.katalon.core.webui.keyword.WebUiBuiltInKeywords.verifyElementVisible() is applicable for argument types: (com.kms.katalon.core.testobject.TestObject, Integer) values: [TestObject - 'Object Repository/Page_ScriptTemplates/span_Account_Name', ...]
Possible solutions: verifyElementVisible(com.kms.katalon.core.testobject.TestObject), verifyElementVisible(com.kms.katalon.core.testobject.TestObject, com.kms.katalon.core.model.FailureHandling), verifyElementNotVisible(com.kms.katalon.core.testobject.TestObject), verifyElementNotVisible(com.kms.katalon.core.testobject.TestObject, com.kms.katalon.core.model.FailureHandling)
	at TC03 - Edit Script Template.run(TC03 - Edit Script Template:31)
	at com.kms.katalon.core.main.ScriptEngine.run(ScriptEngine.java:194)
	at com.kms.katalon.core.main.ScriptEngine.runScriptAsRawText(ScriptEngine.java:119)
	at com.kms.katalon.core.main.TestCaseExecutor.runScript(TestCaseExecutor.java:448)
	at com.kms.katalon.core.main.TestCaseExecutor.doExecute(TestCaseExecutor.java:439)
	at com.kms.katalon.core.main.TestCaseExecutor.processExecutionPhase(TestCaseExecutor.java:418)
	at com.kms.katalon.core.main.TestCaseExecutor.accessMainPhase(TestCaseExecutor.java:410)
	at com.kms.katalon.core.main.TestCaseExecutor.execute(TestCaseExecutor.java:285)
	at com.kms.katalon.core.common.CommonExecutor.accessTestCaseMainPhase(CommonExecutor.java:71)
	at com.kms.katalon.core.main.TestSuiteExecutor.accessTestSuiteMainPhase(TestSuiteExecutor.java:160)
	at com.kms.katalon.core.main.TestSuiteExecutor.execute(TestSuiteExecutor.java:107)
	at com.kms.katalon.core.main.TestCaseMain.startTestSuite(TestCaseMain.java:180)
	at TempTestSuite1745567776088.run(TempTestSuite1745567776088.groovy:35)
	at java.base/jdk.internal.reflect.NativeMethodAccessorImpl.invoke0(Native Method)
	at java.base/jdk.internal.reflect.NativeMethodAccessorImpl.invoke(NativeMethodAccessorImpl.java:77)
	at java.base/jdk.internal.reflect.DelegatingMethodAccessorImpl.invoke(DelegatingMethodAccessorImpl.java:43)


25-04-2025T09:56:32 - [TEST_STEP][PASSED] - Start listener action : logBeforeTestCase: null

25-04-2025T09:56:32 - [TEST_STEP][PASSED] - comment("Initialize setup for Test Case Execution"): Initialize setup for Test Case Execution

25-04-2025T09:56:32 - [MESSAGE][INFO] - Initialize setup for Test Case Execution

25-04-2025T09:56:32 - [TEST_STEP][PASSED] - markWarning("Test Case Name : " + testCaseContext.getTestCaseId()): Test Case Name : Test Cases/TC03 - Edit Script Template

25-04-2025T09:56:32 - [MESSAGE][WARNING] - Test Case Name : Test Cases/TC03 - Edit Script Template

25-04-2025T09:56:32 - [TEST_STEP][PASSED] - markWarning("Test Case Variables : " + testCaseContext.getTestCaseVariables()): Test Case Variables : [TemplateName:Json_Testing_Template_6, Username:Jvansandwyk11, RememberMe:TRUE, Password:123456]

25-04-2025T09:56:32 - [MESSAGE][WARNING] - Test Case Variables : [TemplateName:Json_Testing_Template_6, Username:Jvansandwyk11, RememberMe:TRUE, Password:123456]

25-04-2025T09:56:32 - [TEST_STEP][PASSED] - println("Initializing test data for case " + testCaseContext.getTestCaseId()): null

25-04-2025T09:56:32 - [TEST_STEP][PASSED] - delayDuration = 3: null

25-04-2025T09:56:32 - [TEST_STEP][PASSED] - comment("Story: Edit a Script Template"): Story: Edit a Script Template

25-04-2025T09:56:32 - [MESSAGE][INFO] - Story: Edit a Script Template

25-04-2025T09:56:32 - [TEST_STEP][PASSED] - comment("Given that the user has logged into their account"): Given that the user has logged into their account

25-04-2025T09:56:32 - [MESSAGE][INFO] - Given that the user has logged into their account

25-04-2025T09:56:32 - [TEST_STEP][PASSED] - delay(5): Delayed 5 second(s)

25-04-2025T09:56:37 - [MESSAGE][PASSED] - Delayed 5 second(s)

25-04-2025T09:56:37 - [TEST_STEP][ERROR] - isLoggedIn = verifyElementVisible(findTestObject("Object Repository/Page_ScriptTemplates/span_Account_Name"), 3): Test Cases/TC03 - Edit Script Template FAILED.
Reason:
groovy.lang.MissingMethodException: No signature of method: static com.kms.katalon.core.webui.keyword.WebUiBuiltInKeywords.verifyElementVisible() is applicable for argument types: (com.kms.katalon.core.testobject.TestObject, Integer) values: [TestObject - 'Object Repository/Page_ScriptTemplates/span_Account_Name', ...]
Possible solutions: verifyElementVisible(com.kms.katalon.core.testobject.TestObject), verifyElementVisible(com.kms.katalon.core.testobject.TestObject, com.kms.katalon.core.model.FailureHandling), verifyElementNotVisible(com.kms.katalon.core.testobject.TestObject), verifyElementNotVisible(com.kms.katalon.core.testobject.TestObject, com.kms.katalon.core.model.FailureHandling)
	at TC03 - Edit Script Template.run(TC03 - Edit Script Template:31)
	at com.kms.katalon.core.main.ScriptEngine.run(ScriptEngine.java:194)
	at com.kms.katalon.core.main.ScriptEngine.runScriptAsRawText(ScriptEngine.java:119)
	at com.kms.katalon.core.main.TestCaseExecutor.runScript(TestCaseExecutor.java:448)
	at com.kms.katalon.core.main.TestCaseExecutor.doExecute(TestCaseExecutor.java:439)
	at com.kms.katalon.core.main.TestCaseExecutor.processExecutionPhase(TestCaseExecutor.java:418)
	at com.kms.katalon.core.main.TestCaseExecutor.accessMainPhase(TestCaseExecutor.java:410)
	at com.kms.katalon.core.main.TestCaseExecutor.execute(TestCaseExecutor.java:285)
	at com.kms.katalon.core.common.CommonExecutor.accessTestCaseMainPhase(CommonExecutor.java:71)
	at com.kms.katalon.core.main.TestSuiteExecutor.accessTestSuiteMainPhase(TestSuiteExecutor.java:160)
	at com.kms.katalon.core.main.TestSuiteExecutor.execute(TestSuiteExecutor.java:107)
	at com.kms.katalon.core.main.TestCaseMain.startTestSuite(TestCaseMain.java:180)
	at TempTestSuite1745567776088.run(TempTestSuite1745567776088.groovy:35)
	at java.base/jdk.internal.reflect.NativeMethodAccessorImpl.invoke0(Native Method)
	at java.base/jdk.internal.reflect.NativeMethodAccessorImpl.invoke(NativeMethodAccessorImpl.java:77)
	at java.base/jdk.internal.reflect.DelegatingMethodAccessorImpl.invoke(DelegatingMethodAccessorImpl.java:43)


25-04-2025T09:56:37 - [MESSAGE][ERROR] - Test Cases/TC03 - Edit Script Template FAILED.
Reason:
groovy.lang.MissingMethodException: No signature of method: static com.kms.katalon.core.webui.keyword.WebUiBuiltInKeywords.verifyElementVisible() is applicable for argument types: (com.kms.katalon.core.testobject.TestObject, Integer) values: [TestObject - 'Object Repository/Page_ScriptTemplates/span_Account_Name', ...]
Possible solutions: verifyElementVisible(com.kms.katalon.core.testobject.TestObject), verifyElementVisible(com.kms.katalon.core.testobject.TestObject, com.kms.katalon.core.model.FailureHandling), verifyElementNotVisible(com.kms.katalon.core.testobject.TestObject), verifyElementNotVisible(com.kms.katalon.core.testobject.TestObject, com.kms.katalon.core.model.FailureHandling)
	at TC03 - Edit Script Template.run(TC03 - Edit Script Template:31)
	at com.kms.katalon.core.main.ScriptEngine.run(ScriptEngine.java:194)
	at com.kms.katalon.core.main.ScriptEngine.runScriptAsRawText(ScriptEngine.java:119)
	at com.kms.katalon.core.main.TestCaseExecutor.runScript(TestCaseExecutor.java:448)
	at com.kms.katalon.core.main.TestCaseExecutor.doExecute(TestCaseExecutor.java:439)
	at com.kms.katalon.core.main.TestCaseExecutor.processExecutionPhase(TestCaseExecutor.java:418)
	at com.kms.katalon.core.main.TestCaseExecutor.accessMainPhase(TestCaseExecutor.java:410)
	at com.kms.katalon.core.main.TestCaseExecutor.execute(TestCaseExecutor.java:285)
	at com.kms.katalon.core.common.CommonExecutor.accessTestCaseMainPhase(CommonExecutor.java:71)
	at com.kms.katalon.core.main.TestSuiteExecutor.accessTestSuiteMainPhase(TestSuiteExecutor.java:160)
	at com.kms.katalon.core.main.TestSuiteExecutor.execute(TestSuiteExecutor.java:107)
	at com.kms.katalon.core.main.TestCaseMain.startTestSuite(TestCaseMain.java:180)
	at TempTestSuite1745567776088.run(TempTestSuite1745567776088.groovy:35)
	at java.base/jdk.internal.reflect.NativeMethodAccessorImpl.invoke0(Native Method)
	at java.base/jdk.internal.reflect.NativeMethodAccessorImpl.invoke(NativeMethodAccessorImpl.java:77)
	at java.base/jdk.internal.reflect.DelegatingMethodAccessorImpl.invoke(DelegatingMethodAccessorImpl.java:43)


25-04-2025T09:56:37 - [TEST_STEP][PASSED] - Start listener action : logAfterTestCase: null

25-04-2025T09:56:37 - [TEST_STEP][PASSED] - switchToDefaultContent(): null

25-04-2025T09:56:37 - [TEST_STEP][PASSED] - comment("Test Case Execution Completed"): Test Case Execution Completed

25-04-2025T09:56:37 - [MESSAGE][INFO] - Test Case Execution Completed

25-04-2025T09:56:37 - [TEST_STEP][PASSED] - markWarning("Test Case Name : " + testCaseContext.getTestCaseId()): Test Case Name : Test Cases/TC03 - Edit Script Template

25-04-2025T09:56:37 - [MESSAGE][WARNING] - Test Case Name : Test Cases/TC03 - Edit Script Template

25-04-2025T09:56:37 - [TEST_STEP][PASSED] - markWarning("Test Case Status : " + testCaseContext.getTestCaseStatus()): Test Case Status : ERROR

25-04-2025T09:56:37 - [MESSAGE][WARNING] - Test Case Status : ERROR

25-04-2025T09:56:37 - [TEST_STEP][PASSED] - if (getTestCaseStatus().equals("FAILED")): null

25-04-2025T09:56:37 - [TEST_STEP][PASSED] - println("Reseting test configuration settings..."): null

25-04-2025T09:56:37 - [TEST_STEP][PASSED] - println("Cleaning up resources for case " + testCaseContext.getTestCaseId()): null]]></system-out>
         <system-err><![CDATA[25-04-2025T09:56:32 - [TEST_CASE][ERROR] - Test Cases/TC03 - Edit Script Template: Test Cases/TC03 - Edit Script Template FAILED.
Reason:
groovy.lang.MissingMethodException: No signature of method: static com.kms.katalon.core.webui.keyword.WebUiBuiltInKeywords.verifyElementVisible() is applicable for argument types: (com.kms.katalon.core.testobject.TestObject, Integer) values: [TestObject - 'Object Repository/Page_ScriptTemplates/span_Account_Name', ...]
Possible solutions: verifyElementVisible(com.kms.katalon.core.testobject.TestObject), verifyElementVisible(com.kms.katalon.core.testobject.TestObject, com.kms.katalon.core.model.FailureHandling), verifyElementNotVisible(com.kms.katalon.core.testobject.TestObject), verifyElementNotVisible(com.kms.katalon.core.testobject.TestObject, com.kms.katalon.core.model.FailureHandling)
	at TC03 - Edit Script Template.run(TC03 - Edit Script Template:31)
	at com.kms.katalon.core.main.ScriptEngine.run(ScriptEngine.java:194)
	at com.kms.katalon.core.main.ScriptEngine.runScriptAsRawText(ScriptEngine.java:119)
	at com.kms.katalon.core.main.TestCaseExecutor.runScript(TestCaseExecutor.java:448)
	at com.kms.katalon.core.main.TestCaseExecutor.doExecute(TestCaseExecutor.java:439)
	at com.kms.katalon.core.main.TestCaseExecutor.processExecutionPhase(TestCaseExecutor.java:418)
	at com.kms.katalon.core.main.TestCaseExecutor.accessMainPhase(TestCaseExecutor.java:410)
	at com.kms.katalon.core.main.TestCaseExecutor.execute(TestCaseExecutor.java:285)
	at com.kms.katalon.core.common.CommonExecutor.accessTestCaseMainPhase(CommonExecutor.java:71)
	at com.kms.katalon.core.main.TestSuiteExecutor.accessTestSuiteMainPhase(TestSuiteExecutor.java:160)
	at com.kms.katalon.core.main.TestSuiteExecutor.execute(TestSuiteExecutor.java:107)
	at com.kms.katalon.core.main.TestCaseMain.startTestSuite(TestCaseMain.java:180)
	at TempTestSuite1745567776088.run(TempTestSuite1745567776088.groovy:35)
	at java.base/jdk.internal.reflect.NativeMethodAccessorImpl.invoke0(Native Method)
	at java.base/jdk.internal.reflect.NativeMethodAccessorImpl.invoke(NativeMethodAccessorImpl.java:77)
	at java.base/jdk.internal.reflect.DelegatingMethodAccessorImpl.invoke(DelegatingMethodAccessorImpl.java:43)]]></system-err>
      </testcase>
      <system-out><![CDATA[25-04-2025T09:56:21 - [TEST_SUITE][ERROR] - RTS001_ScriptTemplate_Validation: Test Cases/TC01 - Add Script Template FAILED.
Reason:
groovy.lang.MissingMethodException: No signature of method: static com.kms.katalon.core.webui.keyword.WebUiBuiltInKeywords.verifyElementVisible() is applicable for argument types: (com.kms.katalon.core.testobject.TestObject, Integer) values: [TestObject - 'Object Repository/Page_ScriptTemplates/span_Account_Name', ...]
Possible solutions: verifyElementVisible(com.kms.katalon.core.testobject.TestObject), verifyElementVisible(com.kms.katalon.core.testobject.TestObject, com.kms.katalon.core.model.FailureHandling), verifyElementNotVisible(com.kms.katalon.core.testobject.TestObject), verifyElementNotVisible(com.kms.katalon.core.testobject.TestObject, com.kms.katalon.core.model.FailureHandling)
	at TC01 - Add Script Template.run(TC01 - Add Script Template:31)
	at com.kms.katalon.core.main.ScriptEngine.run(ScriptEngine.java:194)
	at com.kms.katalon.core.main.ScriptEngine.runScriptAsRawText(ScriptEngine.java:119)
	at com.kms.katalon.core.main.TestCaseExecutor.runScript(TestCaseExecutor.java:448)
	at com.kms.katalon.core.main.TestCaseExecutor.doExecute(TestCaseExecutor.java:439)
	at com.kms.katalon.core.main.TestCaseExecutor.processExecutionPhase(TestCaseExecutor.java:418)
	at com.kms.katalon.core.main.TestCaseExecutor.accessMainPhase(TestCaseExecutor.java:410)
	at com.kms.katalon.core.main.TestCaseExecutor.execute(TestCaseExecutor.java:285)
	at com.kms.katalon.core.common.CommonExecutor.accessTestCaseMainPhase(CommonExecutor.java:71)
	at com.kms.katalon.core.main.TestSuiteExecutor.accessTestSuiteMainPhase(TestSuiteExecutor.java:160)
	at com.kms.katalon.core.main.TestSuiteExecutor.execute(TestSuiteExecutor.java:107)
	at com.kms.katalon.core.main.TestCaseMain.startTestSuite(TestCaseMain.java:180)
	at TempTestSuite1745567776088.run(TempTestSuite1745567776088.groovy:35)
	at java.base/jdk.internal.reflect.NativeMethodAccessorImpl.invoke0(Native Method)
	at java.base/jdk.internal.reflect.NativeMethodAccessorImpl.invoke(NativeMethodAccessorImpl.java:77)
	at java.base/jdk.internal.reflect.DelegatingMethodAccessorImpl.invoke(DelegatingMethodAccessorImpl.java:43)]]></system-out>
      <system-err><![CDATA[25-04-2025T09:56:21 - [TEST_SUITE][ERROR] - RTS001_ScriptTemplate_Validation: Test Cases/TC01 - Add Script Template FAILED.
Reason:
groovy.lang.MissingMethodException: No signature of method: static com.kms.katalon.core.webui.keyword.WebUiBuiltInKeywords.verifyElementVisible() is applicable for argument types: (com.kms.katalon.core.testobject.TestObject, Integer) values: [TestObject - 'Object Repository/Page_ScriptTemplates/span_Account_Name', ...]
Possible solutions: verifyElementVisible(com.kms.katalon.core.testobject.TestObject), verifyElementVisible(com.kms.katalon.core.testobject.TestObject, com.kms.katalon.core.model.FailureHandling), verifyElementNotVisible(com.kms.katalon.core.testobject.TestObject), verifyElementNotVisible(com.kms.katalon.core.testobject.TestObject, com.kms.katalon.core.model.FailureHandling)
	at TC01 - Add Script Template.run(TC01 - Add Script Template:31)
	at com.kms.katalon.core.main.ScriptEngine.run(ScriptEngine.java:194)
	at com.kms.katalon.core.main.ScriptEngine.runScriptAsRawText(ScriptEngine.java:119)
	at com.kms.katalon.core.main.TestCaseExecutor.runScript(TestCaseExecutor.java:448)
	at com.kms.katalon.core.main.TestCaseExecutor.doExecute(TestCaseExecutor.java:439)
	at com.kms.katalon.core.main.TestCaseExecutor.processExecutionPhase(TestCaseExecutor.java:418)
	at com.kms.katalon.core.main.TestCaseExecutor.accessMainPhase(TestCaseExecutor.java:410)
	at com.kms.katalon.core.main.TestCaseExecutor.execute(TestCaseExecutor.java:285)
	at com.kms.katalon.core.common.CommonExecutor.accessTestCaseMainPhase(CommonExecutor.java:71)
	at com.kms.katalon.core.main.TestSuiteExecutor.accessTestSuiteMainPhase(TestSuiteExecutor.java:160)
	at com.kms.katalon.core.main.TestSuiteExecutor.execute(TestSuiteExecutor.java:107)
	at com.kms.katalon.core.main.TestCaseMain.startTestSuite(TestCaseMain.java:180)
	at TempTestSuite1745567776088.run(TempTestSuite1745567776088.groovy:35)
	at java.base/jdk.internal.reflect.NativeMethodAccessorImpl.invoke0(Native Method)
	at java.base/jdk.internal.reflect.NativeMethodAccessorImpl.invoke(NativeMethodAccessorImpl.java:77)
	at java.base/jdk.internal.reflect.DelegatingMethodAccessorImpl.invoke(DelegatingMethodAccessorImpl.java:43)]]></system-err>
   </testsuite>
</testsuites>
