<?xml version="1.0" encoding="UTF-8"?>
<testsuites name="RTS001_ScriptTemplate_Validation" time="138.932" tests="4" failures="0" errors="0">
   <testsuite name="RTS001_ScriptTemplate_Validation" tests="4" failures="0" errors="0" time="138.932" skipped="0" timestamp="25-04-2025T10:49:17" hostname="MunyaradziKandoro - DESKTOP-06T37RT" id="Test Suites/Regression Test Suite/RTS001_ScriptTemplate_Validation">
      <properties>
         <property name="deviceName" value=""/>
         <property name="devicePlatform"/>
         <property name="logFolder" value="C:\\Users\\MunyaradziKandoro\\git\\Script-Template-Manager-Web-UI-Testing\\Reports\\20250425_104910\\Regression Test Suite\\RTS001_ScriptTemplate_Validation\\20250425_104911"/>
         <property name="logFiles" value="C:\\Users\\MunyaradziKandoro\\git\\Script-Template-Manager-Web-UI-Testing\\Reports\\20250425_104910\\Regression Test Suite\\RTS001_ScriptTemplate_Validation\\20250425_104911\\execution0.log"/>
         <property name="attachments" value=""/>
         <property name="hostName" value="MunyaradziKandoro - DESKTOP-06T37RT"/>
         <property name="os" value="Windows 11 64bit"/>
         <property name="katalonVersion" value="10.1.0.223"/>
         <property name="browser" value="Chrome 135.0.7049.96"/>
         <property name="hostAddress" value="192.168.1.101"/>
         <property name="sessionId" value="673c547c3b34a2e03aa074820540b002"/>
         <property name="seleniumVersion" value="4.22.0"/>
         <property name="proxyInformation" value="ProxyInformation { proxyOption=NO_PROXY, proxyServerType=HTTP, username=, password=********, proxyServerAddress=, proxyServerPort=0, executionList=&quot;&quot;, isApplyToDesiredCapabilities=true }"/>
         <property name="platform" value="Windows 11"/>
      </properties>
      <testcase name="Test Cases/Authentication/Login" time="18.423" classname="Test Cases/Authentication/Login" status="PASSED">
         <properties>
            <property name="data_binding"><![CDATA[{"Username":"Jvansandwyk11","RememberMe":"TRUE","Password":"123456"}]]></property>
         </properties>
         <system-out><![CDATA[25-04-2025T10:49:22 - [TEST_CASE][PASSED] - Test Cases/Authentication/Login: Test Cases/Authentication/Login

25-04-2025T10:49:22 - [TEST_STEP][PASSED] - Start listener action : logBeforeTestCase: null

25-04-2025T10:49:22 - [TEST_STEP][PASSED] - comment("Initialize setup for Test Case Execution"): Initialize setup for Test Case Execution

25-04-2025T10:49:22 - [MESSAGE][INFO] - Initialize setup for Test Case Execution

25-04-2025T10:49:22 - [TEST_STEP][PASSED] - markWarning("Test Case Name : " + testCaseContext.getTestCaseId()): Test Case Name : Test Cases/Authentication/Login

25-04-2025T10:49:22 - [MESSAGE][WARNING] - Test Case Name : Test Cases/Authentication/Login

25-04-2025T10:49:22 - [TEST_STEP][PASSED] - markWarning("Test Case Variables : " + testCaseContext.getTestCaseVariables()): Test Case Variables : [Username:Jvansandwyk11, RememberMe:TRUE, Password:123456]

25-04-2025T10:49:22 - [MESSAGE][WARNING] - Test Case Variables : [Username:Jvansandwyk11, RememberMe:TRUE, Password:123456]

25-04-2025T10:49:22 - [TEST_STEP][PASSED] - println("Initializing test data for case " + testCaseContext.getTestCaseId()): null

25-04-2025T10:49:22 - [TEST_STEP][PASSED] - waitForElementVisible(findTestObject("Object Repository/Page_Login/input_Username_Input_UsernameVal"), 0, STOP_ON_FAILURE): Object 'Object Repository/Page_Login/input_Username_Input_UsernameVal' is visible

25-04-2025T10:49:22 - [MESSAGE][WARNING] - Timeout '0' is invalid. Using default page load timeout: '30'

25-04-2025T10:49:28 - [MESSAGE][PASSED] - Object 'Object Repository/Page_Login/input_Username_Input_UsernameVal' is visible

25-04-2025T10:49:28 - [TEST_STEP][PASSED] - sendKeys(findTestObject("Object Repository/Page_Login/input_Username_Input_UsernameVal"), Username): Keys 'Jvansandwyk11' sent to object: 'Object Repository/Page_Login/input_Username_Input_UsernameVal'

25-04-2025T10:49:28 - [MESSAGE][PASSED] - Keys 'Jvansandwyk11' sent to object: 'Object Repository/Page_Login/input_Username_Input_UsernameVal'

25-04-2025T10:49:28 - [TEST_STEP][PASSED] - sendKeys(findTestObject("Object Repository/Page_Login/input_Password_Input_PasswordVal"), Password): Keys '123456' sent to object: 'Object Repository/Page_Login/input_Password_Input_PasswordVal'

25-04-2025T10:49:29 - [MESSAGE][PASSED] - Keys '123456' sent to object: 'Object Repository/Page_Login/input_Password_Input_PasswordVal'

25-04-2025T10:49:29 - [TEST_STEP][PASSED] - if (RememberMe): Object 'Object Repository/Page_Login/input_Password_Checkbox' is checked

25-04-2025T10:49:29 - [TEST_STEP][PASSED] - check(findTestObject("Object Repository/Page_Login/input_Password_Checkbox")): Object 'Object Repository/Page_Login/input_Password_Checkbox' is checked

25-04-2025T10:49:29 - [MESSAGE][PASSED] - Object 'Object Repository/Page_Login/input_Password_Checkbox' is checked

25-04-2025T10:49:30 - [TEST_STEP][PASSED] - click(findTestObject("Object Repository/Page_Login/button_Login")): Object: 'Object Repository/Page_Login/button_Login' is clicked on

25-04-2025T10:49:30 - [MESSAGE][PASSED] - Object: 'Object Repository/Page_Login/button_Login' is clicked on

25-04-2025T10:49:30 - [TEST_STEP][PASSED] - waitForPageLoad(TimeOut): Wait for page load successfully

25-04-2025T10:49:30 - [MESSAGE][PASSED] - Wait for page load successfully

25-04-2025T10:49:30 - [TEST_STEP][PASSED] - click(findTestObject("Object Repository/Page_ScriptTemplates/icon_Account_Options")): Object: 'Object Repository/Page_ScriptTemplates/icon_Account_Options' is clicked on

25-04-2025T10:49:40 - [MESSAGE][PASSED] - Object: 'Object Repository/Page_ScriptTemplates/icon_Account_Options' is clicked on

25-04-2025T10:49:40 - [TEST_STEP][PASSED] - verifyElementPresent(findTestObject("Object Repository/Page_ScriptTemplates/div_Logout"), 0, STOP_ON_FAILURE): Object 'Object Repository/Page_ScriptTemplates/div_Logout' is present

25-04-2025T10:49:40 - [MESSAGE][WARNING] - Timeout '0' is invalid. Using default page load timeout: '30'

25-04-2025T10:49:40 - [MESSAGE][PASSED] - Object 'Object Repository/Page_ScriptTemplates/div_Logout' is present

25-04-2025T10:49:40 - [TEST_STEP][PASSED] - click(findTestObject("Object Repository/Page_ScriptTemplates/div_Script TemplatesScript Template")): Object: 'Object Repository/Page_ScriptTemplates/div_Script TemplatesScript Template' is clicked on

25-04-2025T10:49:40 - [MESSAGE][PASSED] - Object: 'Object Repository/Page_ScriptTemplates/div_Script TemplatesScript Template' is clicked on

25-04-2025T10:49:40 - [TEST_STEP][PASSED] - Start listener action : logAfterTestCase: null

25-04-2025T10:49:40 - [TEST_STEP][PASSED] - switchToDefaultContent(): null

25-04-2025T10:49:40 - [TEST_STEP][PASSED] - comment("Test Case Execution Completed"): Test Case Execution Completed

25-04-2025T10:49:40 - [MESSAGE][INFO] - Test Case Execution Completed

25-04-2025T10:49:40 - [TEST_STEP][PASSED] - markWarning("Test Case Name : " + testCaseContext.getTestCaseId()): Test Case Name : Test Cases/Authentication/Login

25-04-2025T10:49:40 - [MESSAGE][WARNING] - Test Case Name : Test Cases/Authentication/Login

25-04-2025T10:49:40 - [TEST_STEP][PASSED] - markWarning("Test Case Status : " + testCaseContext.getTestCaseStatus()): Test Case Status : PASSED

25-04-2025T10:49:40 - [MESSAGE][WARNING] - Test Case Status : PASSED

25-04-2025T10:49:40 - [TEST_STEP][PASSED] - if (getTestCaseStatus().equals("FAILED")): null

25-04-2025T10:49:40 - [TEST_STEP][PASSED] - println("Reseting test configuration settings..."): null

25-04-2025T10:49:40 - [TEST_STEP][PASSED] - println("Cleaning up resources for case " + testCaseContext.getTestCaseId()): null]]></system-out>
         <system-err><![CDATA[]]></system-err>
      </testcase>
      <testcase name="Test Cases/TC01 - Add Script Template" time="39.676" classname="Test Cases/TC01 - Add Script Template" status="PASSED">
         <properties>
            <property name="data_binding"><![CDATA[{"Type":"1","MergeFieldSuffi...":"}}","Description":"This is a sample","ApplicationModu...":"33","Username":"Jvansandwyk11","RememberMe":"TRUE","MergeFieldPrefi...":"{{","TextScript":"Rear {{policy.accountHolder}},\n\nWe have the following information on record for ID {{legalRefNo}}. Your policy with policy number {{policy.policyNo}} under the {{policy.productName}} is now ready.\n\nPlease contact us and confirm that your account is with {{policy.bankName}}.\n\nThe Benefits table is depicted below:\n{{policy.benefits}}\n\nThe Signatures table is depicted below:\n{{policy.signatures}}\n\nThe Contacts table is depicted below:\n{{policy.memberContacts}}\n\nKind regards","Name":"Json_Testing_Template_6","Password":"123456"}]]></property>
         </properties>
         <system-out><![CDATA[25-04-2025T10:49:40 - [TEST_CASE][PASSED] - Test Cases/TC01 - Add Script Template: Test Cases/TC01 - Add Script Template

25-04-2025T10:49:41 - [TEST_STEP][PASSED] - Start listener action : logBeforeTestCase: null

25-04-2025T10:49:41 - [TEST_STEP][PASSED] - comment("Initialize setup for Test Case Execution"): Initialize setup for Test Case Execution

25-04-2025T10:49:41 - [MESSAGE][INFO] - Initialize setup for Test Case Execution

25-04-2025T10:49:41 - [TEST_STEP][PASSED] - markWarning("Test Case Name : " + testCaseContext.getTestCaseId()): Test Case Name : Test Cases/TC01 - Add Script Template

25-04-2025T10:49:41 - [MESSAGE][WARNING] - Test Case Name : Test Cases/TC01 - Add Script Template

25-04-2025T10:49:41 - [TEST_STEP][PASSED] - markWarning("Test Case Variables : " + testCaseContext.getTestCaseVariables()): Test Case Variables : [Type:1, Description:This is a sample, Username:Jvansandwyk11, RememberMe:TRUE, MergeFieldPrefix:{{, MergeFieldSuffix:}}, TextScript:Rear {{policy.accountHolder}},

We have the following information on record for ID {{legalRefNo}}. Your policy with policy number {{policy.policyNo}} under the {{policy.productName}} is now ready.

Please contact us and confirm that your account is with {{policy.bankName}}.

The Benefits table is depicted below:
{{policy.benefits}}

The Signatures table is depicted below:
{{policy.signatures}}

The Contacts table is depicted below:
{{policy.memberContacts}}

Kind regards, Name:Json_Testing_Template_6, ApplicationModule:33, Password:123456]

25-04-2025T10:49:41 - [MESSAGE][WARNING] - Test Case Variables : [Type:1, Description:This is a sample, Username:Jvansandwyk11, RememberMe:TRUE, MergeFieldPrefix:{{, MergeFieldSuffix:}}, TextScript:Rear {{policy.accountHolder}},

We have the following information on record for ID {{legalRefNo}}. Your policy with policy number {{policy.policyNo}} under the {{policy.productName}} is now ready.

Please contact us and confirm that your account is with {{policy.bankName}}.

The Benefits table is depicted below:
{{policy.benefits}}

The Signatures table is depicted below:
{{policy.signatures}}

The Contacts table is depicted below:
{{policy.memberContacts}}

Kind regards, Name:Json_Testing_Template_6, ApplicationModule:33, Password:123456]

25-04-2025T10:49:41 - [TEST_STEP][PASSED] - println("Initializing test data for case " + testCaseContext.getTestCaseId()): null

25-04-2025T10:49:41 - [TEST_STEP][PASSED] - delayDuration = 3: null

25-04-2025T10:49:41 - [TEST_STEP][PASSED] - comment("Story: Add a Script Template"): Story: Add a Script Template

25-04-2025T10:49:41 - [MESSAGE][INFO] - Story: Add a Script Template

25-04-2025T10:49:41 - [TEST_STEP][PASSED] - comment("Given that the user has logged into their account"): Given that the user has logged into their account

25-04-2025T10:49:41 - [MESSAGE][INFO] - Given that the user has logged into their account

25-04-2025T10:49:41 - [TEST_STEP][PASSED] - isLoggedIn = verifyElementPresent(findTestObject("Object Repository/Page_ScriptTemplates/span_Account_Name"), 3): Object 'Object Repository/Page_ScriptTemplates/span_Account_Name' is present

25-04-2025T10:49:41 - [MESSAGE][PASSED] - Object 'Object Repository/Page_ScriptTemplates/span_Account_Name' is present

25-04-2025T10:49:41 - [TEST_STEP][PASSED] - if (isLoggedIn === false): null

25-04-2025T10:49:41 - [TEST_STEP][PASSED] - click(findTestObject("Object Repository/Page_Script Template Detail/button_Script Template")): Object: 'Object Repository/Page_Script Template Detail/button_Script Template' is clicked on

25-04-2025T10:49:41 - [MESSAGE][PASSED] - Object: 'Object Repository/Page_Script Template Detail/button_Script Template' is clicked on

25-04-2025T10:49:41 - [TEST_STEP][PASSED] - comment("Navigate to Script Template Detail"): Navigate to Script Template Detail

25-04-2025T10:49:41 - [MESSAGE][INFO] - Navigate to Script Template Detail

25-04-2025T10:49:41 - [TEST_STEP][PASSED] - waitForPageLoad(TimeOut, STOP_ON_FAILURE): Wait for page load successfully

25-04-2025T10:49:41 - [MESSAGE][PASSED] - Wait for page load successfully

25-04-2025T10:49:41 - [TEST_STEP][PASSED] - waitForElementVisible(findTestObject("Object Repository/Page_Script Template Detail/input_Name_TemplateDetail_Name_Input"), 0, STOP_ON_FAILURE): Object 'Object Repository/Page_Script Template Detail/input_Name_TemplateDetail_Name_Input' is visible

25-04-2025T10:49:41 - [MESSAGE][WARNING] - Timeout '0' is invalid. Using default page load timeout: '30'

25-04-2025T10:49:44 - [MESSAGE][PASSED] - Object 'Object Repository/Page_Script Template Detail/input_Name_TemplateDetail_Name_Input' is visible

25-04-2025T10:49:44 - [TEST_STEP][PASSED] - waitForElementVisible(findTestObject("Page_Script Template Detail/iframe_CKEditor_TemplateDetail_TextArea_Script"), 0, STOP_ON_FAILURE): Object 'Object Repository/Page_Script Template Detail/iframe_CKEditor_TemplateDetail_TextArea_Script' is visible

25-04-2025T10:49:44 - [MESSAGE][WARNING] - Timeout '0' is invalid. Using default page load timeout: '30'

25-04-2025T10:49:46 - [MESSAGE][PASSED] - Object 'Object Repository/Page_Script Template Detail/iframe_CKEditor_TemplateDetail_TextArea_Script' is visible

25-04-2025T10:49:46 - [TEST_STEP][PASSED] - comment("When the user fills in valid information on the Script Template Detail page"): When the user fills in valid information on the Script Template Detail page

25-04-2025T10:49:46 - [MESSAGE][INFO] - When the user fills in valid information on the Script Template Detail page

25-04-2025T10:49:46 - [TEST_STEP][PASSED] - setText(findTestObject("Object Repository/Page_Script Template Detail/input_Name_TemplateDetail_Name_Input"), Name): Text 'Json_Testing_Template_6' is set on object 'Object Repository/Page_Script Template Detail/input_Name_TemplateDetail_Name_Input'

25-04-2025T10:49:47 - [MESSAGE][PASSED] - Text 'Json_Testing_Template_6' is set on object 'Object Repository/Page_Script Template Detail/input_Name_TemplateDetail_Name_Input'

25-04-2025T10:49:47 - [TEST_STEP][PASSED] - setText(findTestObject("Object Repository/Page_Script Template Detail/textarea_Description_TemplateDetail_aa8ae6"), Description): Text 'This is a sample' is set on object 'Object Repository/Page_Script Template Detail/textarea_Description_TemplateDetail_aa8ae6'

25-04-2025T10:49:48 - [MESSAGE][PASSED] - Text 'This is a sample' is set on object 'Object Repository/Page_Script Template Detail/textarea_Description_TemplateDetail_aa8ae6'

25-04-2025T10:49:48 - [TEST_STEP][PASSED] - selectOptionByValue(findTestObject("Object Repository/Page_Script Template Detail/select_Template_Type"), Type, true): All options with value '1' are selected in object 'Object Repository/Page_Script Template Detail/select_Template_Type'  using regular expression

25-04-2025T10:49:49 - [MESSAGE][PASSED] - All options with value '1' are selected in object 'Object Repository/Page_Script Template Detail/select_Template_Type'  using regular expression

25-04-2025T10:49:49 - [TEST_STEP][PASSED] - selectOptionByValue(findTestObject("Object Repository/Page_Script Template Detail/select_Application_Module"), ApplicationModule, true): All options with value '33' are selected in object 'Object Repository/Page_Script Template Detail/select_Application_Module'  using regular expression

25-04-2025T10:49:52 - [MESSAGE][PASSED] - All options with value '33' are selected in object 'Object Repository/Page_Script Template Detail/select_Application_Module'  using regular expression

25-04-2025T10:49:52 - [TEST_STEP][PASSED] - setText(findTestObject("Object Repository/Page_Script Template Detail/input_MergeFields_Parenthesis_TemplateDetail_VariablePrefix_Input"), MergeFieldPrefix): Text '{{' is set on object 'Object Repository/Page_Script Template Detail/input_MergeFields_Parenthesis_TemplateDetail_VariablePrefix_Input'

25-04-2025T10:49:52 - [MESSAGE][PASSED] - Text '{{' is set on object 'Object Repository/Page_Script Template Detail/input_MergeFields_Parenthesis_TemplateDetail_VariablePrefix_Input'

25-04-2025T10:49:52 - [TEST_STEP][PASSED] - setText(findTestObject("Object Repository/Page_Script Template Detail/input_MergeFields_Parenthesis_TemplateDetail_VariableSuffix_Input"), MergeFieldSuffix): Text '}}' is set on object 'Object Repository/Page_Script Template Detail/input_MergeFields_Parenthesis_TemplateDetail_VariableSuffix_Input'

25-04-2025T10:49:53 - [MESSAGE][PASSED] - Text '}}' is set on object 'Object Repository/Page_Script Template Detail/input_MergeFields_Parenthesis_TemplateDetail_VariableSuffix_Input'

25-04-2025T10:49:53 - [TEST_STEP][PASSED] - scrollToElement(findTestObject("Page_Script Template Detail/iframe_CKEditor_TemplateDetail_TextArea_Script"), 0): Scroll to object 'Object Repository/Page_Script Template Detail/iframe_CKEditor_TemplateDetail_TextArea_Script' successfully

25-04-2025T10:49:53 - [MESSAGE][WARNING] - Timeout '0' is invalid. Using default page load timeout: '30'

25-04-2025T10:49:54 - [MESSAGE][PASSED] - Scroll to object 'Object Repository/Page_Script Template Detail/iframe_CKEditor_TemplateDetail_TextArea_Script' successfully

25-04-2025T10:49:54 - [TEST_STEP][PASSED] - com.components.ckeditor.CKEditorKeywords.setText(findTestObject("Page_Script Template Detail/iframe_CKEditor_TemplateDetail_TextArea_Script"), TextScript): com.components.ckeditor.CKEditorKeywords.setText is PASSED

25-04-2025T10:49:57 - [MESSAGE][PASSED] - Delayed 3 second(s)

25-04-2025T10:50:00 - [MESSAGE][PASSED] - com.components.ckeditor.CKEditorKeywords.setText is PASSED

25-04-2025T10:50:00 - [TEST_STEP][PASSED] - delay(delayDuration): Delayed 3 second(s)

25-04-2025T10:50:03 - [MESSAGE][PASSED] - Delayed 3 second(s)

25-04-2025T10:50:03 - [TEST_STEP][PASSED] - click(findTestObject("Object Repository/Page_Script Template Detail/button_Generate Merge Fields")): Object: 'Object Repository/Page_Script Template Detail/button_Generate Merge Fields' is clicked on

25-04-2025T10:50:03 - [MESSAGE][PASSED] - Object: 'Object Repository/Page_Script Template Detail/button_Generate Merge Fields' is clicked on

25-04-2025T10:50:03 - [TEST_STEP][PASSED] - comment("When the user has filled in valid information on the Script Template Detail page"): When the user has filled in valid information on the Script Template Detail page

25-04-2025T10:50:03 - [MESSAGE][INFO] - When the user has filled in valid information on the Script Template Detail page

25-04-2025T10:50:03 - [TEST_STEP][PASSED] - delay(delayDuration): Delayed 3 second(s)

25-04-2025T10:50:06 - [MESSAGE][PASSED] - Delayed 3 second(s)

25-04-2025T10:50:06 - [TEST_STEP][PASSED] - click(findTestObject("Object Repository/Page_Script Template Detail/button_Save")): Object: 'Object Repository/Page_Script Template Detail/button_Save' is clicked on

25-04-2025T10:50:06 - [MESSAGE][PASSED] - Object: 'Object Repository/Page_Script Template Detail/button_Save' is clicked on

25-04-2025T10:50:06 - [TEST_STEP][PASSED] - comment("The the user should be able to create a new Script Template"): The the user should be able to create a new Script Template

25-04-2025T10:50:06 - [MESSAGE][INFO] - The the user should be able to create a new Script Template

25-04-2025T10:50:06 - [TEST_STEP][PASSED] - verifyElementVisible(findTestObject("Page_Script Template Detail/div_Template CV Successfully saved")): Object 'Object Repository/Page_Script Template Detail/div_Template CV Successfully saved' is visible

25-04-2025T10:50:07 - [MESSAGE][PASSED] - Object 'Object Repository/Page_Script Template Detail/div_Template CV Successfully saved' is visible

25-04-2025T10:50:07 - [TEST_STEP][PASSED] - scrollToElement(findTestObject("Page_Script Template Detail/button_Back"), 0): Scroll to object 'Object Repository/Page_Script Template Detail/button_Back' successfully

25-04-2025T10:50:07 - [MESSAGE][WARNING] - Timeout '0' is invalid. Using default page load timeout: '30'

25-04-2025T10:50:07 - [MESSAGE][PASSED] - Scroll to object 'Object Repository/Page_Script Template Detail/button_Back' successfully

25-04-2025T10:50:07 - [TEST_STEP][PASSED] - click(findTestObject("Object Repository/Page_Script Template Detail/button_Back")): Object: 'Object Repository/Page_Script Template Detail/button_Back' is clicked on

25-04-2025T10:50:20 - [MESSAGE][PASSED] - Object: 'Object Repository/Page_Script Template Detail/button_Back' is clicked on

25-04-2025T10:50:20 - [TEST_STEP][PASSED] - Start listener action : logAfterTestCase: null

25-04-2025T10:50:20 - [TEST_STEP][PASSED] - switchToDefaultContent(): null

25-04-2025T10:50:20 - [TEST_STEP][PASSED] - comment("Test Case Execution Completed"): Test Case Execution Completed

25-04-2025T10:50:20 - [MESSAGE][INFO] - Test Case Execution Completed

25-04-2025T10:50:20 - [TEST_STEP][PASSED] - markWarning("Test Case Name : " + testCaseContext.getTestCaseId()): Test Case Name : Test Cases/TC01 - Add Script Template

25-04-2025T10:50:20 - [MESSAGE][WARNING] - Test Case Name : Test Cases/TC01 - Add Script Template

25-04-2025T10:50:20 - [TEST_STEP][PASSED] - markWarning("Test Case Status : " + testCaseContext.getTestCaseStatus()): Test Case Status : PASSED

25-04-2025T10:50:20 - [MESSAGE][WARNING] - Test Case Status : PASSED

25-04-2025T10:50:20 - [TEST_STEP][PASSED] - if (getTestCaseStatus().equals("FAILED")): null

25-04-2025T10:50:20 - [TEST_STEP][PASSED] - println("Reseting test configuration settings..."): null

25-04-2025T10:50:20 - [TEST_STEP][PASSED] - println("Cleaning up resources for case " + testCaseContext.getTestCaseId()): null]]></system-out>
         <system-err><![CDATA[]]></system-err>
      </testcase>
      <testcase name="Test Cases/TC03 - Edit Script Template" time="73.612" classname="Test Cases/TC03 - Edit Script Template" status="PASSED">
         <properties>
            <property name="data_binding"><![CDATA[{"Username":"Jvansandwyk11","RememberMe":"TRUE","TemplateName":"Json_Testing_Template_6","Password":"123456"}]]></property>
         </properties>
         <system-out><![CDATA[25-04-2025T10:50:20 - [TEST_CASE][PASSED] - Test Cases/TC03 - Edit Script Template: Test Cases/TC03 - Edit Script Template

25-04-2025T10:50:20 - [TEST_STEP][PASSED] - Start listener action : logBeforeTestCase: null

25-04-2025T10:50:20 - [TEST_STEP][PASSED] - comment("Initialize setup for Test Case Execution"): Initialize setup for Test Case Execution

25-04-2025T10:50:20 - [MESSAGE][INFO] - Initialize setup for Test Case Execution

25-04-2025T10:50:20 - [TEST_STEP][PASSED] - markWarning("Test Case Name : " + testCaseContext.getTestCaseId()): Test Case Name : Test Cases/TC03 - Edit Script Template

25-04-2025T10:50:20 - [MESSAGE][WARNING] - Test Case Name : Test Cases/TC03 - Edit Script Template

25-04-2025T10:50:20 - [TEST_STEP][PASSED] - markWarning("Test Case Variables : " + testCaseContext.getTestCaseVariables()): Test Case Variables : [TemplateName:Json_Testing_Template_6, Username:Jvansandwyk11, RememberMe:TRUE, Password:123456]

25-04-2025T10:50:20 - [MESSAGE][WARNING] - Test Case Variables : [TemplateName:Json_Testing_Template_6, Username:Jvansandwyk11, RememberMe:TRUE, Password:123456]

25-04-2025T10:50:20 - [TEST_STEP][PASSED] - println("Initializing test data for case " + testCaseContext.getTestCaseId()): null

25-04-2025T10:50:20 - [TEST_STEP][PASSED] - delayDuration = 3: null

25-04-2025T10:50:20 - [TEST_STEP][PASSED] - comment("Story: Edit a Script Template"): Story: Edit a Script Template

25-04-2025T10:50:20 - [MESSAGE][INFO] - Story: Edit a Script Template

25-04-2025T10:50:20 - [TEST_STEP][PASSED] - comment("Given that the user has logged into their account"): Given that the user has logged into their account

25-04-2025T10:50:20 - [MESSAGE][INFO] - Given that the user has logged into their account

25-04-2025T10:50:20 - [TEST_STEP][PASSED] - delay(5): Delayed 5 second(s)

25-04-2025T10:50:25 - [MESSAGE][PASSED] - Delayed 5 second(s)

25-04-2025T10:50:25 - [TEST_STEP][PASSED] - isLoggedIn = verifyElementPresent(findTestObject("Object Repository/Page_ScriptTemplates/span_Account_Name"), 3): Object 'Object Repository/Page_ScriptTemplates/span_Account_Name' is present

25-04-2025T10:50:26 - [MESSAGE][PASSED] - Object 'Object Repository/Page_ScriptTemplates/span_Account_Name' is present

25-04-2025T10:50:26 - [TEST_STEP][PASSED] - if (isLoggedIn === false): null

25-04-2025T10:50:26 - [TEST_STEP][PASSED] - else: Object 'Object Repository/Page_Script Template Detail/input_Name_TemplateDetail_Name_Input' is visible

25-04-2025T10:50:26 - [TEST_STEP][PASSED] - sendKeys(findTestObject("Object Repository/Page_Script Template Detail/input_Search input_Input_SearchKeyword"), TemplateName): Keys 'Json_Testing_Template_6' sent to object: 'Object Repository/Page_Script Template Detail/input_Search input_Input_SearchKeyword'

25-04-2025T10:50:26 - [MESSAGE][PASSED] - Keys 'Json_Testing_Template_6' sent to object: 'Object Repository/Page_Script Template Detail/input_Search input_Input_SearchKeyword'

25-04-2025T10:50:26 - [TEST_STEP][PASSED] - delay(delayDuration): Delayed 3 second(s)

25-04-2025T10:50:29 - [MESSAGE][PASSED] - Delayed 3 second(s)

25-04-2025T10:50:29 - [TEST_STEP][PASSED] - comment("Number of results returned upon search input"): Number of results returned upon search input

25-04-2025T10:50:29 - [MESSAGE][INFO] - Number of results returned upon search input

25-04-2025T10:50:29 - [TEST_STEP][PASSED] - numberOfItems = getText(findTestObject("Object Repository/Page_ScriptTemplates/span_Number_Of_Items")).toInteger(): Text of object 'Object Repository/Page_ScriptTemplates/span_Number_Of_Items' is: '15'

25-04-2025T10:50:29 - [MESSAGE][PASSED] - Text of object 'Object Repository/Page_ScriptTemplates/span_Number_Of_Items' is: '15'

25-04-2025T10:50:29 - [TEST_STEP][PASSED] - comment("Verify Template if name it is available in the list"): Verify Template if name it is available in the list

25-04-2025T10:50:29 - [MESSAGE][INFO] - Verify Template if name it is available in the list

25-04-2025T10:50:29 - [TEST_STEP][PASSED] - if (numberOfItems >= 1): Object 'Object Repository/Page_Script Template Detail/input_Name_TemplateDetail_Name_Input' is visible

25-04-2025T10:50:29 - [TEST_STEP][PASSED] - isFound = verifyElementText(findTestObject("Object Repository/Page_ScriptTemplates/span_Template_Name"), TemplateName): Actual text and expected text of test object 'Object Repository/Page_ScriptTemplates/span_Template_Name' are matched.

25-04-2025T10:51:01 - [MESSAGE][INFO] - Unable to find the element located by 'By.xpath: //div[@id='l3_0-2_0-b8-Content']/span'. Please recheck the objects properties to make sure the desired element is located. 

25-04-2025T10:51:01 - [MESSAGE][WARNING] - [SELF-HEALING] Failed to find element with id 'Object Repository/Page_ScriptTemplates/span_Template_Name'. Try using Self-healing.

25-04-2025T10:51:01 - [MESSAGE][WARNING] - [SELF-HEALING] The current locator of test object 'Object Repository/Page_ScriptTemplates/span_Template_Name' was broken. Propose an alternative one: '(.//*[normalize-space(text()) and normalize-space(.)='Time Stamp'])[1]/following::span[2]'.

25-04-2025T10:51:01 - [MESSAGE][PASSED] - Actual text and expected text of test object 'Object Repository/Page_ScriptTemplates/span_Template_Name' are matched.

25-04-2025T10:51:01 - [TEST_STEP][PASSED] - if (isFound): Object 'Object Repository/Page_Script Template Detail/input_Name_TemplateDetail_Name_Input' is visible

25-04-2025T10:51:01 - [TEST_STEP][PASSED] - click(findTestObject("Object Repository/Page_ScriptTemplates/link_Select_Item")): Object: 'Object Repository/Page_ScriptTemplates/link_Select_Item' is clicked on

25-04-2025T10:51:32 - [MESSAGE][INFO] - Unable to find the element located by 'By.xpath: //a[@id='l3_0-2_0-Link_Edit']/i'. Please recheck the objects properties to make sure the desired element is located. 

25-04-2025T10:51:32 - [MESSAGE][WARNING] - [SELF-HEALING] Failed to find element with id 'Object Repository/Page_ScriptTemplates/link_Select_Item'. Try using Self-healing.

25-04-2025T10:51:32 - [MESSAGE][INFO] - [SELF-HEALING] Failed Locator: '//a[@id='l3_0-2_0-Link_Edit']/i'.

25-04-2025T10:51:32 - [MESSAGE][INFO] - [SELF-HEALING] Working Locator: '//a/i'.

25-04-2025T10:51:33 - [MESSAGE][INFO] - [SELF-HEALING] Screenshot: C:/Users/MunyaradziKandoro/git/Script-Template-Manager-Web-UI-Testing/Reports/Self-healing/Object Repository/Page_ScriptTemplates/link_Select_Item_position.png

25-04-2025T10:51:33 - [MESSAGE][WARNING] - [SELF-HEALING] The current locator of test object 'Object Repository/Page_ScriptTemplates/link_Select_Item' was broken. Propose an alternative one: '//a/i'.

25-04-2025T10:51:33 - [MESSAGE][PASSED] - Object: 'Object Repository/Page_ScriptTemplates/link_Select_Item' is clicked on

25-04-2025T10:51:33 - [TEST_STEP][PASSED] - waitForPageLoad(TimeOut, STOP_ON_FAILURE): Wait for page load successfully

25-04-2025T10:51:33 - [MESSAGE][PASSED] - Wait for page load successfully

25-04-2025T10:51:33 - [TEST_STEP][PASSED] - waitForElementVisible(findTestObject("Object Repository/Page_Script Template Detail/input_Name_TemplateDetail_Name_Input"), 0, STOP_ON_FAILURE): Object 'Object Repository/Page_Script Template Detail/input_Name_TemplateDetail_Name_Input' is visible

25-04-2025T10:51:33 - [MESSAGE][WARNING] - Timeout '0' is invalid. Using default page load timeout: '30'

25-04-2025T10:51:34 - [MESSAGE][PASSED] - Object 'Object Repository/Page_Script Template Detail/input_Name_TemplateDetail_Name_Input' is visible

25-04-2025T10:51:34 - [TEST_STEP][PASSED] - Start listener action : logAfterTestCase: null

25-04-2025T10:51:34 - [TEST_STEP][PASSED] - switchToDefaultContent(): null

25-04-2025T10:51:34 - [TEST_STEP][PASSED] - comment("Test Case Execution Completed"): Test Case Execution Completed

25-04-2025T10:51:34 - [MESSAGE][INFO] - Test Case Execution Completed

25-04-2025T10:51:34 - [TEST_STEP][PASSED] - markWarning("Test Case Name : " + testCaseContext.getTestCaseId()): Test Case Name : Test Cases/TC03 - Edit Script Template

25-04-2025T10:51:34 - [MESSAGE][WARNING] - Test Case Name : Test Cases/TC03 - Edit Script Template

25-04-2025T10:51:34 - [TEST_STEP][PASSED] - markWarning("Test Case Status : " + testCaseContext.getTestCaseStatus()): Test Case Status : PASSED

25-04-2025T10:51:34 - [MESSAGE][WARNING] - Test Case Status : PASSED

25-04-2025T10:51:34 - [TEST_STEP][PASSED] - if (getTestCaseStatus().equals("FAILED")): null

25-04-2025T10:51:34 - [TEST_STEP][PASSED] - println("Reseting test configuration settings..."): null

25-04-2025T10:51:34 - [TEST_STEP][PASSED] - println("Cleaning up resources for case " + testCaseContext.getTestCaseId()): null]]></system-out>
         <system-err><![CDATA[]]></system-err>
      </testcase>
      <testcase name="Test Cases/Authentication/Logout" time="2.171" classname="Test Cases/Authentication/Logout" status="PASSED">
         <system-out><![CDATA[25-04-2025T10:51:34 - [TEST_CASE][PASSED] - Test Cases/Authentication/Logout: Test Cases/Authentication/Logout

25-04-2025T10:51:34 - [TEST_STEP][PASSED] - Start listener action : logBeforeTestCase: null

25-04-2025T10:51:34 - [TEST_STEP][PASSED] - comment("Initialize setup for Test Case Execution"): Initialize setup for Test Case Execution

25-04-2025T10:51:34 - [MESSAGE][INFO] - Initialize setup for Test Case Execution

25-04-2025T10:51:34 - [TEST_STEP][PASSED] - markWarning("Test Case Name : " + testCaseContext.getTestCaseId()): Test Case Name : Test Cases/Authentication/Logout

25-04-2025T10:51:34 - [MESSAGE][WARNING] - Test Case Name : Test Cases/Authentication/Logout

25-04-2025T10:51:34 - [TEST_STEP][PASSED] - markWarning("Test Case Variables : " + testCaseContext.getTestCaseVariables()): Test Case Variables : [:]

25-04-2025T10:51:34 - [MESSAGE][WARNING] - Test Case Variables : [:]

25-04-2025T10:51:34 - [TEST_STEP][PASSED] - println("Initializing test data for case " + testCaseContext.getTestCaseId()): null

25-04-2025T10:51:34 - [TEST_STEP][PASSED] - click(findTestObject("Object Repository/Page_ScriptTemplates/div_J1_b2-b2-Popover_Icon")): Object: 'Object Repository/Page_ScriptTemplates/div_J1_b2-b2-Popover_Icon' is clicked on

25-04-2025T10:51:34 - [MESSAGE][PASSED] - Object: 'Object Repository/Page_ScriptTemplates/div_J1_b2-b2-Popover_Icon' is clicked on

25-04-2025T10:51:34 - [TEST_STEP][PASSED] - click(findTestObject("Object Repository/Page_ScriptTemplates/div_Logout")): Object: 'Object Repository/Page_ScriptTemplates/div_Logout' is clicked on

25-04-2025T10:51:35 - [MESSAGE][PASSED] - Object: 'Object Repository/Page_ScriptTemplates/div_Logout' is clicked on

25-04-2025T10:51:35 - [TEST_STEP][PASSED] - waitForElementVisible(findTestObject("Object Repository/Page_Login/input_Username_Input_UsernameVal"), 0, STOP_ON_FAILURE): Object 'Object Repository/Page_Login/input_Username_Input_UsernameVal' is visible

25-04-2025T10:51:35 - [MESSAGE][WARNING] - Timeout '0' is invalid. Using default page load timeout: '30'

25-04-2025T10:51:36 - [MESSAGE][PASSED] - Object 'Object Repository/Page_Login/input_Username_Input_UsernameVal' is visible

25-04-2025T10:51:36 - [TEST_STEP][PASSED] - Start listener action : logAfterTestCase: null

25-04-2025T10:51:36 - [TEST_STEP][PASSED] - switchToDefaultContent(): null

25-04-2025T10:51:36 - [TEST_STEP][PASSED] - comment("Test Case Execution Completed"): Test Case Execution Completed

25-04-2025T10:51:36 - [MESSAGE][INFO] - Test Case Execution Completed

25-04-2025T10:51:36 - [TEST_STEP][PASSED] - markWarning("Test Case Name : " + testCaseContext.getTestCaseId()): Test Case Name : Test Cases/Authentication/Logout

25-04-2025T10:51:36 - [MESSAGE][WARNING] - Test Case Name : Test Cases/Authentication/Logout

25-04-2025T10:51:36 - [TEST_STEP][PASSED] - markWarning("Test Case Status : " + testCaseContext.getTestCaseStatus()): Test Case Status : PASSED

25-04-2025T10:51:36 - [MESSAGE][WARNING] - Test Case Status : PASSED

25-04-2025T10:51:36 - [TEST_STEP][PASSED] - if (getTestCaseStatus().equals("FAILED")): null

25-04-2025T10:51:36 - [TEST_STEP][PASSED] - println("Reseting test configuration settings..."): null

25-04-2025T10:51:36 - [TEST_STEP][PASSED] - println("Cleaning up resources for case " + testCaseContext.getTestCaseId()): null]]></system-out>
         <system-err><![CDATA[]]></system-err>
      </testcase>
      <system-out><![CDATA[25-04-2025T10:49:17 - [TEST_SUITE][PASSED] - RTS001_ScriptTemplate_Validation: Test Cases/Authentication/Logout]]></system-out>
      <system-err><![CDATA[]]></system-err>
   </testsuite>
</testsuites>
