<?xml version="1.0" encoding="UTF-8"?>
<testsuites name="RTS001_ScriptTemplate_Validation" time="28.44" tests="3" failures="3" errors="0">
   <testsuite name="RTS001_ScriptTemplate_Validation" tests="3" failures="3" errors="0" time="28.44" skipped="0" timestamp="25-04-2025T12:38:25" hostname="MunyaradziKandoro - DESKTOP-06T37RT" id="Test Suites/Regression Test Suite/RTS001_ScriptTemplate_Validation">
      <properties>
         <property name="deviceName" value=""/>
         <property name="devicePlatform"/>
         <property name="logFolder" value="C:\\Users\\MunyaradziKandoro\\git\\Script-Template-Manager-Web-UI-Testing\\Reports\\20250425_123107\\Regression Test Suite\\RTS001_ScriptTemplate_Validation\\20250425_123740"/>
         <property name="logFiles" value="C:\\Users\\MunyaradziKandoro\\git\\Script-Template-Manager-Web-UI-Testing\\Reports\\20250425_123107\\Regression Test Suite\\RTS001_ScriptTemplate_Validation\\20250425_123740\\execution0.log"/>
         <property name="attachments" value="C:\\Users\\MunyaradziKandoro\\git\\Script-Template-Manager-Web-UI-Testing\\Reports\\20250425_123107\\Regression Test Suite\\RTS001_ScriptTemplate_Validation\\20250425_123740\\1745577517993.png, C:\\Users\\MunyaradziKandoro\\git\\Script-Template-Manager-Web-UI-Testing\\Reports\\20250425_123107\\Regression Test Suite\\RTS001_ScriptTemplate_Validation\\20250425_123740\\1745577518058.png, C:\\Users\\MunyaradziKandoro\\git\\Script-Template-Manager-Web-UI-Testing\\Reports\\20250425_123107\\Regression Test Suite\\RTS001_ScriptTemplate_Validation\\20250425_123740\\1745577528280.png, C:\\Users\\MunyaradziKandoro\\git\\Script-Template-Manager-Web-UI-Testing\\Reports\\20250425_123107\\Regression Test Suite\\RTS001_ScriptTemplate_Validation\\20250425_123740\\1745577528321.png, C:\\Users\\MunyaradziKandoro\\git\\Script-Template-Manager-Web-UI-Testing\\Reports\\20250425_123107\\Regression Test Suite\\RTS001_ScriptTemplate_Validation\\20250425_123740\\1745577533067.png, C:\\Users\\MunyaradziKandoro\\git\\Script-Template-Manager-Web-UI-Testing\\Reports\\20250425_123107\\Regression Test Suite\\RTS001_ScriptTemplate_Validation\\20250425_123740\\1745577533095.png"/>
         <property name="hostName" value="MunyaradziKandoro - DESKTOP-06T37RT"/>
         <property name="os" value="Windows 11 64bit"/>
         <property name="katalonVersion" value="10.1.0.223"/>
         <property name="browser" value="Firefox 137.0.2"/>
         <property name="hostAddress" value="192.168.1.101"/>
         <property name="sessionId" value="0ba79de1-2436-46fa-9be4-4a1f1229499f"/>
         <property name="seleniumVersion" value="4.22.0"/>
         <property name="proxyInformation" value="ProxyInformation { proxyOption=NO_PROXY, proxyServerType=HTTP, username=, password=********, proxyServerAddress=, proxyServerPort=0, executionList=&quot;&quot;, isApplyToDesiredCapabilities=true }"/>
         <property name="platform" value="Windows 11"/>
      </properties>
      <testcase name="Test Cases/TC01 - Add Script Template" time="5.556" classname="Test Cases/TC01 - Add Script Template" status="FAILED">
         <properties>
            <property name="data_binding"><![CDATA[{"Type":"1","MergeFieldSuffi...":"}}","Description":"This is a sample","ApplicationModu...":"33","Username":"Jvansandwyk11","RememberMe":"TRUE","MergeFieldPrefi...":"{{","TextScript":"Rear {{policy.accountHolder}},\n\nWe have the following information on record for ID {{legalRefNo}}. Your policy with policy number {{policy.policyNo}} under the {{policy.productName}} is now ready.\n\nPlease contact us and confirm that your account is with {{policy.bankName}}.\n\nThe Benefits table is depicted below:\n{{policy.benefits}}\n\nThe Signatures table is depicted below:\n{{policy.signatures}}\n\nThe Contacts table is depicted below:\n{{policy.memberContacts}}\n\nKind regards","Name":"Json_Testing_Template_6","Password":"123456"}]]></property>
         </properties>
         <failure type="FAILED" message="Test Cases/TC01 - Add Script Template FAILED.&#xa;Reason:&#xa;com.kms.katalon.core.exception.StepFailedException: Unable to verify object 'Object Repository/Page_ScriptTemplates/span_Account_Name' is present&#xa;	at com.kms.katalon.core.webui.keyword.internal.WebUIKeywordMain.stepFailed(WebUIKeywordMain.groovy:117)&#xa;	at com.kms.katalon.core.webui.keyword.internal.WebUIKeywordMain.runKeyword(WebUIKeywordMain.groovy:43)&#xa;	at com.kms.katalon.core.webui.keyword.builtin.VerifyElementPresentKeyword.verifyElementPresent(VerifyElementPresentKeyword.groovy:92)&#xa;	at com.kms.katalon.core.webui.keyword.builtin.VerifyElementPresentKeyword.execute(VerifyElementPresentKeyword.groovy:68)&#xa;	at com.kms.katalon.core.keyword.internal.KeywordExecutor.executeKeywordForPlatform(KeywordExecutor.groovy:74)&#xa;	at com.kms.katalon.core.webui.keyword.WebUiBuiltInKeywords.verifyElementPresent(WebUiBuiltInKeywords.groovy:1540)&#xa;	at TC01 - Add Script Template.run(TC01 - Add Script Template:29)&#xa;	at com.kms.katalon.core.main.ScriptEngine.run(ScriptEngine.java:194)&#xa;	at com.kms.katalon.core.main.ScriptEngine.runScriptAsRawText(ScriptEngine.java:119)&#xa;	at com.kms.katalon.core.main.TestCaseExecutor.runScript(TestCaseExecutor.java:448)&#xa;	at com.kms.katalon.core.main.TestCaseExecutor.doExecute(TestCaseExecutor.java:439)&#xa;	at com.kms.katalon.core.main.TestCaseExecutor.processExecutionPhase(TestCaseExecutor.java:418)&#xa;	at com.kms.katalon.core.main.TestCaseExecutor.accessMainPhase(TestCaseExecutor.java:410)&#xa;	at com.kms.katalon.core.main.TestCaseExecutor.execute(TestCaseExecutor.java:285)&#xa;	at com.kms.katalon.core.common.CommonExecutor.accessTestCaseMainPhase(CommonExecutor.java:71)&#xa;	at com.kms.katalon.core.main.TestSuiteExecutor.accessTestSuiteMainPhase(TestSuiteExecutor.java:160)&#xa;	at com.kms.katalon.core.main.TestSuiteExecutor.execute(TestSuiteExecutor.java:107)&#xa;	at com.kms.katalon.core.main.TestCaseMain.startTestSuite(TestCaseMain.java:180)&#xa;	at TempTestSuite1745577460768.run(TempTestSuite1745577460768.groovy:35)&#xa;	at java.base/jdk.internal.reflect.NativeMethodAccessorImpl.invoke0(Native Method)&#xa;	at java.base/jdk.internal.reflect.NativeMethodAccessorImpl.invoke(NativeMethodAccessorImpl.java:77)&#xa;	at java.base/jdk.internal.reflect.DelegatingMethodAccessorImpl.invoke(DelegatingMethodAccessorImpl.java:43)&#xa;Caused by: com.kms.katalon.core.exception.StepFailedException: com.kms.katalon.core.webui.exception.WebElementNotFoundException: Web element with id: 'Object Repository/Page_ScriptTemplates/span_Account_Name' located by '//div[@id='b2-b2-b5-Content']/span' not found&#xa;	at com.kms.katalon.core.webui.keyword.internal.WebUIKeywordMain.stepFailed(WebUIKeywordMain.groovy:117)&#xa;	at com.kms.katalon.core.webui.keyword.builtin.VerifyElementPresentKeyword$_verifyElementPresent_closure1.doCall(VerifyElementPresentKeyword.groovy:85)&#xa;	at com.kms.katalon.core.webui.keyword.builtin.VerifyElementPresentKeyword$_verifyElementPresent_closure1.call(VerifyElementPresentKeyword.groovy)&#xa;	at com.kms.katalon.core.webui.keyword.internal.WebUIKeywordMain.runKeyword(WebUIKeywordMain.groovy:35)&#xa;	... 20 more&#xa;"/>
         <system-out><![CDATA[25-04-2025T12:38:33 - [TEST_CASE][FAILED] - Test Cases/TC01 - Add Script Template: Test Cases/TC01 - Add Script Template FAILED.
Reason:
com.kms.katalon.core.exception.StepFailedException: Unable to verify object 'Object Repository/Page_ScriptTemplates/span_Account_Name' is present
	at com.kms.katalon.core.webui.keyword.internal.WebUIKeywordMain.stepFailed(WebUIKeywordMain.groovy:117)
	at com.kms.katalon.core.webui.keyword.internal.WebUIKeywordMain.runKeyword(WebUIKeywordMain.groovy:43)
	at com.kms.katalon.core.webui.keyword.builtin.VerifyElementPresentKeyword.verifyElementPresent(VerifyElementPresentKeyword.groovy:92)
	at com.kms.katalon.core.webui.keyword.builtin.VerifyElementPresentKeyword.execute(VerifyElementPresentKeyword.groovy:68)
	at com.kms.katalon.core.keyword.internal.KeywordExecutor.executeKeywordForPlatform(KeywordExecutor.groovy:74)
	at com.kms.katalon.core.webui.keyword.WebUiBuiltInKeywords.verifyElementPresent(WebUiBuiltInKeywords.groovy:1540)
	at TC01 - Add Script Template.run(TC01 - Add Script Template:29)
	at com.kms.katalon.core.main.ScriptEngine.run(ScriptEngine.java:194)
	at com.kms.katalon.core.main.ScriptEngine.runScriptAsRawText(ScriptEngine.java:119)
	at com.kms.katalon.core.main.TestCaseExecutor.runScript(TestCaseExecutor.java:448)
	at com.kms.katalon.core.main.TestCaseExecutor.doExecute(TestCaseExecutor.java:439)
	at com.kms.katalon.core.main.TestCaseExecutor.processExecutionPhase(TestCaseExecutor.java:418)
	at com.kms.katalon.core.main.TestCaseExecutor.accessMainPhase(TestCaseExecutor.java:410)
	at com.kms.katalon.core.main.TestCaseExecutor.execute(TestCaseExecutor.java:285)
	at com.kms.katalon.core.common.CommonExecutor.accessTestCaseMainPhase(CommonExecutor.java:71)
	at com.kms.katalon.core.main.TestSuiteExecutor.accessTestSuiteMainPhase(TestSuiteExecutor.java:160)
	at com.kms.katalon.core.main.TestSuiteExecutor.execute(TestSuiteExecutor.java:107)
	at com.kms.katalon.core.main.TestCaseMain.startTestSuite(TestCaseMain.java:180)
	at TempTestSuite1745577460768.run(TempTestSuite1745577460768.groovy:35)
	at java.base/jdk.internal.reflect.NativeMethodAccessorImpl.invoke0(Native Method)
	at java.base/jdk.internal.reflect.NativeMethodAccessorImpl.invoke(NativeMethodAccessorImpl.java:77)
	at java.base/jdk.internal.reflect.DelegatingMethodAccessorImpl.invoke(DelegatingMethodAccessorImpl.java:43)
Caused by: com.kms.katalon.core.exception.StepFailedException: com.kms.katalon.core.webui.exception.WebElementNotFoundException: Web element with id: 'Object Repository/Page_ScriptTemplates/span_Account_Name' located by '//div[@id='b2-b2-b5-Content']/span' not found
	at com.kms.katalon.core.webui.keyword.internal.WebUIKeywordMain.stepFailed(WebUIKeywordMain.groovy:117)
	at com.kms.katalon.core.webui.keyword.builtin.VerifyElementPresentKeyword$_verifyElementPresent_closure1.doCall(VerifyElementPresentKeyword.groovy:85)
	at com.kms.katalon.core.webui.keyword.builtin.VerifyElementPresentKeyword$_verifyElementPresent_closure1.call(VerifyElementPresentKeyword.groovy)
	at com.kms.katalon.core.webui.keyword.internal.WebUIKeywordMain.runKeyword(WebUIKeywordMain.groovy:35)
	... 20 more


25-04-2025T12:38:33 - [TEST_STEP][PASSED] - Start listener action : sampleBeforeTestCase: null

25-04-2025T12:38:33 - [TEST_STEP][PASSED] - comment("Initialize setup for Test Case Execution"): Initialize setup for Test Case Execution

25-04-2025T12:38:33 - [MESSAGE][INFO] - Initialize setup for Test Case Execution

25-04-2025T12:38:33 - [TEST_STEP][PASSED] - markWarning("Test Case Name : " + testCaseContext.getTestCaseId()): Test Case Name : Test Cases/TC01 - Add Script Template

25-04-2025T12:38:33 - [MESSAGE][WARNING] - Test Case Name : Test Cases/TC01 - Add Script Template

25-04-2025T12:38:33 - [TEST_STEP][PASSED] - markWarning("Test Case Variables : " + testCaseContext.getTestCaseVariables()): Test Case Variables : [Type:1, Description:This is a sample, Username:Jvansandwyk11, RememberMe:TRUE, MergeFieldPrefix:{{, MergeFieldSuffix:}}, TextScript:Rear {{policy.accountHolder}},

We have the following information on record for ID {{legalRefNo}}. Your policy with policy number {{policy.policyNo}} under the {{policy.productName}} is now ready.

Please contact us and confirm that your account is with {{policy.bankName}}.

The Benefits table is depicted below:
{{policy.benefits}}

The Signatures table is depicted below:
{{policy.signatures}}

The Contacts table is depicted below:
{{policy.memberContacts}}

Kind regards, Name:Json_Testing_Template_6, ApplicationModule:33, Password:123456]

25-04-2025T12:38:33 - [MESSAGE][WARNING] - Test Case Variables : [Type:1, Description:This is a sample, Username:Jvansandwyk11, RememberMe:TRUE, MergeFieldPrefix:{{, MergeFieldSuffix:}}, TextScript:Rear {{policy.accountHolder}},

We have the following information on record for ID {{legalRefNo}}. Your policy with policy number {{policy.policyNo}} under the {{policy.productName}} is now ready.

Please contact us and confirm that your account is with {{policy.bankName}}.

The Benefits table is depicted below:
{{policy.benefits}}

The Signatures table is depicted below:
{{policy.signatures}}

The Contacts table is depicted below:
{{policy.memberContacts}}

Kind regards, Name:Json_Testing_Template_6, ApplicationModule:33, Password:123456]

25-04-2025T12:38:33 - [TEST_STEP][PASSED] - println("Initializing test data for case " + testCaseContext.getTestCaseId()): null

25-04-2025T12:38:33 - [TEST_STEP][PASSED] - delayDuration = 3: null

25-04-2025T12:38:33 - [TEST_STEP][PASSED] - comment("Story: Add a Script Template"): Story: Add a Script Template

25-04-2025T12:38:33 - [MESSAGE][INFO] - Story: Add a Script Template

25-04-2025T12:38:33 - [TEST_STEP][PASSED] - comment("Given that the user has logged into their account"): Given that the user has logged into their account

25-04-2025T12:38:33 - [MESSAGE][INFO] - Given that the user has logged into their account

25-04-2025T12:38:33 - [TEST_STEP][FAILED] - isLoggedIn = verifyElementPresent(findTestObject("Object Repository/Page_ScriptTemplates/span_Account_Name"), 3): Unable to verify object 'Object Repository/Page_ScriptTemplates/span_Account_Name' is present (Root cause: com.kms.katalon.core.exception.StepFailedException: Unable to verify object 'Object Repository/Page_ScriptTemplates/span_Account_Name' is present
	at com.kms.katalon.core.webui.keyword.internal.WebUIKeywordMain.stepFailed(WebUIKeywordMain.groovy:117)
	at com.kms.katalon.core.webui.keyword.internal.WebUIKeywordMain.runKeyword(WebUIKeywordMain.groovy:43)
	at com.kms.katalon.core.webui.keyword.builtin.VerifyElementPresentKeyword.verifyElementPresent(VerifyElementPresentKeyword.groovy:92)
	at com.kms.katalon.core.webui.keyword.builtin.VerifyElementPresentKeyword.execute(VerifyElementPresentKeyword.groovy:68)
	at com.kms.katalon.core.keyword.internal.KeywordExecutor.executeKeywordForPlatform(KeywordExecutor.groovy:74)
	at com.kms.katalon.core.webui.keyword.WebUiBuiltInKeywords.verifyElementPresent(WebUiBuiltInKeywords.groovy:1540)
	at TC01 - Add Script Template.run(TC01 - Add Script Template:29)
	at com.kms.katalon.core.main.ScriptEngine.run(ScriptEngine.java:194)
	at com.kms.katalon.core.main.ScriptEngine.runScriptAsRawText(ScriptEngine.java:119)
	at com.kms.katalon.core.main.TestCaseExecutor.runScript(TestCaseExecutor.java:448)
	at com.kms.katalon.core.main.TestCaseExecutor.doExecute(TestCaseExecutor.java:439)
	at com.kms.katalon.core.main.TestCaseExecutor.processExecutionPhase(TestCaseExecutor.java:418)
	at com.kms.katalon.core.main.TestCaseExecutor.accessMainPhase(TestCaseExecutor.java:410)
	at com.kms.katalon.core.main.TestCaseExecutor.execute(TestCaseExecutor.java:285)
	at com.kms.katalon.core.common.CommonExecutor.accessTestCaseMainPhase(CommonExecutor.java:71)
	at com.kms.katalon.core.main.TestSuiteExecutor.accessTestSuiteMainPhase(TestSuiteExecutor.java:160)
	at com.kms.katalon.core.main.TestSuiteExecutor.execute(TestSuiteExecutor.java:107)
	at com.kms.katalon.core.main.TestCaseMain.startTestSuite(TestCaseMain.java:180)
	at TempTestSuite1745577460768.run(TempTestSuite1745577460768.groovy:35)
	at java.base/jdk.internal.reflect.NativeMethodAccessorImpl.invoke0(Native Method)
	at java.base/jdk.internal.reflect.NativeMethodAccessorImpl.invoke(NativeMethodAccessorImpl.java:77)
	at java.base/jdk.internal.reflect.DelegatingMethodAccessorImpl.invoke(DelegatingMethodAccessorImpl.java:43)
Caused by: com.kms.katalon.core.exception.StepFailedException: com.kms.katalon.core.webui.exception.WebElementNotFoundException: Web element with id: 'Object Repository/Page_ScriptTemplates/span_Account_Name' located by '//div[@id='b2-b2-b5-Content']/span' not found
	at com.kms.katalon.core.webui.keyword.internal.WebUIKeywordMain.stepFailed(WebUIKeywordMain.groovy:117)
	at com.kms.katalon.core.webui.keyword.builtin.VerifyElementPresentKeyword$_verifyElementPresent_closure1.doCall(VerifyElementPresentKeyword.groovy:85)
	at com.kms.katalon.core.webui.keyword.builtin.VerifyElementPresentKeyword$_verifyElementPresent_closure1.call(VerifyElementPresentKeyword.groovy)
	at com.kms.katalon.core.webui.keyword.internal.WebUIKeywordMain.runKeyword(WebUIKeywordMain.groovy:35)
	... 20 more
)

25-04-2025T12:38:37 - [MESSAGE][INFO] - Unable to find the element located by 'By.xpath: //div[@id='b2-b2-b5-Content']/span'. Please recheck the objects properties to make sure the desired element is located. 

25-04-2025T12:38:38 - [MESSAGE][FAILED] - com.kms.katalon.core.webui.exception.WebElementNotFoundException: Web element with id: 'Object Repository/Page_ScriptTemplates/span_Account_Name' located by '//div[@id='b2-b2-b5-Content']/span' not found (Root cause: com.kms.katalon.core.exception.StepFailedException: com.kms.katalon.core.webui.exception.WebElementNotFoundException: Web element with id: 'Object Repository/Page_ScriptTemplates/span_Account_Name' located by '//div[@id='b2-b2-b5-Content']/span' not found
	at com.kms.katalon.core.webui.keyword.internal.WebUIKeywordMain.stepFailed(WebUIKeywordMain.groovy:117)
	at com.kms.katalon.core.webui.keyword.builtin.VerifyElementPresentKeyword$_verifyElementPresent_closure1.doCall(VerifyElementPresentKeyword.groovy:85)
	at com.kms.katalon.core.webui.keyword.builtin.VerifyElementPresentKeyword$_verifyElementPresent_closure1.call(VerifyElementPresentKeyword.groovy)
	at com.kms.katalon.core.webui.keyword.internal.WebUIKeywordMain.runKeyword(WebUIKeywordMain.groovy:35)
	at com.kms.katalon.core.webui.keyword.builtin.VerifyElementPresentKeyword.verifyElementPresent(VerifyElementPresentKeyword.groovy:92)
	at com.kms.katalon.core.webui.keyword.builtin.VerifyElementPresentKeyword.execute(VerifyElementPresentKeyword.groovy:68)
	at com.kms.katalon.core.keyword.internal.KeywordExecutor.executeKeywordForPlatform(KeywordExecutor.groovy:74)
	at com.kms.katalon.core.webui.keyword.WebUiBuiltInKeywords.verifyElementPresent(WebUiBuiltInKeywords.groovy:1540)
	at TC01 - Add Script Template.run(TC01 - Add Script Template:29)
	at com.kms.katalon.core.main.ScriptEngine.run(ScriptEngine.java:194)
	at com.kms.katalon.core.main.ScriptEngine.runScriptAsRawText(ScriptEngine.java:119)
	at com.kms.katalon.core.main.TestCaseExecutor.runScript(TestCaseExecutor.java:448)
	at com.kms.katalon.core.main.TestCaseExecutor.doExecute(TestCaseExecutor.java:439)
	at com.kms.katalon.core.main.TestCaseExecutor.processExecutionPhase(TestCaseExecutor.java:418)
	at com.kms.katalon.core.main.TestCaseExecutor.accessMainPhase(TestCaseExecutor.java:410)
	at com.kms.katalon.core.main.TestCaseExecutor.execute(TestCaseExecutor.java:285)
	at com.kms.katalon.core.common.CommonExecutor.accessTestCaseMainPhase(CommonExecutor.java:71)
	at com.kms.katalon.core.main.TestSuiteExecutor.accessTestSuiteMainPhase(TestSuiteExecutor.java:160)
	at com.kms.katalon.core.main.TestSuiteExecutor.execute(TestSuiteExecutor.java:107)
	at com.kms.katalon.core.main.TestCaseMain.startTestSuite(TestCaseMain.java:180)
	at TempTestSuite1745577460768.run(TempTestSuite1745577460768.groovy:35)
	at java.base/jdk.internal.reflect.NativeMethodAccessorImpl.invoke0(Native Method)
	at java.base/jdk.internal.reflect.NativeMethodAccessorImpl.invoke(NativeMethodAccessorImpl.java:77)
	at java.base/jdk.internal.reflect.DelegatingMethodAccessorImpl.invoke(DelegatingMethodAccessorImpl.java:43)
)
[[ATTACHMENT|C:\\Users\\MunyaradziKandoro\\git\\Script-Template-Manager-Web-UI-Testing\\Reports\\20250425_123107\\Regression Test Suite\\RTS001_ScriptTemplate_Validation\\20250425_123740\\1745577517993.png]]

25-04-2025T12:38:38 - [MESSAGE][FAILED] - Unable to verify object 'Object Repository/Page_ScriptTemplates/span_Account_Name' is present (Root cause: com.kms.katalon.core.exception.StepFailedException: Unable to verify object 'Object Repository/Page_ScriptTemplates/span_Account_Name' is present
	at com.kms.katalon.core.webui.keyword.internal.WebUIKeywordMain.stepFailed(WebUIKeywordMain.groovy:117)
	at com.kms.katalon.core.webui.keyword.internal.WebUIKeywordMain.runKeyword(WebUIKeywordMain.groovy:43)
	at com.kms.katalon.core.webui.keyword.builtin.VerifyElementPresentKeyword.verifyElementPresent(VerifyElementPresentKeyword.groovy:92)
	at com.kms.katalon.core.webui.keyword.builtin.VerifyElementPresentKeyword.execute(VerifyElementPresentKeyword.groovy:68)
	at com.kms.katalon.core.keyword.internal.KeywordExecutor.executeKeywordForPlatform(KeywordExecutor.groovy:74)
	at com.kms.katalon.core.webui.keyword.WebUiBuiltInKeywords.verifyElementPresent(WebUiBuiltInKeywords.groovy:1540)
	at TC01 - Add Script Template.run(TC01 - Add Script Template:29)
	at com.kms.katalon.core.main.ScriptEngine.run(ScriptEngine.java:194)
	at com.kms.katalon.core.main.ScriptEngine.runScriptAsRawText(ScriptEngine.java:119)
	at com.kms.katalon.core.main.TestCaseExecutor.runScript(TestCaseExecutor.java:448)
	at com.kms.katalon.core.main.TestCaseExecutor.doExecute(TestCaseExecutor.java:439)
	at com.kms.katalon.core.main.TestCaseExecutor.processExecutionPhase(TestCaseExecutor.java:418)
	at com.kms.katalon.core.main.TestCaseExecutor.accessMainPhase(TestCaseExecutor.java:410)
	at com.kms.katalon.core.main.TestCaseExecutor.execute(TestCaseExecutor.java:285)
	at com.kms.katalon.core.common.CommonExecutor.accessTestCaseMainPhase(CommonExecutor.java:71)
	at com.kms.katalon.core.main.TestSuiteExecutor.accessTestSuiteMainPhase(TestSuiteExecutor.java:160)
	at com.kms.katalon.core.main.TestSuiteExecutor.execute(TestSuiteExecutor.java:107)
	at com.kms.katalon.core.main.TestCaseMain.startTestSuite(TestCaseMain.java:180)
	at TempTestSuite1745577460768.run(TempTestSuite1745577460768.groovy:35)
	at java.base/jdk.internal.reflect.NativeMethodAccessorImpl.invoke0(Native Method)
	at java.base/jdk.internal.reflect.NativeMethodAccessorImpl.invoke(NativeMethodAccessorImpl.java:77)
	at java.base/jdk.internal.reflect.DelegatingMethodAccessorImpl.invoke(DelegatingMethodAccessorImpl.java:43)
Caused by: com.kms.katalon.core.exception.StepFailedException: com.kms.katalon.core.webui.exception.WebElementNotFoundException: Web element with id: 'Object Repository/Page_ScriptTemplates/span_Account_Name' located by '//div[@id='b2-b2-b5-Content']/span' not found
	at com.kms.katalon.core.webui.keyword.internal.WebUIKeywordMain.stepFailed(WebUIKeywordMain.groovy:117)
	at com.kms.katalon.core.webui.keyword.builtin.VerifyElementPresentKeyword$_verifyElementPresent_closure1.doCall(VerifyElementPresentKeyword.groovy:85)
	at com.kms.katalon.core.webui.keyword.builtin.VerifyElementPresentKeyword$_verifyElementPresent_closure1.call(VerifyElementPresentKeyword.groovy)
	at com.kms.katalon.core.webui.keyword.internal.WebUIKeywordMain.runKeyword(WebUIKeywordMain.groovy:35)
	... 20 more
)
[[ATTACHMENT|C:\\Users\\MunyaradziKandoro\\git\\Script-Template-Manager-Web-UI-Testing\\Reports\\20250425_123107\\Regression Test Suite\\RTS001_ScriptTemplate_Validation\\20250425_123740\\1745577518058.png]]

25-04-2025T12:38:38 - [TEST_STEP][ERROR] - Start listener action : sampleAfterTestCase: com.kms.katalon.core.exception.StepFailedException: Cannot take screenshot
	at com.kms.katalon.core.webui.keyword.internal.WebUIKeywordMain.stepFailed(WebUIKeywordMain.groovy:117)
	at com.kms.katalon.core.webui.keyword.internal.WebUIKeywordMain.runKeyword(WebUIKeywordMain.groovy:43)
	at com.kms.katalon.core.webui.keyword.builtin.TakeScreenshotKeyword.takeScreenshot(TakeScreenshotKeyword.groovy:127)
	at com.kms.katalon.core.webui.keyword.builtin.TakeScreenshotKeyword.execute(TakeScreenshotKeyword.groovy:85)
	at com.kms.katalon.core.keyword.internal.KeywordExecutor.executeKeywordForPlatform(KeywordExecutor.groovy:74)
	at com.kms.katalon.core.webui.keyword.WebUiBuiltInKeywords.takeScreenshot(WebUiBuiltInKeywords.groovy:3050)
	at TL_01.sampleAfterTestCase(TL_01.groovy:59)
	at java.base/jdk.internal.reflect.NativeMethodAccessorImpl.invoke0(Native Method)
	at java.base/jdk.internal.reflect.NativeMethodAccessorImpl.invoke(NativeMethodAccessorImpl.java:77)
	at java.base/jdk.internal.reflect.DelegatingMethodAccessorImpl.invoke(DelegatingMethodAccessorImpl.java:43)
	at com.kms.katalon.core.context.internal.TestHooker.invokeMethod(TestHooker.java:111)
	at com.kms.katalon.core.context.internal.TestHooker.lambda$3(TestHooker.java:95)
	at com.kms.katalon.core.context.internal.TestHooker.invokeContextMethods(TestHooker.java:94)
	at com.kms.katalon.core.context.internal.TestListenerCollector.lambda$3(TestListenerCollector.java:88)
	at com.kms.katalon.core.context.internal.TestListenerCollector.handleListenerEvent(TestListenerCollector.java:85)
	at com.kms.katalon.core.context.internal.ExecutionEventManager.publicEvent(ExecutionEventManager.java:36)
	at com.kms.katalon.core.main.TestCaseExecutor.execute(TestCaseExecutor.java:315)
	at com.kms.katalon.core.common.CommonExecutor.accessTestCaseMainPhase(CommonExecutor.java:71)
	at com.kms.katalon.core.main.TestSuiteExecutor.accessTestSuiteMainPhase(TestSuiteExecutor.java:160)
	at com.kms.katalon.core.main.TestSuiteExecutor.execute(TestSuiteExecutor.java:107)
	at com.kms.katalon.core.main.TestCaseMain.startTestSuite(TestCaseMain.java:180)
	at TempTestSuite1745577460768.run(TempTestSuite1745577460768.groovy:35)
	at java.base/jdk.internal.reflect.NativeMethodAccessorImpl.invoke0(Native Method)
	at java.base/jdk.internal.reflect.NativeMethodAccessorImpl.invoke(NativeMethodAccessorImpl.java:77)
	at java.base/jdk.internal.reflect.DelegatingMethodAccessorImpl.invoke(DelegatingMethodAccessorImpl.java:43)
Caused by: java.nio.file.InvalidPathException: Illegal char <:> at index 228: C:\Users\MunyaradziKandoro\git\Script-Template-Manager-Web-UI-Testing\Reports\20250425_123107\Regression Test Suite\RTS001_ScriptTemplate_Validation\20250425_123740\Screenshots\Test Cases\TC01 - Add Script Template_2025-04-25 12:38:38.png
	at org.apache.commons.io.FileUtils.copyFile(FileUtils.java:807)
	at org.apache.commons.io.FileUtils.copyFile(FileUtils.java:769)
	at com.kms.katalon.core.webui.util.FileUtil.takeDefaultScreenshot(FileUtil.java:346)
	at com.kms.katalon.core.webui.util.FileUtil.takesScreenshot(FileUtil.java:60)
	at com.kms.katalon.core.webui.keyword.builtin.TakeScreenshotKeyword$_takeScreenshot_closure1.doCall(TakeScreenshotKeyword.groovy:128)
	at com.kms.katalon.core.webui.keyword.builtin.TakeScreenshotKeyword$_takeScreenshot_closure1.call(TakeScreenshotKeyword.groovy)
	at com.kms.katalon.core.webui.keyword.internal.WebUIKeywordMain.runKeyword(WebUIKeywordMain.groovy:35)
	... 23 more


25-04-2025T12:38:38 - [TEST_STEP][PASSED] - switchToDefaultContent(): null

25-04-2025T12:38:38 - [TEST_STEP][PASSED] - comment("Test Case Execution Completed"): Test Case Execution Completed

25-04-2025T12:38:38 - [MESSAGE][INFO] - Test Case Execution Completed

25-04-2025T12:38:38 - [TEST_STEP][PASSED] - markWarning("Test Case Name : " + testCaseContext.getTestCaseId()): Test Case Name : Test Cases/TC01 - Add Script Template

25-04-2025T12:38:38 - [MESSAGE][WARNING] - Test Case Name : Test Cases/TC01 - Add Script Template

25-04-2025T12:38:38 - [TEST_STEP][PASSED] - markWarning("Test Case Status : " + testCaseContext.getTestCaseStatus()): Test Case Status : FAILED

25-04-2025T12:38:38 - [MESSAGE][WARNING] - Test Case Status : FAILED

25-04-2025T12:38:38 - [TEST_STEP][PASSED] - if (getTestCaseStatus().equals("FAILED")): null

25-04-2025T12:38:38 - [TEST_STEP][PASSED] - timestamp = Date().format("YYYY-MM-dd HH:mm:ss"): null

25-04-2025T12:38:38 - [TEST_STEP][PASSED] - screenshotPath = "Screenshots/" + testCaseContext.getTestCaseId() + "_" + timestamp + ".png": null

25-04-2025T12:38:38 - [TEST_STEP][ERROR] - takeScreenshot(screenshotPath): com.kms.katalon.core.exception.StepFailedException: Cannot take screenshot
	at com.kms.katalon.core.webui.keyword.internal.WebUIKeywordMain.stepFailed(WebUIKeywordMain.groovy:117)
	at com.kms.katalon.core.webui.keyword.internal.WebUIKeywordMain.runKeyword(WebUIKeywordMain.groovy:43)
	at com.kms.katalon.core.webui.keyword.builtin.TakeScreenshotKeyword.takeScreenshot(TakeScreenshotKeyword.groovy:127)
	at com.kms.katalon.core.webui.keyword.builtin.TakeScreenshotKeyword.execute(TakeScreenshotKeyword.groovy:85)
	at com.kms.katalon.core.keyword.internal.KeywordExecutor.executeKeywordForPlatform(KeywordExecutor.groovy:74)
	at com.kms.katalon.core.webui.keyword.WebUiBuiltInKeywords.takeScreenshot(WebUiBuiltInKeywords.groovy:3050)
	at TL_01.sampleAfterTestCase(TL_01.groovy:59)
	at java.base/jdk.internal.reflect.NativeMethodAccessorImpl.invoke0(Native Method)
	at java.base/jdk.internal.reflect.NativeMethodAccessorImpl.invoke(NativeMethodAccessorImpl.java:77)
	at java.base/jdk.internal.reflect.DelegatingMethodAccessorImpl.invoke(DelegatingMethodAccessorImpl.java:43)
	at com.kms.katalon.core.context.internal.TestHooker.invokeMethod(TestHooker.java:111)
	at com.kms.katalon.core.context.internal.TestHooker.lambda$3(TestHooker.java:95)
	at com.kms.katalon.core.context.internal.TestHooker.invokeContextMethods(TestHooker.java:94)
	at com.kms.katalon.core.context.internal.TestListenerCollector.lambda$3(TestListenerCollector.java:88)
	at com.kms.katalon.core.context.internal.TestListenerCollector.handleListenerEvent(TestListenerCollector.java:85)
	at com.kms.katalon.core.context.internal.ExecutionEventManager.publicEvent(ExecutionEventManager.java:36)
	at com.kms.katalon.core.main.TestCaseExecutor.execute(TestCaseExecutor.java:315)
	at com.kms.katalon.core.common.CommonExecutor.accessTestCaseMainPhase(CommonExecutor.java:71)
	at com.kms.katalon.core.main.TestSuiteExecutor.accessTestSuiteMainPhase(TestSuiteExecutor.java:160)
	at com.kms.katalon.core.main.TestSuiteExecutor.execute(TestSuiteExecutor.java:107)
	at com.kms.katalon.core.main.TestCaseMain.startTestSuite(TestCaseMain.java:180)
	at TempTestSuite1745577460768.run(TempTestSuite1745577460768.groovy:35)
	at java.base/jdk.internal.reflect.NativeMethodAccessorImpl.invoke0(Native Method)
	at java.base/jdk.internal.reflect.NativeMethodAccessorImpl.invoke(NativeMethodAccessorImpl.java:77)
	at java.base/jdk.internal.reflect.DelegatingMethodAccessorImpl.invoke(DelegatingMethodAccessorImpl.java:43)
Caused by: java.nio.file.InvalidPathException: Illegal char <:> at index 228: C:\Users\MunyaradziKandoro\git\Script-Template-Manager-Web-UI-Testing\Reports\20250425_123107\Regression Test Suite\RTS001_ScriptTemplate_Validation\20250425_123740\Screenshots\Test Cases\TC01 - Add Script Template_2025-04-25 12:38:38.png
	at org.apache.commons.io.FileUtils.copyFile(FileUtils.java:807)
	at org.apache.commons.io.FileUtils.copyFile(FileUtils.java:769)
	at com.kms.katalon.core.webui.util.FileUtil.takeDefaultScreenshot(FileUtil.java:346)
	at com.kms.katalon.core.webui.util.FileUtil.takesScreenshot(FileUtil.java:60)
	at com.kms.katalon.core.webui.keyword.builtin.TakeScreenshotKeyword$_takeScreenshot_closure1.doCall(TakeScreenshotKeyword.groovy:128)
	at com.kms.katalon.core.webui.keyword.builtin.TakeScreenshotKeyword$_takeScreenshot_closure1.call(TakeScreenshotKeyword.groovy)
	at com.kms.katalon.core.webui.keyword.internal.WebUIKeywordMain.runKeyword(WebUIKeywordMain.groovy:35)
	... 23 more


25-04-2025T12:38:38 - [MESSAGE][FAILED] - Cannot take screenshot (Root cause: com.kms.katalon.core.exception.StepFailedException: Cannot take screenshot
	at com.kms.katalon.core.webui.keyword.internal.WebUIKeywordMain.stepFailed(WebUIKeywordMain.groovy:117)
	at com.kms.katalon.core.webui.keyword.internal.WebUIKeywordMain.runKeyword(WebUIKeywordMain.groovy:43)
	at com.kms.katalon.core.webui.keyword.builtin.TakeScreenshotKeyword.takeScreenshot(TakeScreenshotKeyword.groovy:127)
	at com.kms.katalon.core.webui.keyword.builtin.TakeScreenshotKeyword.execute(TakeScreenshotKeyword.groovy:85)
	at com.kms.katalon.core.keyword.internal.KeywordExecutor.executeKeywordForPlatform(KeywordExecutor.groovy:74)
	at com.kms.katalon.core.webui.keyword.WebUiBuiltInKeywords.takeScreenshot(WebUiBuiltInKeywords.groovy:3050)
	at TL_01.sampleAfterTestCase(TL_01.groovy:59)
	at java.base/jdk.internal.reflect.NativeMethodAccessorImpl.invoke0(Native Method)
	at java.base/jdk.internal.reflect.NativeMethodAccessorImpl.invoke(NativeMethodAccessorImpl.java:77)
	at java.base/jdk.internal.reflect.DelegatingMethodAccessorImpl.invoke(DelegatingMethodAccessorImpl.java:43)
	at com.kms.katalon.core.context.internal.TestHooker.invokeMethod(TestHooker.java:111)
	at com.kms.katalon.core.context.internal.TestHooker.lambda$3(TestHooker.java:95)
	at com.kms.katalon.core.context.internal.TestHooker.invokeContextMethods(TestHooker.java:94)
	at com.kms.katalon.core.context.internal.TestListenerCollector.lambda$3(TestListenerCollector.java:88)
	at com.kms.katalon.core.context.internal.TestListenerCollector.handleListenerEvent(TestListenerCollector.java:85)
	at com.kms.katalon.core.context.internal.ExecutionEventManager.publicEvent(ExecutionEventManager.java:36)
	at com.kms.katalon.core.main.TestCaseExecutor.execute(TestCaseExecutor.java:315)
	at com.kms.katalon.core.common.CommonExecutor.accessTestCaseMainPhase(CommonExecutor.java:71)
	at com.kms.katalon.core.main.TestSuiteExecutor.accessTestSuiteMainPhase(TestSuiteExecutor.java:160)
	at com.kms.katalon.core.main.TestSuiteExecutor.execute(TestSuiteExecutor.java:107)
	at com.kms.katalon.core.main.TestCaseMain.startTestSuite(TestCaseMain.java:180)
	at TempTestSuite1745577460768.run(TempTestSuite1745577460768.groovy:35)
	at java.base/jdk.internal.reflect.NativeMethodAccessorImpl.invoke0(Native Method)
	at java.base/jdk.internal.reflect.NativeMethodAccessorImpl.invoke(NativeMethodAccessorImpl.java:77)
	at java.base/jdk.internal.reflect.DelegatingMethodAccessorImpl.invoke(DelegatingMethodAccessorImpl.java:43)
Caused by: java.nio.file.InvalidPathException: Illegal char <:> at index 228: C:\Users\MunyaradziKandoro\git\Script-Template-Manager-Web-UI-Testing\Reports\20250425_123107\Regression Test Suite\RTS001_ScriptTemplate_Validation\20250425_123740\Screenshots\Test Cases\TC01 - Add Script Template_2025-04-25 12:38:38.png
	at org.apache.commons.io.FileUtils.copyFile(FileUtils.java:807)
	at org.apache.commons.io.FileUtils.copyFile(FileUtils.java:769)
	at com.kms.katalon.core.webui.util.FileUtil.takeDefaultScreenshot(FileUtil.java:346)
	at com.kms.katalon.core.webui.util.FileUtil.takesScreenshot(FileUtil.java:60)
	at com.kms.katalon.core.webui.keyword.builtin.TakeScreenshotKeyword$_takeScreenshot_closure1.doCall(TakeScreenshotKeyword.groovy:128)
	at com.kms.katalon.core.webui.keyword.builtin.TakeScreenshotKeyword$_takeScreenshot_closure1.call(TakeScreenshotKeyword.groovy)
	at com.kms.katalon.core.webui.keyword.internal.WebUIKeywordMain.runKeyword(WebUIKeywordMain.groovy:35)
	... 23 more
)

25-04-2025T12:38:38 - [MESSAGE][ERROR] - com.kms.katalon.core.exception.StepFailedException: Cannot take screenshot
	at com.kms.katalon.core.webui.keyword.internal.WebUIKeywordMain.stepFailed(WebUIKeywordMain.groovy:117)
	at com.kms.katalon.core.webui.keyword.internal.WebUIKeywordMain.runKeyword(WebUIKeywordMain.groovy:43)
	at com.kms.katalon.core.webui.keyword.builtin.TakeScreenshotKeyword.takeScreenshot(TakeScreenshotKeyword.groovy:127)
	at com.kms.katalon.core.webui.keyword.builtin.TakeScreenshotKeyword.execute(TakeScreenshotKeyword.groovy:85)
	at com.kms.katalon.core.keyword.internal.KeywordExecutor.executeKeywordForPlatform(KeywordExecutor.groovy:74)
	at com.kms.katalon.core.webui.keyword.WebUiBuiltInKeywords.takeScreenshot(WebUiBuiltInKeywords.groovy:3050)
	at TL_01.sampleAfterTestCase(TL_01.groovy:59)
	at java.base/jdk.internal.reflect.NativeMethodAccessorImpl.invoke0(Native Method)
	at java.base/jdk.internal.reflect.NativeMethodAccessorImpl.invoke(NativeMethodAccessorImpl.java:77)
	at java.base/jdk.internal.reflect.DelegatingMethodAccessorImpl.invoke(DelegatingMethodAccessorImpl.java:43)
	at com.kms.katalon.core.context.internal.TestHooker.invokeMethod(TestHooker.java:111)
	at com.kms.katalon.core.context.internal.TestHooker.lambda$3(TestHooker.java:95)
	at com.kms.katalon.core.context.internal.TestHooker.invokeContextMethods(TestHooker.java:94)
	at com.kms.katalon.core.context.internal.TestListenerCollector.lambda$3(TestListenerCollector.java:88)
	at com.kms.katalon.core.context.internal.TestListenerCollector.handleListenerEvent(TestListenerCollector.java:85)
	at com.kms.katalon.core.context.internal.ExecutionEventManager.publicEvent(ExecutionEventManager.java:36)
	at com.kms.katalon.core.main.TestCaseExecutor.execute(TestCaseExecutor.java:315)
	at com.kms.katalon.core.common.CommonExecutor.accessTestCaseMainPhase(CommonExecutor.java:71)
	at com.kms.katalon.core.main.TestSuiteExecutor.accessTestSuiteMainPhase(TestSuiteExecutor.java:160)
	at com.kms.katalon.core.main.TestSuiteExecutor.execute(TestSuiteExecutor.java:107)
	at com.kms.katalon.core.main.TestCaseMain.startTestSuite(TestCaseMain.java:180)
	at TempTestSuite1745577460768.run(TempTestSuite1745577460768.groovy:35)
	at java.base/jdk.internal.reflect.NativeMethodAccessorImpl.invoke0(Native Method)
	at java.base/jdk.internal.reflect.NativeMethodAccessorImpl.invoke(NativeMethodAccessorImpl.java:77)
	at java.base/jdk.internal.reflect.DelegatingMethodAccessorImpl.invoke(DelegatingMethodAccessorImpl.java:43)
Caused by: java.nio.file.InvalidPathException: Illegal char <:> at index 228: C:\Users\MunyaradziKandoro\git\Script-Template-Manager-Web-UI-Testing\Reports\20250425_123107\Regression Test Suite\RTS001_ScriptTemplate_Validation\20250425_123740\Screenshots\Test Cases\TC01 - Add Script Template_2025-04-25 12:38:38.png
	at org.apache.commons.io.FileUtils.copyFile(FileUtils.java:807)
	at org.apache.commons.io.FileUtils.copyFile(FileUtils.java:769)
	at com.kms.katalon.core.webui.util.FileUtil.takeDefaultScreenshot(FileUtil.java:346)
	at com.kms.katalon.core.webui.util.FileUtil.takesScreenshot(FileUtil.java:60)
	at com.kms.katalon.core.webui.keyword.builtin.TakeScreenshotKeyword$_takeScreenshot_closure1.doCall(TakeScreenshotKeyword.groovy:128)
	at com.kms.katalon.core.webui.keyword.builtin.TakeScreenshotKeyword$_takeScreenshot_closure1.call(TakeScreenshotKeyword.groovy)
	at com.kms.katalon.core.webui.keyword.internal.WebUIKeywordMain.runKeyword(WebUIKeywordMain.groovy:35)
	... 23 more]]></system-out>
         <system-err><![CDATA[25-04-2025T12:38:33 - [TEST_CASE][FAILED] - Test Cases/TC01 - Add Script Template: Test Cases/TC01 - Add Script Template FAILED.
Reason:
com.kms.katalon.core.exception.StepFailedException: Unable to verify object 'Object Repository/Page_ScriptTemplates/span_Account_Name' is present
	at com.kms.katalon.core.webui.keyword.internal.WebUIKeywordMain.stepFailed(WebUIKeywordMain.groovy:117)
	at com.kms.katalon.core.webui.keyword.internal.WebUIKeywordMain.runKeyword(WebUIKeywordMain.groovy:43)
	at com.kms.katalon.core.webui.keyword.builtin.VerifyElementPresentKeyword.verifyElementPresent(VerifyElementPresentKeyword.groovy:92)
	at com.kms.katalon.core.webui.keyword.builtin.VerifyElementPresentKeyword.execute(VerifyElementPresentKeyword.groovy:68)
	at com.kms.katalon.core.keyword.internal.KeywordExecutor.executeKeywordForPlatform(KeywordExecutor.groovy:74)
	at com.kms.katalon.core.webui.keyword.WebUiBuiltInKeywords.verifyElementPresent(WebUiBuiltInKeywords.groovy:1540)
	at TC01 - Add Script Template.run(TC01 - Add Script Template:29)
	at com.kms.katalon.core.main.ScriptEngine.run(ScriptEngine.java:194)
	at com.kms.katalon.core.main.ScriptEngine.runScriptAsRawText(ScriptEngine.java:119)
	at com.kms.katalon.core.main.TestCaseExecutor.runScript(TestCaseExecutor.java:448)
	at com.kms.katalon.core.main.TestCaseExecutor.doExecute(TestCaseExecutor.java:439)
	at com.kms.katalon.core.main.TestCaseExecutor.processExecutionPhase(TestCaseExecutor.java:418)
	at com.kms.katalon.core.main.TestCaseExecutor.accessMainPhase(TestCaseExecutor.java:410)
	at com.kms.katalon.core.main.TestCaseExecutor.execute(TestCaseExecutor.java:285)
	at com.kms.katalon.core.common.CommonExecutor.accessTestCaseMainPhase(CommonExecutor.java:71)
	at com.kms.katalon.core.main.TestSuiteExecutor.accessTestSuiteMainPhase(TestSuiteExecutor.java:160)
	at com.kms.katalon.core.main.TestSuiteExecutor.execute(TestSuiteExecutor.java:107)
	at com.kms.katalon.core.main.TestCaseMain.startTestSuite(TestCaseMain.java:180)
	at TempTestSuite1745577460768.run(TempTestSuite1745577460768.groovy:35)
	at java.base/jdk.internal.reflect.NativeMethodAccessorImpl.invoke0(Native Method)
	at java.base/jdk.internal.reflect.NativeMethodAccessorImpl.invoke(NativeMethodAccessorImpl.java:77)
	at java.base/jdk.internal.reflect.DelegatingMethodAccessorImpl.invoke(DelegatingMethodAccessorImpl.java:43)
Caused by: com.kms.katalon.core.exception.StepFailedException: com.kms.katalon.core.webui.exception.WebElementNotFoundException: Web element with id: 'Object Repository/Page_ScriptTemplates/span_Account_Name' located by '//div[@id='b2-b2-b5-Content']/span' not found
	at com.kms.katalon.core.webui.keyword.internal.WebUIKeywordMain.stepFailed(WebUIKeywordMain.groovy:117)
	at com.kms.katalon.core.webui.keyword.builtin.VerifyElementPresentKeyword$_verifyElementPresent_closure1.doCall(VerifyElementPresentKeyword.groovy:85)
	at com.kms.katalon.core.webui.keyword.builtin.VerifyElementPresentKeyword$_verifyElementPresent_closure1.call(VerifyElementPresentKeyword.groovy)
	at com.kms.katalon.core.webui.keyword.internal.WebUIKeywordMain.runKeyword(WebUIKeywordMain.groovy:35)
	... 20 more]]></system-err>
      </testcase>
      <testcase name="Test Cases/TC03 - Edit Script Template" time="9.694" classname="Test Cases/TC03 - Edit Script Template" status="FAILED">
         <properties>
            <property name="data_binding"><![CDATA[{"Username":"Jvansandwyk11","RememberMe":"TRUE","TemplateName":"Json_Testing_Template_6","Password":"123456"}]]></property>
         </properties>
         <failure type="FAILED" message="Test Cases/TC03 - Edit Script Template FAILED.&#xa;Reason:&#xa;com.kms.katalon.core.exception.StepFailedException: Unable to verify object 'Object Repository/Page_ScriptTemplates/span_Account_Name' is present&#xa;	at com.kms.katalon.core.webui.keyword.internal.WebUIKeywordMain.stepFailed(WebUIKeywordMain.groovy:117)&#xa;	at com.kms.katalon.core.webui.keyword.internal.WebUIKeywordMain.runKeyword(WebUIKeywordMain.groovy:43)&#xa;	at com.kms.katalon.core.webui.keyword.builtin.VerifyElementPresentKeyword.verifyElementPresent(VerifyElementPresentKeyword.groovy:92)&#xa;	at com.kms.katalon.core.webui.keyword.builtin.VerifyElementPresentKeyword.execute(VerifyElementPresentKeyword.groovy:68)&#xa;	at com.kms.katalon.core.keyword.internal.KeywordExecutor.executeKeywordForPlatform(KeywordExecutor.groovy:74)&#xa;	at com.kms.katalon.core.webui.keyword.WebUiBuiltInKeywords.verifyElementPresent(WebUiBuiltInKeywords.groovy:1540)&#xa;	at TC03 - Edit Script Template.run(TC03 - Edit Script Template:31)&#xa;	at com.kms.katalon.core.main.ScriptEngine.run(ScriptEngine.java:194)&#xa;	at com.kms.katalon.core.main.ScriptEngine.runScriptAsRawText(ScriptEngine.java:119)&#xa;	at com.kms.katalon.core.main.TestCaseExecutor.runScript(TestCaseExecutor.java:448)&#xa;	at com.kms.katalon.core.main.TestCaseExecutor.doExecute(TestCaseExecutor.java:439)&#xa;	at com.kms.katalon.core.main.TestCaseExecutor.processExecutionPhase(TestCaseExecutor.java:418)&#xa;	at com.kms.katalon.core.main.TestCaseExecutor.accessMainPhase(TestCaseExecutor.java:410)&#xa;	at com.kms.katalon.core.main.TestCaseExecutor.execute(TestCaseExecutor.java:285)&#xa;	at com.kms.katalon.core.common.CommonExecutor.accessTestCaseMainPhase(CommonExecutor.java:71)&#xa;	at com.kms.katalon.core.main.TestSuiteExecutor.accessTestSuiteMainPhase(TestSuiteExecutor.java:160)&#xa;	at com.kms.katalon.core.main.TestSuiteExecutor.execute(TestSuiteExecutor.java:107)&#xa;	at com.kms.katalon.core.main.TestCaseMain.startTestSuite(TestCaseMain.java:180)&#xa;	at TempTestSuite1745577460768.run(TempTestSuite1745577460768.groovy:35)&#xa;	at java.base/jdk.internal.reflect.NativeMethodAccessorImpl.invoke0(Native Method)&#xa;	at java.base/jdk.internal.reflect.NativeMethodAccessorImpl.invoke(NativeMethodAccessorImpl.java:77)&#xa;	at java.base/jdk.internal.reflect.DelegatingMethodAccessorImpl.invoke(DelegatingMethodAccessorImpl.java:43)&#xa;Caused by: com.kms.katalon.core.exception.StepFailedException: com.kms.katalon.core.webui.exception.WebElementNotFoundException: Web element with id: 'Object Repository/Page_ScriptTemplates/span_Account_Name' located by '//div[@id='b2-b2-b5-Content']/span' not found&#xa;	at com.kms.katalon.core.webui.keyword.internal.WebUIKeywordMain.stepFailed(WebUIKeywordMain.groovy:117)&#xa;	at com.kms.katalon.core.webui.keyword.builtin.VerifyElementPresentKeyword$_verifyElementPresent_closure1.doCall(VerifyElementPresentKeyword.groovy:85)&#xa;	at com.kms.katalon.core.webui.keyword.builtin.VerifyElementPresentKeyword$_verifyElementPresent_closure1.call(VerifyElementPresentKeyword.groovy)&#xa;	at com.kms.katalon.core.webui.keyword.internal.WebUIKeywordMain.runKeyword(WebUIKeywordMain.groovy:35)&#xa;	... 20 more&#xa;"/>
         <system-out><![CDATA[25-04-2025T12:38:38 - [TEST_CASE][FAILED] - Test Cases/TC03 - Edit Script Template: Test Cases/TC03 - Edit Script Template FAILED.
Reason:
com.kms.katalon.core.exception.StepFailedException: Unable to verify object 'Object Repository/Page_ScriptTemplates/span_Account_Name' is present
	at com.kms.katalon.core.webui.keyword.internal.WebUIKeywordMain.stepFailed(WebUIKeywordMain.groovy:117)
	at com.kms.katalon.core.webui.keyword.internal.WebUIKeywordMain.runKeyword(WebUIKeywordMain.groovy:43)
	at com.kms.katalon.core.webui.keyword.builtin.VerifyElementPresentKeyword.verifyElementPresent(VerifyElementPresentKeyword.groovy:92)
	at com.kms.katalon.core.webui.keyword.builtin.VerifyElementPresentKeyword.execute(VerifyElementPresentKeyword.groovy:68)
	at com.kms.katalon.core.keyword.internal.KeywordExecutor.executeKeywordForPlatform(KeywordExecutor.groovy:74)
	at com.kms.katalon.core.webui.keyword.WebUiBuiltInKeywords.verifyElementPresent(WebUiBuiltInKeywords.groovy:1540)
	at TC03 - Edit Script Template.run(TC03 - Edit Script Template:31)
	at com.kms.katalon.core.main.ScriptEngine.run(ScriptEngine.java:194)
	at com.kms.katalon.core.main.ScriptEngine.runScriptAsRawText(ScriptEngine.java:119)
	at com.kms.katalon.core.main.TestCaseExecutor.runScript(TestCaseExecutor.java:448)
	at com.kms.katalon.core.main.TestCaseExecutor.doExecute(TestCaseExecutor.java:439)
	at com.kms.katalon.core.main.TestCaseExecutor.processExecutionPhase(TestCaseExecutor.java:418)
	at com.kms.katalon.core.main.TestCaseExecutor.accessMainPhase(TestCaseExecutor.java:410)
	at com.kms.katalon.core.main.TestCaseExecutor.execute(TestCaseExecutor.java:285)
	at com.kms.katalon.core.common.CommonExecutor.accessTestCaseMainPhase(CommonExecutor.java:71)
	at com.kms.katalon.core.main.TestSuiteExecutor.accessTestSuiteMainPhase(TestSuiteExecutor.java:160)
	at com.kms.katalon.core.main.TestSuiteExecutor.execute(TestSuiteExecutor.java:107)
	at com.kms.katalon.core.main.TestCaseMain.startTestSuite(TestCaseMain.java:180)
	at TempTestSuite1745577460768.run(TempTestSuite1745577460768.groovy:35)
	at java.base/jdk.internal.reflect.NativeMethodAccessorImpl.invoke0(Native Method)
	at java.base/jdk.internal.reflect.NativeMethodAccessorImpl.invoke(NativeMethodAccessorImpl.java:77)
	at java.base/jdk.internal.reflect.DelegatingMethodAccessorImpl.invoke(DelegatingMethodAccessorImpl.java:43)
Caused by: com.kms.katalon.core.exception.StepFailedException: com.kms.katalon.core.webui.exception.WebElementNotFoundException: Web element with id: 'Object Repository/Page_ScriptTemplates/span_Account_Name' located by '//div[@id='b2-b2-b5-Content']/span' not found
	at com.kms.katalon.core.webui.keyword.internal.WebUIKeywordMain.stepFailed(WebUIKeywordMain.groovy:117)
	at com.kms.katalon.core.webui.keyword.builtin.VerifyElementPresentKeyword$_verifyElementPresent_closure1.doCall(VerifyElementPresentKeyword.groovy:85)
	at com.kms.katalon.core.webui.keyword.builtin.VerifyElementPresentKeyword$_verifyElementPresent_closure1.call(VerifyElementPresentKeyword.groovy)
	at com.kms.katalon.core.webui.keyword.internal.WebUIKeywordMain.runKeyword(WebUIKeywordMain.groovy:35)
	... 20 more


25-04-2025T12:38:39 - [TEST_STEP][PASSED] - Start listener action : sampleBeforeTestCase: null

25-04-2025T12:38:39 - [TEST_STEP][PASSED] - comment("Initialize setup for Test Case Execution"): Initialize setup for Test Case Execution

25-04-2025T12:38:39 - [MESSAGE][INFO] - Initialize setup for Test Case Execution

25-04-2025T12:38:39 - [TEST_STEP][PASSED] - markWarning("Test Case Name : " + testCaseContext.getTestCaseId()): Test Case Name : Test Cases/TC03 - Edit Script Template

25-04-2025T12:38:39 - [MESSAGE][WARNING] - Test Case Name : Test Cases/TC03 - Edit Script Template

25-04-2025T12:38:39 - [TEST_STEP][PASSED] - markWarning("Test Case Variables : " + testCaseContext.getTestCaseVariables()): Test Case Variables : [TemplateName:Json_Testing_Template_6, Username:Jvansandwyk11, RememberMe:TRUE, Password:123456]

25-04-2025T12:38:39 - [MESSAGE][WARNING] - Test Case Variables : [TemplateName:Json_Testing_Template_6, Username:Jvansandwyk11, RememberMe:TRUE, Password:123456]

25-04-2025T12:38:39 - [TEST_STEP][PASSED] - println("Initializing test data for case " + testCaseContext.getTestCaseId()): null

25-04-2025T12:38:39 - [TEST_STEP][PASSED] - delayDuration = 3: null

25-04-2025T12:38:39 - [TEST_STEP][PASSED] - comment("Story: Edit a Script Template"): Story: Edit a Script Template

25-04-2025T12:38:39 - [MESSAGE][INFO] - Story: Edit a Script Template

25-04-2025T12:38:39 - [TEST_STEP][PASSED] - comment("Given that the user has logged into their account"): Given that the user has logged into their account

25-04-2025T12:38:39 - [MESSAGE][INFO] - Given that the user has logged into their account

25-04-2025T12:38:39 - [TEST_STEP][PASSED] - delay(5): Delayed 5 second(s)

25-04-2025T12:38:44 - [MESSAGE][PASSED] - Delayed 5 second(s)

25-04-2025T12:38:44 - [TEST_STEP][FAILED] - isLoggedIn = verifyElementPresent(findTestObject("Object Repository/Page_ScriptTemplates/span_Account_Name"), 3): Unable to verify object 'Object Repository/Page_ScriptTemplates/span_Account_Name' is present (Root cause: com.kms.katalon.core.exception.StepFailedException: Unable to verify object 'Object Repository/Page_ScriptTemplates/span_Account_Name' is present
	at com.kms.katalon.core.webui.keyword.internal.WebUIKeywordMain.stepFailed(WebUIKeywordMain.groovy:117)
	at com.kms.katalon.core.webui.keyword.internal.WebUIKeywordMain.runKeyword(WebUIKeywordMain.groovy:43)
	at com.kms.katalon.core.webui.keyword.builtin.VerifyElementPresentKeyword.verifyElementPresent(VerifyElementPresentKeyword.groovy:92)
	at com.kms.katalon.core.webui.keyword.builtin.VerifyElementPresentKeyword.execute(VerifyElementPresentKeyword.groovy:68)
	at com.kms.katalon.core.keyword.internal.KeywordExecutor.executeKeywordForPlatform(KeywordExecutor.groovy:74)
	at com.kms.katalon.core.webui.keyword.WebUiBuiltInKeywords.verifyElementPresent(WebUiBuiltInKeywords.groovy:1540)
	at TC03 - Edit Script Template.run(TC03 - Edit Script Template:31)
	at com.kms.katalon.core.main.ScriptEngine.run(ScriptEngine.java:194)
	at com.kms.katalon.core.main.ScriptEngine.runScriptAsRawText(ScriptEngine.java:119)
	at com.kms.katalon.core.main.TestCaseExecutor.runScript(TestCaseExecutor.java:448)
	at com.kms.katalon.core.main.TestCaseExecutor.doExecute(TestCaseExecutor.java:439)
	at com.kms.katalon.core.main.TestCaseExecutor.processExecutionPhase(TestCaseExecutor.java:418)
	at com.kms.katalon.core.main.TestCaseExecutor.accessMainPhase(TestCaseExecutor.java:410)
	at com.kms.katalon.core.main.TestCaseExecutor.execute(TestCaseExecutor.java:285)
	at com.kms.katalon.core.common.CommonExecutor.accessTestCaseMainPhase(CommonExecutor.java:71)
	at com.kms.katalon.core.main.TestSuiteExecutor.accessTestSuiteMainPhase(TestSuiteExecutor.java:160)
	at com.kms.katalon.core.main.TestSuiteExecutor.execute(TestSuiteExecutor.java:107)
	at com.kms.katalon.core.main.TestCaseMain.startTestSuite(TestCaseMain.java:180)
	at TempTestSuite1745577460768.run(TempTestSuite1745577460768.groovy:35)
	at java.base/jdk.internal.reflect.NativeMethodAccessorImpl.invoke0(Native Method)
	at java.base/jdk.internal.reflect.NativeMethodAccessorImpl.invoke(NativeMethodAccessorImpl.java:77)
	at java.base/jdk.internal.reflect.DelegatingMethodAccessorImpl.invoke(DelegatingMethodAccessorImpl.java:43)
Caused by: com.kms.katalon.core.exception.StepFailedException: com.kms.katalon.core.webui.exception.WebElementNotFoundException: Web element with id: 'Object Repository/Page_ScriptTemplates/span_Account_Name' located by '//div[@id='b2-b2-b5-Content']/span' not found
	at com.kms.katalon.core.webui.keyword.internal.WebUIKeywordMain.stepFailed(WebUIKeywordMain.groovy:117)
	at com.kms.katalon.core.webui.keyword.builtin.VerifyElementPresentKeyword$_verifyElementPresent_closure1.doCall(VerifyElementPresentKeyword.groovy:85)
	at com.kms.katalon.core.webui.keyword.builtin.VerifyElementPresentKeyword$_verifyElementPresent_closure1.call(VerifyElementPresentKeyword.groovy)
	at com.kms.katalon.core.webui.keyword.internal.WebUIKeywordMain.runKeyword(WebUIKeywordMain.groovy:35)
	... 20 more
)

25-04-2025T12:38:48 - [MESSAGE][INFO] - Unable to find the element located by 'By.xpath: //div[@id='b2-b2-b5-Content']/span'. Please recheck the objects properties to make sure the desired element is located. 

25-04-2025T12:38:48 - [MESSAGE][FAILED] - com.kms.katalon.core.webui.exception.WebElementNotFoundException: Web element with id: 'Object Repository/Page_ScriptTemplates/span_Account_Name' located by '//div[@id='b2-b2-b5-Content']/span' not found (Root cause: com.kms.katalon.core.exception.StepFailedException: com.kms.katalon.core.webui.exception.WebElementNotFoundException: Web element with id: 'Object Repository/Page_ScriptTemplates/span_Account_Name' located by '//div[@id='b2-b2-b5-Content']/span' not found
	at com.kms.katalon.core.webui.keyword.internal.WebUIKeywordMain.stepFailed(WebUIKeywordMain.groovy:117)
	at com.kms.katalon.core.webui.keyword.builtin.VerifyElementPresentKeyword$_verifyElementPresent_closure1.doCall(VerifyElementPresentKeyword.groovy:85)
	at com.kms.katalon.core.webui.keyword.builtin.VerifyElementPresentKeyword$_verifyElementPresent_closure1.call(VerifyElementPresentKeyword.groovy)
	at com.kms.katalon.core.webui.keyword.internal.WebUIKeywordMain.runKeyword(WebUIKeywordMain.groovy:35)
	at com.kms.katalon.core.webui.keyword.builtin.VerifyElementPresentKeyword.verifyElementPresent(VerifyElementPresentKeyword.groovy:92)
	at com.kms.katalon.core.webui.keyword.builtin.VerifyElementPresentKeyword.execute(VerifyElementPresentKeyword.groovy:68)
	at com.kms.katalon.core.keyword.internal.KeywordExecutor.executeKeywordForPlatform(KeywordExecutor.groovy:74)
	at com.kms.katalon.core.webui.keyword.WebUiBuiltInKeywords.verifyElementPresent(WebUiBuiltInKeywords.groovy:1540)
	at TC03 - Edit Script Template.run(TC03 - Edit Script Template:31)
	at com.kms.katalon.core.main.ScriptEngine.run(ScriptEngine.java:194)
	at com.kms.katalon.core.main.ScriptEngine.runScriptAsRawText(ScriptEngine.java:119)
	at com.kms.katalon.core.main.TestCaseExecutor.runScript(TestCaseExecutor.java:448)
	at com.kms.katalon.core.main.TestCaseExecutor.doExecute(TestCaseExecutor.java:439)
	at com.kms.katalon.core.main.TestCaseExecutor.processExecutionPhase(TestCaseExecutor.java:418)
	at com.kms.katalon.core.main.TestCaseExecutor.accessMainPhase(TestCaseExecutor.java:410)
	at com.kms.katalon.core.main.TestCaseExecutor.execute(TestCaseExecutor.java:285)
	at com.kms.katalon.core.common.CommonExecutor.accessTestCaseMainPhase(CommonExecutor.java:71)
	at com.kms.katalon.core.main.TestSuiteExecutor.accessTestSuiteMainPhase(TestSuiteExecutor.java:160)
	at com.kms.katalon.core.main.TestSuiteExecutor.execute(TestSuiteExecutor.java:107)
	at com.kms.katalon.core.main.TestCaseMain.startTestSuite(TestCaseMain.java:180)
	at TempTestSuite1745577460768.run(TempTestSuite1745577460768.groovy:35)
	at java.base/jdk.internal.reflect.NativeMethodAccessorImpl.invoke0(Native Method)
	at java.base/jdk.internal.reflect.NativeMethodAccessorImpl.invoke(NativeMethodAccessorImpl.java:77)
	at java.base/jdk.internal.reflect.DelegatingMethodAccessorImpl.invoke(DelegatingMethodAccessorImpl.java:43)
)
[[ATTACHMENT|C:\\Users\\MunyaradziKandoro\\git\\Script-Template-Manager-Web-UI-Testing\\Reports\\20250425_123107\\Regression Test Suite\\RTS001_ScriptTemplate_Validation\\20250425_123740\\1745577528280.png]]

25-04-2025T12:38:48 - [MESSAGE][FAILED] - Unable to verify object 'Object Repository/Page_ScriptTemplates/span_Account_Name' is present (Root cause: com.kms.katalon.core.exception.StepFailedException: Unable to verify object 'Object Repository/Page_ScriptTemplates/span_Account_Name' is present
	at com.kms.katalon.core.webui.keyword.internal.WebUIKeywordMain.stepFailed(WebUIKeywordMain.groovy:117)
	at com.kms.katalon.core.webui.keyword.internal.WebUIKeywordMain.runKeyword(WebUIKeywordMain.groovy:43)
	at com.kms.katalon.core.webui.keyword.builtin.VerifyElementPresentKeyword.verifyElementPresent(VerifyElementPresentKeyword.groovy:92)
	at com.kms.katalon.core.webui.keyword.builtin.VerifyElementPresentKeyword.execute(VerifyElementPresentKeyword.groovy:68)
	at com.kms.katalon.core.keyword.internal.KeywordExecutor.executeKeywordForPlatform(KeywordExecutor.groovy:74)
	at com.kms.katalon.core.webui.keyword.WebUiBuiltInKeywords.verifyElementPresent(WebUiBuiltInKeywords.groovy:1540)
	at TC03 - Edit Script Template.run(TC03 - Edit Script Template:31)
	at com.kms.katalon.core.main.ScriptEngine.run(ScriptEngine.java:194)
	at com.kms.katalon.core.main.ScriptEngine.runScriptAsRawText(ScriptEngine.java:119)
	at com.kms.katalon.core.main.TestCaseExecutor.runScript(TestCaseExecutor.java:448)
	at com.kms.katalon.core.main.TestCaseExecutor.doExecute(TestCaseExecutor.java:439)
	at com.kms.katalon.core.main.TestCaseExecutor.processExecutionPhase(TestCaseExecutor.java:418)
	at com.kms.katalon.core.main.TestCaseExecutor.accessMainPhase(TestCaseExecutor.java:410)
	at com.kms.katalon.core.main.TestCaseExecutor.execute(TestCaseExecutor.java:285)
	at com.kms.katalon.core.common.CommonExecutor.accessTestCaseMainPhase(CommonExecutor.java:71)
	at com.kms.katalon.core.main.TestSuiteExecutor.accessTestSuiteMainPhase(TestSuiteExecutor.java:160)
	at com.kms.katalon.core.main.TestSuiteExecutor.execute(TestSuiteExecutor.java:107)
	at com.kms.katalon.core.main.TestCaseMain.startTestSuite(TestCaseMain.java:180)
	at TempTestSuite1745577460768.run(TempTestSuite1745577460768.groovy:35)
	at java.base/jdk.internal.reflect.NativeMethodAccessorImpl.invoke0(Native Method)
	at java.base/jdk.internal.reflect.NativeMethodAccessorImpl.invoke(NativeMethodAccessorImpl.java:77)
	at java.base/jdk.internal.reflect.DelegatingMethodAccessorImpl.invoke(DelegatingMethodAccessorImpl.java:43)
Caused by: com.kms.katalon.core.exception.StepFailedException: com.kms.katalon.core.webui.exception.WebElementNotFoundException: Web element with id: 'Object Repository/Page_ScriptTemplates/span_Account_Name' located by '//div[@id='b2-b2-b5-Content']/span' not found
	at com.kms.katalon.core.webui.keyword.internal.WebUIKeywordMain.stepFailed(WebUIKeywordMain.groovy:117)
	at com.kms.katalon.core.webui.keyword.builtin.VerifyElementPresentKeyword$_verifyElementPresent_closure1.doCall(VerifyElementPresentKeyword.groovy:85)
	at com.kms.katalon.core.webui.keyword.builtin.VerifyElementPresentKeyword$_verifyElementPresent_closure1.call(VerifyElementPresentKeyword.groovy)
	at com.kms.katalon.core.webui.keyword.internal.WebUIKeywordMain.runKeyword(WebUIKeywordMain.groovy:35)
	... 20 more
)
[[ATTACHMENT|C:\\Users\\MunyaradziKandoro\\git\\Script-Template-Manager-Web-UI-Testing\\Reports\\20250425_123107\\Regression Test Suite\\RTS001_ScriptTemplate_Validation\\20250425_123740\\1745577528321.png]]

25-04-2025T12:38:48 - [TEST_STEP][ERROR] - Start listener action : sampleAfterTestCase: com.kms.katalon.core.exception.StepFailedException: Cannot take screenshot
	at com.kms.katalon.core.webui.keyword.internal.WebUIKeywordMain.stepFailed(WebUIKeywordMain.groovy:117)
	at com.kms.katalon.core.webui.keyword.internal.WebUIKeywordMain.runKeyword(WebUIKeywordMain.groovy:43)
	at com.kms.katalon.core.webui.keyword.builtin.TakeScreenshotKeyword.takeScreenshot(TakeScreenshotKeyword.groovy:127)
	at com.kms.katalon.core.webui.keyword.builtin.TakeScreenshotKeyword.execute(TakeScreenshotKeyword.groovy:85)
	at com.kms.katalon.core.keyword.internal.KeywordExecutor.executeKeywordForPlatform(KeywordExecutor.groovy:74)
	at com.kms.katalon.core.webui.keyword.WebUiBuiltInKeywords.takeScreenshot(WebUiBuiltInKeywords.groovy:3050)
	at TL_01.sampleAfterTestCase(TL_01.groovy:59)
	at java.base/jdk.internal.reflect.NativeMethodAccessorImpl.invoke0(Native Method)
	at java.base/jdk.internal.reflect.NativeMethodAccessorImpl.invoke(NativeMethodAccessorImpl.java:77)
	at java.base/jdk.internal.reflect.DelegatingMethodAccessorImpl.invoke(DelegatingMethodAccessorImpl.java:43)
	at com.kms.katalon.core.context.internal.TestHooker.invokeMethod(TestHooker.java:111)
	at com.kms.katalon.core.context.internal.TestHooker.lambda$3(TestHooker.java:95)
	at com.kms.katalon.core.context.internal.TestHooker.invokeContextMethods(TestHooker.java:94)
	at com.kms.katalon.core.context.internal.TestListenerCollector.lambda$3(TestListenerCollector.java:88)
	at com.kms.katalon.core.context.internal.TestListenerCollector.handleListenerEvent(TestListenerCollector.java:85)
	at com.kms.katalon.core.context.internal.ExecutionEventManager.publicEvent(ExecutionEventManager.java:36)
	at com.kms.katalon.core.main.TestCaseExecutor.execute(TestCaseExecutor.java:315)
	at com.kms.katalon.core.common.CommonExecutor.accessTestCaseMainPhase(CommonExecutor.java:71)
	at com.kms.katalon.core.main.TestSuiteExecutor.accessTestSuiteMainPhase(TestSuiteExecutor.java:160)
	at com.kms.katalon.core.main.TestSuiteExecutor.execute(TestSuiteExecutor.java:107)
	at com.kms.katalon.core.main.TestCaseMain.startTestSuite(TestCaseMain.java:180)
	at TempTestSuite1745577460768.run(TempTestSuite1745577460768.groovy:35)
	at java.base/jdk.internal.reflect.NativeMethodAccessorImpl.invoke0(Native Method)
	at java.base/jdk.internal.reflect.NativeMethodAccessorImpl.invoke(NativeMethodAccessorImpl.java:77)
	at java.base/jdk.internal.reflect.DelegatingMethodAccessorImpl.invoke(DelegatingMethodAccessorImpl.java:43)
Caused by: java.io.IOException: The filename, directory name, or volume label syntax is incorrect
	at org.apache.commons.io.FileUtils.requireCanonicalPathsNotEquals(FileUtils.java:2702)
	at org.apache.commons.io.FileUtils.copyFile(FileUtils.java:801)
	at org.apache.commons.io.FileUtils.copyFile(FileUtils.java:769)
	at com.kms.katalon.core.webui.util.FileUtil.takeDefaultScreenshot(FileUtil.java:346)
	at com.kms.katalon.core.webui.util.FileUtil.takesScreenshot(FileUtil.java:60)
	at com.kms.katalon.core.webui.keyword.builtin.TakeScreenshotKeyword$_takeScreenshot_closure1.doCall(TakeScreenshotKeyword.groovy:128)
	at com.kms.katalon.core.webui.keyword.builtin.TakeScreenshotKeyword$_takeScreenshot_closure1.call(TakeScreenshotKeyword.groovy)
	at com.kms.katalon.core.webui.keyword.internal.WebUIKeywordMain.runKeyword(WebUIKeywordMain.groovy:35)
	... 23 more


25-04-2025T12:38:48 - [TEST_STEP][PASSED] - switchToDefaultContent(): null

25-04-2025T12:38:48 - [TEST_STEP][PASSED] - comment("Test Case Execution Completed"): Test Case Execution Completed

25-04-2025T12:38:48 - [MESSAGE][INFO] - Test Case Execution Completed

25-04-2025T12:38:48 - [TEST_STEP][PASSED] - markWarning("Test Case Name : " + testCaseContext.getTestCaseId()): Test Case Name : Test Cases/TC03 - Edit Script Template

25-04-2025T12:38:48 - [MESSAGE][WARNING] - Test Case Name : Test Cases/TC03 - Edit Script Template

25-04-2025T12:38:48 - [TEST_STEP][PASSED] - markWarning("Test Case Status : " + testCaseContext.getTestCaseStatus()): Test Case Status : FAILED

25-04-2025T12:38:48 - [MESSAGE][WARNING] - Test Case Status : FAILED

25-04-2025T12:38:48 - [TEST_STEP][PASSED] - if (getTestCaseStatus().equals("FAILED")): null

25-04-2025T12:38:48 - [TEST_STEP][PASSED] - timestamp = Date().format("YYYY-MM-dd HH:mm:ss"): null

25-04-2025T12:38:48 - [TEST_STEP][PASSED] - screenshotPath = "Screenshots/" + testCaseContext.getTestCaseId() + "_" + timestamp + ".png": null

25-04-2025T12:38:48 - [TEST_STEP][ERROR] - takeScreenshot(screenshotPath): com.kms.katalon.core.exception.StepFailedException: Cannot take screenshot
	at com.kms.katalon.core.webui.keyword.internal.WebUIKeywordMain.stepFailed(WebUIKeywordMain.groovy:117)
	at com.kms.katalon.core.webui.keyword.internal.WebUIKeywordMain.runKeyword(WebUIKeywordMain.groovy:43)
	at com.kms.katalon.core.webui.keyword.builtin.TakeScreenshotKeyword.takeScreenshot(TakeScreenshotKeyword.groovy:127)
	at com.kms.katalon.core.webui.keyword.builtin.TakeScreenshotKeyword.execute(TakeScreenshotKeyword.groovy:85)
	at com.kms.katalon.core.keyword.internal.KeywordExecutor.executeKeywordForPlatform(KeywordExecutor.groovy:74)
	at com.kms.katalon.core.webui.keyword.WebUiBuiltInKeywords.takeScreenshot(WebUiBuiltInKeywords.groovy:3050)
	at TL_01.sampleAfterTestCase(TL_01.groovy:59)
	at java.base/jdk.internal.reflect.NativeMethodAccessorImpl.invoke0(Native Method)
	at java.base/jdk.internal.reflect.NativeMethodAccessorImpl.invoke(NativeMethodAccessorImpl.java:77)
	at java.base/jdk.internal.reflect.DelegatingMethodAccessorImpl.invoke(DelegatingMethodAccessorImpl.java:43)
	at com.kms.katalon.core.context.internal.TestHooker.invokeMethod(TestHooker.java:111)
	at com.kms.katalon.core.context.internal.TestHooker.lambda$3(TestHooker.java:95)
	at com.kms.katalon.core.context.internal.TestHooker.invokeContextMethods(TestHooker.java:94)
	at com.kms.katalon.core.context.internal.TestListenerCollector.lambda$3(TestListenerCollector.java:88)
	at com.kms.katalon.core.context.internal.TestListenerCollector.handleListenerEvent(TestListenerCollector.java:85)
	at com.kms.katalon.core.context.internal.ExecutionEventManager.publicEvent(ExecutionEventManager.java:36)
	at com.kms.katalon.core.main.TestCaseExecutor.execute(TestCaseExecutor.java:315)
	at com.kms.katalon.core.common.CommonExecutor.accessTestCaseMainPhase(CommonExecutor.java:71)
	at com.kms.katalon.core.main.TestSuiteExecutor.accessTestSuiteMainPhase(TestSuiteExecutor.java:160)
	at com.kms.katalon.core.main.TestSuiteExecutor.execute(TestSuiteExecutor.java:107)
	at com.kms.katalon.core.main.TestCaseMain.startTestSuite(TestCaseMain.java:180)
	at TempTestSuite1745577460768.run(TempTestSuite1745577460768.groovy:35)
	at java.base/jdk.internal.reflect.NativeMethodAccessorImpl.invoke0(Native Method)
	at java.base/jdk.internal.reflect.NativeMethodAccessorImpl.invoke(NativeMethodAccessorImpl.java:77)
	at java.base/jdk.internal.reflect.DelegatingMethodAccessorImpl.invoke(DelegatingMethodAccessorImpl.java:43)
Caused by: java.io.IOException: The filename, directory name, or volume label syntax is incorrect
	at org.apache.commons.io.FileUtils.requireCanonicalPathsNotEquals(FileUtils.java:2702)
	at org.apache.commons.io.FileUtils.copyFile(FileUtils.java:801)
	at org.apache.commons.io.FileUtils.copyFile(FileUtils.java:769)
	at com.kms.katalon.core.webui.util.FileUtil.takeDefaultScreenshot(FileUtil.java:346)
	at com.kms.katalon.core.webui.util.FileUtil.takesScreenshot(FileUtil.java:60)
	at com.kms.katalon.core.webui.keyword.builtin.TakeScreenshotKeyword$_takeScreenshot_closure1.doCall(TakeScreenshotKeyword.groovy:128)
	at com.kms.katalon.core.webui.keyword.builtin.TakeScreenshotKeyword$_takeScreenshot_closure1.call(TakeScreenshotKeyword.groovy)
	at com.kms.katalon.core.webui.keyword.internal.WebUIKeywordMain.runKeyword(WebUIKeywordMain.groovy:35)
	... 23 more


25-04-2025T12:38:48 - [MESSAGE][FAILED] - Cannot take screenshot (Root cause: com.kms.katalon.core.exception.StepFailedException: Cannot take screenshot
	at com.kms.katalon.core.webui.keyword.internal.WebUIKeywordMain.stepFailed(WebUIKeywordMain.groovy:117)
	at com.kms.katalon.core.webui.keyword.internal.WebUIKeywordMain.runKeyword(WebUIKeywordMain.groovy:43)
	at com.kms.katalon.core.webui.keyword.builtin.TakeScreenshotKeyword.takeScreenshot(TakeScreenshotKeyword.groovy:127)
	at com.kms.katalon.core.webui.keyword.builtin.TakeScreenshotKeyword.execute(TakeScreenshotKeyword.groovy:85)
	at com.kms.katalon.core.keyword.internal.KeywordExecutor.executeKeywordForPlatform(KeywordExecutor.groovy:74)
	at com.kms.katalon.core.webui.keyword.WebUiBuiltInKeywords.takeScreenshot(WebUiBuiltInKeywords.groovy:3050)
	at TL_01.sampleAfterTestCase(TL_01.groovy:59)
	at java.base/jdk.internal.reflect.NativeMethodAccessorImpl.invoke0(Native Method)
	at java.base/jdk.internal.reflect.NativeMethodAccessorImpl.invoke(NativeMethodAccessorImpl.java:77)
	at java.base/jdk.internal.reflect.DelegatingMethodAccessorImpl.invoke(DelegatingMethodAccessorImpl.java:43)
	at com.kms.katalon.core.context.internal.TestHooker.invokeMethod(TestHooker.java:111)
	at com.kms.katalon.core.context.internal.TestHooker.lambda$3(TestHooker.java:95)
	at com.kms.katalon.core.context.internal.TestHooker.invokeContextMethods(TestHooker.java:94)
	at com.kms.katalon.core.context.internal.TestListenerCollector.lambda$3(TestListenerCollector.java:88)
	at com.kms.katalon.core.context.internal.TestListenerCollector.handleListenerEvent(TestListenerCollector.java:85)
	at com.kms.katalon.core.context.internal.ExecutionEventManager.publicEvent(ExecutionEventManager.java:36)
	at com.kms.katalon.core.main.TestCaseExecutor.execute(TestCaseExecutor.java:315)
	at com.kms.katalon.core.common.CommonExecutor.accessTestCaseMainPhase(CommonExecutor.java:71)
	at com.kms.katalon.core.main.TestSuiteExecutor.accessTestSuiteMainPhase(TestSuiteExecutor.java:160)
	at com.kms.katalon.core.main.TestSuiteExecutor.execute(TestSuiteExecutor.java:107)
	at com.kms.katalon.core.main.TestCaseMain.startTestSuite(TestCaseMain.java:180)
	at TempTestSuite1745577460768.run(TempTestSuite1745577460768.groovy:35)
	at java.base/jdk.internal.reflect.NativeMethodAccessorImpl.invoke0(Native Method)
	at java.base/jdk.internal.reflect.NativeMethodAccessorImpl.invoke(NativeMethodAccessorImpl.java:77)
	at java.base/jdk.internal.reflect.DelegatingMethodAccessorImpl.invoke(DelegatingMethodAccessorImpl.java:43)
Caused by: java.io.IOException: The filename, directory name, or volume label syntax is incorrect
	at org.apache.commons.io.FileUtils.requireCanonicalPathsNotEquals(FileUtils.java:2702)
	at org.apache.commons.io.FileUtils.copyFile(FileUtils.java:801)
	at org.apache.commons.io.FileUtils.copyFile(FileUtils.java:769)
	at com.kms.katalon.core.webui.util.FileUtil.takeDefaultScreenshot(FileUtil.java:346)
	at com.kms.katalon.core.webui.util.FileUtil.takesScreenshot(FileUtil.java:60)
	at com.kms.katalon.core.webui.keyword.builtin.TakeScreenshotKeyword$_takeScreenshot_closure1.doCall(TakeScreenshotKeyword.groovy:128)
	at com.kms.katalon.core.webui.keyword.builtin.TakeScreenshotKeyword$_takeScreenshot_closure1.call(TakeScreenshotKeyword.groovy)
	at com.kms.katalon.core.webui.keyword.internal.WebUIKeywordMain.runKeyword(WebUIKeywordMain.groovy:35)
	... 23 more
)

25-04-2025T12:38:48 - [MESSAGE][ERROR] - com.kms.katalon.core.exception.StepFailedException: Cannot take screenshot
	at com.kms.katalon.core.webui.keyword.internal.WebUIKeywordMain.stepFailed(WebUIKeywordMain.groovy:117)
	at com.kms.katalon.core.webui.keyword.internal.WebUIKeywordMain.runKeyword(WebUIKeywordMain.groovy:43)
	at com.kms.katalon.core.webui.keyword.builtin.TakeScreenshotKeyword.takeScreenshot(TakeScreenshotKeyword.groovy:127)
	at com.kms.katalon.core.webui.keyword.builtin.TakeScreenshotKeyword.execute(TakeScreenshotKeyword.groovy:85)
	at com.kms.katalon.core.keyword.internal.KeywordExecutor.executeKeywordForPlatform(KeywordExecutor.groovy:74)
	at com.kms.katalon.core.webui.keyword.WebUiBuiltInKeywords.takeScreenshot(WebUiBuiltInKeywords.groovy:3050)
	at TL_01.sampleAfterTestCase(TL_01.groovy:59)
	at java.base/jdk.internal.reflect.NativeMethodAccessorImpl.invoke0(Native Method)
	at java.base/jdk.internal.reflect.NativeMethodAccessorImpl.invoke(NativeMethodAccessorImpl.java:77)
	at java.base/jdk.internal.reflect.DelegatingMethodAccessorImpl.invoke(DelegatingMethodAccessorImpl.java:43)
	at com.kms.katalon.core.context.internal.TestHooker.invokeMethod(TestHooker.java:111)
	at com.kms.katalon.core.context.internal.TestHooker.lambda$3(TestHooker.java:95)
	at com.kms.katalon.core.context.internal.TestHooker.invokeContextMethods(TestHooker.java:94)
	at com.kms.katalon.core.context.internal.TestListenerCollector.lambda$3(TestListenerCollector.java:88)
	at com.kms.katalon.core.context.internal.TestListenerCollector.handleListenerEvent(TestListenerCollector.java:85)
	at com.kms.katalon.core.context.internal.ExecutionEventManager.publicEvent(ExecutionEventManager.java:36)
	at com.kms.katalon.core.main.TestCaseExecutor.execute(TestCaseExecutor.java:315)
	at com.kms.katalon.core.common.CommonExecutor.accessTestCaseMainPhase(CommonExecutor.java:71)
	at com.kms.katalon.core.main.TestSuiteExecutor.accessTestSuiteMainPhase(TestSuiteExecutor.java:160)
	at com.kms.katalon.core.main.TestSuiteExecutor.execute(TestSuiteExecutor.java:107)
	at com.kms.katalon.core.main.TestCaseMain.startTestSuite(TestCaseMain.java:180)
	at TempTestSuite1745577460768.run(TempTestSuite1745577460768.groovy:35)
	at java.base/jdk.internal.reflect.NativeMethodAccessorImpl.invoke0(Native Method)
	at java.base/jdk.internal.reflect.NativeMethodAccessorImpl.invoke(NativeMethodAccessorImpl.java:77)
	at java.base/jdk.internal.reflect.DelegatingMethodAccessorImpl.invoke(DelegatingMethodAccessorImpl.java:43)
Caused by: java.io.IOException: The filename, directory name, or volume label syntax is incorrect
	at org.apache.commons.io.FileUtils.requireCanonicalPathsNotEquals(FileUtils.java:2702)
	at org.apache.commons.io.FileUtils.copyFile(FileUtils.java:801)
	at org.apache.commons.io.FileUtils.copyFile(FileUtils.java:769)
	at com.kms.katalon.core.webui.util.FileUtil.takeDefaultScreenshot(FileUtil.java:346)
	at com.kms.katalon.core.webui.util.FileUtil.takesScreenshot(FileUtil.java:60)
	at com.kms.katalon.core.webui.keyword.builtin.TakeScreenshotKeyword$_takeScreenshot_closure1.doCall(TakeScreenshotKeyword.groovy:128)
	at com.kms.katalon.core.webui.keyword.builtin.TakeScreenshotKeyword$_takeScreenshot_closure1.call(TakeScreenshotKeyword.groovy)
	at com.kms.katalon.core.webui.keyword.internal.WebUIKeywordMain.runKeyword(WebUIKeywordMain.groovy:35)
	... 23 more]]></system-out>
         <system-err><![CDATA[25-04-2025T12:38:38 - [TEST_CASE][FAILED] - Test Cases/TC03 - Edit Script Template: Test Cases/TC03 - Edit Script Template FAILED.
Reason:
com.kms.katalon.core.exception.StepFailedException: Unable to verify object 'Object Repository/Page_ScriptTemplates/span_Account_Name' is present
	at com.kms.katalon.core.webui.keyword.internal.WebUIKeywordMain.stepFailed(WebUIKeywordMain.groovy:117)
	at com.kms.katalon.core.webui.keyword.internal.WebUIKeywordMain.runKeyword(WebUIKeywordMain.groovy:43)
	at com.kms.katalon.core.webui.keyword.builtin.VerifyElementPresentKeyword.verifyElementPresent(VerifyElementPresentKeyword.groovy:92)
	at com.kms.katalon.core.webui.keyword.builtin.VerifyElementPresentKeyword.execute(VerifyElementPresentKeyword.groovy:68)
	at com.kms.katalon.core.keyword.internal.KeywordExecutor.executeKeywordForPlatform(KeywordExecutor.groovy:74)
	at com.kms.katalon.core.webui.keyword.WebUiBuiltInKeywords.verifyElementPresent(WebUiBuiltInKeywords.groovy:1540)
	at TC03 - Edit Script Template.run(TC03 - Edit Script Template:31)
	at com.kms.katalon.core.main.ScriptEngine.run(ScriptEngine.java:194)
	at com.kms.katalon.core.main.ScriptEngine.runScriptAsRawText(ScriptEngine.java:119)
	at com.kms.katalon.core.main.TestCaseExecutor.runScript(TestCaseExecutor.java:448)
	at com.kms.katalon.core.main.TestCaseExecutor.doExecute(TestCaseExecutor.java:439)
	at com.kms.katalon.core.main.TestCaseExecutor.processExecutionPhase(TestCaseExecutor.java:418)
	at com.kms.katalon.core.main.TestCaseExecutor.accessMainPhase(TestCaseExecutor.java:410)
	at com.kms.katalon.core.main.TestCaseExecutor.execute(TestCaseExecutor.java:285)
	at com.kms.katalon.core.common.CommonExecutor.accessTestCaseMainPhase(CommonExecutor.java:71)
	at com.kms.katalon.core.main.TestSuiteExecutor.accessTestSuiteMainPhase(TestSuiteExecutor.java:160)
	at com.kms.katalon.core.main.TestSuiteExecutor.execute(TestSuiteExecutor.java:107)
	at com.kms.katalon.core.main.TestCaseMain.startTestSuite(TestCaseMain.java:180)
	at TempTestSuite1745577460768.run(TempTestSuite1745577460768.groovy:35)
	at java.base/jdk.internal.reflect.NativeMethodAccessorImpl.invoke0(Native Method)
	at java.base/jdk.internal.reflect.NativeMethodAccessorImpl.invoke(NativeMethodAccessorImpl.java:77)
	at java.base/jdk.internal.reflect.DelegatingMethodAccessorImpl.invoke(DelegatingMethodAccessorImpl.java:43)
Caused by: com.kms.katalon.core.exception.StepFailedException: com.kms.katalon.core.webui.exception.WebElementNotFoundException: Web element with id: 'Object Repository/Page_ScriptTemplates/span_Account_Name' located by '//div[@id='b2-b2-b5-Content']/span' not found
	at com.kms.katalon.core.webui.keyword.internal.WebUIKeywordMain.stepFailed(WebUIKeywordMain.groovy:117)
	at com.kms.katalon.core.webui.keyword.builtin.VerifyElementPresentKeyword$_verifyElementPresent_closure1.doCall(VerifyElementPresentKeyword.groovy:85)
	at com.kms.katalon.core.webui.keyword.builtin.VerifyElementPresentKeyword$_verifyElementPresent_closure1.call(VerifyElementPresentKeyword.groovy)
	at com.kms.katalon.core.webui.keyword.internal.WebUIKeywordMain.runKeyword(WebUIKeywordMain.groovy:35)
	... 20 more]]></system-err>
      </testcase>
      <testcase name="Test Cases/TC04 - Preview Script" time="4.767" classname="Test Cases/TC04 - Preview Script" status="FAILED">
         <properties>
            <property name="data_binding"><![CDATA[{"Json":"{\"policy\":{\"source\":\"BTF_App\",\"messageID\":\"f1a4ecd2-af80-4edb-a7f7-bced2726e374\",\"sessionReference\":\"2502031114-99009-0000111867-D65AED5\",\"quoteID\":423843,\"policyNo\":199652,\"legacyPolNo\":\"199652\",\"statusCD\":4,\"salesDivision\":\"Affiliate\",\"agencyName\":\"B3 Funeral\",\"agentCode\":\"111867\",\"agentName\":\"Jannie van Sandwyk\",\"salesLocation\":\"Harrismith\",\"partnerCD\":2,\"masterProductCode\":\"\",\"schemeCD\":\"7\",\"productCode\":\"8\",\"productName\":\"B3 Kopano Family Plan\",\"planCategoryCD\":3,\"planCategoryName\":\"Member and Family\",\"benefitOptionCD\":1,\"benefitOptionName\":\"Standard\",\"policyPremium\":711,\"currPolPremium\":711,\"uwPremium\":0,\"rewards\":0,\"rewardPremium\":0,\"waitingPeriod\":6,\"paymentTypeCD\":1,\"paymentMethod\":\"Debit Order\",\"accountHolder\":\"John Smith\",\"bankName\":\"Capitec\",\"branchCode\":\"470010\",\"branchName\":\"Universal\",\"bankAccTypeCD\":\"3\",\"accountNumber\":\"1234\",\"payAtNumber\":\"\",\"debitDay\":25,\"replacementPolicy\":\"No\",\"acceptTsAndCs\":\"Yes\",\"popiaConsent\":\"\",\"acceptPaymAuth\":\"Yes\",\"ficaIsPPO\":\"No\",\"ficaIsPIPO\":\"\",\"saleConsent\":\"\",\"captureDate\":\"2025-02-03T11:13:25Z\",\"newInceptDate\":\"2025-02-01T00:00:00Z\",\"sourceInceptionDate\":\"2025-02-01T00:00:00Z\",\"effectiveDate\":\"2025-02-01T00:00:00Z\",\"recordingFileName\":\"\",\"recordingLanguage\":\"\",\"comment\":\"\",\"entities\":[{\"entityReference\":1,\"entityReferenceFullName\":\"John Smith\",\"entityTypeCD\":2,\"relationCD\":36,\"titleCD\":1,\"firstname\":\"John\",\"lastName\":\"Smith\",\"fullName\":\"John Smith\",\"legalRefNoType\":2,\"legalRefNo\":\"8802039999009\",\"dob\":\"1988-02-03T00:00:00Z\",\"age\":37,\"genderCD\":1,\"occupation\":\"Banker\",\"educationLevel\":\"\",\"monthlyIncome\":0,\"sassaRecipient\":false,\"allocationPercentage\":0,\"preferredContact\":2,\"smokerCD\":1,\"sourceEntityNo\":\"\"},{\"entityReference\":1,\"entityReferenceFullName\":\"John Smith\",\"entityTypeCD\":3,\"relationCD\":36,\"titleCD\":1,\"firstname\":\"John\",\"lastName\":\"Smith\",\"fullName\":\"John Smith\",\"legalRefNoType\":2,\"legalRefNo\":\"8802039999009\",\"dob\":\"1988-02-03T00:00:00Z\",\"age\":37,\"genderCD\":1,\"occupation\":\"Banker\",\"educationLevel\":\"\",\"monthlyIncome\":0,\"sassaRecipient\":false,\"allocationPercentage\":0,\"preferredContact\":2,\"smokerCD\":1,\"sourceEntityNo\":\"\"},{\"entityReference\":3,\"entityReferenceFullName\":\"Jane Smith\",\"entityTypeCD\":11,\"relationCD\":28,\"titleCD\":0,\"firstname\":\"Jane\",\"lastName\":\"Smith\",\"fullName\":\"Jane Smith\",\"legalRefNoType\":2,\"legalRefNo\":\"8908184999007\",\"dob\":\"1989-08-18T00:00:00Z\",\"age\":35,\"genderCD\":2,\"occupation\":\"\",\"educationLevel\":\"\",\"monthlyIncome\":0,\"sassaRecipient\":false,\"allocationPercentage\":0,\"preferredContact\":2,\"smokerCD\":1,\"sourceEntityNo\":\"\"},{\"entityReference\":4,\"entityReferenceFullName\":\"Kelly Smith\",\"entityTypeCD\":13,\"relationCD\":4,\"titleCD\":0,\"firstname\":\"Kelly\",\"lastName\":\"Smith\",\"fullName\":\"Kelly Smith\",\"legalRefNoType\":2,\"legalRefNo\":\"1801034999003\",\"dob\":\"2018-01-03T00:00:00Z\",\"age\":7,\"genderCD\":2,\"occupation\":\"\",\"educationLevel\":\"\",\"monthlyIncome\":0,\"sassaRecipient\":false,\"allocationPercentage\":0,\"preferredContact\":2,\"smokerCD\":1,\"sourceEntityNo\":\"\"},{\"entityReference\":5,\"entityReferenceFullName\":\"Larry Smith\",\"entityTypeCD\":13,\"relationCD\":4,\"titleCD\":0,\"firstname\":\"Larry\",\"lastName\":\"Smith\",\"fullName\":\"Larry Smith\",\"legalRefNoType\":2,\"legalRefNo\":\"0709018452009\",\"dob\":\"2007-09-01T00:00:00Z\",\"age\":17,\"genderCD\":1,\"occupation\":\"\",\"educationLevel\":\"\",\"monthlyIncome\":0,\"sassaRecipient\":false,\"allocationPercentage\":0,\"preferredContact\":2,\"smokerCD\":1,\"sourceEntityNo\":\"\"},{\"entityReference\":6,\"entityReferenceFullName\":\"Daddy Smith\",\"entityTypeCD\":12,\"relationCD\":0,\"titleCD\":0,\"firstname\":\"Daddy\",\"lastName\":\"Smith\",\"fullName\":\"Daddy Smith\",\"legalRefNoType\":2,\"legalRefNo\":\"6802098520003\",\"dob\":\"1968-02-09T00:00:00Z\",\"age\":56,\"genderCD\":1,\"occupation\":\"\",\"educationLevel\":\"\",\"monthlyIncome\":0,\"sassaRecipient\":false,\"allocationPercentage\":0,\"preferredContact\":2,\"smokerCD\":1,\"sourceEntityNo\":\"\"},{\"entityReference\":7,\"entityReferenceFullName\":\"Sussie Smith\",\"entityTypeCD\":12,\"relationCD\":24,\"titleCD\":0,\"firstname\":\"Sussie\",\"lastName\":\"Smith\",\"fullName\":\"Sussie Smith\",\"legalRefNoType\":2,\"legalRefNo\":\"8412064999005\",\"dob\":\"1984-12-06T00:00:00Z\",\"age\":40,\"genderCD\":2,\"occupation\":\"\",\"educationLevel\":\"\",\"monthlyIncome\":0,\"sassaRecipient\":false,\"allocationPercentage\":0,\"preferredContact\":2,\"smokerCD\":1,\"sourceEntityNo\":\"\"},{\"entityReference\":8,\"entityReferenceFullName\":\"Auntie Smith\",\"entityTypeCD\":4,\"relationCD\":1,\"titleCD\":0,\"firstname\":\"Auntie\",\"lastName\":\"Smith\",\"fullName\":\"Auntie Smith\",\"legalRefNoType\":2,\"legalRefNo\":\"7803074998006\",\"dob\":\"1978-03-07T00:00:00Z\",\"age\":46,\"genderCD\":2,\"occupation\":\"\",\"educationLevel\":\"\",\"monthlyIncome\":0,\"sassaRecipient\":false,\"allocationPercentage\":100,\"preferredContact\":2,\"smokerCD\":1,\"sourceEntityNo\":\"\"}],\"benefits\":[{\"entityReference\":1,\"entityReferenceFullName\":\"John Smith\",\"benefitCode\":\"33\",\"benefitName\":\"Funeral - Scheme NB\",\"coverAmount\":50000,\"premium\":280,\"statusCD\":4,\"benefitDOC\":\"2025-02-01T00:00:00Z\"},{\"entityReference\":1,\"entityReferenceFullName\":\"John Smith\",\"benefitCode\":\"21\",\"benefitName\":\"Telephonic Grief Counselling\",\"coverAmount\":0,\"premium\":0,\"statusCD\":4,\"benefitDOC\":\"2025-02-01T00:00:00Z\"},{\"entityReference\":1,\"entityReferenceFullName\":\"John Smith\",\"benefitCode\":\"37\",\"benefitName\":\"Repatriation\",\"coverAmount\":0,\"premium\":0,\"statusCD\":4,\"benefitDOC\":\"2025-02-01T00:00:00Z\"},{\"entityReference\":1,\"entityReferenceFullName\":\"John Smith\",\"benefitCode\":\"13\",\"benefitName\":\"Scheme Rewards\",\"coverAmount\":0,\"premium\":40,\"statusCD\":4,\"benefitDOC\":\"2025-02-01T00:00:00Z\"},{\"entityReference\":3,\"entityReferenceFullName\":\"Jane Smith\",\"benefitCode\":\"33\",\"benefitName\":\"Funeral - Scheme NB\",\"coverAmount\":50000,\"premium\":0,\"statusCD\":4,\"benefitDOC\":\"2025-02-01T00:00:00Z\"},{\"entityReference\":4,\"entityReferenceFullName\":\"Kelly Smith\",\"benefitCode\":\"33\",\"benefitName\":\"Funeral - Scheme NB\",\"coverAmount\":25000,\"premium\":0,\"statusCD\":4,\"benefitDOC\":\"2025-02-01T00:00:00Z\"},{\"entityReference\":5,\"entityReferenceFullName\":\"Larry Smith\",\"benefitCode\":\"33\",\"benefitName\":\"Funeral - Scheme NB\",\"coverAmount\":50000,\"premium\":0,\"statusCD\":4,\"benefitDOC\":\"2025-02-01T00:00:00Z\"},{\"entityReference\":6,\"entityReferenceFullName\":\"Daddy Smith\",\"benefitCode\":\"33\",\"benefitName\":\"Funeral - Scheme NB\",\"coverAmount\":25000,\"premium\":170,\"statusCD\":4,\"benefitDOC\":\"2025-02-01T00:00:00Z\"},{\"entityReference\":7,\"entityReferenceFullName\":\"Sussie Smith\",\"benefitCode\":\"33\",\"benefitName\":\"Funeral - Scheme NB\",\"coverAmount\":40000,\"premium\":221,\"statusCD\":4,\"benefitDOC\":\"2025-02-01T00:00:00Z\"}],\"memberAddr\":[{\"entityReference\":1,\"entityReferenceFullName\":\"John Smith\",\"addrTypeCD\":2,\"addressLine1\":\"123 Main Street\",\"addressLine2\":\"\",\"suburb\":\"Morningside\",\"city\":\"Johannesburg\",\"postalCode\":\"2191\"}],\"memberContacts\":[{\"entityReference\":1,\"entityReferenceFullName\":\"John Smith\",\"contactTypeCD\":2,\"contactDetail\":\"0825020300\"},{\"entityReference\":1,\"entityReferenceFullName\":\"John Smith\",\"contactTypeCD\":3,\"contactDetail\":\"0112357265\"},{\"entityReference\":1,\"entityReferenceFullName\":\"John Smith\",\"contactTypeCD\":7,\"contactDetail\":\"0825020003\"},{\"entityReference\":1,\"entityReferenceFullName\":\"John Smith\",\"contactTypeCD\":1,\"contactDetail\":\"janith@email.com\"},{\"entityReference\":8,\"entityReferenceFullName\":\"Auntie Smith\",\"contactTypeCD\":2,\"contactDetail\":\"0843285566\"}],\"signatures\":[{\"signatureDescription\":\"Payor\",\"extension\":\".png\",\"signature\":\"iVBORw0KGgoAAAANSUhEUgAAAXQAAAB4CAYAAADi1gmcAAAAAXNSR0IArs4c6QAAAERlWElmTU0AKgAAAAgAAYdpAAQAAAABAAAAGgAAAAAAA6ABAAMAAAABAAEAAKACAAQAAAABAAABdKADAAQAAAABAAAAeAAAAAByqIteAAAXRUlEQVR4Ae1dC9AlRXVWBBRERMAFRPP7giA+giECCmELZA1BIQqIBaVx3SAYRRLBYlMKyWKRFQkChsSyIjHWSpASeWuUhIQtxAIrhsRUFkUDG0AEV9nwkqeafB/cI2dP9cydmdszc+fe71Sdv0+f7j7n9DczfXt6euZ/2tNEQkAICAEhIASEgBAQAkJACAgBISAEhIAQEAJCQAgIASEgBISAEBACQkAICAEhIASEgBAQAkJACAgBISAEhIAQEAJCQAgIASEgBKoj8IzqVVWzIQI7o91y8C7gm8CPgUVCQAgIASEw5Qgcj/geB//fGH4E5WeARUJACAgBITBlCOyOeH4JHjeQp8rvmLK+KJzhIaA77eEdM0U8pQisQlypgbqubs8p7Z/Cmk4ENkFYx4B5nv0c/APwPmCREBACDRFYh3Z1B+6y+lyyEQmBMgSejsI/Aq8Fp86lsrYqEwJCoACBW6CPFxQfeC4pqG/q7SCsB8e2lr/IKiqdGwQ2Qk/J42hHVLDzpCh9yTgjKhcCQmBDBN6PbLygrtuwSqXcjxN2aPeKSq1VaRYQ+DA6wWN+K/iQkg4tGtXz590l0N0V9BeX2FCREBACAYGtkPcXFWUO8E2JyyzRHvPc7iiabQS+ie75Y38P8jy/Ij0PigfBVvcEyDajP8jprRwqkRAQAlUQuBOV7MJhekGVRmPq7Bts0i53zYhmF4FT0TV/Hpl8cujys5G/H/wL8M/AO4A98eGotbXUl0sWAkKgAAG7PbYL576Cek3UB6OR2bV0WRNDajP1CDwzcaztmF/uoudgbnqmXEOPxC2Lvg5lkRAQAhUQ8BcOZ9Cp2+MKZgqr3I0S74PyxoW1VTBUBD6KwONxtrzdmW0W6vBdhxT9DpTWlikfuIuEgBAYgwBve/2Fc+SY+k2KOXjz1tr74YNT0Wwh4I8vZT4E9zr21q+Z/y4VBcR1d9/2twvqSS0EhIBDwF80HNzbosNh2PuiTJ1oNhDgTNsfXw7I3N1iOn7v50KX/xPIRXQECqwd09VFFaUXAkLgKQTWQPQXzlMl7UgPBH/0LZoNBPx5RHkl+FCw6fmQ3eTvQC6iZ6HA6lm6a1Fl6YXAvCPA5Y/VI7YLhinXubsg75Pytl04lY9WEdgc1uNx3RQ6LqlEPfN8K7SIvo8C3+aGoorSCwEh8ORg7i8Ykzkz6oLiBcu7BNGwEbgU4dt5xPR/R93ZP+hZts2oLJXEpRbW544YkRAQAgUI3Ai9v/go2w6EgiZZ1bxD8P679J21IzL2KwT88aS8x6jkMKS+bOlIn0q2D3XZ7phURemEgBB4CoFVEP1FRrnr76xE/09FJ2loCLwQARcdz993Zf9d0rHUnnPaFAkBITAGgXegvOgCHNM0W3H0v0U2yzLUNQJc4/bH0+8X/7YrO7YgML7q79ub/JyC+lILASHgEFiAbBeNpa64E9H8Wpr7RaZOOiEnTyBgx9DS145w+S2kpmN63Ejvk6LB/Nd9JclCQAgUI8CHn/5Ce7y4amsl3j9l0TARSA3I7Am/w/JTsD/OJ7IgUHxAzvoHhDrKCoFffbFNUIxHgA8pRUKgCQJvKmh0CvTcncKXi4ziw+9rUbCTFY5S/meiq4NOWSEgBEoQeBnK/Mypjxly3/5L4FFRDQTijqnd0HZvsB3flU72O1Y+6/RWd2foREJACNREgP/j0y4iS7v+v5/m11I9FK15EKekuh0/S/1XFL+KGI9y5xplEmfvVt9S7TV/Ahr9KUKAa3uiNAKLEup465uo0qrqwFaty3gbCHCroafzkTnPKTiAP+jylN8C/pjTcYZPO/weukgICIEGCCxDG5sZWXpdAzuTNDG/lu44iTG17QWBt8KrHT+mu7v88lFE/tV/6nz9s5HXxGsElBIh0BSBM9HQX1iU1zU11qDdzQn/DcyoSc8I/Is7jvzYlj+nbPa+V9BbnUN6jl3uB4aAfvmLD9jWiaKy72skqjdWnYyW8eHXw42tqWGfCHBHitE3TEC6GMxv35MsfTL35N/9kPA76SIhIAQyIMDlFZsp+TSD6VIT8QNO5lvLLaWwTWXhKxGVHb8LnEydp5XIWD2mB/tCyUJACEyOAL+E5y8ykye3nLbwmQJ/9Htruom0U44AH37aeXO7kxdc3Mc7Pet+wpVJFAJCIBMCj8OOXYw+rWKer+hvB+bbpsaxHV9UehX4UbC3H+U7YkPle0GAx+u54B3A3D7Kb5uX0WYotGP5QydzomB0BgSrY+nhVqhUCAiBfAjYBRbTMg9noTDWnyS/qsyZyjpBYEnFY/pd1ONgbA86VxS02xJ60pfAqXNjKQtFQkAI5EUgdbFRV0Y/R2FRu7p6bncT9Y8Al7vqHrui+qthi/+FyC+/sO7nwdbmOMgiIdAIAd5GiqojwIuuTboPxt8FvrJNJ7JdCwH+SOeiw2AofqvlIOi49GbEpRqREGiEgLYt1oMttb3MW/hLn6khr0Vdzty49q7BvAZwHVT9QEYfPw22Xo7818DPdHovO7VEISAEJkHAboF9en9Fg2UPRXeFDS6nsI7ukCoCOmXVNkc8/FdwS8EckP05Uke+Fm3fBj7F2TgJskgINEKg7L+KNzI4Q40eQ182Cf3hxaq7mgCKshsgwHMkB3GX1S1gPmz9LzDX8rnj6S7wvWDeLXKHFL/9QuK17H9MeJ5ywsCHtCxjuimYdh8epXH5B2qREJhNBHh77C8Qk2ezt+pVXQQ4QPItUL4/8BOwnR9dp+sy+Oazm78HHwNmn7iOz/6JhMDMILAGPUldnDPTQXWkNgI7ocX54NR5UabLufupzE+uMvuBuh595RuuR4NfBBYJgcEicB0iT10g2w22Rwq8CQLPR6PPgVPnwjjdQ2h3AnhrMF8wi0ucL4Tuy+AyOxeh/Itj6hS1vxztloNfAeYzGy658KErZ+A8j18Nfgv4Q+DzwFeDubyzFlxkk2X6aBhAEA0LgaKZ2N8OqxuKtgECnI2+B1w0qEX936Audyd5/W3IV92CyG+3WNuiT07wW+hLwCS+nLQ3+CPga8DWtizlA33+wNwN5kD/bjD7mXomxOUWPvg9AHwqmOv0KduXQa8JDkAQTT8CqxBi6iTmgyjR7CGwG7pUdFcWz4NzUPcFIwg4aMd2HDjtjdBRtdJkX5SaD8p7gr/idFZm6SUoSw2kHJwXgfcDnwZmXHyIynbjPjHBwZkYFBFn94eC+cNicfj0SOhTPw5Qi4RA/wh8CyH4E9bL/UenCHIh8Gclx9kf8+NRL864lxe0fW/N4A5ydigbbQHhE2AfR5Q5Ux9HtMPlFd5dxvZFec7MtwGniMtHnwKn2v4z9PxBeg5YJASmBgGuJdoJGx9qTU2QCqQxAq93x9eOs0/Xo/xo8LMTHt46pu0miTZlqo85e5RT9GYofXxRPiLVqEDHWTzX9qONsvzJqL8LmIO5J/5zjpvAvq3dDXwdev64LQZz7V4kBHpD4E54tpOUF7fJTEXDRuCfEL4/nlE+pKB7nOXGujG/pKBtmdqvv497U5gz3xtK4uBAXWfpY0vU//MSe7F/lr8HbVaC+aO3B5gvWr0TzAe494KtXir9Lso1gwcIou4QuA+u7GT0MnVbdReGPGVEgEsPdkxTKQenFL0YylvAsc0Hg+525JsQX/Yx25SrEme/1i6mH0VZ3VkxB3fuq4+22sivgh+REOgMAbtt5MnsZeYP7iwKOcqFwM4wVDQwcWfJ0xOOOMCdkmi3DLqXJPRFa86oWkoxrtLKicKdoOMD0GiH+aXgJrNhzvLfCL4KnLI7qe502BUJgc4Q+AU82UnrZeo+3lkUcpQDAS6D2LGM6YEJB5tA98ejNv75yQeg40C39ajM22JZU/J2KDeljdGQdxnens3+z4R+26aGR+24fv6b4PeDzwVfCuYnMry/KjLvAvQmKkAQdYcAv3NhJydluzCou7i7MORpQgR2Rfuivd2pGfWRqG/HnSnXg/8QbMsX3Oniy02GujGZDUsbG3INXwr5k+C4nv196F7t6uUUOUhzWYu48oUs/vDx7oA/NCIh0CsCcUD/T0RjF9xlvUYm51UR4EzbjplPv5Qw8NpE3bOh47KLEQcsb8fkl1uFhqnZsbShmWQzDqhLwWbbpwckW0gpBGYQAb/MQpmDuF0Ma3rsL2/tOSC9vccYhuL6JARqx4zpevBhIfh9Qh2r/xuhHrM/LqibqFpLZT4trdW4YmXOko8Gmw+fHlHRhqoJgcEi4NcGKV8AtouAt7FdE9cvzb9Pb4N+BZhru6INEfA4UX7BqHh3pKeBYznz54FTWJ5YUP8PoJ+UYhyT2itrz4e/7wJHn8wfWtZQZUJgyAg8hODtpKfMB6GWr7O1LAcGOzjfFkNMV+RwNGM2IkZlec6+n1fQ/1+DvqhtavAvMFOojrYLK2YuOBz2om/mUw+KM7uWuTYQyHEythHXNNjkrNyI8o8sg5S3r10Rv9nhfXfldxb8XDumE/eg/BzwVmDizIenKeJdUIpugpLPWoZKX0bgnLEfGzrwNeQ5sO8f9MoKgcEi4NdLKb8b7GczXXXM+4zy+xDEp8ErwEU/zjuijDwLtAydIAb8gT2oQoc44+br5xG3v4aOyy5VaAUqxfaWX6hioEIds2dphSatVDkOVi0Gn3JZiQO/SAgMFoHbEbmd1JTjdrYuOvZhF4PFYmkV/1e49pSHTAsI3vpuadX+cDDibhXuUqlDW6Oy+UqldWyV1eVM3+xT7pv44Nji8ekK6PksRyQEBocAb7PtZKb8QZenvgsy/zHlXt9xxFl5bDfUmTqXRGJfmG+buCST8kvd6zI6jz4ymp7I1C5ofQM4xse7HpZp1g4QRMNA4BGEaSfyzyD7h6LUt027wYH59yn3S1eh/VDJt6NM3dBoEQL2b2tany5tuSMHwL75SqU53Uf7OW3nsMVZ+VKwvya4DMk7Vy7TcK+7SAhMNQL+xSIOKJ8F+wuv7eDXBX/0fX4Np4sT7akbEvEbJQ+CPe6U7+2gE98Ifr/t8lXX36uGucbZpjzNxOcSJ4BvBPvjwgH+CDAHf5EQmDoE/MlK+SKw6brY2WC+fFoHpLZm6G9EEOS26UA48H33MrdxtkkLMO79efnyFhz7dxx4ng2BuNzyUvAXwB4fyvxR4jnCOiIhMBUIxJP0q4jKdA+3HOEbnC/z+aKaPl+XsEHdJPQ9NLZ4KLdFn4Zh8xPTr7Tl1Nn9TPB/q8u/0tXLJcY+5rLblR0O3Nw08AA49uUu6PYHa3AHCKL+EIgn5j8gFNPd2XJY1ztf9HlaA38HBxu0s28DO9aEMy7rv6W5Z+obwce/J/yYv0ctmJZTv1Zsvpl+sSW/3gflIdMCgr8QHPtk+b9CGZ8D8Ts7IiHQGQJ2Alp6JTybzPXDtmgBhs0PUw5wTeh0NPJ2KC9pYmjUJrXjg0sFuYjbCu8Ax5h9fuNczsbY8T69vP2Ydk2LvQ/KxGIWiHeaa8Gxfz7POy4+WH09WIM8QBC1g4A/6Sj7JZfV7bh8wqr/KBj9btvQV9yVQ1t1l23MddG3Py62ChOm3NGzHhwx9/nXTOijanMuDXi/Jr+nqoEG9cyHpb/XwMa0N1lAgH8K5hKM9TOmp0x7JxTfcBGIJ9u57kTkbWMbtBhGvd+1EzjZOdii3U0b2Ptcwo7F+JEG9mKTt5fYNz9HxUYt582vT9t06f1Q5qv3s058l4I/0seAV4GvBu8NFgmBVhCIF5l/UEa5Dco1O2dsHLxjH/jmYx1aQOVow+f5IGwS4g+Ct5eST57EQcO2MY5tGtqp2iz6Y14kBIRARgTiReYfilJug6LPSX1Ee3UHx9sQQLTh83z41ZTOQkNvKyWzTh+0GZx+Hsx9//xoV9uU6nvbPmVfCMwVAvEiW43em45ybopLDzmWdSxeS39SI+gPoa61K0p5R9GE+CCsyKbpc/S/SWx9tLE++7SPOORTCMwsAv7iouy30zXdeVIG1jUo9D63LKtcsYz75b1NyvzhGEenokJsV5Q/epwxV84lH77lWWTL9G0tablQpkq0flt641RFp2CEwAwg8Ev0wS4wpre4POXc9CAMmr+mM98Yk9mL6V/Eii5/gYvDtzsT+tTedtYhVtyi5h+6ck85txnyg2DcxXIF2Nsrktt4ExOup5aIU8Si7PhMbUcUmBCYZgTiRea3W1HOTdFfDvvRps/bA81nwRF5T7Av9/L9LpjvlNTzbZrIVzk/8yI+P4HnHvPSefVTCHSFQByQ7oZj0/0ocxCbO9v0wRnvpJTa5WLx10l55+Bn3owr9ZJRHZus+wjYt3kU+a5eHIKrqaHtEYnHgTIHeZEQqI0Ab/dE1RDgvlmjXEsiZq+NnRSHmfFReknIV8myDfv9WKjMbXzXBF3VLLFbDn4gNODr4Pyq5bzRK0KHv4l8nYfXobmyQkAIpBCIsya/pp57DZ2DZvSXiqmO7gfBJtv+W9BFnz5/FhuMob1QzsHetyuTr0dd3o1wB4uvtwL5eSWPA+Vd5xUI9VsItIlAvNB8/uYWHHv7cUbcxJ23R9noUgixzOf5w8WBui5xWYYPQJeB3wHeEpy6A+SA5f359XkUzRXti956LP5xrnqvzgqBDhHwF1qU/7WFOLyP/8lg39u7KdjjLJnfCzkRvAOYg+xicBtLPzC7Afm4KG+7Qen8ZPjNmMfBHo/UD+D8IKKeCoEWEeA6pr/YvJz7oSi78XfO3zlUTECHoq2P92UT2MrZ9JoQ13tzGh+YrTcHLPSlwYEdQIU7LASODBecHyBzPxQlMh93/o6lYgL6Otr6eCcwla3pQojpvmyWh2nID+i8WxIJASHQIgJxAPIDJOXctAYGzcc7JzTOLYBm66oJbeVqbvFYGrdC5vIzFDtccuGgTqYsEgJCoEUEuCfaBp9Umtu19zHJEgn/i5C3NelsP0c/Tw8xHZXDqGwIASEgBOog4AfGKNexU6Wutz/JwzH+9/VctqrEPa5O/GGc96WWcXipXAgIgZYQuA52/eBo8sMt+DPbTHefwL63Q7lv+h4C8DH1HY/8CwEhMMcIPIS++wGJD0T5karc9AgMmp9vNTQed7f0/eblLq5P7Bv3p4uEgBAQAr0iwB0vXItuc5923Jmy0KDH9oNg6RkNbORs4h/O3pjTsGwJASEgBKYZAT4ItYHY0v1qBMy969bO0hrNs1flTh2Lg6lICAgBITBXCKxHb/0gSPlOMF+nL6M3oTC2u7asQctl/Byvj2eflv3JvBAQAkJg6hDYChH5gbBI9v8Mo6hOn5071/Xj7D4DkW8hIASEQJ8IcHZ7N7hooK6i57dZ+iI+Z7AvU+b+KmVffZJfISAEhMBECOyJ1nGHzbjBnDtwuPzSJ90M5xZnmw+R++yjfAsBISAEGiHAgX0d2AZJpqmBnv8wYpI3TNF8YloOCxbnyomtyYAQEAJCQAj0gsBO8GqDObcrzuO/k+sFeDkVAkJACORGwH/b+zW5jcueEBACQkAIdIPAF+DGZueru3EpL0JACAgBIZAbgVfBoA3mTLXUkhth2RMCQkAIdISAH8z5AFckBISAEBACA0TAf3/mPwYYv0IWAkJACAgBILAI7GfnWmrRaSEEhIAQGCgCfInJBvQDB9oHhS0EhIAQmHsE+LEwG8z58TCREBACQkAIDBQBG8yZaqlloAdRYQsBISAEzgIENqCfJDiEgBAQAkJgmAhsgbBtMOcaukgICAEhIAQGisB5iNsG9DcMtA8KWwgIASEw9whwm6J95/zKuUdDAAgBISAEBozA1YjdZucc3EVCQAgIASEwQAT2Qsw2mF84wPgVshAQAkJACIwQeAypDeibCxUhIASEgBAYJgKHI2wbzC8bZhcUtRAQAkJACBABG8yZbipIhIAQEAJCYJgIvA9h24B++TC7oKiFgBAQAkKACNhgznQjQSIEhMB0I6CLdLqPT5/R+X9W8UMEwj3oIiEgBKYYgf8H7sbkoFT47QkAAAAASUVORK5CYII\u003d\"},{\"signatureDescription\":\"Agent\",\"extension\":\".png\",\"signature\":\"iVBORw0KGgoAAAANSUhEUgAAAXQAAAB4CAYAAADi1gmcAAAAAXNSR0IArs4c6QAAAERlWElmTU0AKgAAAAgAAYdpAAQAAAABAAAAGgAAAAAAA6ABAAMAAAABAAEAAKACAAQAAAABAAABdKADAAQAAAABAAAAeAAAAAByqIteAAAacUlEQVR4Ae1dCdBlVXEGkQEBBVQYWQeHRRlRsJBIECkIOCI7AYIGCEhKQBIUDRUStWQiBiFF1AooGBSKpQS1CJtSIhAGlwkxkEiCMmwyIAZFwGETBLJ8H/M39jTnbu8u7973vq7q/2x9uvt897zzzut77v1XWEEkBISAEBACQkAICAEhIASEgBAQAkJACAgBISAEhIAQEAJCQAgIASEgBISAEBACQkAICAEhIASEgBAQAkJACAgBISAEhIAQEAJCQAgIASEgBISAEBACQkAICAEhIASEgBAQAkJACIwRgRXHaFumhYAQmE4E1sCw1wNvBN4AvA54NTDpSfAj4IdmmPml4GfAz4P/FywSAkJACAiBjhB4GeysCt4efDT4fPCvwP/XAnOBvx+8K3jq6eVTj4AAEAJCYFQEuNPmLnsr8HbgN4NfC14LvBm4C2KUgX7M6sJY321oQe/7FZJ/QqAfCHDRPBB8PHjrApd+OdP+faQPgG8B3wq+B8ydOsMq3K2LhIAQEAJCoCME1oada8FlQiWLIfdJ8Hzw6mCGXURCQAgIASEwZgR2gv2iRfxKyOwDfuWYfZV5ISAEhIAQSCCwBeqyFvJ70fZu8EqJfqoSAkIgA4HZqCfzxpJICHSBAEMrjHenFvMDunBANoTApCFwFgaU+kBZ3S6TNmCNpxcIHJYx7+b1wjs5IQQGiMDP4LMt3HkpH6wQCYEmENgMSu4Fx/m2YxPKpUMITCsC/4GBxw9VUZm7eZEQGAWBV6DTqeA4xz4wijL1EQJC4HcI8Gm6+MEqW378d2qUEwKlENgZUnF+nY06HjMUCQEhUBMBvqfCf8D4AAaJN0R3AN8N9u0xvxTtIiFQBoF4j4Zza/MyHTuW4ZOfe84w8yIhMBgE/AL9dI7XR6LNy/r8DTn91CQE+IAPn870c+ZzPYaFi7n5uneP/ZRrQmA5BC5CySYuU4ZfiogvIvJ9LP+Zoo5qn1oE7gxzZv+eI+EXdM5vPXHa8wsm95YhYIsx07zdecTr56jwfS1/chRUeeoR+EiYK28aACIrB5+/PACf5aIQWG5RrgrHVehgC7lPD66qSPITiwAfyfdzY0jHEb3fzIuEQK8ROBHe+Uk7irMMs3gdlp8zijL1mTgELnbzg0+BNkV86yJfwPVB8F7gV4GbJD5AZ3PZ0rc1aUC6hEDTCPwWCm2y3l9D+elOj+ljKhICfj6M+q5wvreF7znn4p0V6qMd/nehj4LXBNely6DA+868FvS6qKp/qwj4CVvX0OVQ4PUx/2hdpeo/aAT8jcXrKo6Ei+dPwHFOlS1fiL4vr2jTi6fs6PiiR0j53iHgJ20Tzj0BJV4n87whJppOBG7EsG0+zCkJAXfXqXlkeqqmJc0uJ0YfUnaWE1JBCPQJAR8meapBx1IfhNkN6peq4SDg50IZr3eHkO8T8+ei/QTwzmC+OsDThiik7ufwl2NV+hg6RNs65VIVRcm3igDPl/96hpnnI/s2abm4N0V8utT0+rQp/dIzDAT4lkS7/qcVuLwK2j/r5K3fJajjK3WrUGr+Mf5ehcy+T+dWUSBZIdA2AlzMbYL6POuapnjumDb4MJJoehA4FkO1+Zb3Cly+bdHkLL0UdavVgGq9oJNvEX1NSX2Mk5sfPi3ZXWJCoBsEnocZm6D/4/JtLbTxyUDaPqebocpKDxB4GD7YfMtyh6dWTMbSd2UJV6z/RND9DMr8JVBEu0HAfPFpUT+1C4FOEfCLuJ+oTYZb4oC8HctHGZUnEwG73r9IDI+74O+CTcbSJs+S00Y8ebU04UusMl98enQUUlkIjBuBrPevtO2X/2Awzw+ZaLIR8GGL8xNDXYQ6Py/OQ/llCbm6VQyzeDvMX1ugNMqz3IZvBW6oWQjkI5CaqKxrmy6CgWi7bZvSP14EeP7brvmC4ApfC2FtTPcN7U0X3xDs0eb2GUbmJGQpLxICvUOAEzPy5zvyMtrlf3UXTS4Cfof+BTdMv9BzTnT1zp8jYCvOQefWi1mGh6Kcwi0vwqNMnxCIE5XlroinDLx93jATTTYC/nrbSD+MjNXfapUdpU862/Rhy4Rd882nCTFVCYHxI+AnqeW78or/9chsWtqVbdkZDwLXuGvOnTnJrj3TOscSX1BW8c9awf7Fof+6oZ0+LgkyKgqB3iDgP0zMX92xZ9F+x+ZlrmMENoY9u+bcmftY9nkd+2LmFiJjPjH1dBUKvo35+DSql1deCIwVgThZu3Zm3Pa7Hq/srbCCD7V9EoDYHODiPg76Fxg1H5gy1m/k65n/pTUoFQJ9RCBO2K59jPb5LmvRZCPAm9/xurP8B+CPg28A+wfe+DAaXwGwG/jV4KZpMRR6f0x//CcclFnDGpUKgT4i4Ccy811TtD8OH7oe87TYY4z8AHC8xg8m6qJMUfl+6Phj8Fxw3fPg/ull3iQ1OhUZ78c/WYNSIdBXBPyEZb5rOgMGx+1D12Meij0ulFuB3w6uerPyvegTr2vb5etgk4s8d9ZVKPplfWN93S8O06tUCLSGQJy0rRnKUdwHH3Lcm7omngNPnb2+HfVzSqDBnXnefxCK13vUctZTzqaPN/jzXgDGoawKNnlLGVYhW5npn4JFQqDXCKRimV083MMPERcN/6/u/Ien16BNqHPcfX4R/BjYX4tUfvMCDLig5+l5NsPGN1DPN3K+A8zH86knRfSV7XPB+4OvAKf89HXUuzX4FHDqy8rL8ijj8WBfh6KoLgL+bnNdXer/UgS4eN8RqnnSgDHFFB2JyveAeeMqSybVj3U3gHdmpgTpupcAqSERLprcyVZ9m2HRNfo6dB5Uw0fOy38F3wVeAuZ7+tcBc+fMxXxd8Gzw+mAuwCuBORYeKVwbvDJ4VOIXxrfAnOukN4F/8kJOf4RAjxHYG775XQjz8xP+PpKQi/2aKi9J2FdVOwi8D2pT1+0m1PMXlNEcZKIcF9E84hsSy+yGo95xlw+A3xzbU2CGdP4OLBICg0CAO+74AdoleH5/Qib2aarMd1OLukEgHtXjNbwIzHBYinZEpb/On0sJZdRx9/w68FvAnF8HghnSuB7sdY4zfzN8sbl/tPOr6IsLoiIh0A8ELocb8UO0bXAttrdVPi7YVbEdBBhOWAr21/FLJU35PotK9ikS40Jqei92edbtC2bYYw/wYeB/BP8YbPJF6bOQ/W5J+UMgtzqYoRrTeybyIiEwGASehqc2eS1lXN1oK2Ssvsn0JOjN2gmabaXNI8CHcn4DtmvJ68+YdFl6DoLW15/XLts/Jcf7MaZzFeR589LKTHcHt0EMLfIXodni4s/8d1zd+siLhMBgELDJ7FPeaDL6a2R8G/Nc5MsQF2wt2mWQ6kZmJ5jx/53qkhHM+v6cC03QH0KJzbGNZxQyNGN1TNuMY28A/aeBHw02aZdHFWeBRUJgEAj4D43l/SKcirMOYmBycjkEGFKx68sbfRYrXk6oROFhp4f6/K+5Et2TIls6nRs5idWQv8m1neva2sgy3MIvDsPJpzzhsl0bRqVTCDSJgJ+0lvf6z0LB6i31C76XVb6fCNzuruGvka/zLpQfOV2cDyeA6xJ35dz5k9+QUHYE6mzuMRzCG6xtkdlhehfYly1/aFvGpVcI1EXAJqlPvU4u3r6N+WmjhRiwx4CLYrxx3EdMGErwfvNmYl3yXw7UfVBdhejPM97m554Z+t7qZG5DvkrcP0PlS6rf6Wx8cKZ1HaQXunrzk+nuMzJKhEBvEPAT1PLeOR7ZsnpLffsk5w/G4BiesHGXSXljbdMegMLFxvu7sCGfuIv2ehkWqUtzocB0/kmOMr6fhSHAp8H0o4lwD9S8SOYD0/grYEXUHQX2Msz/DDwbLBICvUAgTlCWPT2IQpTx7ZOaj6GFiEFR+YwxAsPjn96/UxvyhY/7e73PNaR3Q6f35AKdXGgXOfndCuTLNjM+bmMrOsLJY5Qmaylv7IqEwNgRsAnpU++Ur7e8b5/EPBcqG2uddJsxgPOJ4Pv8Bn14Iui+tiHdfODIcP5mCZ3cLd/i+jSxmJp9pq8o4QPP8p/kfGC/C8F8OlYkBMaGgJ/IlvfOPI+C1fuUoZhJJD9Gn/8MBsv3hHAHyZ/8vi0rz/BLlxTPb3NH3RQxtBLHyXepNEG8SWu6HympkAvqQ67fF0v2S4nt4PRckBLIqaPvN8/0t8/KXjnyahICrSJgHySfeoN7o+DbYv5ELzzwfGqh5oe07A247yew6gqS7YNt3hBtkuJ1Z7kp4o7Y6y+rlzfsH3d9if8o5G3PGkEBfzG8G+x9uRplhodEQqAzBLaCJT+ZLR8d4K7J2rLSG2KngZUXJMb42AhjiPiMoKJyF/5y8HabXsw/HfTT1q6VvczuEP3PlnxpC3fqvwHb+Bkuq0L7QNj6frxKx4Qswy0LwaaP6WvAIiHQCQIMH/jJxzxPD6RoCSqjbKp8XKrzAOriWLgzH4WinlF0VO3DLx6zu2PVzgXyWzjdZuO+gj5Vm7nDNd1MqxJ3wnwNgdfB3XsRsZ/vUyRftv3MoHdu2Y6SEwJ1EDgHnf2EZv7hHIW7JORjfysfnKOnb013J8Y1qo/xWN+oesr2u8z5fnzZTiXlGGqK4+ExzjbI5g3TUekOdPR6NilQ5H95vKNAtmpzfGXG7KoKJC8EqiJwKzr4DwDzeQu66Y+xy6jDl/kl0GfizV3vL/Pzajgcz63XUFXYlbtx8/3fkWf4oUmKp1qWQnlbN8NtHEzr0LfR2evaK0PZmk7u5gyZutUfcjboU5lfDXVtqv8UI8Cwgp/8zI9yMuO6hJ6ot687lHgj9M6a8yHuaDetqS+rOxeHeP0WZAmPUP8M+sRryPBLW+Rt1f1iOgFOen1fTTh9hZNp60uKZi90dhjrFwmB1hDwk97yWTH0Mk6cDCHTk0q5APWJ9oAz0c+6/vmTDtRNTNqg/4LS6PuChgxFvSzv15DuLDXeJl+SVZfeBgVeJ/PrzyjdyLW9f6auzcTftGV8XSQEWkEgTngr1zV2ORSYrlR6SV0DDfWPO9wNGtAbTwSd0oDOqOIMVKRwrbuzZcw8pfdvogMtlB9wtvmgURM0C0p+DvZj2h9lhqdYtxTcBfl/mEG7x3ZhVDamDwE/0X2+KSR+AUVeb8y3+VO3aAw/DL4tKOpQsv25oLdOPD5lMvWrgrhemRKuUPdqyMb4P/X+QwUddUS/gc42P5rG7Bin22ww7fL0CY8vets7oywSAo0i4CeYzzdqBMr8sTpvh/klTRsroe9QyHg/flSiT1kRr5f5Jok78KjfynV25/xivS+h+/AmnS/Q9bfO/k4FsqM08wuLb5s0vBgGeS+4Dm7oXok2gbTZZ9r0yZpKzkh48hDwk8vn2xopf+J6Oz5/XVtGg974EEudewZB9QtFP6amj/g9BAtev+VvSjlSso4Pw8Qbw9Tb9C65yJ0jIGDjeVeR8IjtRzsbdvOaIbLNRtQ3Src3Ox843n1GUaI+QiAiMAcV9gGKaZRtuhzjmt7+NU0bC/q8Lea3Cu11imejs9e/pI6y0PfPnO4Y+98myFYp2sJmfvParFdFQUOy+0KP+XBUQzq9Gn8jdD4aeB/H7DFlmTH3LmhXGPG2/6ILo7Ix2QjwZVN+Uvl8VyO/J8eHsxpygjvyhTP8KFI/zlNQbooYtvC6mX97U8oTur2tUW7mpsI3PLLKcYyDjoVRG1MbX+qLZ/T/0A3uEGfTbPOLpQs6GEbMJtMvdGFUNiYXgUUYmp9QPt/1qFM/+c2f+TWdWZgxToZ/mqIdoMj89WlT+v/N6T/J5c3WKAu6P0pnehhnHhfFcTXpB2PVNsaNg+LXuzaTYfqWINdG8Y+C7aPaMCKd04FAXthjHLu0OWFy+w/X4zUuycIMvXvU0Om7+kfvvc9N7c5XDf7zV4W3wzx/hZQlyj4IjjoYSx8nXQTj3qemfPG/RL6Zo/T8YN982TqnTxNNxwS7/IIRCYHKCHCRtEkb010qa2uuQzyB4n3bYgQzXMC8jpjnTbEF4P3AVehGCEddVj68iqICWX8yg7vGSxN2C1S82MwduIUezFemTd5HeNFYxcxtkPc+VeyeKf41p3e1TKllDfOcrPeFee6eV1wm1vjfK6HR7C1Evi07jTsuhf1B4Bm4YpMopjwNMG7KivEvquhYfElSHGtemadUyJRhGm8gxr5sZ/ilKfJfRtRNSr1/Z1lL/t83ojn6y3IXoYV8z5a1Rt/K9CmS8Qv0x4qEXTtvUkZ/rPw9tO3oZJvIcgE3/Uz3bkKpdEwXAs9huH4S+QWeTyL2hR6FI95Py29b0kGTt/TODH3WPmr6LPQ2Haq62Plqu+hUqKwIitSXI3+ZbF7UscP2iPtKNW37UAt1j7LrLdoMnAW9bwXzi7cu+VM+9FckBCohEI++8QNuH6qrK2lqX3g+TNhO2Xxk+p8Fpn+Kdi8/e0b+yFDvZUbJf7bAj1GbzRdeK6MqC7rfoZouprwhzPBLn8j7x3zdL8e7ocN0blpzoMTxB06f6Y0pN0VXgPlFcBCYxxPfCf59MDcgW4I3BL8WPAvsKe7SV/GNyguBIgRi+OAqdLAJyp1HH8mf9jBfmaZoG1R6mc8nhK4PMl4+K0/c+KvhcjBvWLZFB0Kx+XCYM1IUclkNsu8D3+X6mx6mrOfutW/kfWR+4xoO/hX6mr5P1dATu3LR5eL8bbDpr5veA12cSxcEnXW/hKBONE0IcGHyk/EcV+YE6ytxl+39tvzpweHHnNzS0BaL+6HiFidvOi0lVh+KnVou+2OF3tR5KJhflt6bqLM2n/YplObHxLz3k/nfiwIly9wVm66iX3AlVWaKMdzyJWfP7DaRrp1pVQ1CIIFADGH4lyM9mJDvW1UMGfFDdP+Mkyci9R+qJmKcXY5/A+f/p4PhPV2bH2Nenl9uFm4K6npT5JzzYzhkBM94xNDriGGNEVSW6rIypD4cbHs/quYXlrIqISHgEPCTjIu7v3H2hJPrc9b/qrDx+J0t607o8wAyfLsW9TaeGB5hSMXaitIHILtFho2+VZ8ZxlX1vsT6oT9xGhdtAsMfBf8zmOG5vOv0VKJ9I9SJhEAlBOIkOxK9rc7fhKukdAzCPP1hfsf06TH4U9fkWm48pyaU+d17HC/LPMWzADzOBQ3mKxNvIvrx8H5JWVoXgrzWDI1xM7I6eEi0BpzdDqy4+ZCuWs989R8e5ncB+7qeuVvojvfd8kP8gNhOlYsTF/cU2fgsfRhCPPY2ZOKu1MZjaZnxzHP9fou8Ys9lUJPMxCFgHxpL4053iAO2sVi6cGCDeBX8Nd9vzPHdZCyNYZmcrr1tisf2OLYiYjjNMGDKsItICEwlAv6DwPwOYF83NFAWB/85lu8NbBA+ds6dZxb9NxqGfK2yxhXP2Ke+qHgD8tgwfmLBJ2FFQmAqEeD5ab8gMD/0Hbofz0MYz9AW83hN8ibmNeH65ckOqe3vw7h4TTcHc/e+M/g8sL/Olud9BZEQmFoE/I03+1AMOYZ+F66kjYPpEOkGOG1jOLlgAOc4WT6dmLebL1DVq+bXuXEZFnnpp3rlvZwRAmNCIO4G+aE5Duw/PGNyrbJZnjH3fp9SWcP4OzC04MeQCjV4L2PsmH2JwyTQgRiExyLmb0f7n4NXmoTBagxCoAkEUgv6RVBsHx6eSx8KXQ9Hh+i3x9c/1MV3kBQRz2jbmJkO6XoVjY3tc8GXgP0Yf4Uyf0WKhIAQCAikFvRbIWMfoOeCfJ+L5jPT7/TZ0Rzf/BjemCNnTVzArQ+PN07K7tzG51OOjTF0kRAQAjkI2IJg6R2QtTxvKg6B/AvF6PsQF7bj4bfhzjSPNkWjl2VeNwTzEFObEJgSBOLC8CTGbXU8FjcEMn+ZDunpVo+tH0Pey7N2Qicva/mieLu3pbwQEAITiEAq5GILBNMh7NC5G/c+Hz7A6zQrjCFrCGcFOT/urD6qFwJCYEoQiDec/ALB/JIB4HAZfPR+D8Dll7gYF+qXCKAivmyMN02HPu7UOFUnBITAiAjwnRd+UYj5onPQI5pttJtf6IZ6ysPf3Dw9oBMXe16jr4DjMwShm4pCQAhMGwI8GREXcV8eAh7eX76CdIjkx2A3dM/GQHy95fkkL8nfRH12WZX+CgEhMM0IxHdm2KJhad+xiQ+f8GnJoREfaTe8mfrz9L7+W2FgD7h+V4Y2FYWAEJhCBE7EmP2i4fMfGQAe5+f4/1O0HQpeo+fjyBsDr0dcyG04/lrxGKNICAgBIfDC04V+cWA8d9uB4BJPuPhxxDzHxRATj2Xyl8nl4KPBW4AtzIFsJ8Qz43n/u5Sho8MLPPHjKxBVsxDoHwJ6Sqy9a8KdOum0Zcmg/p4Lb9/fgsdcMPlfbxjauBN8L3gJmI+e8/0h5NvA/K847wHzl8CaYL5Yah0w32n+SjDrVwGXOSd+NeSOBd8HziPuyO3VADx3v3KesNqEgBAQAkNCgOfpi/5no9/R9jHPXxBl6esQtDGcWbaT5ISAEBACQ0PgcDj8INif4OFiyffS2CI47pSvV5gH/oDz6QfIlyX+crAx8MtMJASEgBCYagQYx94DfAH4ITAXfVsks1LKMAa/GMzwyH5g3m8gUx/DK4zHc5EtE5dfBDmzdQzyZcn6VNnVl9UtOSEgBISAEBgBAVuYmW5fsj/lrJ/CLSVBk5gQEAJCoE0E5kC5LcxMy+zo6c9XXL+yXwLsJxICQkAICIGWEPgq9PoFvawZHxoq20dyQkAICAEh0CIC8SZtWVP2JcAboyIhMFgEypzjHezg5PjUIVA2xOKB+UtX4E1ZkRAQAkJACPQAAdtpW1rGpccgZPKvL9NBMkKgrwjoSdG+Xhn5NQoCXJg9lZnfvk8Zea9feSHQKwQUcunV5ZAzNRAYZS4f7Ozp/LkDQ1khIASEwDgR4IJuoRNLi/zxT776xb2on9qFgBAQAkKgRQSqLugbwRdb+H3YpUUXpVoICAEhIATKIuAX6KJFmu+mMflLyxqQnBAQAkJACHSDgC3QlmZZ3RwNJsNUJASEgBAQAj1DwC/SeQv1j+G3ydp763s2FLkjBKoj8P/gx2XGHCfFtQAAAABJRU5ErkJggg\u003d\u003d\"}]}}"}]]></property>
         </properties>
         <failure type="FAILED" message="Test Cases/TC04 - Preview Script FAILED.&#xa;Reason:&#xa;com.kms.katalon.core.exception.StepFailedException: Unable to verify object 'Object Repository/Page_ScriptTemplates/span_Account_Name' is present&#xa;	at com.kms.katalon.core.webui.keyword.internal.WebUIKeywordMain.stepFailed(WebUIKeywordMain.groovy:117)&#xa;	at com.kms.katalon.core.webui.keyword.internal.WebUIKeywordMain.runKeyword(WebUIKeywordMain.groovy:43)&#xa;	at com.kms.katalon.core.webui.keyword.builtin.VerifyElementPresentKeyword.verifyElementPresent(VerifyElementPresentKeyword.groovy:92)&#xa;	at com.kms.katalon.core.webui.keyword.builtin.VerifyElementPresentKeyword.execute(VerifyElementPresentKeyword.groovy:68)&#xa;	at com.kms.katalon.core.keyword.internal.KeywordExecutor.executeKeywordForPlatform(KeywordExecutor.groovy:74)&#xa;	at com.kms.katalon.core.webui.keyword.WebUiBuiltInKeywords.verifyElementPresent(WebUiBuiltInKeywords.groovy:1540)&#xa;	at TC04 - Preview Script.run(TC04 - Preview Script:26)&#xa;	at com.kms.katalon.core.main.ScriptEngine.run(ScriptEngine.java:194)&#xa;	at com.kms.katalon.core.main.ScriptEngine.runScriptAsRawText(ScriptEngine.java:119)&#xa;	at com.kms.katalon.core.main.TestCaseExecutor.runScript(TestCaseExecutor.java:448)&#xa;	at com.kms.katalon.core.main.TestCaseExecutor.doExecute(TestCaseExecutor.java:439)&#xa;	at com.kms.katalon.core.main.TestCaseExecutor.processExecutionPhase(TestCaseExecutor.java:418)&#xa;	at com.kms.katalon.core.main.TestCaseExecutor.accessMainPhase(TestCaseExecutor.java:410)&#xa;	at com.kms.katalon.core.main.TestCaseExecutor.execute(TestCaseExecutor.java:285)&#xa;	at com.kms.katalon.core.common.CommonExecutor.accessTestCaseMainPhase(CommonExecutor.java:71)&#xa;	at com.kms.katalon.core.main.TestSuiteExecutor.accessTestSuiteMainPhase(TestSuiteExecutor.java:160)&#xa;	at com.kms.katalon.core.main.TestSuiteExecutor.execute(TestSuiteExecutor.java:107)&#xa;	at com.kms.katalon.core.main.TestCaseMain.startTestSuite(TestCaseMain.java:180)&#xa;	at TempTestSuite1745577460768.run(TempTestSuite1745577460768.groovy:35)&#xa;	at java.base/jdk.internal.reflect.NativeMethodAccessorImpl.invoke0(Native Method)&#xa;	at java.base/jdk.internal.reflect.NativeMethodAccessorImpl.invoke(NativeMethodAccessorImpl.java:77)&#xa;	at java.base/jdk.internal.reflect.DelegatingMethodAccessorImpl.invoke(DelegatingMethodAccessorImpl.java:43)&#xa;Caused by: com.kms.katalon.core.exception.StepFailedException: com.kms.katalon.core.webui.exception.WebElementNotFoundException: Web element with id: 'Object Repository/Page_ScriptTemplates/span_Account_Name' located by '//div[@id='b2-b2-b5-Content']/span' not found&#xa;	at com.kms.katalon.core.webui.keyword.internal.WebUIKeywordMain.stepFailed(WebUIKeywordMain.groovy:117)&#xa;	at com.kms.katalon.core.webui.keyword.builtin.VerifyElementPresentKeyword$_verifyElementPresent_closure1.doCall(VerifyElementPresentKeyword.groovy:85)&#xa;	at com.kms.katalon.core.webui.keyword.builtin.VerifyElementPresentKeyword$_verifyElementPresent_closure1.call(VerifyElementPresentKeyword.groovy)&#xa;	at com.kms.katalon.core.webui.keyword.internal.WebUIKeywordMain.runKeyword(WebUIKeywordMain.groovy:35)&#xa;	... 20 more&#xa;"/>
         <system-out><![CDATA[25-04-2025T12:38:48 - [TEST_CASE][FAILED] - Test Cases/TC04 - Preview Script: Test Cases/TC04 - Preview Script FAILED.
Reason:
com.kms.katalon.core.exception.StepFailedException: Unable to verify object 'Object Repository/Page_ScriptTemplates/span_Account_Name' is present
	at com.kms.katalon.core.webui.keyword.internal.WebUIKeywordMain.stepFailed(WebUIKeywordMain.groovy:117)
	at com.kms.katalon.core.webui.keyword.internal.WebUIKeywordMain.runKeyword(WebUIKeywordMain.groovy:43)
	at com.kms.katalon.core.webui.keyword.builtin.VerifyElementPresentKeyword.verifyElementPresent(VerifyElementPresentKeyword.groovy:92)
	at com.kms.katalon.core.webui.keyword.builtin.VerifyElementPresentKeyword.execute(VerifyElementPresentKeyword.groovy:68)
	at com.kms.katalon.core.keyword.internal.KeywordExecutor.executeKeywordForPlatform(KeywordExecutor.groovy:74)
	at com.kms.katalon.core.webui.keyword.WebUiBuiltInKeywords.verifyElementPresent(WebUiBuiltInKeywords.groovy:1540)
	at TC04 - Preview Script.run(TC04 - Preview Script:26)
	at com.kms.katalon.core.main.ScriptEngine.run(ScriptEngine.java:194)
	at com.kms.katalon.core.main.ScriptEngine.runScriptAsRawText(ScriptEngine.java:119)
	at com.kms.katalon.core.main.TestCaseExecutor.runScript(TestCaseExecutor.java:448)
	at com.kms.katalon.core.main.TestCaseExecutor.doExecute(TestCaseExecutor.java:439)
	at com.kms.katalon.core.main.TestCaseExecutor.processExecutionPhase(TestCaseExecutor.java:418)
	at com.kms.katalon.core.main.TestCaseExecutor.accessMainPhase(TestCaseExecutor.java:410)
	at com.kms.katalon.core.main.TestCaseExecutor.execute(TestCaseExecutor.java:285)
	at com.kms.katalon.core.common.CommonExecutor.accessTestCaseMainPhase(CommonExecutor.java:71)
	at com.kms.katalon.core.main.TestSuiteExecutor.accessTestSuiteMainPhase(TestSuiteExecutor.java:160)
	at com.kms.katalon.core.main.TestSuiteExecutor.execute(TestSuiteExecutor.java:107)
	at com.kms.katalon.core.main.TestCaseMain.startTestSuite(TestCaseMain.java:180)
	at TempTestSuite1745577460768.run(TempTestSuite1745577460768.groovy:35)
	at java.base/jdk.internal.reflect.NativeMethodAccessorImpl.invoke0(Native Method)
	at java.base/jdk.internal.reflect.NativeMethodAccessorImpl.invoke(NativeMethodAccessorImpl.java:77)
	at java.base/jdk.internal.reflect.DelegatingMethodAccessorImpl.invoke(DelegatingMethodAccessorImpl.java:43)
Caused by: com.kms.katalon.core.exception.StepFailedException: com.kms.katalon.core.webui.exception.WebElementNotFoundException: Web element with id: 'Object Repository/Page_ScriptTemplates/span_Account_Name' located by '//div[@id='b2-b2-b5-Content']/span' not found
	at com.kms.katalon.core.webui.keyword.internal.WebUIKeywordMain.stepFailed(WebUIKeywordMain.groovy:117)
	at com.kms.katalon.core.webui.keyword.builtin.VerifyElementPresentKeyword$_verifyElementPresent_closure1.doCall(VerifyElementPresentKeyword.groovy:85)
	at com.kms.katalon.core.webui.keyword.builtin.VerifyElementPresentKeyword$_verifyElementPresent_closure1.call(VerifyElementPresentKeyword.groovy)
	at com.kms.katalon.core.webui.keyword.internal.WebUIKeywordMain.runKeyword(WebUIKeywordMain.groovy:35)
	... 20 more


25-04-2025T12:38:48 - [TEST_STEP][PASSED] - Start listener action : sampleBeforeTestCase: null

25-04-2025T12:38:48 - [TEST_STEP][PASSED] - comment("Initialize setup for Test Case Execution"): Initialize setup for Test Case Execution

25-04-2025T12:38:48 - [MESSAGE][INFO] - Initialize setup for Test Case Execution

25-04-2025T12:38:48 - [TEST_STEP][PASSED] - markWarning("Test Case Name : " + testCaseContext.getTestCaseId()): Test Case Name : Test Cases/TC04 - Preview Script

25-04-2025T12:38:48 - [MESSAGE][WARNING] - Test Case Name : Test Cases/TC04 - Preview Script

25-04-2025T12:38:48 - [TEST_STEP][PASSED] - markWarning("Test Case Variables : " + testCaseContext.getTestCaseVariables()): Test Case Variables : [Json:{"policy":{"source":"BTF_App","messageID":"f1a4ecd2-af80-4edb-a7f7-bced2726e374","sessionReference":"2502031114-99009-0000111867-D65AED5","quoteID":423843,"policyNo":199652,"legacyPolNo":"199652","statusCD":4,"salesDivision":"Affiliate","agencyName":"B3 Funeral","agentCode":"111867","agentName":"Jannie van Sandwyk","salesLocation":"Harrismith","partnerCD":2,"masterProductCode":"","schemeCD":"7","productCode":"8","productName":"B3 Kopano Family Plan","planCategoryCD":3,"planCategoryName":"Member and Family","benefitOptionCD":1,"benefitOptionName":"Standard","policyPremium":711,"currPolPremium":711,"uwPremium":0,"rewards":0,"rewardPremium":0,"waitingPeriod":6,"paymentTypeCD":1,"paymentMethod":"Debit Order","accountHolder":"John Smith","bankName":"Capitec","branchCode":"470010","branchName":"Universal","bankAccTypeCD":"3","accountNumber":"1234","payAtNumber":"","debitDay":25,"replacementPolicy":"No","acceptTsAndCs":"Yes","popiaConsent":"","acceptPaymAuth":"Yes","ficaIsPPO":"No","ficaIsPIPO":"","saleConsent":"","captureDate":"2025-02-03T11:13:25Z","newInceptDate":"2025-02-01T00:00:00Z","sourceInceptionDate":"2025-02-01T00:00:00Z","effectiveDate":"2025-02-01T00:00:00Z","recordingFileName":"","recordingLanguage":"","comment":"","entities":[{"entityReference":1,"entityReferenceFullName":"John Smith","entityTypeCD":2,"relationCD":36,"titleCD":1,"firstname":"John","lastName":"Smith","fullName":"John Smith","legalRefNoType":2,"legalRefNo":"8802039999009","dob":"1988-02-03T00:00:00Z","age":37,"genderCD":1,"occupation":"Banker","educationLevel":"","monthlyIncome":0,"sassaRecipient":false,"allocationPercentage":0,"preferredContact":2,"smokerCD":1,"sourceEntityNo":""},{"entityReference":1,"entityReferenceFullName":"John Smith","entityTypeCD":3,"relationCD":36,"titleCD":1,"firstname":"John","lastName":"Smith","fullName":"John Smith","legalRefNoType":2,"legalRefNo":"8802039999009","dob":"1988-02-03T00:00:00Z","age":37,"genderCD":1,"occupation":"Banker","educationLevel":"","monthlyIncome":0,"sassaRecipient":false,"allocationPercentage":0,"preferredContact":2,"smokerCD":1,"sourceEntityNo":""},{"entityReference":3,"entityReferenceFullName":"Jane Smith","entityTypeCD":11,"relationCD":28,"titleCD":0,"firstname":"Jane","lastName":"Smith","fullName":"Jane Smith","legalRefNoType":2,"legalRefNo":"8908184999007","dob":"1989-08-18T00:00:00Z","age":35,"genderCD":2,"occupation":"","educationLevel":"","monthlyIncome":0,"sassaRecipient":false,"allocationPercentage":0,"preferredContact":2,"smokerCD":1,"sourceEntityNo":""},{"entityReference":4,"entityReferenceFullName":"Kelly Smith","entityTypeCD":13,"relationCD":4,"titleCD":0,"firstname":"Kelly","lastName":"Smith","fullName":"Kelly Smith","legalRefNoType":2,"legalRefNo":"1801034999003","dob":"2018-01-03T00:00:00Z","age":7,"genderCD":2,"occupation":"","educationLevel":"","monthlyIncome":0,"sassaRecipient":false,"allocationPercentage":0,"preferredContact":2,"smokerCD":1,"sourceEntityNo":""},{"entityReference":5,"entityReferenceFullName":"Larry Smith","entityTypeCD":13,"relationCD":4,"titleCD":0,"firstname":"Larry","lastName":"Smith","fullName":"Larry Smith","legalRefNoType":2,"legalRefNo":"0709018452009","dob":"2007-09-01T00:00:00Z","age":17,"genderCD":1,"occupation":"","educationLevel":"","monthlyIncome":0,"sassaRecipient":false,"allocationPercentage":0,"preferredContact":2,"smokerCD":1,"sourceEntityNo":""},{"entityReference":6,"entityReferenceFullName":"Daddy Smith","entityTypeCD":12,"relationCD":0,"titleCD":0,"firstname":"Daddy","lastName":"Smith","fullName":"Daddy Smith","legalRefNoType":2,"legalRefNo":"6802098520003","dob":"1968-02-09T00:00:00Z","age":56,"genderCD":1,"occupation":"","educationLevel":"","monthlyIncome":0,"sassaRecipient":false,"allocationPercentage":0,"preferredContact":2,"smokerCD":1,"sourceEntityNo":""},{"entityReference":7,"entityReferenceFullName":"Sussie Smith","entityTypeCD":12,"relationCD":24,"titleCD":0,"firstname":"Sussie","lastName":"Smith","fullName":"Sussie Smith","legalRefNoType":2,"legalRefNo":"8412064999005","dob":"1984-12-06T00:00:00Z","age":40,"genderCD":2,"occupation":"","educationLevel":"","monthlyIncome":0,"sassaRecipient":false,"allocationPercentage":0,"preferredContact":2,"smokerCD":1,"sourceEntityNo":""},{"entityReference":8,"entityReferenceFullName":"Auntie Smith","entityTypeCD":4,"relationCD":1,"titleCD":0,"firstname":"Auntie","lastName":"Smith","fullName":"Auntie Smith","legalRefNoType":2,"legalRefNo":"7803074998006","dob":"1978-03-07T00:00:00Z","age":46,"genderCD":2,"occupation":"","educationLevel":"","monthlyIncome":0,"sassaRecipient":false,"allocationPercentage":100,"preferredContact":2,"smokerCD":1,"sourceEntityNo":""}],"benefits":[{"entityReference":1,"entityReferenceFullName":"John Smith","benefitCode":"33","benefitName":"Funeral - Scheme NB","coverAmount":50000,"premium":280,"statusCD":4,"benefitDOC":"2025-02-01T00:00:00Z"},{"entityReference":1,"entityReferenceFullName":"John Smith","benefitCode":"21","benefitName":"Telephonic Grief Counselling","coverAmount":0,"premium":0,"statusCD":4,"benefitDOC":"2025-02-01T00:00:00Z"},{"entityReference":1,"entityReferenceFullName":"John Smith","benefitCode":"37","benefitName":"Repatriation","coverAmount":0,"premium":0,"statusCD":4,"benefitDOC":"2025-02-01T00:00:00Z"},{"entityReference":1,"entityReferenceFullName":"John Smith","benefitCode":"13","benefitName":"Scheme Rewards","coverAmount":0,"premium":40,"statusCD":4,"benefitDOC":"2025-02-01T00:00:00Z"},{"entityReference":3,"entityReferenceFullName":"Jane Smith","benefitCode":"33","benefitName":"Funeral - Scheme NB","coverAmount":50000,"premium":0,"statusCD":4,"benefitDOC":"2025-02-01T00:00:00Z"},{"entityReference":4,"entityReferenceFullName":"Kelly Smith","benefitCode":"33","benefitName":"Funeral - Scheme NB","coverAmount":25000,"premium":0,"statusCD":4,"benefitDOC":"2025-02-01T00:00:00Z"},{"entityReference":5,"entityReferenceFullName":"Larry Smith","benefitCode":"33","benefitName":"Funeral - Scheme NB","coverAmount":50000,"premium":0,"statusCD":4,"benefitDOC":"2025-02-01T00:00:00Z"},{"entityReference":6,"entityReferenceFullName":"Daddy Smith","benefitCode":"33","benefitName":"Funeral - Scheme NB","coverAmount":25000,"premium":170,"statusCD":4,"benefitDOC":"2025-02-01T00:00:00Z"},{"entityReference":7,"entityReferenceFullName":"Sussie Smith","benefitCode":"33","benefitName":"Funeral - Scheme NB","coverAmount":40000,"premium":221,"statusCD":4,"benefitDOC":"2025-02-01T00:00:00Z"}],"memberAddr":[{"entityReference":1,"entityReferenceFullName":"John Smith","addrTypeCD":2,"addressLine1":"123 Main Street","addressLine2":"","suburb":"Morningside","city":"Johannesburg","postalCode":"2191"}],"memberContacts":[{"entityReference":1,"entityReferenceFullName":"John Smith","contactTypeCD":2,"contactDetail":"0825020300"},{"entityReference":1,"entityReferenceFullName":"John Smith","contactTypeCD":3,"contactDetail":"0112357265"},{"entityReference":1,"entityReferenceFullName":"John Smith","contactTypeCD":7,"contactDetail":"0825020003"},{"entityReference":1,"entityReferenceFullName":"John Smith","contactTypeCD":1,"contactDetail":"janith@email.com"},{"entityReference":8,"entityReferenceFullName":"Auntie Smith","contactTypeCD":2,"contactDetail":"0843285566"}],"signatures":[{"signatureDescription":"Payor","extension":".png","signature":"iVBORw0KGgoAAAANSUhEUgAAAXQAAAB4CAYAAADi1gmcAAAAAXNSR0IArs4c6QAAAERlWElmTU0AKgAAAAgAAYdpAAQAAAABAAAAGgAAAAAAA6ABAAMAAAABAAEAAKACAAQAAAABAAABdKADAAQAAAABAAAAeAAAAAByqIteAAAXRUlEQVR4Ae1dC9AlRXVWBBRERMAFRPP7giA+giECCmELZA1BIQqIBaVx3SAYRRLBYlMKyWKRFQkChsSyIjHWSpASeWuUhIQtxAIrhsRUFkUDG0AEV9nwkqeafB/cI2dP9cydmdszc+fe71Sdv0+f7j7n9DczfXt6euZ/2tNEQkAICAEhIASEgBAQAkJACAgBISAEhIAQEAJCQAgIASEgBISAEBACQkAICAEhIASEgBAQAkJACAgBISAEhIAQEAJCQAgIASEgBKoj8IzqVVWzIQI7o91y8C7gm8CPgUVCQAgIASEw5Qgcj/geB//fGH4E5WeARUJACAgBITBlCOyOeH4JHjeQp8rvmLK+KJzhIaA77eEdM0U8pQisQlypgbqubs8p7Z/Cmk4ENkFYx4B5nv0c/APwPmCREBACDRFYh3Z1B+6y+lyyEQmBMgSejsI/Aq8Fp86lsrYqEwJCoACBW6CPFxQfeC4pqG/q7SCsB8e2lr/IKiqdGwQ2Qk/J42hHVLDzpCh9yTgjKhcCQmBDBN6PbLygrtuwSqXcjxN2aPeKSq1VaRYQ+DA6wWN+K/iQkg4tGtXz590l0N0V9BeX2FCREBACAYGtkPcXFWUO8E2JyyzRHvPc7iiabQS+ie75Y38P8jy/Ij0PigfBVvcEyDajP8jprRwqkRAQAlUQuBOV7MJhekGVRmPq7Bts0i53zYhmF4FT0TV/Hpl8cujys5G/H/wL8M/AO4A98eGotbXUl0sWAkKgAAG7PbYL576Cek3UB6OR2bV0WRNDajP1CDwzcaztmF/uoudgbnqmXEOPxC2Lvg5lkRAQAhUQ8BcOZ9Cp2+MKZgqr3I0S74PyxoW1VTBUBD6KwONxtrzdmW0W6vBdhxT9DpTWlikfuIuEgBAYgwBve/2Fc+SY+k2KOXjz1tr74YNT0Wwh4I8vZT4E9zr21q+Z/y4VBcR1d9/2twvqSS0EhIBDwF80HNzbosNh2PuiTJ1oNhDgTNsfXw7I3N1iOn7v50KX/xPIRXQECqwd09VFFaUXAkLgKQTWQPQXzlMl7UgPBH/0LZoNBPx5RHkl+FCw6fmQ3eTvQC6iZ6HA6lm6a1Fl6YXAvCPA5Y/VI7YLhinXubsg75Pytl04lY9WEdgc1uNx3RQ6LqlEPfN8K7SIvo8C3+aGoorSCwEh8ORg7i8Ykzkz6oLiBcu7BNGwEbgU4dt5xPR/R93ZP+hZts2oLJXEpRbW544YkRAQAgUI3Ai9v/go2w6EgiZZ1bxD8P679J21IzL2KwT88aS8x6jkMKS+bOlIn0q2D3XZ7phURemEgBB4CoFVEP1FRrnr76xE/09FJ2loCLwQARcdz993Zf9d0rHUnnPaFAkBITAGgXegvOgCHNM0W3H0v0U2yzLUNQJc4/bH0+8X/7YrO7YgML7q79ub/JyC+lILASHgEFiAbBeNpa64E9H8Wpr7RaZOOiEnTyBgx9DS145w+S2kpmN63Ejvk6LB/Nd9JclCQAgUI8CHn/5Ce7y4amsl3j9l0TARSA3I7Am/w/JTsD/OJ7IgUHxAzvoHhDrKCoFffbFNUIxHgA8pRUKgCQJvKmh0CvTcncKXi4ziw+9rUbCTFY5S/meiq4NOWSEgBEoQeBnK/Mypjxly3/5L4FFRDQTijqnd0HZvsB3flU72O1Y+6/RWd2foREJACNREgP/j0y4iS7v+v5/m11I9FK15EKekuh0/S/1XFL+KGI9y5xplEmfvVt9S7TV/Ahr9KUKAa3uiNAKLEup465uo0qrqwFaty3gbCHCroafzkTnPKTiAP+jylN8C/pjTcYZPO/weukgICIEGCCxDG5sZWXpdAzuTNDG/lu44iTG17QWBt8KrHT+mu7v88lFE/tV/6nz9s5HXxGsElBIh0BSBM9HQX1iU1zU11qDdzQn/DcyoSc8I/Is7jvzYlj+nbPa+V9BbnUN6jl3uB4aAfvmLD9jWiaKy72skqjdWnYyW8eHXw42tqWGfCHBHitE3TEC6GMxv35MsfTL35N/9kPA76SIhIAQyIMDlFZsp+TSD6VIT8QNO5lvLLaWwTWXhKxGVHb8LnEydp5XIWD2mB/tCyUJACEyOAL+E5y8ykye3nLbwmQJ/9Htruom0U44AH37aeXO7kxdc3Mc7Pet+wpVJFAJCIBMCj8OOXYw+rWKer+hvB+bbpsaxHV9UehX4UbC3H+U7YkPle0GAx+u54B3A3D7Kb5uX0WYotGP5QydzomB0BgSrY+nhVqhUCAiBfAjYBRbTMg9noTDWnyS/qsyZyjpBYEnFY/pd1ONgbA86VxS02xJ60pfAqXNjKQtFQkAI5EUgdbFRV0Y/R2FRu7p6bncT9Y8Al7vqHrui+qthi/+FyC+/sO7nwdbmOMgiIdAIAd5GiqojwIuuTboPxt8FvrJNJ7JdCwH+SOeiw2AofqvlIOi49GbEpRqREGiEgLYt1oMttb3MW/hLn6khr0Vdzty49q7BvAZwHVT9QEYfPw22Xo7818DPdHovO7VEISAEJkHAboF9en9Fg2UPRXeFDS6nsI7ukCoCOmXVNkc8/FdwS8EckP05Uke+Fm3fBj7F2TgJskgINEKg7L+KNzI4Q40eQ182Cf3hxaq7mgCKshsgwHMkB3GX1S1gPmz9LzDX8rnj6S7wvWDeLXKHFL/9QuK17H9MeJ5ywsCHtCxjuimYdh8epXH5B2qREJhNBHh77C8Qk2ezt+pVXQQ4QPItUL4/8BOwnR9dp+sy+Oazm78HHwNmn7iOz/6JhMDMILAGPUldnDPTQXWkNgI7ocX54NR5UabLufupzE+uMvuBuh595RuuR4NfBBYJgcEicB0iT10g2w22Rwq8CQLPR6PPgVPnwjjdQ2h3AnhrMF8wi0ucL4Tuy+AyOxeh/Itj6hS1vxztloNfAeYzGy658KErZ+A8j18Nfgv4Q+DzwFeDubyzFlxkk2X6aBhAEA0LgaKZ2N8OqxuKtgECnI2+B1w0qEX936Audyd5/W3IV92CyG+3WNuiT07wW+hLwCS+nLQ3+CPga8DWtizlA33+wNwN5kD/bjD7mXomxOUWPvg9AHwqmOv0KduXQa8JDkAQTT8CqxBi6iTmgyjR7CGwG7pUdFcWz4NzUPcFIwg4aMd2HDjtjdBRtdJkX5SaD8p7gr/idFZm6SUoSw2kHJwXgfcDnwZmXHyIynbjPjHBwZkYFBFn94eC+cNicfj0SOhTPw5Qi4RA/wh8CyH4E9bL/UenCHIh8Gclx9kf8+NRL864lxe0fW/N4A5ydigbbQHhE2AfR5Q5Ux9HtMPlFd5dxvZFec7MtwGniMtHnwKn2v4z9PxBeg5YJASmBgGuJdoJGx9qTU2QCqQxAq93x9eOs0/Xo/xo8LMTHt46pu0miTZlqo85e5RT9GYofXxRPiLVqEDHWTzX9qONsvzJqL8LmIO5J/5zjpvAvq3dDXwdev64LQZz7V4kBHpD4E54tpOUF7fJTEXDRuCfEL4/nlE+pKB7nOXGujG/pKBtmdqvv497U5gz3xtK4uBAXWfpY0vU//MSe7F/lr8HbVaC+aO3B5gvWr0TzAe494KtXir9Lso1gwcIou4QuA+u7GT0MnVbdReGPGVEgEsPdkxTKQenFL0YylvAsc0Hg+525JsQX/Yx25SrEme/1i6mH0VZ3VkxB3fuq4+22sivgh+REOgMAbtt5MnsZeYP7iwKOcqFwM4wVDQwcWfJ0xOOOMCdkmi3DLqXJPRFa86oWkoxrtLKicKdoOMD0GiH+aXgJrNhzvLfCL4KnLI7qe502BUJgc4Q+AU82UnrZeo+3lkUcpQDAS6D2LGM6YEJB5tA98ejNv75yQeg40C39ajM22JZU/J2KDeljdGQdxnens3+z4R+26aGR+24fv6b4PeDzwVfCuYnMry/KjLvAvQmKkAQdYcAv3NhJydluzCou7i7MORpQgR2Rfuivd2pGfWRqG/HnSnXg/8QbMsX3Oniy02GujGZDUsbG3INXwr5k+C4nv196F7t6uUUOUhzWYu48oUs/vDx7oA/NCIh0CsCcUD/T0RjF9xlvUYm51UR4EzbjplPv5Qw8NpE3bOh47KLEQcsb8fkl1uFhqnZsbShmWQzDqhLwWbbpwckW0gpBGYQAb/MQpmDuF0Ma3rsL2/tOSC9vccYhuL6JARqx4zpevBhIfh9Qh2r/xuhHrM/LqibqFpLZT4trdW4YmXOko8Gmw+fHlHRhqoJgcEi4NcGKV8AtouAt7FdE9cvzb9Pb4N+BZhru6INEfA4UX7BqHh3pKeBYznz54FTWJ5YUP8PoJ+UYhyT2itrz4e/7wJHn8wfWtZQZUJgyAg8hODtpKfMB6GWr7O1LAcGOzjfFkNMV+RwNGM2IkZlec6+n1fQ/1+DvqhtavAvMFOojrYLK2YuOBz2om/mUw+KM7uWuTYQyHEythHXNNjkrNyI8o8sg5S3r10Rv9nhfXfldxb8XDumE/eg/BzwVmDizIenKeJdUIpugpLPWoZKX0bgnLEfGzrwNeQ5sO8f9MoKgcEi4NdLKb8b7GczXXXM+4zy+xDEp8ErwEU/zjuijDwLtAydIAb8gT2oQoc44+br5xG3v4aOyy5VaAUqxfaWX6hioEIds2dphSatVDkOVi0Gn3JZiQO/SAgMFoHbEbmd1JTjdrYuOvZhF4PFYmkV/1e49pSHTAsI3vpuadX+cDDibhXuUqlDW6Oy+UqldWyV1eVM3+xT7pv44Nji8ekK6PksRyQEBocAb7PtZKb8QZenvgsy/zHlXt9xxFl5bDfUmTqXRGJfmG+buCST8kvd6zI6jz4ymp7I1C5ofQM4xse7HpZp1g4QRMNA4BGEaSfyzyD7h6LUt027wYH59yn3S1eh/VDJt6NM3dBoEQL2b2tany5tuSMHwL75SqU53Uf7OW3nsMVZ+VKwvya4DMk7Vy7TcK+7SAhMNQL+xSIOKJ8F+wuv7eDXBX/0fX4Np4sT7akbEvEbJQ+CPe6U7+2gE98Ifr/t8lXX36uGucbZpjzNxOcSJ4BvBPvjwgH+CDAHf5EQmDoE/MlK+SKw6brY2WC+fFoHpLZm6G9EEOS26UA48H33MrdxtkkLMO79efnyFhz7dxx4ng2BuNzyUvAXwB4fyvxR4jnCOiIhMBUIxJP0q4jKdA+3HOEbnC/z+aKaPl+XsEHdJPQ9NLZ4KLdFn4Zh8xPTr7Tl1Nn9TPB/q8u/0tXLJcY+5rLblR0O3Nw08AA49uUu6PYHa3AHCKL+EIgn5j8gFNPd2XJY1ztf9HlaA38HBxu0s28DO9aEMy7rv6W5Z+obwce/J/yYv0ctmJZTv1Zsvpl+sSW/3gflIdMCgr8QHPtk+b9CGZ8D8Ts7IiHQGQJ2Alp6JTybzPXDtmgBhs0PUw5wTeh0NPJ2KC9pYmjUJrXjg0sFuYjbCu8Ax5h9fuNczsbY8T69vP2Ydk2LvQ/KxGIWiHeaa8Gxfz7POy4+WH09WIM8QBC1g4A/6Sj7JZfV7bh8wqr/KBj9btvQV9yVQ1t1l23MddG3Py62ChOm3NGzHhwx9/nXTOijanMuDXi/Jr+nqoEG9cyHpb/XwMa0N1lAgH8K5hKM9TOmp0x7JxTfcBGIJ9u57kTkbWMbtBhGvd+1EzjZOdii3U0b2Ptcwo7F+JEG9mKTt5fYNz9HxUYt582vT9t06f1Q5qv3s058l4I/0seAV4GvBu8NFgmBVhCIF5l/UEa5Dco1O2dsHLxjH/jmYx1aQOVow+f5IGwS4g+Ct5eST57EQcO2MY5tGtqp2iz6Y14kBIRARgTiReYfilJug6LPSX1Ee3UHx9sQQLTh83z41ZTOQkNvKyWzTh+0GZx+Hsx9//xoV9uU6nvbPmVfCMwVAvEiW43em45ybopLDzmWdSxeS39SI+gPoa61K0p5R9GE+CCsyKbpc/S/SWx9tLE++7SPOORTCMwsAv7iouy30zXdeVIG1jUo9D63LKtcsYz75b1NyvzhGEenokJsV5Q/epwxV84lH77lWWTL9G0tablQpkq0flt641RFp2CEwAwg8Ev0wS4wpre4POXc9CAMmr+mM98Yk9mL6V/Eii5/gYvDtzsT+tTedtYhVtyi5h+6ck85txnyg2DcxXIF2Nsrktt4ExOup5aIU8Si7PhMbUcUmBCYZgTiRea3W1HOTdFfDvvRps/bA81nwRF5T7Av9/L9LpjvlNTzbZrIVzk/8yI+P4HnHvPSefVTCHSFQByQ7oZj0/0ocxCbO9v0wRnvpJTa5WLx10l55+Bn3owr9ZJRHZus+wjYt3kU+a5eHIKrqaHtEYnHgTIHeZEQqI0Ab/dE1RDgvlmjXEsiZq+NnRSHmfFReknIV8myDfv9WKjMbXzXBF3VLLFbDn4gNODr4Pyq5bzRK0KHv4l8nYfXobmyQkAIpBCIsya/pp57DZ2DZvSXiqmO7gfBJtv+W9BFnz5/FhuMob1QzsHetyuTr0dd3o1wB4uvtwL5eSWPA+Vd5xUI9VsItIlAvNB8/uYWHHv7cUbcxJ23R9noUgixzOf5w8WBui5xWYYPQJeB3wHeEpy6A+SA5f359XkUzRXti956LP5xrnqvzgqBDhHwF1qU/7WFOLyP/8lg39u7KdjjLJnfCzkRvAOYg+xicBtLPzC7Afm4KG+7Qen8ZPjNmMfBHo/UD+D8IKKeCoEWEeA6pr/YvJz7oSi78XfO3zlUTECHoq2P92UT2MrZ9JoQ13tzGh+YrTcHLPSlwYEdQIU7LASODBecHyBzPxQlMh93/o6lYgL6Otr6eCcwla3pQojpvmyWh2nID+i8WxIJASHQIgJxAPIDJOXctAYGzcc7JzTOLYBm66oJbeVqbvFYGrdC5vIzFDtccuGgTqYsEgJCoEUEuCfaBp9Umtu19zHJEgn/i5C3NelsP0c/Tw8xHZXDqGwIASEgBOog4AfGKNexU6Wutz/JwzH+9/VctqrEPa5O/GGc96WWcXipXAgIgZYQuA52/eBo8sMt+DPbTHefwL63Q7lv+h4C8DH1HY/8CwEhMMcIPIS++wGJD0T5karc9AgMmp9vNTQed7f0/eblLq5P7Bv3p4uEgBAQAr0iwB0vXItuc5923Jmy0KDH9oNg6RkNbORs4h/O3pjTsGwJASEgBKYZAT4ItYHY0v1qBMy969bO0hrNs1flTh2Lg6lICAgBITBXCKxHb/0gSPlOMF+nL6M3oTC2u7asQctl/Byvj2eflv3JvBAQAkJg6hDYChH5gbBI9v8Mo6hOn5071/Xj7D4DkW8hIASEQJ8IcHZ7N7hooK6i57dZ+iI+Z7AvU+b+KmVffZJfISAEhMBECOyJ1nGHzbjBnDtwuPzSJ90M5xZnmw+R++yjfAsBISAEGiHAgX0d2AZJpqmBnv8wYpI3TNF8YloOCxbnyomtyYAQEAJCQAj0gsBO8GqDObcrzuO/k+sFeDkVAkJACORGwH/b+zW5jcueEBACQkAIdIPAF+DGZueru3EpL0JACAgBIZAbgVfBoA3mTLXUkhth2RMCQkAIdISAH8z5AFckBISAEBACA0TAf3/mPwYYv0IWAkJACAgBILAI7GfnWmrRaSEEhIAQGCgCfInJBvQDB9oHhS0EhIAQmHsE+LEwG8z58TCREBACQkAIDBQBG8yZaqlloAdRYQsBISAEzgIENqCfJDiEgBAQAkJgmAhsgbBtMOcaukgICAEhIAQGisB5iNsG9DcMtA8KWwgIASEw9whwm6J95/zKuUdDAAgBISAEBozA1YjdZucc3EVCQAgIASEwQAT2Qsw2mF84wPgVshAQAkJACIwQeAypDeibCxUhIASEgBAYJgKHI2wbzC8bZhcUtRAQAkJACBABG8yZbipIhIAQEAJCYJgIvA9h24B++TC7oKiFgBAQAkKACNhgznQjQSIEhMB0I6CLdLqPT5/R+X9W8UMEwj3oIiEgBKYYgf8H7sbkoFT47QkAAAAASUVORK5CYII="},{"signatureDescription":"Agent","extension":".png","signature":"iVBORw0KGgoAAAANSUhEUgAAAXQAAAB4CAYAAADi1gmcAAAAAXNSR0IArs4c6QAAAERlWElmTU0AKgAAAAgAAYdpAAQAAAABAAAAGgAAAAAAA6ABAAMAAAABAAEAAKACAAQAAAABAAABdKADAAQAAAABAAAAeAAAAAByqIteAAAacUlEQVR4Ae1dCdBlVXEGkQEBBVQYWQeHRRlRsJBIECkIOCI7AYIGCEhKQBIUDRUStWQiBiFF1AooGBSKpQS1CJtSIhAGlwkxkEiCMmwyIAZFwGETBLJ8H/M39jTnbu8u7973vq7q/2x9uvt897zzzut77v1XWEEkBISAEBACQkAICAEhIASEgBAQAkJACAgBISAEhIAQEAJCQAgIASEgBISAEBACQkAICAEhIASEgBAQAkJACAgBISAEhIAQEAJCQAgIASEgBISAEBACQkAICAEhIASEgBAQAkJACIwRgRXHaFumhYAQmE4E1sCw1wNvBN4AvA54NTDpSfAj4IdmmPml4GfAz4P/FywSAkJACAiBjhB4GeysCt4efDT4fPCvwP/XAnOBvx+8K3jq6eVTj4AAEAJCYFQEuNPmLnsr8HbgN4NfC14LvBm4C2KUgX7M6sJY321oQe/7FZJ/QqAfCHDRPBB8PHjrApd+OdP+faQPgG8B3wq+B8ydOsMq3K2LhIAQEAJCoCME1oada8FlQiWLIfdJ8Hzw6mCGXURCQAgIASEwZgR2gv2iRfxKyOwDfuWYfZV5ISAEhIAQSCCwBeqyFvJ70fZu8EqJfqoSAkIgA4HZqCfzxpJICHSBAEMrjHenFvMDunBANoTApCFwFgaU+kBZ3S6TNmCNpxcIHJYx7+b1wjs5IQQGiMDP4LMt3HkpH6wQCYEmENgMSu4Fx/m2YxPKpUMITCsC/4GBxw9VUZm7eZEQGAWBV6DTqeA4xz4wijL1EQJC4HcI8Gm6+MEqW378d2qUEwKlENgZUnF+nY06HjMUCQEhUBMBvqfCf8D4AAaJN0R3AN8N9u0xvxTtIiFQBoF4j4Zza/MyHTuW4ZOfe84w8yIhMBgE/AL9dI7XR6LNy/r8DTn91CQE+IAPn870c+ZzPYaFi7n5uneP/ZRrQmA5BC5CySYuU4ZfiogvIvJ9LP+Zoo5qn1oE7gxzZv+eI+EXdM5vPXHa8wsm95YhYIsx07zdecTr56jwfS1/chRUeeoR+EiYK28aACIrB5+/PACf5aIQWG5RrgrHVehgC7lPD66qSPITiwAfyfdzY0jHEb3fzIuEQK8ROBHe+Uk7irMMs3gdlp8zijL1mTgELnbzg0+BNkV86yJfwPVB8F7gV4GbJD5AZ3PZ0rc1aUC6hEDTCPwWCm2y3l9D+elOj+ljKhICfj6M+q5wvreF7znn4p0V6qMd/nehj4LXBNely6DA+868FvS6qKp/qwj4CVvX0OVQ4PUx/2hdpeo/aAT8jcXrKo6Ei+dPwHFOlS1fiL4vr2jTi6fs6PiiR0j53iHgJ20Tzj0BJV4n87whJppOBG7EsG0+zCkJAXfXqXlkeqqmJc0uJ0YfUnaWE1JBCPQJAR8meapBx1IfhNkN6peq4SDg50IZr3eHkO8T8+ei/QTwzmC+OsDThiik7ufwl2NV+hg6RNs65VIVRcm3igDPl/96hpnnI/s2abm4N0V8utT0+rQp/dIzDAT4lkS7/qcVuLwK2j/r5K3fJajjK3WrUGr+Mf5ehcy+T+dWUSBZIdA2AlzMbYL6POuapnjumDb4MJJoehA4FkO1+Zb3Cly+bdHkLL0UdavVgGq9oJNvEX1NSX2Mk5sfPi3ZXWJCoBsEnocZm6D/4/JtLbTxyUDaPqebocpKDxB4GD7YfMtyh6dWTMbSd2UJV6z/RND9DMr8JVBEu0HAfPFpUT+1C4FOEfCLuJ+oTYZb4oC8HctHGZUnEwG73r9IDI+74O+CTcbSJs+S00Y8ebU04UusMl98enQUUlkIjBuBrPevtO2X/2Awzw+ZaLIR8GGL8xNDXYQ6Py/OQ/llCbm6VQyzeDvMX1ugNMqz3IZvBW6oWQjkI5CaqKxrmy6CgWi7bZvSP14EeP7brvmC4ApfC2FtTPcN7U0X3xDs0eb2GUbmJGQpLxICvUOAEzPy5zvyMtrlf3UXTS4Cfof+BTdMv9BzTnT1zp8jYCvOQefWi1mGh6Kcwi0vwqNMnxCIE5XlroinDLx93jATTTYC/nrbSD+MjNXfapUdpU862/Rhy4Rd882nCTFVCYHxI+AnqeW78or/9chsWtqVbdkZDwLXuGvOnTnJrj3TOscSX1BW8c9awf7Fof+6oZ0+LgkyKgqB3iDgP0zMX92xZ9F+x+ZlrmMENoY9u+bcmftY9nkd+2LmFiJjPjH1dBUKvo35+DSql1deCIwVgThZu3Zm3Pa7Hq/srbCCD7V9EoDYHODiPg76Fxg1H5gy1m/k65n/pTUoFQJ9RCBO2K59jPb5LmvRZCPAm9/xurP8B+CPg28A+wfe+DAaXwGwG/jV4KZpMRR6f0x//CcclFnDGpUKgT4i4Ccy811TtD8OH7oe87TYY4z8AHC8xg8m6qJMUfl+6Phj8Fxw3fPg/ull3iQ1OhUZ78c/WYNSIdBXBPyEZb5rOgMGx+1D12Meij0ulFuB3w6uerPyvegTr2vb5etgk4s8d9ZVKPplfWN93S8O06tUCLSGQJy0rRnKUdwHH3Lcm7omngNPnb2+HfVzSqDBnXnefxCK13vUctZTzqaPN/jzXgDGoawKNnlLGVYhW5npn4JFQqDXCKRimV083MMPERcN/6/u/Ien16BNqHPcfX4R/BjYX4tUfvMCDLig5+l5NsPGN1DPN3K+A8zH86knRfSV7XPB+4OvAKf89HXUuzX4FHDqy8rL8ijj8WBfh6KoLgL+bnNdXer/UgS4eN8RqnnSgDHFFB2JyveAeeMqSybVj3U3gHdmpgTpupcAqSERLprcyVZ9m2HRNfo6dB5Uw0fOy38F3wVeAuZ7+tcBc+fMxXxd8Gzw+mAuwCuBORYeKVwbvDJ4VOIXxrfAnOukN4F/8kJOf4RAjxHYG775XQjz8xP+PpKQi/2aKi9J2FdVOwi8D2pT1+0m1PMXlNEcZKIcF9E84hsSy+yGo95xlw+A3xzbU2CGdP4OLBICg0CAO+74AdoleH5/Qib2aarMd1OLukEgHtXjNbwIzHBYinZEpb/On0sJZdRx9/w68FvAnF8HghnSuB7sdY4zfzN8sbl/tPOr6IsLoiIh0A8ELocb8UO0bXAttrdVPi7YVbEdBBhOWAr21/FLJU35PotK9ikS40Jqei92edbtC2bYYw/wYeB/BP8YbPJF6bOQ/W5J+UMgtzqYoRrTeybyIiEwGASehqc2eS1lXN1oK2Ssvsn0JOjN2gmabaXNI8CHcn4DtmvJ68+YdFl6DoLW15/XLts/Jcf7MaZzFeR589LKTHcHt0EMLfIXodni4s/8d1zd+siLhMBgELDJ7FPeaDL6a2R8G/Nc5MsQF2wt2mWQ6kZmJ5jx/53qkhHM+v6cC03QH0KJzbGNZxQyNGN1TNuMY28A/aeBHw02aZdHFWeBRUJgEAj4D43l/SKcirMOYmBycjkEGFKx68sbfRYrXk6oROFhp4f6/K+5Et2TIls6nRs5idWQv8m1neva2sgy3MIvDsPJpzzhsl0bRqVTCDSJgJ+0lvf6z0LB6i31C76XVb6fCNzuruGvka/zLpQfOV2cDyeA6xJ35dz5k9+QUHYE6mzuMRzCG6xtkdlhehfYly1/aFvGpVcI1EXAJqlPvU4u3r6N+WmjhRiwx4CLYrxx3EdMGErwfvNmYl3yXw7UfVBdhejPM97m554Z+t7qZG5DvkrcP0PlS6rf6Wx8cKZ1HaQXunrzk+nuMzJKhEBvEPAT1PLeOR7ZsnpLffsk5w/G4BiesHGXSXljbdMegMLFxvu7sCGfuIv2ehkWqUtzocB0/kmOMr6fhSHAp8H0o4lwD9S8SOYD0/grYEXUHQX2Msz/DDwbLBICvUAgTlCWPT2IQpTx7ZOaj6GFiEFR+YwxAsPjn96/UxvyhY/7e73PNaR3Q6f35AKdXGgXOfndCuTLNjM+bmMrOsLJY5Qmaylv7IqEwNgRsAnpU++Ur7e8b5/EPBcqG2uddJsxgPOJ4Pv8Bn14Iui+tiHdfODIcP5mCZ3cLd/i+jSxmJp9pq8o4QPP8p/kfGC/C8F8OlYkBMaGgJ/IlvfOPI+C1fuUoZhJJD9Gn/8MBsv3hHAHyZ/8vi0rz/BLlxTPb3NH3RQxtBLHyXepNEG8SWu6HympkAvqQ67fF0v2S4nt4PRckBLIqaPvN8/0t8/KXjnyahICrSJgHySfeoN7o+DbYv5ELzzwfGqh5oe07A247yew6gqS7YNt3hBtkuJ1Z7kp4o7Y6y+rlzfsH3d9if8o5G3PGkEBfzG8G+x9uRplhodEQqAzBLaCJT+ZLR8d4K7J2rLSG2KngZUXJMb42AhjiPiMoKJyF/5y8HabXsw/HfTT1q6VvczuEP3PlnxpC3fqvwHb+Bkuq0L7QNj6frxKx4Qswy0LwaaP6WvAIiHQCQIMH/jJxzxPD6RoCSqjbKp8XKrzAOriWLgzH4WinlF0VO3DLx6zu2PVzgXyWzjdZuO+gj5Vm7nDNd1MqxJ3wnwNgdfB3XsRsZ/vUyRftv3MoHdu2Y6SEwJ1EDgHnf2EZv7hHIW7JORjfysfnKOnb013J8Y1qo/xWN+oesr2u8z5fnzZTiXlGGqK4+ExzjbI5g3TUekOdPR6NilQ5H95vKNAtmpzfGXG7KoKJC8EqiJwKzr4DwDzeQu66Y+xy6jDl/kl0GfizV3vL/Pzajgcz63XUFXYlbtx8/3fkWf4oUmKp1qWQnlbN8NtHEzr0LfR2evaK0PZmk7u5gyZutUfcjboU5lfDXVtqv8UI8Cwgp/8zI9yMuO6hJ6ot687lHgj9M6a8yHuaDetqS+rOxeHeP0WZAmPUP8M+sRryPBLW+Rt1f1iOgFOen1fTTh9hZNp60uKZi90dhjrFwmB1hDwk97yWTH0Mk6cDCHTk0q5APWJ9oAz0c+6/vmTDtRNTNqg/4LS6PuChgxFvSzv15DuLDXeJl+SVZfeBgVeJ/PrzyjdyLW9f6auzcTftGV8XSQEWkEgTngr1zV2ORSYrlR6SV0DDfWPO9wNGtAbTwSd0oDOqOIMVKRwrbuzZcw8pfdvogMtlB9wtvmgURM0C0p+DvZj2h9lhqdYtxTcBfl/mEG7x3ZhVDamDwE/0X2+KSR+AUVeb8y3+VO3aAw/DL4tKOpQsv25oLdOPD5lMvWrgrhemRKuUPdqyMb4P/X+QwUddUS/gc42P5rG7Bin22ww7fL0CY8vets7oywSAo0i4CeYzzdqBMr8sTpvh/klTRsroe9QyHg/flSiT1kRr5f5Jok78KjfynV25/xivS+h+/AmnS/Q9bfO/k4FsqM08wuLb5s0vBgGeS+4Dm7oXok2gbTZZ9r0yZpKzkh48hDwk8vn2xopf+J6Oz5/XVtGg974EEudewZB9QtFP6amj/g9BAtev+VvSjlSso4Pw8Qbw9Tb9C65yJ0jIGDjeVeR8IjtRzsbdvOaIbLNRtQ3Src3Ox843n1GUaI+QiAiMAcV9gGKaZRtuhzjmt7+NU0bC/q8Lea3Cu11imejs9e/pI6y0PfPnO4Y+98myFYp2sJmfvParFdFQUOy+0KP+XBUQzq9Gn8jdD4aeB/H7DFlmTH3LmhXGPG2/6ILo7Ix2QjwZVN+Uvl8VyO/J8eHsxpygjvyhTP8KFI/zlNQbooYtvC6mX97U8oTur2tUW7mpsI3PLLKcYyDjoVRG1MbX+qLZ/T/0A3uEGfTbPOLpQs6GEbMJtMvdGFUNiYXgUUYmp9QPt/1qFM/+c2f+TWdWZgxToZ/mqIdoMj89WlT+v/N6T/J5c3WKAu6P0pnehhnHhfFcTXpB2PVNsaNg+LXuzaTYfqWINdG8Y+C7aPaMCKd04FAXthjHLu0OWFy+w/X4zUuycIMvXvU0Om7+kfvvc9N7c5XDf7zV4W3wzx/hZQlyj4IjjoYSx8nXQTj3qemfPG/RL6Zo/T8YN982TqnTxNNxwS7/IIRCYHKCHCRtEkb010qa2uuQzyB4n3bYgQzXMC8jpjnTbEF4P3AVehGCEddVj68iqICWX8yg7vGSxN2C1S82MwduIUezFemTd5HeNFYxcxtkPc+VeyeKf41p3e1TKllDfOcrPeFee6eV1wm1vjfK6HR7C1Evi07jTsuhf1B4Bm4YpMopjwNMG7KivEvquhYfElSHGtemadUyJRhGm8gxr5sZ/ilKfJfRtRNSr1/Z1lL/t83ojn6y3IXoYV8z5a1Rt/K9CmS8Qv0x4qEXTtvUkZ/rPw9tO3oZJvIcgE3/Uz3bkKpdEwXAs9huH4S+QWeTyL2hR6FI95Py29b0kGTt/TODH3WPmr6LPQ2Haq62Plqu+hUqKwIitSXI3+ZbF7UscP2iPtKNW37UAt1j7LrLdoMnAW9bwXzi7cu+VM+9FckBCohEI++8QNuH6qrK2lqX3g+TNhO2Xxk+p8Fpn+Kdi8/e0b+yFDvZUbJf7bAj1GbzRdeK6MqC7rfoZouprwhzPBLn8j7x3zdL8e7ocN0blpzoMTxB06f6Y0pN0VXgPlFcBCYxxPfCf59MDcgW4I3BL8WPAvsKe7SV/GNyguBIgRi+OAqdLAJyp1HH8mf9jBfmaZoG1R6mc8nhK4PMl4+K0/c+KvhcjBvWLZFB0Kx+XCYM1IUclkNsu8D3+X6mx6mrOfutW/kfWR+4xoO/hX6mr5P1dATu3LR5eL8bbDpr5veA12cSxcEnXW/hKBONE0IcGHyk/EcV+YE6ytxl+39tvzpweHHnNzS0BaL+6HiFidvOi0lVh+KnVou+2OF3tR5KJhflt6bqLM2n/YplObHxLz3k/nfiwIly9wVm66iX3AlVWaKMdzyJWfP7DaRrp1pVQ1CIIFADGH4lyM9mJDvW1UMGfFDdP+Mkyci9R+qJmKcXY5/A+f/p4PhPV2bH2Nenl9uFm4K6npT5JzzYzhkBM94xNDriGGNEVSW6rIypD4cbHs/quYXlrIqISHgEPCTjIu7v3H2hJPrc9b/qrDx+J0t607o8wAyfLsW9TaeGB5hSMXaitIHILtFho2+VZ8ZxlX1vsT6oT9xGhdtAsMfBf8zmOG5vOv0VKJ9I9SJhEAlBOIkOxK9rc7fhKukdAzCPP1hfsf06TH4U9fkWm48pyaU+d17HC/LPMWzADzOBQ3mKxNvIvrx8H5JWVoXgrzWDI1xM7I6eEi0BpzdDqy4+ZCuWs989R8e5ncB+7qeuVvojvfd8kP8gNhOlYsTF/cU2fgsfRhCPPY2ZOKu1MZjaZnxzHP9fou8Ys9lUJPMxCFgHxpL4053iAO2sVi6cGCDeBX8Nd9vzPHdZCyNYZmcrr1tisf2OLYiYjjNMGDKsItICEwlAv6DwPwOYF83NFAWB/85lu8NbBA+ds6dZxb9NxqGfK2yxhXP2Ke+qHgD8tgwfmLBJ2FFQmAqEeD5ab8gMD/0Hbofz0MYz9AW83hN8ibmNeH65ckOqe3vw7h4TTcHc/e+M/g8sL/Olud9BZEQmFoE/I03+1AMOYZ+F66kjYPpEOkGOG1jOLlgAOc4WT6dmLebL1DVq+bXuXEZFnnpp3rlvZwRAmNCIO4G+aE5Duw/PGNyrbJZnjH3fp9SWcP4OzC04MeQCjV4L2PsmH2JwyTQgRiExyLmb0f7n4NXmoTBagxCoAkEUgv6RVBsHx6eSx8KXQ9Hh+i3x9c/1MV3kBQRz2jbmJkO6XoVjY3tc8GXgP0Yf4Uyf0WKhIAQCAikFvRbIWMfoOeCfJ+L5jPT7/TZ0Rzf/BjemCNnTVzArQ+PN07K7tzG51OOjTF0kRAQAjkI2IJg6R2QtTxvKg6B/AvF6PsQF7bj4bfhzjSPNkWjl2VeNwTzEFObEJgSBOLC8CTGbXU8FjcEMn+ZDunpVo+tH0Pey7N2Qicva/mieLu3pbwQEAITiEAq5GILBNMh7NC5G/c+Hz7A6zQrjCFrCGcFOT/urD6qFwJCYEoQiDec/ALB/JIB4HAZfPR+D8Dll7gYF+qXCKAivmyMN02HPu7UOFUnBITAiAjwnRd+UYj5onPQI5pttJtf6IZ6ysPf3Dw9oBMXe16jr4DjMwShm4pCQAhMGwI8GREXcV8eAh7eX76CdIjkx2A3dM/GQHy95fkkL8nfRH12WZX+CgEhMM0IxHdm2KJhad+xiQ+f8GnJoREfaTe8mfrz9L7+W2FgD7h+V4Y2FYWAEJhCBE7EmP2i4fMfGQAe5+f4/1O0HQpeo+fjyBsDr0dcyG04/lrxGKNICAgBIfDC04V+cWA8d9uB4BJPuPhxxDzHxRATj2Xyl8nl4KPBW4AtzIFsJ8Qz43n/u5Sho8MLPPHjKxBVsxDoHwJ6Sqy9a8KdOum0Zcmg/p4Lb9/fgsdcMPlfbxjauBN8L3gJmI+e8/0h5NvA/K847wHzl8CaYL5Yah0w32n+SjDrVwGXOSd+NeSOBd8HziPuyO3VADx3v3KesNqEgBAQAkNCgOfpi/5no9/R9jHPXxBl6esQtDGcWbaT5ISAEBACQ0PgcDj8INif4OFiyffS2CI47pSvV5gH/oDz6QfIlyX+crAx8MtMJASEgBCYagQYx94DfAH4ITAXfVsks1LKMAa/GMzwyH5g3m8gUx/DK4zHc5EtE5dfBDmzdQzyZcn6VNnVl9UtOSEgBISAEBgBAVuYmW5fsj/lrJ/CLSVBk5gQEAJCoE0E5kC5LcxMy+zo6c9XXL+yXwLsJxICQkAICIGWEPgq9PoFvawZHxoq20dyQkAICAEh0CIC8SZtWVP2JcAboyIhMFgEypzjHezg5PjUIVA2xOKB+UtX4E1ZkRAQAkJACPQAAdtpW1rGpccgZPKvL9NBMkKgrwjoSdG+Xhn5NQoCXJg9lZnfvk8Zea9feSHQKwQUcunV5ZAzNRAYZS4f7Ozp/LkDQ1khIASEwDgR4IJuoRNLi/zxT776xb2on9qFgBAQAkKgRQSqLugbwRdb+H3YpUUXpVoICAEhIATKIuAX6KJFmu+mMflLyxqQnBAQAkJACHSDgC3QlmZZ3RwNJsNUJASEgBAQAj1DwC/SeQv1j+G3ydp763s2FLkjBKoj8P/gx2XGHCfFtQAAAABJRU5ErkJggg=="}]}}]

25-04-2025T12:38:48 - [MESSAGE][WARNING] - Test Case Variables : [Json:{"policy":{"source":"BTF_App","messageID":"f1a4ecd2-af80-4edb-a7f7-bced2726e374","sessionReference":"2502031114-99009-0000111867-D65AED5","quoteID":423843,"policyNo":199652,"legacyPolNo":"199652","statusCD":4,"salesDivision":"Affiliate","agencyName":"B3 Funeral","agentCode":"111867","agentName":"Jannie van Sandwyk","salesLocation":"Harrismith","partnerCD":2,"masterProductCode":"","schemeCD":"7","productCode":"8","productName":"B3 Kopano Family Plan","planCategoryCD":3,"planCategoryName":"Member and Family","benefitOptionCD":1,"benefitOptionName":"Standard","policyPremium":711,"currPolPremium":711,"uwPremium":0,"rewards":0,"rewardPremium":0,"waitingPeriod":6,"paymentTypeCD":1,"paymentMethod":"Debit Order","accountHolder":"John Smith","bankName":"Capitec","branchCode":"470010","branchName":"Universal","bankAccTypeCD":"3","accountNumber":"1234","payAtNumber":"","debitDay":25,"replacementPolicy":"No","acceptTsAndCs":"Yes","popiaConsent":"","acceptPaymAuth":"Yes","ficaIsPPO":"No","ficaIsPIPO":"","saleConsent":"","captureDate":"2025-02-03T11:13:25Z","newInceptDate":"2025-02-01T00:00:00Z","sourceInceptionDate":"2025-02-01T00:00:00Z","effectiveDate":"2025-02-01T00:00:00Z","recordingFileName":"","recordingLanguage":"","comment":"","entities":[{"entityReference":1,"entityReferenceFullName":"John Smith","entityTypeCD":2,"relationCD":36,"titleCD":1,"firstname":"John","lastName":"Smith","fullName":"John Smith","legalRefNoType":2,"legalRefNo":"8802039999009","dob":"1988-02-03T00:00:00Z","age":37,"genderCD":1,"occupation":"Banker","educationLevel":"","monthlyIncome":0,"sassaRecipient":false,"allocationPercentage":0,"preferredContact":2,"smokerCD":1,"sourceEntityNo":""},{"entityReference":1,"entityReferenceFullName":"John Smith","entityTypeCD":3,"relationCD":36,"titleCD":1,"firstname":"John","lastName":"Smith","fullName":"John Smith","legalRefNoType":2,"legalRefNo":"8802039999009","dob":"1988-02-03T00:00:00Z","age":37,"genderCD":1,"occupation":"Banker","educationLevel":"","monthlyIncome":0,"sassaRecipient":false,"allocationPercentage":0,"preferredContact":2,"smokerCD":1,"sourceEntityNo":""},{"entityReference":3,"entityReferenceFullName":"Jane Smith","entityTypeCD":11,"relationCD":28,"titleCD":0,"firstname":"Jane","lastName":"Smith","fullName":"Jane Smith","legalRefNoType":2,"legalRefNo":"8908184999007","dob":"1989-08-18T00:00:00Z","age":35,"genderCD":2,"occupation":"","educationLevel":"","monthlyIncome":0,"sassaRecipient":false,"allocationPercentage":0,"preferredContact":2,"smokerCD":1,"sourceEntityNo":""},{"entityReference":4,"entityReferenceFullName":"Kelly Smith","entityTypeCD":13,"relationCD":4,"titleCD":0,"firstname":"Kelly","lastName":"Smith","fullName":"Kelly Smith","legalRefNoType":2,"legalRefNo":"1801034999003","dob":"2018-01-03T00:00:00Z","age":7,"genderCD":2,"occupation":"","educationLevel":"","monthlyIncome":0,"sassaRecipient":false,"allocationPercentage":0,"preferredContact":2,"smokerCD":1,"sourceEntityNo":""},{"entityReference":5,"entityReferenceFullName":"Larry Smith","entityTypeCD":13,"relationCD":4,"titleCD":0,"firstname":"Larry","lastName":"Smith","fullName":"Larry Smith","legalRefNoType":2,"legalRefNo":"0709018452009","dob":"2007-09-01T00:00:00Z","age":17,"genderCD":1,"occupation":"","educationLevel":"","monthlyIncome":0,"sassaRecipient":false,"allocationPercentage":0,"preferredContact":2,"smokerCD":1,"sourceEntityNo":""},{"entityReference":6,"entityReferenceFullName":"Daddy Smith","entityTypeCD":12,"relationCD":0,"titleCD":0,"firstname":"Daddy","lastName":"Smith","fullName":"Daddy Smith","legalRefNoType":2,"legalRefNo":"6802098520003","dob":"1968-02-09T00:00:00Z","age":56,"genderCD":1,"occupation":"","educationLevel":"","monthlyIncome":0,"sassaRecipient":false,"allocationPercentage":0,"preferredContact":2,"smokerCD":1,"sourceEntityNo":""},{"entityReference":7,"entityReferenceFullName":"Sussie Smith","entityTypeCD":12,"relationCD":24,"titleCD":0,"firstname":"Sussie","lastName":"Smith","fullName":"Sussie Smith","legalRefNoType":2,"legalRefNo":"8412064999005","dob":"1984-12-06T00:00:00Z","age":40,"genderCD":2,"occupation":"","educationLevel":"","monthlyIncome":0,"sassaRecipient":false,"allocationPercentage":0,"preferredContact":2,"smokerCD":1,"sourceEntityNo":""},{"entityReference":8,"entityReferenceFullName":"Auntie Smith","entityTypeCD":4,"relationCD":1,"titleCD":0,"firstname":"Auntie","lastName":"Smith","fullName":"Auntie Smith","legalRefNoType":2,"legalRefNo":"7803074998006","dob":"1978-03-07T00:00:00Z","age":46,"genderCD":2,"occupation":"","educationLevel":"","monthlyIncome":0,"sassaRecipient":false,"allocationPercentage":100,"preferredContact":2,"smokerCD":1,"sourceEntityNo":""}],"benefits":[{"entityReference":1,"entityReferenceFullName":"John Smith","benefitCode":"33","benefitName":"Funeral - Scheme NB","coverAmount":50000,"premium":280,"statusCD":4,"benefitDOC":"2025-02-01T00:00:00Z"},{"entityReference":1,"entityReferenceFullName":"John Smith","benefitCode":"21","benefitName":"Telephonic Grief Counselling","coverAmount":0,"premium":0,"statusCD":4,"benefitDOC":"2025-02-01T00:00:00Z"},{"entityReference":1,"entityReferenceFullName":"John Smith","benefitCode":"37","benefitName":"Repatriation","coverAmount":0,"premium":0,"statusCD":4,"benefitDOC":"2025-02-01T00:00:00Z"},{"entityReference":1,"entityReferenceFullName":"John Smith","benefitCode":"13","benefitName":"Scheme Rewards","coverAmount":0,"premium":40,"statusCD":4,"benefitDOC":"2025-02-01T00:00:00Z"},{"entityReference":3,"entityReferenceFullName":"Jane Smith","benefitCode":"33","benefitName":"Funeral - Scheme NB","coverAmount":50000,"premium":0,"statusCD":4,"benefitDOC":"2025-02-01T00:00:00Z"},{"entityReference":4,"entityReferenceFullName":"Kelly Smith","benefitCode":"33","benefitName":"Funeral - Scheme NB","coverAmount":25000,"premium":0,"statusCD":4,"benefitDOC":"2025-02-01T00:00:00Z"},{"entityReference":5,"entityReferenceFullName":"Larry Smith","benefitCode":"33","benefitName":"Funeral - Scheme NB","coverAmount":50000,"premium":0,"statusCD":4,"benefitDOC":"2025-02-01T00:00:00Z"},{"entityReference":6,"entityReferenceFullName":"Daddy Smith","benefitCode":"33","benefitName":"Funeral - Scheme NB","coverAmount":25000,"premium":170,"statusCD":4,"benefitDOC":"2025-02-01T00:00:00Z"},{"entityReference":7,"entityReferenceFullName":"Sussie Smith","benefitCode":"33","benefitName":"Funeral - Scheme NB","coverAmount":40000,"premium":221,"statusCD":4,"benefitDOC":"2025-02-01T00:00:00Z"}],"memberAddr":[{"entityReference":1,"entityReferenceFullName":"John Smith","addrTypeCD":2,"addressLine1":"123 Main Street","addressLine2":"","suburb":"Morningside","city":"Johannesburg","postalCode":"2191"}],"memberContacts":[{"entityReference":1,"entityReferenceFullName":"John Smith","contactTypeCD":2,"contactDetail":"0825020300"},{"entityReference":1,"entityReferenceFullName":"John Smith","contactTypeCD":3,"contactDetail":"0112357265"},{"entityReference":1,"entityReferenceFullName":"John Smith","contactTypeCD":7,"contactDetail":"0825020003"},{"entityReference":1,"entityReferenceFullName":"John Smith","contactTypeCD":1,"contactDetail":"janith@email.com"},{"entityReference":8,"entityReferenceFullName":"Auntie Smith","contactTypeCD":2,"contactDetail":"0843285566"}],"signatures":[{"signatureDescription":"Payor","extension":".png","signature":"iVBORw0KGgoAAAANSUhEUgAAAXQAAAB4CAYAAADi1gmcAAAAAXNSR0IArs4c6QAAAERlWElmTU0AKgAAAAgAAYdpAAQAAAABAAAAGgAAAAAAA6ABAAMAAAABAAEAAKACAAQAAAABAAABdKADAAQAAAABAAAAeAAAAAByqIteAAAXRUlEQVR4Ae1dC9AlRXVWBBRERMAFRPP7giA+giECCmELZA1BIQqIBaVx3SAYRRLBYlMKyWKRFQkChsSyIjHWSpASeWuUhIQtxAIrhsRUFkUDG0AEV9nwkqeafB/cI2dP9cydmdszc+fe71Sdv0+f7j7n9DczfXt6euZ/2tNEQkAICAEhIASEgBAQAkJACAgBISAEhIAQEAJCQAgIASEgBISAEBACQkAICAEhIASEgBAQAkJACAgBISAEhIAQEAJCQAgIASEgBKoj8IzqVVWzIQI7o91y8C7gm8CPgUVCQAgIASEw5Qgcj/geB//fGH4E5WeARUJACAgBITBlCOyOeH4JHjeQp8rvmLK+KJzhIaA77eEdM0U8pQisQlypgbqubs8p7Z/Cmk4ENkFYx4B5nv0c/APwPmCREBACDRFYh3Z1B+6y+lyyEQmBMgSejsI/Aq8Fp86lsrYqEwJCoACBW6CPFxQfeC4pqG/q7SCsB8e2lr/IKiqdGwQ2Qk/J42hHVLDzpCh9yTgjKhcCQmBDBN6PbLygrtuwSqXcjxN2aPeKSq1VaRYQ+DA6wWN+K/iQkg4tGtXz590l0N0V9BeX2FCREBACAYGtkPcXFWUO8E2JyyzRHvPc7iiabQS+ie75Y38P8jy/Ij0PigfBVvcEyDajP8jprRwqkRAQAlUQuBOV7MJhekGVRmPq7Bts0i53zYhmF4FT0TV/Hpl8cujys5G/H/wL8M/AO4A98eGotbXUl0sWAkKgAAG7PbYL576Cek3UB6OR2bV0WRNDajP1CDwzcaztmF/uoudgbnqmXEOPxC2Lvg5lkRAQAhUQ8BcOZ9Cp2+MKZgqr3I0S74PyxoW1VTBUBD6KwONxtrzdmW0W6vBdhxT9DpTWlikfuIuEgBAYgwBve/2Fc+SY+k2KOXjz1tr74YNT0Wwh4I8vZT4E9zr21q+Z/y4VBcR1d9/2twvqSS0EhIBDwF80HNzbosNh2PuiTJ1oNhDgTNsfXw7I3N1iOn7v50KX/xPIRXQECqwd09VFFaUXAkLgKQTWQPQXzlMl7UgPBH/0LZoNBPx5RHkl+FCw6fmQ3eTvQC6iZ6HA6lm6a1Fl6YXAvCPA5Y/VI7YLhinXubsg75Pytl04lY9WEdgc1uNx3RQ6LqlEPfN8K7SIvo8C3+aGoorSCwEh8ORg7i8Ykzkz6oLiBcu7BNGwEbgU4dt5xPR/R93ZP+hZts2oLJXEpRbW544YkRAQAgUI3Ai9v/go2w6EgiZZ1bxD8P679J21IzL2KwT88aS8x6jkMKS+bOlIn0q2D3XZ7phURemEgBB4CoFVEP1FRrnr76xE/09FJ2loCLwQARcdz993Zf9d0rHUnnPaFAkBITAGgXegvOgCHNM0W3H0v0U2yzLUNQJc4/bH0+8X/7YrO7YgML7q79ub/JyC+lILASHgEFiAbBeNpa64E9H8Wpr7RaZOOiEnTyBgx9DS145w+S2kpmN63Ejvk6LB/Nd9JclCQAgUI8CHn/5Ce7y4amsl3j9l0TARSA3I7Am/w/JTsD/OJ7IgUHxAzvoHhDrKCoFffbFNUIxHgA8pRUKgCQJvKmh0CvTcncKXi4ziw+9rUbCTFY5S/meiq4NOWSEgBEoQeBnK/Mypjxly3/5L4FFRDQTijqnd0HZvsB3flU72O1Y+6/RWd2foREJACNREgP/j0y4iS7v+v5/m11I9FK15EKekuh0/S/1XFL+KGI9y5xplEmfvVt9S7TV/Ahr9KUKAa3uiNAKLEup465uo0qrqwFaty3gbCHCroafzkTnPKTiAP+jylN8C/pjTcYZPO/weukgICIEGCCxDG5sZWXpdAzuTNDG/lu44iTG17QWBt8KrHT+mu7v88lFE/tV/6nz9s5HXxGsElBIh0BSBM9HQX1iU1zU11qDdzQn/DcyoSc8I/Is7jvzYlj+nbPa+V9BbnUN6jl3uB4aAfvmLD9jWiaKy72skqjdWnYyW8eHXw42tqWGfCHBHitE3TEC6GMxv35MsfTL35N/9kPA76SIhIAQyIMDlFZsp+TSD6VIT8QNO5lvLLaWwTWXhKxGVHb8LnEydp5XIWD2mB/tCyUJACEyOAL+E5y8ykye3nLbwmQJ/9Htruom0U44AH37aeXO7kxdc3Mc7Pet+wpVJFAJCIBMCj8OOXYw+rWKer+hvB+bbpsaxHV9UehX4UbC3H+U7YkPle0GAx+u54B3A3D7Kb5uX0WYotGP5QydzomB0BgSrY+nhVqhUCAiBfAjYBRbTMg9noTDWnyS/qsyZyjpBYEnFY/pd1ONgbA86VxS02xJ60pfAqXNjKQtFQkAI5EUgdbFRV0Y/R2FRu7p6bncT9Y8Al7vqHrui+qthi/+FyC+/sO7nwdbmOMgiIdAIAd5GiqojwIuuTboPxt8FvrJNJ7JdCwH+SOeiw2AofqvlIOi49GbEpRqREGiEgLYt1oMttb3MW/hLn6khr0Vdzty49q7BvAZwHVT9QEYfPw22Xo7818DPdHovO7VEISAEJkHAboF9en9Fg2UPRXeFDS6nsI7ukCoCOmXVNkc8/FdwS8EckP05Uke+Fm3fBj7F2TgJskgINEKg7L+KNzI4Q40eQ182Cf3hxaq7mgCKshsgwHMkB3GX1S1gPmz9LzDX8rnj6S7wvWDeLXKHFL/9QuK17H9MeJ5ywsCHtCxjuimYdh8epXH5B2qREJhNBHh77C8Qk2ezt+pVXQQ4QPItUL4/8BOwnR9dp+sy+Oazm78HHwNmn7iOz/6JhMDMILAGPUldnDPTQXWkNgI7ocX54NR5UabLufupzE+uMvuBuh595RuuR4NfBBYJgcEicB0iT10g2w22Rwq8CQLPR6PPgVPnwjjdQ2h3AnhrMF8wi0ucL4Tuy+AyOxeh/Itj6hS1vxztloNfAeYzGy658KErZ+A8j18Nfgv4Q+DzwFeDubyzFlxkk2X6aBhAEA0LgaKZ2N8OqxuKtgECnI2+B1w0qEX936Audyd5/W3IV92CyG+3WNuiT07wW+hLwCS+nLQ3+CPga8DWtizlA33+wNwN5kD/bjD7mXomxOUWPvg9AHwqmOv0KduXQa8JDkAQTT8CqxBi6iTmgyjR7CGwG7pUdFcWz4NzUPcFIwg4aMd2HDjtjdBRtdJkX5SaD8p7gr/idFZm6SUoSw2kHJwXgfcDnwZmXHyIynbjPjHBwZkYFBFn94eC+cNicfj0SOhTPw5Qi4RA/wh8CyH4E9bL/UenCHIh8Gclx9kf8+NRL864lxe0fW/N4A5ydigbbQHhE2AfR5Q5Ux9HtMPlFd5dxvZFec7MtwGniMtHnwKn2v4z9PxBeg5YJASmBgGuJdoJGx9qTU2QCqQxAq93x9eOs0/Xo/xo8LMTHt46pu0miTZlqo85e5RT9GYofXxRPiLVqEDHWTzX9qONsvzJqL8LmIO5J/5zjpvAvq3dDXwdev64LQZz7V4kBHpD4E54tpOUF7fJTEXDRuCfEL4/nlE+pKB7nOXGujG/pKBtmdqvv497U5gz3xtK4uBAXWfpY0vU//MSe7F/lr8HbVaC+aO3B5gvWr0TzAe494KtXir9Lso1gwcIou4QuA+u7GT0MnVbdReGPGVEgEsPdkxTKQenFL0YylvAsc0Hg+525JsQX/Yx25SrEme/1i6mH0VZ3VkxB3fuq4+22sivgh+REOgMAbtt5MnsZeYP7iwKOcqFwM4wVDQwcWfJ0xOOOMCdkmi3DLqXJPRFa86oWkoxrtLKicKdoOMD0GiH+aXgJrNhzvLfCL4KnLI7qe502BUJgc4Q+AU82UnrZeo+3lkUcpQDAS6D2LGM6YEJB5tA98ejNv75yQeg40C39ajM22JZU/J2KDeljdGQdxnens3+z4R+26aGR+24fv6b4PeDzwVfCuYnMry/KjLvAvQmKkAQdYcAv3NhJydluzCou7i7MORpQgR2Rfuivd2pGfWRqG/HnSnXg/8QbMsX3Oniy02GujGZDUsbG3INXwr5k+C4nv196F7t6uUUOUhzWYu48oUs/vDx7oA/NCIh0CsCcUD/T0RjF9xlvUYm51UR4EzbjplPv5Qw8NpE3bOh47KLEQcsb8fkl1uFhqnZsbShmWQzDqhLwWbbpwckW0gpBGYQAb/MQpmDuF0Ma3rsL2/tOSC9vccYhuL6JARqx4zpevBhIfh9Qh2r/xuhHrM/LqibqFpLZT4trdW4YmXOko8Gmw+fHlHRhqoJgcEi4NcGKV8AtouAt7FdE9cvzb9Pb4N+BZhru6INEfA4UX7BqHh3pKeBYznz54FTWJ5YUP8PoJ+UYhyT2itrz4e/7wJHn8wfWtZQZUJgyAg8hODtpKfMB6GWr7O1LAcGOzjfFkNMV+RwNGM2IkZlec6+n1fQ/1+DvqhtavAvMFOojrYLK2YuOBz2om/mUw+KM7uWuTYQyHEythHXNNjkrNyI8o8sg5S3r10Rv9nhfXfldxb8XDumE/eg/BzwVmDizIenKeJdUIpugpLPWoZKX0bgnLEfGzrwNeQ5sO8f9MoKgcEi4NdLKb8b7GczXXXM+4zy+xDEp8ErwEU/zjuijDwLtAydIAb8gT2oQoc44+br5xG3v4aOyy5VaAUqxfaWX6hioEIds2dphSatVDkOVi0Gn3JZiQO/SAgMFoHbEbmd1JTjdrYuOvZhF4PFYmkV/1e49pSHTAsI3vpuadX+cDDibhXuUqlDW6Oy+UqldWyV1eVM3+xT7pv44Nji8ekK6PksRyQEBocAb7PtZKb8QZenvgsy/zHlXt9xxFl5bDfUmTqXRGJfmG+buCST8kvd6zI6jz4ymp7I1C5ofQM4xse7HpZp1g4QRMNA4BGEaSfyzyD7h6LUt027wYH59yn3S1eh/VDJt6NM3dBoEQL2b2tany5tuSMHwL75SqU53Uf7OW3nsMVZ+VKwvya4DMk7Vy7TcK+7SAhMNQL+xSIOKJ8F+wuv7eDXBX/0fX4Np4sT7akbEvEbJQ+CPe6U7+2gE98Ifr/t8lXX36uGucbZpjzNxOcSJ4BvBPvjwgH+CDAHf5EQmDoE/MlK+SKw6brY2WC+fFoHpLZm6G9EEOS26UA48H33MrdxtkkLMO79efnyFhz7dxx4ng2BuNzyUvAXwB4fyvxR4jnCOiIhMBUIxJP0q4jKdA+3HOEbnC/z+aKaPl+XsEHdJPQ9NLZ4KLdFn4Zh8xPTr7Tl1Nn9TPB/q8u/0tXLJcY+5rLblR0O3Nw08AA49uUu6PYHa3AHCKL+EIgn5j8gFNPd2XJY1ztf9HlaA38HBxu0s28DO9aEMy7rv6W5Z+obwce/J/yYv0ctmJZTv1Zsvpl+sSW/3gflIdMCgr8QHPtk+b9CGZ8D8Ts7IiHQGQJ2Alp6JTybzPXDtmgBhs0PUw5wTeh0NPJ2KC9pYmjUJrXjg0sFuYjbCu8Ax5h9fuNczsbY8T69vP2Ydk2LvQ/KxGIWiHeaa8Gxfz7POy4+WH09WIM8QBC1g4A/6Sj7JZfV7bh8wqr/KBj9btvQV9yVQ1t1l23MddG3Py62ChOm3NGzHhwx9/nXTOijanMuDXi/Jr+nqoEG9cyHpb/XwMa0N1lAgH8K5hKM9TOmp0x7JxTfcBGIJ9u57kTkbWMbtBhGvd+1EzjZOdii3U0b2Ptcwo7F+JEG9mKTt5fYNz9HxUYt582vT9t06f1Q5qv3s058l4I/0seAV4GvBu8NFgmBVhCIF5l/UEa5Dco1O2dsHLxjH/jmYx1aQOVow+f5IGwS4g+Ct5eST57EQcO2MY5tGtqp2iz6Y14kBIRARgTiReYfilJug6LPSX1Ee3UHx9sQQLTh83z41ZTOQkNvKyWzTh+0GZx+Hsx9//xoV9uU6nvbPmVfCMwVAvEiW43em45ybopLDzmWdSxeS39SI+gPoa61K0p5R9GE+CCsyKbpc/S/SWx9tLE++7SPOORTCMwsAv7iouy30zXdeVIG1jUo9D63LKtcsYz75b1NyvzhGEenokJsV5Q/epwxV84lH77lWWTL9G0tablQpkq0flt641RFp2CEwAwg8Ev0wS4wpre4POXc9CAMmr+mM98Yk9mL6V/Eii5/gYvDtzsT+tTedtYhVtyi5h+6ck85txnyg2DcxXIF2Nsrktt4ExOup5aIU8Si7PhMbUcUmBCYZgTiRea3W1HOTdFfDvvRps/bA81nwRF5T7Av9/L9LpjvlNTzbZrIVzk/8yI+P4HnHvPSefVTCHSFQByQ7oZj0/0ocxCbO9v0wRnvpJTa5WLx10l55+Bn3owr9ZJRHZus+wjYt3kU+a5eHIKrqaHtEYnHgTIHeZEQqI0Ab/dE1RDgvlmjXEsiZq+NnRSHmfFReknIV8myDfv9WKjMbXzXBF3VLLFbDn4gNODr4Pyq5bzRK0KHv4l8nYfXobmyQkAIpBCIsya/pp57DZ2DZvSXiqmO7gfBJtv+W9BFnz5/FhuMob1QzsHetyuTr0dd3o1wB4uvtwL5eSWPA+Vd5xUI9VsItIlAvNB8/uYWHHv7cUbcxJ23R9noUgixzOf5w8WBui5xWYYPQJeB3wHeEpy6A+SA5f359XkUzRXti956LP5xrnqvzgqBDhHwF1qU/7WFOLyP/8lg39u7KdjjLJnfCzkRvAOYg+xicBtLPzC7Afm4KG+7Qen8ZPjNmMfBHo/UD+D8IKKeCoEWEeA6pr/YvJz7oSi78XfO3zlUTECHoq2P92UT2MrZ9JoQ13tzGh+YrTcHLPSlwYEdQIU7LASODBecHyBzPxQlMh93/o6lYgL6Otr6eCcwla3pQojpvmyWh2nID+i8WxIJASHQIgJxAPIDJOXctAYGzcc7JzTOLYBm66oJbeVqbvFYGrdC5vIzFDtccuGgTqYsEgJCoEUEuCfaBp9Umtu19zHJEgn/i5C3NelsP0c/Tw8xHZXDqGwIASEgBOog4AfGKNexU6Wutz/JwzH+9/VctqrEPa5O/GGc96WWcXipXAgIgZYQuA52/eBo8sMt+DPbTHefwL63Q7lv+h4C8DH1HY/8CwEhMMcIPIS++wGJD0T5karc9AgMmp9vNTQed7f0/eblLq5P7Bv3p4uEgBAQAr0iwB0vXItuc5923Jmy0KDH9oNg6RkNbORs4h/O3pjTsGwJASEgBKYZAT4ItYHY0v1qBMy969bO0hrNs1flTh2Lg6lICAgBITBXCKxHb/0gSPlOMF+nL6M3oTC2u7asQctl/Byvj2eflv3JvBAQAkJg6hDYChH5gbBI9v8Mo6hOn5071/Xj7D4DkW8hIASEQJ8IcHZ7N7hooK6i57dZ+iI+Z7AvU+b+KmVffZJfISAEhMBECOyJ1nGHzbjBnDtwuPzSJ90M5xZnmw+R++yjfAsBISAEGiHAgX0d2AZJpqmBnv8wYpI3TNF8YloOCxbnyomtyYAQEAJCQAj0gsBO8GqDObcrzuO/k+sFeDkVAkJACORGwH/b+zW5jcueEBACQkAIdIPAF+DGZueru3EpL0JACAgBIZAbgVfBoA3mTLXUkhth2RMCQkAIdISAH8z5AFckBISAEBACA0TAf3/mPwYYv0IWAkJACAgBILAI7GfnWmrRaSEEhIAQGCgCfInJBvQDB9oHhS0EhIAQmHsE+LEwG8z58TCREBACQkAIDBQBG8yZaqlloAdRYQsBISAEzgIENqCfJDiEgBAQAkJgmAhsgbBtMOcaukgICAEhIAQGisB5iNsG9DcMtA8KWwgIASEw9whwm6J95/zKuUdDAAgBISAEBozA1YjdZucc3EVCQAgIASEwQAT2Qsw2mF84wPgVshAQAkJACIwQeAypDeibCxUhIASEgBAYJgKHI2wbzC8bZhcUtRAQAkJACBABG8yZbipIhIAQEAJCYJgIvA9h24B++TC7oKiFgBAQAkKACNhgznQjQSIEhMB0I6CLdLqPT5/R+X9W8UMEwj3oIiEgBKYYgf8H7sbkoFT47QkAAAAASUVORK5CYII="},{"signatureDescription":"Agent","extension":".png","signature":"iVBORw0KGgoAAAANSUhEUgAAAXQAAAB4CAYAAADi1gmcAAAAAXNSR0IArs4c6QAAAERlWElmTU0AKgAAAAgAAYdpAAQAAAABAAAAGgAAAAAAA6ABAAMAAAABAAEAAKACAAQAAAABAAABdKADAAQAAAABAAAAeAAAAAByqIteAAAacUlEQVR4Ae1dCdBlVXEGkQEBBVQYWQeHRRlRsJBIECkIOCI7AYIGCEhKQBIUDRUStWQiBiFF1AooGBSKpQS1CJtSIhAGlwkxkEiCMmwyIAZFwGETBLJ8H/M39jTnbu8u7973vq7q/2x9uvt897zzzut77v1XWEEkBISAEBACQkAICAEhIASEgBAQAkJACAgBISAEhIAQEAJCQAgIASEgBISAEBACQkAICAEhIASEgBAQAkJACAgBISAEhIAQEAJCQAgIASEgBISAEBACQkAICAEhIASEgBAQAkJACIwRgRXHaFumhYAQmE4E1sCw1wNvBN4AvA54NTDpSfAj4IdmmPml4GfAz4P/FywSAkJACAiBjhB4GeysCt4efDT4fPCvwP/XAnOBvx+8K3jq6eVTj4AAEAJCYFQEuNPmLnsr8HbgN4NfC14LvBm4C2KUgX7M6sJY321oQe/7FZJ/QqAfCHDRPBB8PHjrApd+OdP+faQPgG8B3wq+B8ydOsMq3K2LhIAQEAJCoCME1oada8FlQiWLIfdJ8Hzw6mCGXURCQAgIASEwZgR2gv2iRfxKyOwDfuWYfZV5ISAEhIAQSCCwBeqyFvJ70fZu8EqJfqoSAkIgA4HZqCfzxpJICHSBAEMrjHenFvMDunBANoTApCFwFgaU+kBZ3S6TNmCNpxcIHJYx7+b1wjs5IQQGiMDP4LMt3HkpH6wQCYEmENgMSu4Fx/m2YxPKpUMITCsC/4GBxw9VUZm7eZEQGAWBV6DTqeA4xz4wijL1EQJC4HcI8Gm6+MEqW378d2qUEwKlENgZUnF+nY06HjMUCQEhUBMBvqfCf8D4AAaJN0R3AN8N9u0xvxTtIiFQBoF4j4Zza/MyHTuW4ZOfe84w8yIhMBgE/AL9dI7XR6LNy/r8DTn91CQE+IAPn870c+ZzPYaFi7n5uneP/ZRrQmA5BC5CySYuU4ZfiogvIvJ9LP+Zoo5qn1oE7gxzZv+eI+EXdM5vPXHa8wsm95YhYIsx07zdecTr56jwfS1/chRUeeoR+EiYK28aACIrB5+/PACf5aIQWG5RrgrHVehgC7lPD66qSPITiwAfyfdzY0jHEb3fzIuEQK8ROBHe+Uk7irMMs3gdlp8zijL1mTgELnbzg0+BNkV86yJfwPVB8F7gV4GbJD5AZ3PZ0rc1aUC6hEDTCPwWCm2y3l9D+elOj+ljKhICfj6M+q5wvreF7znn4p0V6qMd/nehj4LXBNely6DA+868FvS6qKp/qwj4CVvX0OVQ4PUx/2hdpeo/aAT8jcXrKo6Ei+dPwHFOlS1fiL4vr2jTi6fs6PiiR0j53iHgJ20Tzj0BJV4n87whJppOBG7EsG0+zCkJAXfXqXlkeqqmJc0uJ0YfUnaWE1JBCPQJAR8meapBx1IfhNkN6peq4SDg50IZr3eHkO8T8+ei/QTwzmC+OsDThiik7ufwl2NV+hg6RNs65VIVRcm3igDPl/96hpnnI/s2abm4N0V8utT0+rQp/dIzDAT4lkS7/qcVuLwK2j/r5K3fJajjK3WrUGr+Mf5ehcy+T+dWUSBZIdA2AlzMbYL6POuapnjumDb4MJJoehA4FkO1+Zb3Cly+bdHkLL0UdavVgGq9oJNvEX1NSX2Mk5sfPi3ZXWJCoBsEnocZm6D/4/JtLbTxyUDaPqebocpKDxB4GD7YfMtyh6dWTMbSd2UJV6z/RND9DMr8JVBEu0HAfPFpUT+1C4FOEfCLuJ+oTYZb4oC8HctHGZUnEwG73r9IDI+74O+CTcbSJs+S00Y8ebU04UusMl98enQUUlkIjBuBrPevtO2X/2Awzw+ZaLIR8GGL8xNDXYQ6Py/OQ/llCbm6VQyzeDvMX1ugNMqz3IZvBW6oWQjkI5CaqKxrmy6CgWi7bZvSP14EeP7brvmC4ApfC2FtTPcN7U0X3xDs0eb2GUbmJGQpLxICvUOAEzPy5zvyMtrlf3UXTS4Cfof+BTdMv9BzTnT1zp8jYCvOQefWi1mGh6Kcwi0vwqNMnxCIE5XlroinDLx93jATTTYC/nrbSD+MjNXfapUdpU862/Rhy4Rd882nCTFVCYHxI+AnqeW78or/9chsWtqVbdkZDwLXuGvOnTnJrj3TOscSX1BW8c9awf7Fof+6oZ0+LgkyKgqB3iDgP0zMX92xZ9F+x+ZlrmMENoY9u+bcmftY9nkd+2LmFiJjPjH1dBUKvo35+DSql1deCIwVgThZu3Zm3Pa7Hq/srbCCD7V9EoDYHODiPg76Fxg1H5gy1m/k65n/pTUoFQJ9RCBO2K59jPb5LmvRZCPAm9/xurP8B+CPg28A+wfe+DAaXwGwG/jV4KZpMRR6f0x//CcclFnDGpUKgT4i4Ccy811TtD8OH7oe87TYY4z8AHC8xg8m6qJMUfl+6Phj8Fxw3fPg/ull3iQ1OhUZ78c/WYNSIdBXBPyEZb5rOgMGx+1D12Meij0ulFuB3w6uerPyvegTr2vb5etgk4s8d9ZVKPplfWN93S8O06tUCLSGQJy0rRnKUdwHH3Lcm7omngNPnb2+HfVzSqDBnXnefxCK13vUctZTzqaPN/jzXgDGoawKNnlLGVYhW5npn4JFQqDXCKRimV083MMPERcN/6/u/Ien16BNqHPcfX4R/BjYX4tUfvMCDLig5+l5NsPGN1DPN3K+A8zH86knRfSV7XPB+4OvAKf89HXUuzX4FHDqy8rL8ijj8WBfh6KoLgL+bnNdXer/UgS4eN8RqnnSgDHFFB2JyveAeeMqSybVj3U3gHdmpgTpupcAqSERLprcyVZ9m2HRNfo6dB5Uw0fOy38F3wVeAuZ7+tcBc+fMxXxd8Gzw+mAuwCuBORYeKVwbvDJ4VOIXxrfAnOukN4F/8kJOf4RAjxHYG775XQjz8xP+PpKQi/2aKi9J2FdVOwi8D2pT1+0m1PMXlNEcZKIcF9E84hsSy+yGo95xlw+A3xzbU2CGdP4OLBICg0CAO+74AdoleH5/Qib2aarMd1OLukEgHtXjNbwIzHBYinZEpb/On0sJZdRx9/w68FvAnF8HghnSuB7sdY4zfzN8sbl/tPOr6IsLoiIh0A8ELocb8UO0bXAttrdVPi7YVbEdBBhOWAr21/FLJU35PotK9ikS40Jqei92edbtC2bYYw/wYeB/BP8YbPJF6bOQ/W5J+UMgtzqYoRrTeybyIiEwGASehqc2eS1lXN1oK2Ssvsn0JOjN2gmabaXNI8CHcn4DtmvJ68+YdFl6DoLW15/XLts/Jcf7MaZzFeR589LKTHcHt0EMLfIXodni4s/8d1zd+siLhMBgELDJ7FPeaDL6a2R8G/Nc5MsQF2wt2mWQ6kZmJ5jx/53qkhHM+v6cC03QH0KJzbGNZxQyNGN1TNuMY28A/aeBHw02aZdHFWeBRUJgEAj4D43l/SKcirMOYmBycjkEGFKx68sbfRYrXk6oROFhp4f6/K+5Et2TIls6nRs5idWQv8m1neva2sgy3MIvDsPJpzzhsl0bRqVTCDSJgJ+0lvf6z0LB6i31C76XVb6fCNzuruGvka/zLpQfOV2cDyeA6xJ35dz5k9+QUHYE6mzuMRzCG6xtkdlhehfYly1/aFvGpVcI1EXAJqlPvU4u3r6N+WmjhRiwx4CLYrxx3EdMGErwfvNmYl3yXw7UfVBdhejPM97m554Z+t7qZG5DvkrcP0PlS6rf6Wx8cKZ1HaQXunrzk+nuMzJKhEBvEPAT1PLeOR7ZsnpLffsk5w/G4BiesHGXSXljbdMegMLFxvu7sCGfuIv2ehkWqUtzocB0/kmOMr6fhSHAp8H0o4lwD9S8SOYD0/grYEXUHQX2Msz/DDwbLBICvUAgTlCWPT2IQpTx7ZOaj6GFiEFR+YwxAsPjn96/UxvyhY/7e73PNaR3Q6f35AKdXGgXOfndCuTLNjM+bmMrOsLJY5Qmaylv7IqEwNgRsAnpU++Ur7e8b5/EPBcqG2uddJsxgPOJ4Pv8Bn14Iui+tiHdfODIcP5mCZ3cLd/i+jSxmJp9pq8o4QPP8p/kfGC/C8F8OlYkBMaGgJ/IlvfOPI+C1fuUoZhJJD9Gn/8MBsv3hHAHyZ/8vi0rz/BLlxTPb3NH3RQxtBLHyXepNEG8SWu6HympkAvqQ67fF0v2S4nt4PRckBLIqaPvN8/0t8/KXjnyahICrSJgHySfeoN7o+DbYv5ELzzwfGqh5oe07A247yew6gqS7YNt3hBtkuJ1Z7kp4o7Y6y+rlzfsH3d9if8o5G3PGkEBfzG8G+x9uRplhodEQqAzBLaCJT+ZLR8d4K7J2rLSG2KngZUXJMb42AhjiPiMoKJyF/5y8HabXsw/HfTT1q6VvczuEP3PlnxpC3fqvwHb+Bkuq0L7QNj6frxKx4Qswy0LwaaP6WvAIiHQCQIMH/jJxzxPD6RoCSqjbKp8XKrzAOriWLgzH4WinlF0VO3DLx6zu2PVzgXyWzjdZuO+gj5Vm7nDNd1MqxJ3wnwNgdfB3XsRsZ/vUyRftv3MoHdu2Y6SEwJ1EDgHnf2EZv7hHIW7JORjfysfnKOnb013J8Y1qo/xWN+oesr2u8z5fnzZTiXlGGqK4+ExzjbI5g3TUekOdPR6NilQ5H95vKNAtmpzfGXG7KoKJC8EqiJwKzr4DwDzeQu66Y+xy6jDl/kl0GfizV3vL/Pzajgcz63XUFXYlbtx8/3fkWf4oUmKp1qWQnlbN8NtHEzr0LfR2evaK0PZmk7u5gyZutUfcjboU5lfDXVtqv8UI8Cwgp/8zI9yMuO6hJ6ot687lHgj9M6a8yHuaDetqS+rOxeHeP0WZAmPUP8M+sRryPBLW+Rt1f1iOgFOen1fTTh9hZNp60uKZi90dhjrFwmB1hDwk97yWTH0Mk6cDCHTk0q5APWJ9oAz0c+6/vmTDtRNTNqg/4LS6PuChgxFvSzv15DuLDXeJl+SVZfeBgVeJ/PrzyjdyLW9f6auzcTftGV8XSQEWkEgTngr1zV2ORSYrlR6SV0DDfWPO9wNGtAbTwSd0oDOqOIMVKRwrbuzZcw8pfdvogMtlB9wtvmgURM0C0p+DvZj2h9lhqdYtxTcBfl/mEG7x3ZhVDamDwE/0X2+KSR+AUVeb8y3+VO3aAw/DL4tKOpQsv25oLdOPD5lMvWrgrhemRKuUPdqyMb4P/X+QwUddUS/gc42P5rG7Bin22ww7fL0CY8vets7oywSAo0i4CeYzzdqBMr8sTpvh/klTRsroe9QyHg/flSiT1kRr5f5Jok78KjfynV25/xivS+h+/AmnS/Q9bfO/k4FsqM08wuLb5s0vBgGeS+4Dm7oXok2gbTZZ9r0yZpKzkh48hDwk8vn2xopf+J6Oz5/XVtGg974EEudewZB9QtFP6amj/g9BAtev+VvSjlSso4Pw8Qbw9Tb9C65yJ0jIGDjeVeR8IjtRzsbdvOaIbLNRtQ3Src3Ox843n1GUaI+QiAiMAcV9gGKaZRtuhzjmt7+NU0bC/q8Lea3Cu11imejs9e/pI6y0PfPnO4Y+98myFYp2sJmfvParFdFQUOy+0KP+XBUQzq9Gn8jdD4aeB/H7DFlmTH3LmhXGPG2/6ILo7Ix2QjwZVN+Uvl8VyO/J8eHsxpygjvyhTP8KFI/zlNQbooYtvC6mX97U8oTur2tUW7mpsI3PLLKcYyDjoVRG1MbX+qLZ/T/0A3uEGfTbPOLpQs6GEbMJtMvdGFUNiYXgUUYmp9QPt/1qFM/+c2f+TWdWZgxToZ/mqIdoMj89WlT+v/N6T/J5c3WKAu6P0pnehhnHhfFcTXpB2PVNsaNg+LXuzaTYfqWINdG8Y+C7aPaMCKd04FAXthjHLu0OWFy+w/X4zUuycIMvXvU0Om7+kfvvc9N7c5XDf7zV4W3wzx/hZQlyj4IjjoYSx8nXQTj3qemfPG/RL6Zo/T8YN982TqnTxNNxwS7/IIRCYHKCHCRtEkb010qa2uuQzyB4n3bYgQzXMC8jpjnTbEF4P3AVehGCEddVj68iqICWX8yg7vGSxN2C1S82MwduIUezFemTd5HeNFYxcxtkPc+VeyeKf41p3e1TKllDfOcrPeFee6eV1wm1vjfK6HR7C1Evi07jTsuhf1B4Bm4YpMopjwNMG7KivEvquhYfElSHGtemadUyJRhGm8gxr5sZ/ilKfJfRtRNSr1/Z1lL/t83ojn6y3IXoYV8z5a1Rt/K9CmS8Qv0x4qEXTtvUkZ/rPw9tO3oZJvIcgE3/Uz3bkKpdEwXAs9huH4S+QWeTyL2hR6FI95Py29b0kGTt/TODH3WPmr6LPQ2Haq62Plqu+hUqKwIitSXI3+ZbF7UscP2iPtKNW37UAt1j7LrLdoMnAW9bwXzi7cu+VM+9FckBCohEI++8QNuH6qrK2lqX3g+TNhO2Xxk+p8Fpn+Kdi8/e0b+yFDvZUbJf7bAj1GbzRdeK6MqC7rfoZouprwhzPBLn8j7x3zdL8e7ocN0blpzoMTxB06f6Y0pN0VXgPlFcBCYxxPfCf59MDcgW4I3BL8WPAvsKe7SV/GNyguBIgRi+OAqdLAJyp1HH8mf9jBfmaZoG1R6mc8nhK4PMl4+K0/c+KvhcjBvWLZFB0Kx+XCYM1IUclkNsu8D3+X6mx6mrOfutW/kfWR+4xoO/hX6mr5P1dATu3LR5eL8bbDpr5veA12cSxcEnXW/hKBONE0IcGHyk/EcV+YE6ytxl+39tvzpweHHnNzS0BaL+6HiFidvOi0lVh+KnVou+2OF3tR5KJhflt6bqLM2n/YplObHxLz3k/nfiwIly9wVm66iX3AlVWaKMdzyJWfP7DaRrp1pVQ1CIIFADGH4lyM9mJDvW1UMGfFDdP+Mkyci9R+qJmKcXY5/A+f/p4PhPV2bH2Nenl9uFm4K6npT5JzzYzhkBM94xNDriGGNEVSW6rIypD4cbHs/quYXlrIqISHgEPCTjIu7v3H2hJPrc9b/qrDx+J0t607o8wAyfLsW9TaeGB5hSMXaitIHILtFho2+VZ8ZxlX1vsT6oT9xGhdtAsMfBf8zmOG5vOv0VKJ9I9SJhEAlBOIkOxK9rc7fhKukdAzCPP1hfsf06TH4U9fkWm48pyaU+d17HC/LPMWzADzOBQ3mKxNvIvrx8H5JWVoXgrzWDI1xM7I6eEi0BpzdDqy4+ZCuWs989R8e5ncB+7qeuVvojvfd8kP8gNhOlYsTF/cU2fgsfRhCPPY2ZOKu1MZjaZnxzHP9fou8Ys9lUJPMxCFgHxpL4053iAO2sVi6cGCDeBX8Nd9vzPHdZCyNYZmcrr1tisf2OLYiYjjNMGDKsItICEwlAv6DwPwOYF83NFAWB/85lu8NbBA+ds6dZxb9NxqGfK2yxhXP2Ke+qHgD8tgwfmLBJ2FFQmAqEeD5ab8gMD/0Hbofz0MYz9AW83hN8ibmNeH65ckOqe3vw7h4TTcHc/e+M/g8sL/Olud9BZEQmFoE/I03+1AMOYZ+F66kjYPpEOkGOG1jOLlgAOc4WT6dmLebL1DVq+bXuXEZFnnpp3rlvZwRAmNCIO4G+aE5Duw/PGNyrbJZnjH3fp9SWcP4OzC04MeQCjV4L2PsmH2JwyTQgRiExyLmb0f7n4NXmoTBagxCoAkEUgv6RVBsHx6eSx8KXQ9Hh+i3x9c/1MV3kBQRz2jbmJkO6XoVjY3tc8GXgP0Yf4Uyf0WKhIAQCAikFvRbIWMfoOeCfJ+L5jPT7/TZ0Rzf/BjemCNnTVzArQ+PN07K7tzG51OOjTF0kRAQAjkI2IJg6R2QtTxvKg6B/AvF6PsQF7bj4bfhzjSPNkWjl2VeNwTzEFObEJgSBOLC8CTGbXU8FjcEMn+ZDunpVo+tH0Pey7N2Qicva/mieLu3pbwQEAITiEAq5GILBNMh7NC5G/c+Hz7A6zQrjCFrCGcFOT/urD6qFwJCYEoQiDec/ALB/JIB4HAZfPR+D8Dll7gYF+qXCKAivmyMN02HPu7UOFUnBITAiAjwnRd+UYj5onPQI5pttJtf6IZ6ysPf3Dw9oBMXe16jr4DjMwShm4pCQAhMGwI8GREXcV8eAh7eX76CdIjkx2A3dM/GQHy95fkkL8nfRH12WZX+CgEhMM0IxHdm2KJhad+xiQ+f8GnJoREfaTe8mfrz9L7+W2FgD7h+V4Y2FYWAEJhCBE7EmP2i4fMfGQAe5+f4/1O0HQpeo+fjyBsDr0dcyG04/lrxGKNICAgBIfDC04V+cWA8d9uB4BJPuPhxxDzHxRATj2Xyl8nl4KPBW4AtzIFsJ8Qz43n/u5Sho8MLPPHjKxBVsxDoHwJ6Sqy9a8KdOum0Zcmg/p4Lb9/fgsdcMPlfbxjauBN8L3gJmI+e8/0h5NvA/K847wHzl8CaYL5Yah0w32n+SjDrVwGXOSd+NeSOBd8HziPuyO3VADx3v3KesNqEgBAQAkNCgOfpi/5no9/R9jHPXxBl6esQtDGcWbaT5ISAEBACQ0PgcDj8INif4OFiyffS2CI47pSvV5gH/oDz6QfIlyX+crAx8MtMJASEgBCYagQYx94DfAH4ITAXfVsks1LKMAa/GMzwyH5g3m8gUx/DK4zHc5EtE5dfBDmzdQzyZcn6VNnVl9UtOSEgBISAEBgBAVuYmW5fsj/lrJ/CLSVBk5gQEAJCoE0E5kC5LcxMy+zo6c9XXL+yXwLsJxICQkAICIGWEPgq9PoFvawZHxoq20dyQkAICAEh0CIC8SZtWVP2JcAboyIhMFgEypzjHezg5PjUIVA2xOKB+UtX4E1ZkRAQAkJACPQAAdtpW1rGpccgZPKvL9NBMkKgrwjoSdG+Xhn5NQoCXJg9lZnfvk8Zea9feSHQKwQUcunV5ZAzNRAYZS4f7Ozp/LkDQ1khIASEwDgR4IJuoRNLi/zxT776xb2on9qFgBAQAkKgRQSqLugbwRdb+H3YpUUXpVoICAEhIATKIuAX6KJFmu+mMflLyxqQnBAQAkJACHSDgC3QlmZZ3RwNJsNUJASEgBAQAj1DwC/SeQv1j+G3ydp763s2FLkjBKoj8P/gx2XGHCfFtQAAAABJRU5ErkJggg=="}]}}]

25-04-2025T12:38:48 - [TEST_STEP][PASSED] - println("Initializing test data for case " + testCaseContext.getTestCaseId()): null

25-04-2025T12:38:48 - [TEST_STEP][PASSED] - comment("Story: Preview a Script Template"): Story: Preview a Script Template

25-04-2025T12:38:48 - [MESSAGE][INFO] - Story: Preview a Script Template

25-04-2025T12:38:48 - [TEST_STEP][PASSED] - comment("Given that the user has logged into their account"): Given that the user has logged into their account

25-04-2025T12:38:48 - [MESSAGE][INFO] - Given that the user has logged into their account

25-04-2025T12:38:48 - [TEST_STEP][FAILED] - isLoggedIn = verifyElementPresent(findTestObject("Object Repository/Page_ScriptTemplates/span_Account_Name"), 3): Unable to verify object 'Object Repository/Page_ScriptTemplates/span_Account_Name' is present (Root cause: com.kms.katalon.core.exception.StepFailedException: Unable to verify object 'Object Repository/Page_ScriptTemplates/span_Account_Name' is present
	at com.kms.katalon.core.webui.keyword.internal.WebUIKeywordMain.stepFailed(WebUIKeywordMain.groovy:117)
	at com.kms.katalon.core.webui.keyword.internal.WebUIKeywordMain.runKeyword(WebUIKeywordMain.groovy:43)
	at com.kms.katalon.core.webui.keyword.builtin.VerifyElementPresentKeyword.verifyElementPresent(VerifyElementPresentKeyword.groovy:92)
	at com.kms.katalon.core.webui.keyword.builtin.VerifyElementPresentKeyword.execute(VerifyElementPresentKeyword.groovy:68)
	at com.kms.katalon.core.keyword.internal.KeywordExecutor.executeKeywordForPlatform(KeywordExecutor.groovy:74)
	at com.kms.katalon.core.webui.keyword.WebUiBuiltInKeywords.verifyElementPresent(WebUiBuiltInKeywords.groovy:1540)
	at TC04 - Preview Script.run(TC04 - Preview Script:26)
	at com.kms.katalon.core.main.ScriptEngine.run(ScriptEngine.java:194)
	at com.kms.katalon.core.main.ScriptEngine.runScriptAsRawText(ScriptEngine.java:119)
	at com.kms.katalon.core.main.TestCaseExecutor.runScript(TestCaseExecutor.java:448)
	at com.kms.katalon.core.main.TestCaseExecutor.doExecute(TestCaseExecutor.java:439)
	at com.kms.katalon.core.main.TestCaseExecutor.processExecutionPhase(TestCaseExecutor.java:418)
	at com.kms.katalon.core.main.TestCaseExecutor.accessMainPhase(TestCaseExecutor.java:410)
	at com.kms.katalon.core.main.TestCaseExecutor.execute(TestCaseExecutor.java:285)
	at com.kms.katalon.core.common.CommonExecutor.accessTestCaseMainPhase(CommonExecutor.java:71)
	at com.kms.katalon.core.main.TestSuiteExecutor.accessTestSuiteMainPhase(TestSuiteExecutor.java:160)
	at com.kms.katalon.core.main.TestSuiteExecutor.execute(TestSuiteExecutor.java:107)
	at com.kms.katalon.core.main.TestCaseMain.startTestSuite(TestCaseMain.java:180)
	at TempTestSuite1745577460768.run(TempTestSuite1745577460768.groovy:35)
	at java.base/jdk.internal.reflect.NativeMethodAccessorImpl.invoke0(Native Method)
	at java.base/jdk.internal.reflect.NativeMethodAccessorImpl.invoke(NativeMethodAccessorImpl.java:77)
	at java.base/jdk.internal.reflect.DelegatingMethodAccessorImpl.invoke(DelegatingMethodAccessorImpl.java:43)
Caused by: com.kms.katalon.core.exception.StepFailedException: com.kms.katalon.core.webui.exception.WebElementNotFoundException: Web element with id: 'Object Repository/Page_ScriptTemplates/span_Account_Name' located by '//div[@id='b2-b2-b5-Content']/span' not found
	at com.kms.katalon.core.webui.keyword.internal.WebUIKeywordMain.stepFailed(WebUIKeywordMain.groovy:117)
	at com.kms.katalon.core.webui.keyword.builtin.VerifyElementPresentKeyword$_verifyElementPresent_closure1.doCall(VerifyElementPresentKeyword.groovy:85)
	at com.kms.katalon.core.webui.keyword.builtin.VerifyElementPresentKeyword$_verifyElementPresent_closure1.call(VerifyElementPresentKeyword.groovy)
	at com.kms.katalon.core.webui.keyword.internal.WebUIKeywordMain.runKeyword(WebUIKeywordMain.groovy:35)
	... 20 more
)

25-04-2025T12:38:53 - [MESSAGE][INFO] - Unable to find the element located by 'By.xpath: //div[@id='b2-b2-b5-Content']/span'. Please recheck the objects properties to make sure the desired element is located. 

25-04-2025T12:38:53 - [MESSAGE][FAILED] - com.kms.katalon.core.webui.exception.WebElementNotFoundException: Web element with id: 'Object Repository/Page_ScriptTemplates/span_Account_Name' located by '//div[@id='b2-b2-b5-Content']/span' not found (Root cause: com.kms.katalon.core.exception.StepFailedException: com.kms.katalon.core.webui.exception.WebElementNotFoundException: Web element with id: 'Object Repository/Page_ScriptTemplates/span_Account_Name' located by '//div[@id='b2-b2-b5-Content']/span' not found
	at com.kms.katalon.core.webui.keyword.internal.WebUIKeywordMain.stepFailed(WebUIKeywordMain.groovy:117)
	at com.kms.katalon.core.webui.keyword.builtin.VerifyElementPresentKeyword$_verifyElementPresent_closure1.doCall(VerifyElementPresentKeyword.groovy:85)
	at com.kms.katalon.core.webui.keyword.builtin.VerifyElementPresentKeyword$_verifyElementPresent_closure1.call(VerifyElementPresentKeyword.groovy)
	at com.kms.katalon.core.webui.keyword.internal.WebUIKeywordMain.runKeyword(WebUIKeywordMain.groovy:35)
	at com.kms.katalon.core.webui.keyword.builtin.VerifyElementPresentKeyword.verifyElementPresent(VerifyElementPresentKeyword.groovy:92)
	at com.kms.katalon.core.webui.keyword.builtin.VerifyElementPresentKeyword.execute(VerifyElementPresentKeyword.groovy:68)
	at com.kms.katalon.core.keyword.internal.KeywordExecutor.executeKeywordForPlatform(KeywordExecutor.groovy:74)
	at com.kms.katalon.core.webui.keyword.WebUiBuiltInKeywords.verifyElementPresent(WebUiBuiltInKeywords.groovy:1540)
	at TC04 - Preview Script.run(TC04 - Preview Script:26)
	at com.kms.katalon.core.main.ScriptEngine.run(ScriptEngine.java:194)
	at com.kms.katalon.core.main.ScriptEngine.runScriptAsRawText(ScriptEngine.java:119)
	at com.kms.katalon.core.main.TestCaseExecutor.runScript(TestCaseExecutor.java:448)
	at com.kms.katalon.core.main.TestCaseExecutor.doExecute(TestCaseExecutor.java:439)
	at com.kms.katalon.core.main.TestCaseExecutor.processExecutionPhase(TestCaseExecutor.java:418)
	at com.kms.katalon.core.main.TestCaseExecutor.accessMainPhase(TestCaseExecutor.java:410)
	at com.kms.katalon.core.main.TestCaseExecutor.execute(TestCaseExecutor.java:285)
	at com.kms.katalon.core.common.CommonExecutor.accessTestCaseMainPhase(CommonExecutor.java:71)
	at com.kms.katalon.core.main.TestSuiteExecutor.accessTestSuiteMainPhase(TestSuiteExecutor.java:160)
	at com.kms.katalon.core.main.TestSuiteExecutor.execute(TestSuiteExecutor.java:107)
	at com.kms.katalon.core.main.TestCaseMain.startTestSuite(TestCaseMain.java:180)
	at TempTestSuite1745577460768.run(TempTestSuite1745577460768.groovy:35)
	at java.base/jdk.internal.reflect.NativeMethodAccessorImpl.invoke0(Native Method)
	at java.base/jdk.internal.reflect.NativeMethodAccessorImpl.invoke(NativeMethodAccessorImpl.java:77)
	at java.base/jdk.internal.reflect.DelegatingMethodAccessorImpl.invoke(DelegatingMethodAccessorImpl.java:43)
)
[[ATTACHMENT|C:\\Users\\MunyaradziKandoro\\git\\Script-Template-Manager-Web-UI-Testing\\Reports\\20250425_123107\\Regression Test Suite\\RTS001_ScriptTemplate_Validation\\20250425_123740\\1745577533067.png]]

25-04-2025T12:38:53 - [MESSAGE][FAILED] - Unable to verify object 'Object Repository/Page_ScriptTemplates/span_Account_Name' is present (Root cause: com.kms.katalon.core.exception.StepFailedException: Unable to verify object 'Object Repository/Page_ScriptTemplates/span_Account_Name' is present
	at com.kms.katalon.core.webui.keyword.internal.WebUIKeywordMain.stepFailed(WebUIKeywordMain.groovy:117)
	at com.kms.katalon.core.webui.keyword.internal.WebUIKeywordMain.runKeyword(WebUIKeywordMain.groovy:43)
	at com.kms.katalon.core.webui.keyword.builtin.VerifyElementPresentKeyword.verifyElementPresent(VerifyElementPresentKeyword.groovy:92)
	at com.kms.katalon.core.webui.keyword.builtin.VerifyElementPresentKeyword.execute(VerifyElementPresentKeyword.groovy:68)
	at com.kms.katalon.core.keyword.internal.KeywordExecutor.executeKeywordForPlatform(KeywordExecutor.groovy:74)
	at com.kms.katalon.core.webui.keyword.WebUiBuiltInKeywords.verifyElementPresent(WebUiBuiltInKeywords.groovy:1540)
	at TC04 - Preview Script.run(TC04 - Preview Script:26)
	at com.kms.katalon.core.main.ScriptEngine.run(ScriptEngine.java:194)
	at com.kms.katalon.core.main.ScriptEngine.runScriptAsRawText(ScriptEngine.java:119)
	at com.kms.katalon.core.main.TestCaseExecutor.runScript(TestCaseExecutor.java:448)
	at com.kms.katalon.core.main.TestCaseExecutor.doExecute(TestCaseExecutor.java:439)
	at com.kms.katalon.core.main.TestCaseExecutor.processExecutionPhase(TestCaseExecutor.java:418)
	at com.kms.katalon.core.main.TestCaseExecutor.accessMainPhase(TestCaseExecutor.java:410)
	at com.kms.katalon.core.main.TestCaseExecutor.execute(TestCaseExecutor.java:285)
	at com.kms.katalon.core.common.CommonExecutor.accessTestCaseMainPhase(CommonExecutor.java:71)
	at com.kms.katalon.core.main.TestSuiteExecutor.accessTestSuiteMainPhase(TestSuiteExecutor.java:160)
	at com.kms.katalon.core.main.TestSuiteExecutor.execute(TestSuiteExecutor.java:107)
	at com.kms.katalon.core.main.TestCaseMain.startTestSuite(TestCaseMain.java:180)
	at TempTestSuite1745577460768.run(TempTestSuite1745577460768.groovy:35)
	at java.base/jdk.internal.reflect.NativeMethodAccessorImpl.invoke0(Native Method)
	at java.base/jdk.internal.reflect.NativeMethodAccessorImpl.invoke(NativeMethodAccessorImpl.java:77)
	at java.base/jdk.internal.reflect.DelegatingMethodAccessorImpl.invoke(DelegatingMethodAccessorImpl.java:43)
Caused by: com.kms.katalon.core.exception.StepFailedException: com.kms.katalon.core.webui.exception.WebElementNotFoundException: Web element with id: 'Object Repository/Page_ScriptTemplates/span_Account_Name' located by '//div[@id='b2-b2-b5-Content']/span' not found
	at com.kms.katalon.core.webui.keyword.internal.WebUIKeywordMain.stepFailed(WebUIKeywordMain.groovy:117)
	at com.kms.katalon.core.webui.keyword.builtin.VerifyElementPresentKeyword$_verifyElementPresent_closure1.doCall(VerifyElementPresentKeyword.groovy:85)
	at com.kms.katalon.core.webui.keyword.builtin.VerifyElementPresentKeyword$_verifyElementPresent_closure1.call(VerifyElementPresentKeyword.groovy)
	at com.kms.katalon.core.webui.keyword.internal.WebUIKeywordMain.runKeyword(WebUIKeywordMain.groovy:35)
	... 20 more
)
[[ATTACHMENT|C:\\Users\\MunyaradziKandoro\\git\\Script-Template-Manager-Web-UI-Testing\\Reports\\20250425_123107\\Regression Test Suite\\RTS001_ScriptTemplate_Validation\\20250425_123740\\1745577533095.png]]

25-04-2025T12:38:53 - [TEST_STEP][ERROR] - Start listener action : sampleAfterTestCase: com.kms.katalon.core.exception.StepFailedException: Cannot take screenshot
	at com.kms.katalon.core.webui.keyword.internal.WebUIKeywordMain.stepFailed(WebUIKeywordMain.groovy:117)
	at com.kms.katalon.core.webui.keyword.internal.WebUIKeywordMain.runKeyword(WebUIKeywordMain.groovy:43)
	at com.kms.katalon.core.webui.keyword.builtin.TakeScreenshotKeyword.takeScreenshot(TakeScreenshotKeyword.groovy:127)
	at com.kms.katalon.core.webui.keyword.builtin.TakeScreenshotKeyword.execute(TakeScreenshotKeyword.groovy:85)
	at com.kms.katalon.core.keyword.internal.KeywordExecutor.executeKeywordForPlatform(KeywordExecutor.groovy:74)
	at com.kms.katalon.core.webui.keyword.WebUiBuiltInKeywords.takeScreenshot(WebUiBuiltInKeywords.groovy:3050)
	at TL_01.sampleAfterTestCase(TL_01.groovy:59)
	at java.base/jdk.internal.reflect.NativeMethodAccessorImpl.invoke0(Native Method)
	at java.base/jdk.internal.reflect.NativeMethodAccessorImpl.invoke(NativeMethodAccessorImpl.java:77)
	at java.base/jdk.internal.reflect.DelegatingMethodAccessorImpl.invoke(DelegatingMethodAccessorImpl.java:43)
	at com.kms.katalon.core.context.internal.TestHooker.invokeMethod(TestHooker.java:111)
	at com.kms.katalon.core.context.internal.TestHooker.lambda$3(TestHooker.java:95)
	at com.kms.katalon.core.context.internal.TestHooker.invokeContextMethods(TestHooker.java:94)
	at com.kms.katalon.core.context.internal.TestListenerCollector.lambda$3(TestListenerCollector.java:88)
	at com.kms.katalon.core.context.internal.TestListenerCollector.handleListenerEvent(TestListenerCollector.java:85)
	at com.kms.katalon.core.context.internal.ExecutionEventManager.publicEvent(ExecutionEventManager.java:36)
	at com.kms.katalon.core.main.TestCaseExecutor.execute(TestCaseExecutor.java:315)
	at com.kms.katalon.core.common.CommonExecutor.accessTestCaseMainPhase(CommonExecutor.java:71)
	at com.kms.katalon.core.main.TestSuiteExecutor.accessTestSuiteMainPhase(TestSuiteExecutor.java:160)
	at com.kms.katalon.core.main.TestSuiteExecutor.execute(TestSuiteExecutor.java:107)
	at com.kms.katalon.core.main.TestCaseMain.startTestSuite(TestCaseMain.java:180)
	at TempTestSuite1745577460768.run(TempTestSuite1745577460768.groovy:35)
	at java.base/jdk.internal.reflect.NativeMethodAccessorImpl.invoke0(Native Method)
	at java.base/jdk.internal.reflect.NativeMethodAccessorImpl.invoke(NativeMethodAccessorImpl.java:77)
	at java.base/jdk.internal.reflect.DelegatingMethodAccessorImpl.invoke(DelegatingMethodAccessorImpl.java:43)
Caused by: java.io.IOException: The filename, directory name, or volume label syntax is incorrect
	at org.apache.commons.io.FileUtils.requireCanonicalPathsNotEquals(FileUtils.java:2702)
	at org.apache.commons.io.FileUtils.copyFile(FileUtils.java:801)
	at org.apache.commons.io.FileUtils.copyFile(FileUtils.java:769)
	at com.kms.katalon.core.webui.util.FileUtil.takeDefaultScreenshot(FileUtil.java:346)
	at com.kms.katalon.core.webui.util.FileUtil.takesScreenshot(FileUtil.java:60)
	at com.kms.katalon.core.webui.keyword.builtin.TakeScreenshotKeyword$_takeScreenshot_closure1.doCall(TakeScreenshotKeyword.groovy:128)
	at com.kms.katalon.core.webui.keyword.builtin.TakeScreenshotKeyword$_takeScreenshot_closure1.call(TakeScreenshotKeyword.groovy)
	at com.kms.katalon.core.webui.keyword.internal.WebUIKeywordMain.runKeyword(WebUIKeywordMain.groovy:35)
	... 23 more


25-04-2025T12:38:53 - [TEST_STEP][PASSED] - switchToDefaultContent(): null

25-04-2025T12:38:53 - [TEST_STEP][PASSED] - comment("Test Case Execution Completed"): Test Case Execution Completed

25-04-2025T12:38:53 - [MESSAGE][INFO] - Test Case Execution Completed

25-04-2025T12:38:53 - [TEST_STEP][PASSED] - markWarning("Test Case Name : " + testCaseContext.getTestCaseId()): Test Case Name : Test Cases/TC04 - Preview Script

25-04-2025T12:38:53 - [MESSAGE][WARNING] - Test Case Name : Test Cases/TC04 - Preview Script

25-04-2025T12:38:53 - [TEST_STEP][PASSED] - markWarning("Test Case Status : " + testCaseContext.getTestCaseStatus()): Test Case Status : FAILED

25-04-2025T12:38:53 - [MESSAGE][WARNING] - Test Case Status : FAILED

25-04-2025T12:38:53 - [TEST_STEP][PASSED] - if (getTestCaseStatus().equals("FAILED")): null

25-04-2025T12:38:53 - [TEST_STEP][PASSED] - timestamp = Date().format("YYYY-MM-dd HH:mm:ss"): null

25-04-2025T12:38:53 - [TEST_STEP][PASSED] - screenshotPath = "Screenshots/" + testCaseContext.getTestCaseId() + "_" + timestamp + ".png": null

25-04-2025T12:38:53 - [TEST_STEP][ERROR] - takeScreenshot(screenshotPath): com.kms.katalon.core.exception.StepFailedException: Cannot take screenshot
	at com.kms.katalon.core.webui.keyword.internal.WebUIKeywordMain.stepFailed(WebUIKeywordMain.groovy:117)
	at com.kms.katalon.core.webui.keyword.internal.WebUIKeywordMain.runKeyword(WebUIKeywordMain.groovy:43)
	at com.kms.katalon.core.webui.keyword.builtin.TakeScreenshotKeyword.takeScreenshot(TakeScreenshotKeyword.groovy:127)
	at com.kms.katalon.core.webui.keyword.builtin.TakeScreenshotKeyword.execute(TakeScreenshotKeyword.groovy:85)
	at com.kms.katalon.core.keyword.internal.KeywordExecutor.executeKeywordForPlatform(KeywordExecutor.groovy:74)
	at com.kms.katalon.core.webui.keyword.WebUiBuiltInKeywords.takeScreenshot(WebUiBuiltInKeywords.groovy:3050)
	at TL_01.sampleAfterTestCase(TL_01.groovy:59)
	at java.base/jdk.internal.reflect.NativeMethodAccessorImpl.invoke0(Native Method)
	at java.base/jdk.internal.reflect.NativeMethodAccessorImpl.invoke(NativeMethodAccessorImpl.java:77)
	at java.base/jdk.internal.reflect.DelegatingMethodAccessorImpl.invoke(DelegatingMethodAccessorImpl.java:43)
	at com.kms.katalon.core.context.internal.TestHooker.invokeMethod(TestHooker.java:111)
	at com.kms.katalon.core.context.internal.TestHooker.lambda$3(TestHooker.java:95)
	at com.kms.katalon.core.context.internal.TestHooker.invokeContextMethods(TestHooker.java:94)
	at com.kms.katalon.core.context.internal.TestListenerCollector.lambda$3(TestListenerCollector.java:88)
	at com.kms.katalon.core.context.internal.TestListenerCollector.handleListenerEvent(TestListenerCollector.java:85)
	at com.kms.katalon.core.context.internal.ExecutionEventManager.publicEvent(ExecutionEventManager.java:36)
	at com.kms.katalon.core.main.TestCaseExecutor.execute(TestCaseExecutor.java:315)
	at com.kms.katalon.core.common.CommonExecutor.accessTestCaseMainPhase(CommonExecutor.java:71)
	at com.kms.katalon.core.main.TestSuiteExecutor.accessTestSuiteMainPhase(TestSuiteExecutor.java:160)
	at com.kms.katalon.core.main.TestSuiteExecutor.execute(TestSuiteExecutor.java:107)
	at com.kms.katalon.core.main.TestCaseMain.startTestSuite(TestCaseMain.java:180)
	at TempTestSuite1745577460768.run(TempTestSuite1745577460768.groovy:35)
	at java.base/jdk.internal.reflect.NativeMethodAccessorImpl.invoke0(Native Method)
	at java.base/jdk.internal.reflect.NativeMethodAccessorImpl.invoke(NativeMethodAccessorImpl.java:77)
	at java.base/jdk.internal.reflect.DelegatingMethodAccessorImpl.invoke(DelegatingMethodAccessorImpl.java:43)
Caused by: java.io.IOException: The filename, directory name, or volume label syntax is incorrect
	at org.apache.commons.io.FileUtils.requireCanonicalPathsNotEquals(FileUtils.java:2702)
	at org.apache.commons.io.FileUtils.copyFile(FileUtils.java:801)
	at org.apache.commons.io.FileUtils.copyFile(FileUtils.java:769)
	at com.kms.katalon.core.webui.util.FileUtil.takeDefaultScreenshot(FileUtil.java:346)
	at com.kms.katalon.core.webui.util.FileUtil.takesScreenshot(FileUtil.java:60)
	at com.kms.katalon.core.webui.keyword.builtin.TakeScreenshotKeyword$_takeScreenshot_closure1.doCall(TakeScreenshotKeyword.groovy:128)
	at com.kms.katalon.core.webui.keyword.builtin.TakeScreenshotKeyword$_takeScreenshot_closure1.call(TakeScreenshotKeyword.groovy)
	at com.kms.katalon.core.webui.keyword.internal.WebUIKeywordMain.runKeyword(WebUIKeywordMain.groovy:35)
	... 23 more


25-04-2025T12:38:53 - [MESSAGE][FAILED] - Cannot take screenshot (Root cause: com.kms.katalon.core.exception.StepFailedException: Cannot take screenshot
	at com.kms.katalon.core.webui.keyword.internal.WebUIKeywordMain.stepFailed(WebUIKeywordMain.groovy:117)
	at com.kms.katalon.core.webui.keyword.internal.WebUIKeywordMain.runKeyword(WebUIKeywordMain.groovy:43)
	at com.kms.katalon.core.webui.keyword.builtin.TakeScreenshotKeyword.takeScreenshot(TakeScreenshotKeyword.groovy:127)
	at com.kms.katalon.core.webui.keyword.builtin.TakeScreenshotKeyword.execute(TakeScreenshotKeyword.groovy:85)
	at com.kms.katalon.core.keyword.internal.KeywordExecutor.executeKeywordForPlatform(KeywordExecutor.groovy:74)
	at com.kms.katalon.core.webui.keyword.WebUiBuiltInKeywords.takeScreenshot(WebUiBuiltInKeywords.groovy:3050)
	at TL_01.sampleAfterTestCase(TL_01.groovy:59)
	at java.base/jdk.internal.reflect.NativeMethodAccessorImpl.invoke0(Native Method)
	at java.base/jdk.internal.reflect.NativeMethodAccessorImpl.invoke(NativeMethodAccessorImpl.java:77)
	at java.base/jdk.internal.reflect.DelegatingMethodAccessorImpl.invoke(DelegatingMethodAccessorImpl.java:43)
	at com.kms.katalon.core.context.internal.TestHooker.invokeMethod(TestHooker.java:111)
	at com.kms.katalon.core.context.internal.TestHooker.lambda$3(TestHooker.java:95)
	at com.kms.katalon.core.context.internal.TestHooker.invokeContextMethods(TestHooker.java:94)
	at com.kms.katalon.core.context.internal.TestListenerCollector.lambda$3(TestListenerCollector.java:88)
	at com.kms.katalon.core.context.internal.TestListenerCollector.handleListenerEvent(TestListenerCollector.java:85)
	at com.kms.katalon.core.context.internal.ExecutionEventManager.publicEvent(ExecutionEventManager.java:36)
	at com.kms.katalon.core.main.TestCaseExecutor.execute(TestCaseExecutor.java:315)
	at com.kms.katalon.core.common.CommonExecutor.accessTestCaseMainPhase(CommonExecutor.java:71)
	at com.kms.katalon.core.main.TestSuiteExecutor.accessTestSuiteMainPhase(TestSuiteExecutor.java:160)
	at com.kms.katalon.core.main.TestSuiteExecutor.execute(TestSuiteExecutor.java:107)
	at com.kms.katalon.core.main.TestCaseMain.startTestSuite(TestCaseMain.java:180)
	at TempTestSuite1745577460768.run(TempTestSuite1745577460768.groovy:35)
	at java.base/jdk.internal.reflect.NativeMethodAccessorImpl.invoke0(Native Method)
	at java.base/jdk.internal.reflect.NativeMethodAccessorImpl.invoke(NativeMethodAccessorImpl.java:77)
	at java.base/jdk.internal.reflect.DelegatingMethodAccessorImpl.invoke(DelegatingMethodAccessorImpl.java:43)
Caused by: java.io.IOException: The filename, directory name, or volume label syntax is incorrect
	at org.apache.commons.io.FileUtils.requireCanonicalPathsNotEquals(FileUtils.java:2702)
	at org.apache.commons.io.FileUtils.copyFile(FileUtils.java:801)
	at org.apache.commons.io.FileUtils.copyFile(FileUtils.java:769)
	at com.kms.katalon.core.webui.util.FileUtil.takeDefaultScreenshot(FileUtil.java:346)
	at com.kms.katalon.core.webui.util.FileUtil.takesScreenshot(FileUtil.java:60)
	at com.kms.katalon.core.webui.keyword.builtin.TakeScreenshotKeyword$_takeScreenshot_closure1.doCall(TakeScreenshotKeyword.groovy:128)
	at com.kms.katalon.core.webui.keyword.builtin.TakeScreenshotKeyword$_takeScreenshot_closure1.call(TakeScreenshotKeyword.groovy)
	at com.kms.katalon.core.webui.keyword.internal.WebUIKeywordMain.runKeyword(WebUIKeywordMain.groovy:35)
	... 23 more
)

25-04-2025T12:38:53 - [MESSAGE][ERROR] - com.kms.katalon.core.exception.StepFailedException: Cannot take screenshot
	at com.kms.katalon.core.webui.keyword.internal.WebUIKeywordMain.stepFailed(WebUIKeywordMain.groovy:117)
	at com.kms.katalon.core.webui.keyword.internal.WebUIKeywordMain.runKeyword(WebUIKeywordMain.groovy:43)
	at com.kms.katalon.core.webui.keyword.builtin.TakeScreenshotKeyword.takeScreenshot(TakeScreenshotKeyword.groovy:127)
	at com.kms.katalon.core.webui.keyword.builtin.TakeScreenshotKeyword.execute(TakeScreenshotKeyword.groovy:85)
	at com.kms.katalon.core.keyword.internal.KeywordExecutor.executeKeywordForPlatform(KeywordExecutor.groovy:74)
	at com.kms.katalon.core.webui.keyword.WebUiBuiltInKeywords.takeScreenshot(WebUiBuiltInKeywords.groovy:3050)
	at TL_01.sampleAfterTestCase(TL_01.groovy:59)
	at java.base/jdk.internal.reflect.NativeMethodAccessorImpl.invoke0(Native Method)
	at java.base/jdk.internal.reflect.NativeMethodAccessorImpl.invoke(NativeMethodAccessorImpl.java:77)
	at java.base/jdk.internal.reflect.DelegatingMethodAccessorImpl.invoke(DelegatingMethodAccessorImpl.java:43)
	at com.kms.katalon.core.context.internal.TestHooker.invokeMethod(TestHooker.java:111)
	at com.kms.katalon.core.context.internal.TestHooker.lambda$3(TestHooker.java:95)
	at com.kms.katalon.core.context.internal.TestHooker.invokeContextMethods(TestHooker.java:94)
	at com.kms.katalon.core.context.internal.TestListenerCollector.lambda$3(TestListenerCollector.java:88)
	at com.kms.katalon.core.context.internal.TestListenerCollector.handleListenerEvent(TestListenerCollector.java:85)
	at com.kms.katalon.core.context.internal.ExecutionEventManager.publicEvent(ExecutionEventManager.java:36)
	at com.kms.katalon.core.main.TestCaseExecutor.execute(TestCaseExecutor.java:315)
	at com.kms.katalon.core.common.CommonExecutor.accessTestCaseMainPhase(CommonExecutor.java:71)
	at com.kms.katalon.core.main.TestSuiteExecutor.accessTestSuiteMainPhase(TestSuiteExecutor.java:160)
	at com.kms.katalon.core.main.TestSuiteExecutor.execute(TestSuiteExecutor.java:107)
	at com.kms.katalon.core.main.TestCaseMain.startTestSuite(TestCaseMain.java:180)
	at TempTestSuite1745577460768.run(TempTestSuite1745577460768.groovy:35)
	at java.base/jdk.internal.reflect.NativeMethodAccessorImpl.invoke0(Native Method)
	at java.base/jdk.internal.reflect.NativeMethodAccessorImpl.invoke(NativeMethodAccessorImpl.java:77)
	at java.base/jdk.internal.reflect.DelegatingMethodAccessorImpl.invoke(DelegatingMethodAccessorImpl.java:43)
Caused by: java.io.IOException: The filename, directory name, or volume label syntax is incorrect
	at org.apache.commons.io.FileUtils.requireCanonicalPathsNotEquals(FileUtils.java:2702)
	at org.apache.commons.io.FileUtils.copyFile(FileUtils.java:801)
	at org.apache.commons.io.FileUtils.copyFile(FileUtils.java:769)
	at com.kms.katalon.core.webui.util.FileUtil.takeDefaultScreenshot(FileUtil.java:346)
	at com.kms.katalon.core.webui.util.FileUtil.takesScreenshot(FileUtil.java:60)
	at com.kms.katalon.core.webui.keyword.builtin.TakeScreenshotKeyword$_takeScreenshot_closure1.doCall(TakeScreenshotKeyword.groovy:128)
	at com.kms.katalon.core.webui.keyword.builtin.TakeScreenshotKeyword$_takeScreenshot_closure1.call(TakeScreenshotKeyword.groovy)
	at com.kms.katalon.core.webui.keyword.internal.WebUIKeywordMain.runKeyword(WebUIKeywordMain.groovy:35)
	... 23 more]]></system-out>
         <system-err><![CDATA[25-04-2025T12:38:48 - [TEST_CASE][FAILED] - Test Cases/TC04 - Preview Script: Test Cases/TC04 - Preview Script FAILED.
Reason:
com.kms.katalon.core.exception.StepFailedException: Unable to verify object 'Object Repository/Page_ScriptTemplates/span_Account_Name' is present
	at com.kms.katalon.core.webui.keyword.internal.WebUIKeywordMain.stepFailed(WebUIKeywordMain.groovy:117)
	at com.kms.katalon.core.webui.keyword.internal.WebUIKeywordMain.runKeyword(WebUIKeywordMain.groovy:43)
	at com.kms.katalon.core.webui.keyword.builtin.VerifyElementPresentKeyword.verifyElementPresent(VerifyElementPresentKeyword.groovy:92)
	at com.kms.katalon.core.webui.keyword.builtin.VerifyElementPresentKeyword.execute(VerifyElementPresentKeyword.groovy:68)
	at com.kms.katalon.core.keyword.internal.KeywordExecutor.executeKeywordForPlatform(KeywordExecutor.groovy:74)
	at com.kms.katalon.core.webui.keyword.WebUiBuiltInKeywords.verifyElementPresent(WebUiBuiltInKeywords.groovy:1540)
	at TC04 - Preview Script.run(TC04 - Preview Script:26)
	at com.kms.katalon.core.main.ScriptEngine.run(ScriptEngine.java:194)
	at com.kms.katalon.core.main.ScriptEngine.runScriptAsRawText(ScriptEngine.java:119)
	at com.kms.katalon.core.main.TestCaseExecutor.runScript(TestCaseExecutor.java:448)
	at com.kms.katalon.core.main.TestCaseExecutor.doExecute(TestCaseExecutor.java:439)
	at com.kms.katalon.core.main.TestCaseExecutor.processExecutionPhase(TestCaseExecutor.java:418)
	at com.kms.katalon.core.main.TestCaseExecutor.accessMainPhase(TestCaseExecutor.java:410)
	at com.kms.katalon.core.main.TestCaseExecutor.execute(TestCaseExecutor.java:285)
	at com.kms.katalon.core.common.CommonExecutor.accessTestCaseMainPhase(CommonExecutor.java:71)
	at com.kms.katalon.core.main.TestSuiteExecutor.accessTestSuiteMainPhase(TestSuiteExecutor.java:160)
	at com.kms.katalon.core.main.TestSuiteExecutor.execute(TestSuiteExecutor.java:107)
	at com.kms.katalon.core.main.TestCaseMain.startTestSuite(TestCaseMain.java:180)
	at TempTestSuite1745577460768.run(TempTestSuite1745577460768.groovy:35)
	at java.base/jdk.internal.reflect.NativeMethodAccessorImpl.invoke0(Native Method)
	at java.base/jdk.internal.reflect.NativeMethodAccessorImpl.invoke(NativeMethodAccessorImpl.java:77)
	at java.base/jdk.internal.reflect.DelegatingMethodAccessorImpl.invoke(DelegatingMethodAccessorImpl.java:43)
Caused by: com.kms.katalon.core.exception.StepFailedException: com.kms.katalon.core.webui.exception.WebElementNotFoundException: Web element with id: 'Object Repository/Page_ScriptTemplates/span_Account_Name' located by '//div[@id='b2-b2-b5-Content']/span' not found
	at com.kms.katalon.core.webui.keyword.internal.WebUIKeywordMain.stepFailed(WebUIKeywordMain.groovy:117)
	at com.kms.katalon.core.webui.keyword.builtin.VerifyElementPresentKeyword$_verifyElementPresent_closure1.doCall(VerifyElementPresentKeyword.groovy:85)
	at com.kms.katalon.core.webui.keyword.builtin.VerifyElementPresentKeyword$_verifyElementPresent_closure1.call(VerifyElementPresentKeyword.groovy)
	at com.kms.katalon.core.webui.keyword.internal.WebUIKeywordMain.runKeyword(WebUIKeywordMain.groovy:35)
	... 20 more]]></system-err>
      </testcase>
      <system-out><![CDATA[25-04-2025T12:38:25 - [TEST_SUITE][FAILED] - RTS001_ScriptTemplate_Validation: Test Cases/TC01 - Add Script Template FAILED.
Reason:
com.kms.katalon.core.exception.StepFailedException: Unable to verify object 'Object Repository/Page_ScriptTemplates/span_Account_Name' is present
	at com.kms.katalon.core.webui.keyword.internal.WebUIKeywordMain.stepFailed(WebUIKeywordMain.groovy:117)
	at com.kms.katalon.core.webui.keyword.internal.WebUIKeywordMain.runKeyword(WebUIKeywordMain.groovy:43)
	at com.kms.katalon.core.webui.keyword.builtin.VerifyElementPresentKeyword.verifyElementPresent(VerifyElementPresentKeyword.groovy:92)
	at com.kms.katalon.core.webui.keyword.builtin.VerifyElementPresentKeyword.execute(VerifyElementPresentKeyword.groovy:68)
	at com.kms.katalon.core.keyword.internal.KeywordExecutor.executeKeywordForPlatform(KeywordExecutor.groovy:74)
	at com.kms.katalon.core.webui.keyword.WebUiBuiltInKeywords.verifyElementPresent(WebUiBuiltInKeywords.groovy:1540)
	at TC01 - Add Script Template.run(TC01 - Add Script Template:29)
	at com.kms.katalon.core.main.ScriptEngine.run(ScriptEngine.java:194)
	at com.kms.katalon.core.main.ScriptEngine.runScriptAsRawText(ScriptEngine.java:119)
	at com.kms.katalon.core.main.TestCaseExecutor.runScript(TestCaseExecutor.java:448)
	at com.kms.katalon.core.main.TestCaseExecutor.doExecute(TestCaseExecutor.java:439)
	at com.kms.katalon.core.main.TestCaseExecutor.processExecutionPhase(TestCaseExecutor.java:418)
	at com.kms.katalon.core.main.TestCaseExecutor.accessMainPhase(TestCaseExecutor.java:410)
	at com.kms.katalon.core.main.TestCaseExecutor.execute(TestCaseExecutor.java:285)
	at com.kms.katalon.core.common.CommonExecutor.accessTestCaseMainPhase(CommonExecutor.java:71)
	at com.kms.katalon.core.main.TestSuiteExecutor.accessTestSuiteMainPhase(TestSuiteExecutor.java:160)
	at com.kms.katalon.core.main.TestSuiteExecutor.execute(TestSuiteExecutor.java:107)
	at com.kms.katalon.core.main.TestCaseMain.startTestSuite(TestCaseMain.java:180)
	at TempTestSuite1745577460768.run(TempTestSuite1745577460768.groovy:35)
	at java.base/jdk.internal.reflect.NativeMethodAccessorImpl.invoke0(Native Method)
	at java.base/jdk.internal.reflect.NativeMethodAccessorImpl.invoke(NativeMethodAccessorImpl.java:77)
	at java.base/jdk.internal.reflect.DelegatingMethodAccessorImpl.invoke(DelegatingMethodAccessorImpl.java:43)
Caused by: com.kms.katalon.core.exception.StepFailedException: com.kms.katalon.core.webui.exception.WebElementNotFoundException: Web element with id: 'Object Repository/Page_ScriptTemplates/span_Account_Name' located by '//div[@id='b2-b2-b5-Content']/span' not found
	at com.kms.katalon.core.webui.keyword.internal.WebUIKeywordMain.stepFailed(WebUIKeywordMain.groovy:117)
	at com.kms.katalon.core.webui.keyword.builtin.VerifyElementPresentKeyword$_verifyElementPresent_closure1.doCall(VerifyElementPresentKeyword.groovy:85)
	at com.kms.katalon.core.webui.keyword.builtin.VerifyElementPresentKeyword$_verifyElementPresent_closure1.call(VerifyElementPresentKeyword.groovy)
	at com.kms.katalon.core.webui.keyword.internal.WebUIKeywordMain.runKeyword(WebUIKeywordMain.groovy:35)
	... 20 more]]></system-out>
      <system-err><![CDATA[25-04-2025T12:38:25 - [TEST_SUITE][FAILED] - RTS001_ScriptTemplate_Validation: Test Cases/TC01 - Add Script Template FAILED.
Reason:
com.kms.katalon.core.exception.StepFailedException: Unable to verify object 'Object Repository/Page_ScriptTemplates/span_Account_Name' is present
	at com.kms.katalon.core.webui.keyword.internal.WebUIKeywordMain.stepFailed(WebUIKeywordMain.groovy:117)
	at com.kms.katalon.core.webui.keyword.internal.WebUIKeywordMain.runKeyword(WebUIKeywordMain.groovy:43)
	at com.kms.katalon.core.webui.keyword.builtin.VerifyElementPresentKeyword.verifyElementPresent(VerifyElementPresentKeyword.groovy:92)
	at com.kms.katalon.core.webui.keyword.builtin.VerifyElementPresentKeyword.execute(VerifyElementPresentKeyword.groovy:68)
	at com.kms.katalon.core.keyword.internal.KeywordExecutor.executeKeywordForPlatform(KeywordExecutor.groovy:74)
	at com.kms.katalon.core.webui.keyword.WebUiBuiltInKeywords.verifyElementPresent(WebUiBuiltInKeywords.groovy:1540)
	at TC01 - Add Script Template.run(TC01 - Add Script Template:29)
	at com.kms.katalon.core.main.ScriptEngine.run(ScriptEngine.java:194)
	at com.kms.katalon.core.main.ScriptEngine.runScriptAsRawText(ScriptEngine.java:119)
	at com.kms.katalon.core.main.TestCaseExecutor.runScript(TestCaseExecutor.java:448)
	at com.kms.katalon.core.main.TestCaseExecutor.doExecute(TestCaseExecutor.java:439)
	at com.kms.katalon.core.main.TestCaseExecutor.processExecutionPhase(TestCaseExecutor.java:418)
	at com.kms.katalon.core.main.TestCaseExecutor.accessMainPhase(TestCaseExecutor.java:410)
	at com.kms.katalon.core.main.TestCaseExecutor.execute(TestCaseExecutor.java:285)
	at com.kms.katalon.core.common.CommonExecutor.accessTestCaseMainPhase(CommonExecutor.java:71)
	at com.kms.katalon.core.main.TestSuiteExecutor.accessTestSuiteMainPhase(TestSuiteExecutor.java:160)
	at com.kms.katalon.core.main.TestSuiteExecutor.execute(TestSuiteExecutor.java:107)
	at com.kms.katalon.core.main.TestCaseMain.startTestSuite(TestCaseMain.java:180)
	at TempTestSuite1745577460768.run(TempTestSuite1745577460768.groovy:35)
	at java.base/jdk.internal.reflect.NativeMethodAccessorImpl.invoke0(Native Method)
	at java.base/jdk.internal.reflect.NativeMethodAccessorImpl.invoke(NativeMethodAccessorImpl.java:77)
	at java.base/jdk.internal.reflect.DelegatingMethodAccessorImpl.invoke(DelegatingMethodAccessorImpl.java:43)
Caused by: com.kms.katalon.core.exception.StepFailedException: com.kms.katalon.core.webui.exception.WebElementNotFoundException: Web element with id: 'Object Repository/Page_ScriptTemplates/span_Account_Name' located by '//div[@id='b2-b2-b5-Content']/span' not found
	at com.kms.katalon.core.webui.keyword.internal.WebUIKeywordMain.stepFailed(WebUIKeywordMain.groovy:117)
	at com.kms.katalon.core.webui.keyword.builtin.VerifyElementPresentKeyword$_verifyElementPresent_closure1.doCall(VerifyElementPresentKeyword.groovy:85)
	at com.kms.katalon.core.webui.keyword.builtin.VerifyElementPresentKeyword$_verifyElementPresent_closure1.call(VerifyElementPresentKeyword.groovy)
	at com.kms.katalon.core.webui.keyword.internal.WebUIKeywordMain.runKeyword(WebUIKeywordMain.groovy:35)
	... 20 more]]></system-err>
   </testsuite>
</testsuites>
