<?xml version="1.0" encoding="UTF-8"?>
<testsuites name="TSC001_ScriptTemplate" time="203.592" tests="2" failures="1" errors="0">
   <testsuite name="SN001_ScriptTemplate_Validation" tests="1" failures="0" errors="0" time="113.205" skipped="0" timestamp="24-04-2025T10:51:18" hostname="MunyaradziKandoro - DESKTOP-06T37RT" id="Test Suites/Sanity Test Suite/SN001_ScriptTemplate_Validation">
      <properties>
         <property name="deviceName" value=""/>
         <property name="devicePlatform"/>
         <property name="logFolder" value="C:\\Users\\MunyaradziKandoro\\git\\Script-Template-Manager-Web-UI-Testing\\Reports\\20250424_105104\\Sanity Test Suite\\SN001_ScriptTemplate_Validation\\20250424_105105"/>
         <property name="logFiles" value="C:\\Users\\MunyaradziKandoro\\git\\Script-Template-Manager-Web-UI-Testing\\Reports\\20250424_105104\\Sanity Test Suite\\SN001_ScriptTemplate_Validation\\20250424_105105\\execution0.log"/>
         <property name="attachments" value=""/>
         <property name="hostName" value="MunyaradziKandoro - DESKTOP-06T37RT"/>
         <property name="os" value="Windows 11 64bit"/>
         <property name="katalonVersion" value="10.1.0.223"/>
         <property name="browser" value="Chrome 135.0.7049.96"/>
         <property name="hostAddress" value="192.168.1.100"/>
         <property name="sessionId" value="0a8e7df2295095f9855db8ba230eca7c"/>
         <property name="seleniumVersion" value="4.22.0"/>
         <property name="proxyInformation" value="ProxyInformation { proxyOption=NO_PROXY, proxyServerType=HTTP, username=, password=********, proxyServerAddress=, proxyServerPort=0, executionList=&quot;&quot;, isApplyToDesiredCapabilities=true }"/>
         <property name="platform" value="Windows 11"/>
      </properties>
      <testcase name="Test Cases/TC01 - Add Script Template" time="108.143" classname="Test Cases/TC01 - Add Script Template" status="PASSED">
         <properties>
            <property name="data_binding"><![CDATA[{"(Default) Descr...":"This is a sample","(Default) TextS...":"Rear {{policy.accountHolder}},\n\nWe have the following information on record for ID {{legalRefNo}}. Your policy with policy number {{policy.policyNo}} under the {{policy.productName}} is now ready.\n\nPlease contact us and confirm that your account is with {{policy.bankName}}.\n\nThe Benefits table is depicted below:\n{{policy.benefits}}\n\nThe Signatures table is depicted below:\n{{policy.signatures}}\n\nThe Contacts table is depicted below:\n{{policy.memberContacts}}\n\nKind regards","(Default) Type":"1","(Default) Merge...":"}}","(Default) Appli...":"33","(Default) Name":"Json_Testing_Template_6"}]]></property>
         </properties>
         <system-out><![CDATA[24-04-2025T10:51:23 - [TEST_CASE][PASSED] - Test Cases/TC01 - Add Script Template: Test Cases/TC01 - Add Script Template

24-04-2025T10:51:24 - [TEST_STEP][PASSED] - Start listener action : logBeforeTestCase: null

24-04-2025T10:51:24 - [TEST_STEP][PASSED] - comment("Initialize setup for Test Case Execution"): Initialize setup for Test Case Execution

24-04-2025T10:51:24 - [MESSAGE][INFO] - Initialize setup for Test Case Execution

24-04-2025T10:51:24 - [TEST_STEP][PASSED] - markWarning("Test Case Name : " + testCaseContext.getTestCaseId()): Test Case Name : Test Cases/TC01 - Add Script Template

24-04-2025T10:51:24 - [MESSAGE][WARNING] - Test Case Name : Test Cases/TC01 - Add Script Template

24-04-2025T10:51:24 - [TEST_STEP][PASSED] - markWarning("Test Case Variables : " + testCaseContext.getTestCaseVariables()): Test Case Variables : [Type:1, Description:This is a sample, MergeFieldPrefix:{{, MergeFieldSuffix:}}, TextScript:Rear {{policy.accountHolder}},

We have the following information on record for ID {{legalRefNo}}. Your policy with policy number {{policy.policyNo}} under the {{policy.productName}} is now ready.

Please contact us and confirm that your account is with {{policy.bankName}}.

The Benefits table is depicted below:
{{policy.benefits}}

The Signatures table is depicted below:
{{policy.signatures}}

The Contacts table is depicted below:
{{policy.memberContacts}}

Kind regards, Name:Json_Testing_Template_6, ApplicationModule:33]

24-04-2025T10:51:24 - [MESSAGE][WARNING] - Test Case Variables : [Type:1, Description:This is a sample, MergeFieldPrefix:{{, MergeFieldSuffix:}}, TextScript:Rear {{policy.accountHolder}},

We have the following information on record for ID {{legalRefNo}}. Your policy with policy number {{policy.policyNo}} under the {{policy.productName}} is now ready.

Please contact us and confirm that your account is with {{policy.bankName}}.

The Benefits table is depicted below:
{{policy.benefits}}

The Signatures table is depicted below:
{{policy.signatures}}

The Contacts table is depicted below:
{{policy.memberContacts}}

Kind regards, Name:Json_Testing_Template_6, ApplicationModule:33]

24-04-2025T10:51:24 - [TEST_STEP][PASSED] - println("Initializing test data for case " + testCaseContext.getTestCaseId()): null

24-04-2025T10:51:24 - [TEST_STEP][PASSED] - delayDuration = 3: null

24-04-2025T10:51:24 - [TEST_STEP][PASSED] - comment("Story: Add a Script Template"): Story: Add a Script Template

24-04-2025T10:51:24 - [MESSAGE][INFO] - Story: Add a Script Template

24-04-2025T10:51:24 - [TEST_STEP][PASSED] - comment("Given that the user has logged into their account"): Given that the user has logged into their account

24-04-2025T10:51:24 - [MESSAGE][INFO] - Given that the user has logged into their account

24-04-2025T10:51:24 - [TEST_STEP][PASSED] - isLoggedIn = verifyElementNotPresent(findTestObject("Object Repository/Page_Script Template Detail/button_Script Template"), 0, STOP_ON_FAILURE): Web element with id: 'Object Repository/Page_Script Template Detail/button_Script Template' located by 'By.xpath: //button[@id='btnAddScriptTemplate']' is not present after '30' second(s)

24-04-2025T10:51:24 - [MESSAGE][WARNING] - Timeout '0' is invalid. Using default page load timeout: '30'

24-04-2025T10:51:24 - [MESSAGE][PASSED] - Web element with id: 'Object Repository/Page_Script Template Detail/button_Script Template' located by 'By.xpath: //button[@id='btnAddScriptTemplate']' is not present after '30' second(s)

24-04-2025T10:51:24 - [TEST_STEP][PASSED] - if (isLoggedIn === true): Object 'Object Repository/Page_Script Template Detail/button_Script Template' is visible

24-04-2025T10:51:24 - [TEST_STEP][PASSED] - callTestCase(findTestCase("Authentication/Login"), ["Username":findTestData("ScriptTemplateManager/Credentials").getValue(1, 1), "Password":findTestData("ScriptTemplateManager/Credentials").getValue(2, 1), ... ], STOP_ON_FAILURE): Call Test Case 'Test Cases/Authentication/Login' successfully

24-04-2025T10:51:25 - [TEST_CASE][PASSED] - Test Cases/Authentication/Login: Test Cases/Authentication/Login

24-04-2025T10:51:25 - [TEST_STEP][PASSED] - waitForElementVisible(findTestObject("Object Repository/Page_Login/input_Username_Input_UsernameVal"), 0, STOP_ON_FAILURE): Object 'Object Repository/Page_Login/input_Username_Input_UsernameVal' is visible

24-04-2025T10:51:25 - [MESSAGE][WARNING] - Timeout '0' is invalid. Using default page load timeout: '30'

24-04-2025T10:51:29 - [MESSAGE][PASSED] - Object 'Object Repository/Page_Login/input_Username_Input_UsernameVal' is visible

24-04-2025T10:51:29 - [TEST_STEP][PASSED] - sendKeys(findTestObject("Object Repository/Page_Login/input_Username_Input_UsernameVal"), Username): Keys 'Jvansandwyk11' sent to object: 'Object Repository/Page_Login/input_Username_Input_UsernameVal'

24-04-2025T10:51:29 - [MESSAGE][PASSED] - Keys 'Jvansandwyk11' sent to object: 'Object Repository/Page_Login/input_Username_Input_UsernameVal'

24-04-2025T10:51:29 - [TEST_STEP][PASSED] - sendKeys(findTestObject("Object Repository/Page_Login/input_Password_Input_PasswordVal"), Password): Keys '123456' sent to object: 'Object Repository/Page_Login/input_Password_Input_PasswordVal'

24-04-2025T10:51:30 - [MESSAGE][PASSED] - Keys '123456' sent to object: 'Object Repository/Page_Login/input_Password_Input_PasswordVal'

24-04-2025T10:51:30 - [TEST_STEP][PASSED] - if (RememberMe): Object 'Object Repository/Page_Login/input_Password_Checkbox' is checked

24-04-2025T10:51:30 - [TEST_STEP][PASSED] - check(findTestObject("Object Repository/Page_Login/input_Password_Checkbox")): Object 'Object Repository/Page_Login/input_Password_Checkbox' is checked

24-04-2025T10:51:30 - [MESSAGE][PASSED] - Object 'Object Repository/Page_Login/input_Password_Checkbox' is checked

24-04-2025T10:51:30 - [TEST_STEP][PASSED] - click(findTestObject("Object Repository/Page_Login/button_Login")): Object: 'Object Repository/Page_Login/button_Login' is clicked on

24-04-2025T10:51:31 - [MESSAGE][PASSED] - Object: 'Object Repository/Page_Login/button_Login' is clicked on

24-04-2025T10:51:31 - [TEST_STEP][PASSED] - waitForPageLoad(TimeOut): Wait for page load successfully

24-04-2025T10:51:31 - [MESSAGE][PASSED] - Wait for page load successfully

24-04-2025T10:51:31 - [TEST_STEP][PASSED] - click(findTestObject("Object Repository/Page_ScriptTemplates/icon_Account_Options")): Object: 'Object Repository/Page_ScriptTemplates/icon_Account_Options' is clicked on

24-04-2025T10:51:38 - [MESSAGE][PASSED] - Object: 'Object Repository/Page_ScriptTemplates/icon_Account_Options' is clicked on

24-04-2025T10:51:38 - [TEST_STEP][PASSED] - verifyElementPresent(findTestObject("Object Repository/Page_ScriptTemplates/div_Logout"), 0, STOP_ON_FAILURE): Object 'Object Repository/Page_ScriptTemplates/div_Logout' is present

24-04-2025T10:51:38 - [MESSAGE][WARNING] - Timeout '0' is invalid. Using default page load timeout: '30'

24-04-2025T10:51:39 - [MESSAGE][PASSED] - Object 'Object Repository/Page_ScriptTemplates/div_Logout' is present

24-04-2025T10:51:39 - [TEST_STEP][PASSED] - click(findTestObject("Object Repository/Page_ScriptTemplates/div_Script TemplatesScript Template")): Object: 'Object Repository/Page_ScriptTemplates/div_Script TemplatesScript Template' is clicked on

24-04-2025T10:51:39 - [MESSAGE][PASSED] - Object: 'Object Repository/Page_ScriptTemplates/div_Script TemplatesScript Template' is clicked on

24-04-2025T10:51:39 - [MESSAGE][PASSED] - Call Test Case 'Test Cases/Authentication/Login' successfully

24-04-2025T10:51:39 - [TEST_STEP][PASSED] - waitForPageLoad(TimeOut, STOP_ON_FAILURE): Wait for page load successfully

24-04-2025T10:51:39 - [MESSAGE][PASSED] - Wait for page load successfully

24-04-2025T10:51:39 - [TEST_STEP][PASSED] - waitForElementVisible(findTestObject("Object Repository/Page_Script Template Detail/button_Script Template"), 0, STOP_ON_FAILURE): Object 'Object Repository/Page_Script Template Detail/button_Script Template' is visible

24-04-2025T10:51:40 - [MESSAGE][WARNING] - Timeout '0' is invalid. Using default page load timeout: '30'

24-04-2025T10:51:40 - [MESSAGE][PASSED] - Object 'Object Repository/Page_Script Template Detail/button_Script Template' is visible

24-04-2025T10:51:40 - [TEST_STEP][PASSED] - click(findTestObject("Object Repository/Page_Script Template Detail/button_Script Template")): Object: 'Object Repository/Page_Script Template Detail/button_Script Template' is clicked on

24-04-2025T10:51:40 - [MESSAGE][PASSED] - Object: 'Object Repository/Page_Script Template Detail/button_Script Template' is clicked on

24-04-2025T10:51:40 - [TEST_STEP][PASSED] - waitForPageLoad(TimeOut, STOP_ON_FAILURE): Wait for page load successfully

24-04-2025T10:51:40 - [MESSAGE][PASSED] - Wait for page load successfully

24-04-2025T10:51:40 - [TEST_STEP][PASSED] - waitForElementVisible(findTestObject("Object Repository/Page_Script Template Detail/input_Name_TemplateDetail_Name_Input"), 0, STOP_ON_FAILURE): Object 'Object Repository/Page_Script Template Detail/input_Name_TemplateDetail_Name_Input' is visible

24-04-2025T10:51:40 - [MESSAGE][WARNING] - Timeout '0' is invalid. Using default page load timeout: '30'

24-04-2025T10:51:45 - [MESSAGE][PASSED] - Object 'Object Repository/Page_Script Template Detail/input_Name_TemplateDetail_Name_Input' is visible

24-04-2025T10:51:45 - [TEST_STEP][PASSED] - comment("When the user fills in valid information on the Script Template Detail page"): When the user fills in valid information on the Script Template Detail page

24-04-2025T10:51:45 - [MESSAGE][INFO] - When the user fills in valid information on the Script Template Detail page

24-04-2025T10:51:45 - [TEST_STEP][PASSED] - setText(findTestObject("Object Repository/Page_Script Template Detail/input_Name_TemplateDetail_Name_Input"), Name): Text 'Json_Testing_Template_6' is set on object 'Object Repository/Page_Script Template Detail/input_Name_TemplateDetail_Name_Input'

24-04-2025T10:51:46 - [MESSAGE][PASSED] - Text 'Json_Testing_Template_6' is set on object 'Object Repository/Page_Script Template Detail/input_Name_TemplateDetail_Name_Input'

24-04-2025T10:51:46 - [TEST_STEP][PASSED] - setText(findTestObject("Object Repository/Page_Script Template Detail/textarea_Description_TemplateDetail_aa8ae6"), Description): Text 'This is a sample' is set on object 'Object Repository/Page_Script Template Detail/textarea_Description_TemplateDetail_aa8ae6'

24-04-2025T10:51:47 - [MESSAGE][PASSED] - Text 'This is a sample' is set on object 'Object Repository/Page_Script Template Detail/textarea_Description_TemplateDetail_aa8ae6'

24-04-2025T10:51:47 - [TEST_STEP][PASSED] - selectOptionByValue(findTestObject("Object Repository/Page_Script Template Detail/select_Template_Type"), Type, true): All options with value '1' are selected in object 'Object Repository/Page_Script Template Detail/select_Template_Type'  using regular expression

24-04-2025T10:51:48 - [MESSAGE][PASSED] - All options with value '1' are selected in object 'Object Repository/Page_Script Template Detail/select_Template_Type'  using regular expression

24-04-2025T10:51:48 - [TEST_STEP][PASSED] - selectOptionByValue(findTestObject("Object Repository/Page_Script Template Detail/select_Application_Module"), ApplicationModule, true): All options with value '33' are selected in object 'Object Repository/Page_Script Template Detail/select_Application_Module'  using regular expression

24-04-2025T10:51:51 - [MESSAGE][PASSED] - All options with value '33' are selected in object 'Object Repository/Page_Script Template Detail/select_Application_Module'  using regular expression

24-04-2025T10:51:51 - [TEST_STEP][PASSED] - setText(findTestObject("Object Repository/Page_Script Template Detail/input_MergeFields_Parenthesis_TemplateDetail_VariablePrefix_Input"), MergeFieldPrefix): Text '{{' is set on object 'Object Repository/Page_Script Template Detail/input_MergeFields_Parenthesis_TemplateDetail_VariablePrefix_Input'

24-04-2025T10:51:51 - [MESSAGE][PASSED] - Text '{{' is set on object 'Object Repository/Page_Script Template Detail/input_MergeFields_Parenthesis_TemplateDetail_VariablePrefix_Input'

24-04-2025T10:51:51 - [TEST_STEP][PASSED] - setText(findTestObject("Object Repository/Page_Script Template Detail/input_MergeFields_Parenthesis_TemplateDetail_VariableSuffix_Input"), MergeFieldSuffix): Text '}}' is set on object 'Object Repository/Page_Script Template Detail/input_MergeFields_Parenthesis_TemplateDetail_VariableSuffix_Input'

24-04-2025T10:51:52 - [MESSAGE][PASSED] - Text '}}' is set on object 'Object Repository/Page_Script Template Detail/input_MergeFields_Parenthesis_TemplateDetail_VariableSuffix_Input'

24-04-2025T10:51:52 - [TEST_STEP][PASSED] - com.components.ckeditor.CKEditorKeywords.setText(findTestObject("Page_Script Template Detail/iframe_CKEditor_TemplateDetail_TextArea_Script"), TextScript): com.components.ckeditor.CKEditorKeywords.setText is PASSED

24-04-2025T10:51:55 - [MESSAGE][PASSED] - com.components.ckeditor.CKEditorKeywords.setText is PASSED

24-04-2025T10:51:55 - [TEST_STEP][PASSED] - delay(delayDuration): Delayed 3 second(s)

24-04-2025T10:51:58 - [MESSAGE][PASSED] - Delayed 3 second(s)

24-04-2025T10:51:58 - [TEST_STEP][PASSED] - click(findTestObject("Object Repository/Page_Script Template Detail/button_Generate Merge Fields")): Object: 'Object Repository/Page_Script Template Detail/button_Generate Merge Fields' is clicked on

24-04-2025T10:51:58 - [MESSAGE][PASSED] - Object: 'Object Repository/Page_Script Template Detail/button_Generate Merge Fields' is clicked on

24-04-2025T10:51:58 - [TEST_STEP][PASSED] - comment("When the user has filled in valid information on the Script Template Detail page"): When the user has filled in valid information on the Script Template Detail page

24-04-2025T10:51:58 - [MESSAGE][INFO] - When the user has filled in valid information on the Script Template Detail page

24-04-2025T10:51:58 - [TEST_STEP][PASSED] - delay(delayDuration): Delayed 3 second(s)

24-04-2025T10:52:01 - [MESSAGE][PASSED] - Delayed 3 second(s)

24-04-2025T10:52:01 - [TEST_STEP][PASSED] - click(findTestObject("Object Repository/Page_Script Template Detail/button_Save")): Object: 'Object Repository/Page_Script Template Detail/button_Save' is clicked on

24-04-2025T10:52:02 - [MESSAGE][PASSED] - Object: 'Object Repository/Page_Script Template Detail/button_Save' is clicked on

24-04-2025T10:52:02 - [TEST_STEP][PASSED] - comment("The the user should be able to create a new Script Template"): The the user should be able to create a new Script Template

24-04-2025T10:52:02 - [MESSAGE][INFO] - The the user should be able to create a new Script Template

24-04-2025T10:52:02 - [TEST_STEP][PASSED] - verifyElementVisible(findTestObject("Page_Script Template Detail/div_Template CV Successfully saved")): Object 'Object Repository/Page_Script Template Detail/div_Template CV Successfully saved' is visible

24-04-2025T10:52:03 - [MESSAGE][PASSED] - Object 'Object Repository/Page_Script Template Detail/div_Template CV Successfully saved' is visible

24-04-2025T10:52:03 - [TEST_STEP][PASSED] - click(findTestObject("Object Repository/Page_Script Template Detail/button_Back")): Object: 'Object Repository/Page_Script Template Detail/button_Back' is clicked on

24-04-2025T10:52:03 - [MESSAGE][PASSED] - Object: 'Object Repository/Page_Script Template Detail/button_Back' is clicked on

24-04-2025T10:52:03 - [TEST_STEP][PASSED] - callTestCase(findTestCase("TC02 - Verify Script Template"), ["Name":Name], STOP_ON_FAILURE): Call Test Case 'Test Cases/TC02 - Verify Script Template' successfully

24-04-2025T10:52:03 - [TEST_CASE][PASSED] - Test Cases/TC02 - Verify Script Template: Test Cases/TC02 - Verify Script Template

24-04-2025T10:52:03 - [TEST_STEP][PASSED] - sendKeys(findTestObject("Object Repository/Page_Script Template Detail/input_Search input_Input_SearchKeyword"), Name): Keys 'Json_Testing_Template_6' sent to object: 'Object Repository/Page_Script Template Detail/input_Search input_Input_SearchKeyword'

24-04-2025T10:52:04 - [MESSAGE][PASSED] - Keys 'Json_Testing_Template_6' sent to object: 'Object Repository/Page_Script Template Detail/input_Search input_Input_SearchKeyword'

24-04-2025T10:52:04 - [TEST_STEP][PASSED] - delay(3): Delayed 3 second(s)

24-04-2025T10:52:07 - [MESSAGE][PASSED] - Delayed 3 second(s)

24-04-2025T10:52:07 - [TEST_STEP][PASSED] - comment("Number of results returned upon search input"): Number of results returned upon search input

24-04-2025T10:52:07 - [MESSAGE][INFO] - Number of results returned upon search input

24-04-2025T10:52:07 - [TEST_STEP][PASSED] - numberOfItems = getText(findTestObject("Object Repository/Page_ScriptTemplates/span_Number_Of_Items")).toInteger(): Text of object 'Object Repository/Page_ScriptTemplates/span_Number_Of_Items' is: '6'

24-04-2025T10:52:08 - [MESSAGE][PASSED] - Text of object 'Object Repository/Page_ScriptTemplates/span_Number_Of_Items' is: '6'

24-04-2025T10:52:08 - [TEST_STEP][PASSED] - comment("Verify Template if name it is available in the list"): Verify Template if name it is available in the list

24-04-2025T10:52:08 - [MESSAGE][INFO] - Verify Template if name it is available in the list

24-04-2025T10:52:08 - [TEST_STEP][PASSED] - if (numberOfItems >= 1): null

24-04-2025T10:52:08 - [TEST_STEP][PASSED] - isFound = verifyElementText(findTestObject("Object Repository/Page_ScriptTemplates/span_Template_Name"), Name): Actual text and expected text of test object 'Object Repository/Page_ScriptTemplates/span_Template_Name' are matched.

24-04-2025T10:52:39 - [MESSAGE][INFO] - Unable to find the element located by 'By.xpath: //div[@id='l3_0-2_0-b8-Content']/span'. Please recheck the objects properties to make sure the desired element is located. 

24-04-2025T10:52:39 - [MESSAGE][WARNING] - [SELF-HEALING] Failed to find element with id 'Object Repository/Page_ScriptTemplates/span_Template_Name'. Try using Self-healing.

24-04-2025T10:52:39 - [MESSAGE][INFO] - [SELF-HEALING] Failed Locator: '//div[@id='l3_0-2_0-b8-Content']/span'.

24-04-2025T10:52:39 - [MESSAGE][INFO] - [SELF-HEALING] Working Locator: '(.//*[normalize-space(text()) and normalize-space(.)='Time Stamp'])[1]/following::span[2]'.

24-04-2025T10:52:40 - [MESSAGE][INFO] - [SELF-HEALING] Screenshot: C:/Users/MunyaradziKandoro/git/Script-Template-Manager-Web-UI-Testing/Reports/Self-healing/Object Repository/Page_ScriptTemplates/span_Template_Name_neighbor.png

24-04-2025T10:52:40 - [MESSAGE][WARNING] - [SELF-HEALING] The current locator of test object 'Object Repository/Page_ScriptTemplates/span_Template_Name' was broken. Propose an alternative one: '(.//*[normalize-space(text()) and normalize-space(.)='Time Stamp'])[1]/following::span[2]'.

24-04-2025T10:52:40 - [MESSAGE][PASSED] - Actual text and expected text of test object 'Object Repository/Page_ScriptTemplates/span_Template_Name' are matched.

24-04-2025T10:52:40 - [TEST_STEP][PASSED] - comment("Custom assertion to check if the Template name is correct"): Custom assertion to check if the Template name is correct

24-04-2025T10:52:40 - [MESSAGE][INFO] - Custom assertion to check if the Template name is correct

24-04-2025T10:52:40 - [TEST_STEP][PASSED] - templateName = getText(findTestObject("Object Repository/Page_ScriptTemplates/span_Template_Name")): Text of object 'Object Repository/Page_ScriptTemplates/span_Template_Name' is: 'Json_Testing_Template_6'

24-04-2025T10:53:11 - [MESSAGE][INFO] - Unable to find the element located by 'By.xpath: //div[@id='l3_0-2_0-b8-Content']/span'. Please recheck the objects properties to make sure the desired element is located. 

24-04-2025T10:53:11 - [MESSAGE][WARNING] - [SELF-HEALING] Failed to find element with id 'Object Repository/Page_ScriptTemplates/span_Template_Name'. Try using Self-healing.

24-04-2025T10:53:11 - [MESSAGE][WARNING] - [SELF-HEALING] The current locator of test object 'Object Repository/Page_ScriptTemplates/span_Template_Name' was broken. Propose an alternative one: '(.//*[normalize-space(text()) and normalize-space(.)='Time Stamp'])[1]/following::span[2]'.

24-04-2025T10:53:11 - [MESSAGE][PASSED] - Text of object 'Object Repository/Page_ScriptTemplates/span_Template_Name' is: 'Json_Testing_Template_6'

24-04-2025T10:53:11 - [TEST_STEP][PASSED] - assert templateName == Name: null

24-04-2025T10:53:11 - [MESSAGE][INFO] - 

24-04-2025T10:53:11 - [MESSAGE][INFO] - ===================== Self-healing Report ====================

24-04-2025T10:53:11 - [MESSAGE][INFO] - One of the failed test object locators has been recovered by Self-healing. Please refer to the Self-healing Insights tab for more details.

24-04-2025T10:53:11 - [MESSAGE][INFO] - To learn more about Self-healing, please read https://docs.katalon.com/katalon-studio/docs/self-healing.html

24-04-2025T10:53:11 - [MESSAGE][INFO] - ==============================================================

24-04-2025T10:53:11 - [MESSAGE][PASSED] - Call Test Case 'Test Cases/TC02 - Verify Script Template' successfully

24-04-2025T10:53:11 - [TEST_STEP][PASSED] - Start listener action : logAfterTestCase: null

24-04-2025T10:53:11 - [TEST_STEP][PASSED] - switchToDefaultContent(): null

24-04-2025T10:53:11 - [TEST_STEP][PASSED] - comment("Test Case Execution Completed"): Test Case Execution Completed

24-04-2025T10:53:11 - [MESSAGE][INFO] - Test Case Execution Completed

24-04-2025T10:53:11 - [TEST_STEP][PASSED] - markWarning("Test Case Name : " + testCaseContext.getTestCaseId()): Test Case Name : Test Cases/TC01 - Add Script Template

24-04-2025T10:53:11 - [MESSAGE][WARNING] - Test Case Name : Test Cases/TC01 - Add Script Template

24-04-2025T10:53:11 - [TEST_STEP][PASSED] - markWarning("Test Case Status : " + testCaseContext.getTestCaseStatus()): Test Case Status : PASSED

24-04-2025T10:53:11 - [MESSAGE][WARNING] - Test Case Status : PASSED

24-04-2025T10:53:11 - [TEST_STEP][PASSED] - if (getTestCaseStatus().equals("FAILED")): null

24-04-2025T10:53:11 - [TEST_STEP][PASSED] - println("Reseting test configuration settings..."): null

24-04-2025T10:53:11 - [TEST_STEP][PASSED] - println("Cleaning up resources for case " + testCaseContext.getTestCaseId()): null]]></system-out>
         <system-err><![CDATA[]]></system-err>
      </testcase>
      <system-out><![CDATA[24-04-2025T10:51:18 - [TEST_SUITE][PASSED] - SN001_ScriptTemplate_Validation: Test Cases/TC01 - Add Script Template]]></system-out>
      <system-err><![CDATA[]]></system-err>
   </testsuite>
   <testsuite name="SN001_ScriptTemplate_Validation" tests="1" failures="1" errors="0" time="74.746" skipped="0" timestamp="24-04-2025T10:53:15" hostname="MunyaradziKandoro - DESKTOP-06T37RT" id="Test Suites/Sanity Test Suite/SN001_ScriptTemplate_Validation">
      <properties>
         <property name="deviceName" value=""/>
         <property name="devicePlatform"/>
         <property name="logFolder" value="C:\\Users\\MunyaradziKandoro\\git\\Script-Template-Manager-Web-UI-Testing\\Reports\\20250424_105104\\Sanity Test Suite\\SN001_ScriptTemplate_Validation\\20250424_105107"/>
         <property name="logFiles" value="C:\\Users\\MunyaradziKandoro\\git\\Script-Template-Manager-Web-UI-Testing\\Reports\\20250424_105104\\Sanity Test Suite\\SN001_ScriptTemplate_Validation\\20250424_105107\\execution0.log"/>
         <property name="attachments" value="C:\\Users\\MunyaradziKandoro\\git\\Script-Template-Manager-Web-UI-Testing\\Reports\\20250424_105104\\Sanity Test Suite\\SN001_ScriptTemplate_Validation\\20250424_105107\\1745484869922.png, C:\\Users\\MunyaradziKandoro\\git\\Script-Template-Manager-Web-UI-Testing\\Reports\\20250424_105104\\Sanity Test Suite\\SN001_ScriptTemplate_Validation\\20250424_105107\\Screenshots/Test Cases/TC01 - Add Script Template.png"/>
         <property name="hostName" value="MunyaradziKandoro - DESKTOP-06T37RT"/>
         <property name="os" value="Windows 11 64bit"/>
         <property name="katalonVersion" value="10.1.0.223"/>
         <property name="browser" value="Firefox 137.0.2"/>
         <property name="hostAddress" value="192.168.1.100"/>
         <property name="sessionId" value="fcd636f5-e07d-41c2-93a0-1939cc07cc3e"/>
         <property name="seleniumVersion" value="4.22.0"/>
         <property name="proxyInformation" value="ProxyInformation { proxyOption=NO_PROXY, proxyServerType=HTTP, username=, password=********, proxyServerAddress=, proxyServerPort=0, executionList=&quot;&quot;, isApplyToDesiredCapabilities=true }"/>
         <property name="platform" value="Windows 11"/>
      </properties>
      <testcase name="Test Cases/TC01 - Add Script Template" time="67.5" classname="Test Cases/TC01 - Add Script Template" status="FAILED">
         <properties>
            <property name="data_binding"><![CDATA[{"(Default) Descr...":"This is a sample","(Default) TextS...":"Rear {{policy.accountHolder}},\n\nWe have the following information on record for ID {{legalRefNo}}. Your policy with policy number {{policy.policyNo}} under the {{policy.productName}} is now ready.\n\nPlease contact us and confirm that your account is with {{policy.bankName}}.\n\nThe Benefits table is depicted below:\n{{policy.benefits}}\n\nThe Signatures table is depicted below:\n{{policy.signatures}}\n\nThe Contacts table is depicted below:\n{{policy.memberContacts}}\n\nKind regards","(Default) Type":"1","(Default) Merge...":"}}","(Default) Appli...":"33","(Default) Name":"Json_Testing_Template_6"}]]></property>
         </properties>
         <failure type="FAILED" message="Test Cases/TC01 - Add Script Template FAILED.&#xa;Reason:&#xa;com.kms.katalon.core.exception.StepFailedException: Unable to click on object 'Object Repository/Page_Script Template Detail/button_Back'&#xa;	at com.kms.katalon.core.webui.keyword.internal.WebUIKeywordMain.stepFailed(WebUIKeywordMain.groovy:117)&#xa;	at com.kms.katalon.core.webui.keyword.internal.WebUIKeywordMain.runKeyword(WebUIKeywordMain.groovy:43)&#xa;	at com.kms.katalon.core.webui.keyword.builtin.ClickKeyword.click(ClickKeyword.groovy:75)&#xa;	at com.kms.katalon.core.webui.keyword.builtin.ClickKeyword.execute(ClickKeyword.groovy:40)&#xa;	at com.kms.katalon.core.keyword.internal.KeywordExecutor.executeKeywordForPlatform(KeywordExecutor.groovy:74)&#xa;	at com.kms.katalon.core.webui.keyword.WebUiBuiltInKeywords.click(WebUiBuiltInKeywords.groovy:696)&#xa;	at TC01 - Add Script Template.run(TC01 - Add Script Template:90)&#xa;	at com.kms.katalon.core.main.ScriptEngine.run(ScriptEngine.java:194)&#xa;	at com.kms.katalon.core.main.ScriptEngine.runScriptAsRawText(ScriptEngine.java:119)&#xa;	at com.kms.katalon.core.main.TestCaseExecutor.runScript(TestCaseExecutor.java:448)&#xa;	at com.kms.katalon.core.main.TestCaseExecutor.doExecute(TestCaseExecutor.java:439)&#xa;	at com.kms.katalon.core.main.TestCaseExecutor.processExecutionPhase(TestCaseExecutor.java:418)&#xa;	at com.kms.katalon.core.main.TestCaseExecutor.accessMainPhase(TestCaseExecutor.java:410)&#xa;	at com.kms.katalon.core.main.TestCaseExecutor.execute(TestCaseExecutor.java:285)&#xa;	at com.kms.katalon.core.common.CommonExecutor.accessTestCaseMainPhase(CommonExecutor.java:71)&#xa;	at com.kms.katalon.core.main.TestSuiteExecutor.accessTestSuiteMainPhase(TestSuiteExecutor.java:160)&#xa;	at com.kms.katalon.core.main.TestSuiteExecutor.execute(TestSuiteExecutor.java:107)&#xa;	at com.kms.katalon.core.main.TestCaseMain.startTestSuite(TestCaseMain.java:180)&#xa;	at TempTestSuite1745484667099.run(TempTestSuite1745484667099.groovy:35)&#xa;	at java.base/jdk.internal.reflect.NativeMethodAccessorImpl.invoke0(Native Method)&#xa;	at java.base/jdk.internal.reflect.NativeMethodAccessorImpl.invoke(NativeMethodAccessorImpl.java:77)&#xa;	at java.base/jdk.internal.reflect.DelegatingMethodAccessorImpl.invoke(DelegatingMethodAccessorImpl.java:43)&#xa;Caused by: org.openqa.selenium.ElementClickInterceptedException: Element &lt;button id=&quot;Button_Cancel&quot; class=&quot;btn&quot; type=&quot;button&quot;> is not clickable at point (1847,17) because another element &lt;div id=&quot;b2-b2-Popover_Icon&quot; class=&quot;padding-left-base padding-right-s&quot;> obscures it&#xa;Build info: version: '4.22.0', revision: 'c5f3146703'&#xa;System info: os.name: 'Windows 11', os.arch: 'amd64', os.version: '10.0', java.version: '17.0.13'&#xa;Driver info: com.kms.katalon.selenium.driver.CFirefoxDriver&#xa;Command: [fcd636f5-e07d-41c2-93a0-1939cc07cc3e, clickElement {id=764d9921-14a9-4f12-b668-ab59fc81e231}]&#xa;Capabilities {acceptInsecureCerts: true, browserName: firefox, browserVersion: 137.0.2, moz:accessibilityChecks: false, moz:buildID: 20250414091429, moz:debuggerAddress: 127.0.0.1:21244, moz:geckodriverVersion: 0.35.0, moz:headless: false, moz:platformVersion: 10.0, moz:processID: 19548, moz:profile: C:\Users\MUNYAR~1\AppData\L..., moz:shutdownTimeout: 60000, moz:webdriverClick: true, moz:windowless: false, pageLoadStrategy: normal, platformName: windows, proxy: Proxy(), se:cdp: ws://127.0.0.1:21244/devtoo..., se:cdpVersion: 85.0, setWindowRect: true, strictFileInteractability: false, timeouts: {implicit: 0, pageLoad: 300000, script: 30000}, unhandledPromptBehavior: ignore, userAgent: Mozilla/5.0 (Windows NT 10...., webSocketUrl: ws://127.0.0.1:21244/sessio...}&#xa;Element: [[CFirefoxDriver: firefox on windows (fcd636f5-e07d-41c2-93a0-1939cc07cc3e)] -> xpath: //button[@id='Button_Cancel']]&#xa;Session ID: fcd636f5-e07d-41c2-93a0-1939cc07cc3e&#xa;	at jdk.internal.reflect.GeneratedConstructorAccessor45.newInstance(Unknown Source)&#xa;	at java.base/jdk.internal.reflect.DelegatingConstructorAccessorImpl.newInstance(DelegatingConstructorAccessorImpl.java:45)&#xa;	at org.openqa.selenium.remote.ErrorCodec.decode(ErrorCodec.java:167)&#xa;	at org.openqa.selenium.remote.codec.w3c.W3CHttpResponseCodec.decode(W3CHttpResponseCodec.java:138)&#xa;	at org.openqa.selenium.remote.codec.w3c.W3CHttpResponseCodec.decode(W3CHttpResponseCodec.java:50)&#xa;	at org.openqa.selenium.remote.HttpCommandExecutor.execute(HttpCommandExecutor.java:190)&#xa;	at org.openqa.selenium.remote.service.DriverCommandExecutor.invokeExecute(DriverCommandExecutor.java:216)&#xa;	at org.openqa.selenium.remote.service.DriverCommandExecutor.execute(DriverCommandExecutor.java:174)&#xa;	at org.openqa.selenium.remote.RemoteWebDriver.execute(RemoteWebDriver.java:518)&#xa;	at org.openqa.selenium.remote.RemoteWebElement.execute(RemoteWebElement.java:223)&#xa;	at org.openqa.selenium.remote.RemoteWebElement.click(RemoteWebElement.java:76)&#xa;	at jdk.internal.reflect.GeneratedMethodAccessor26.invoke(Unknown Source)&#xa;	at java.base/jdk.internal.reflect.DelegatingMethodAccessorImpl.invoke(DelegatingMethodAccessorImpl.java:43)&#xa;	at org.openqa.selenium.support.decorators.WebDriverDecorator.call(WebDriverDecorator.java:249)&#xa;	at org.openqa.selenium.support.decorators.DefaultDecorated.call(DefaultDecorated.java:48)&#xa;	at org.openqa.selenium.support.decorators.WebDriverDecorator.lambda$createProxy$2(WebDriverDecorator.java:321)&#xa;	at net.bytebuddy.renamed.java.lang.Object$ByteBuddy$KhqctD1c.click(Unknown Source)&#xa;	at org.openqa.selenium.WebElement$click.call(Unknown Source)&#xa;	at com.kms.katalon.core.webui.keyword.builtin.ClickKeyword.clickUntilSuccessWithTimeout(ClickKeyword.groovy:82)&#xa;	at com.kms.katalon.core.webui.keyword.builtin.ClickKeyword.clickUntilSuccessWithTimeout(ClickKeyword.groovy)&#xa;	at java.base/jdk.internal.reflect.NativeMethodAccessorImpl.invoke0(Native Method)&#xa;	at java.base/jdk.internal.reflect.NativeMethodAccessorImpl.invoke(NativeMethodAccessorImpl.java:77)&#xa;	at java.base/jdk.internal.reflect.DelegatingMethodAccessorImpl.invoke(DelegatingMethodAccessorImpl.java:43)&#xa;	at com.kms.katalon.core.webui.keyword.builtin.ClickKeyword$_click_closure1.doCall(ClickKeyword.groovy:68)&#xa;	at com.kms.katalon.core.webui.keyword.builtin.ClickKeyword$_click_closure1.call(ClickKeyword.groovy)&#xa;	at com.kms.katalon.core.webui.keyword.internal.WebUIKeywordMain.runKeyword(WebUIKeywordMain.groovy:35)&#xa;	... 20 more&#xa;"/>
         <system-out><![CDATA[24-04-2025T10:53:22 - [TEST_CASE][FAILED] - Test Cases/TC01 - Add Script Template: Test Cases/TC01 - Add Script Template FAILED.
Reason:
com.kms.katalon.core.exception.StepFailedException: Unable to click on object 'Object Repository/Page_Script Template Detail/button_Back'
	at com.kms.katalon.core.webui.keyword.internal.WebUIKeywordMain.stepFailed(WebUIKeywordMain.groovy:117)
	at com.kms.katalon.core.webui.keyword.internal.WebUIKeywordMain.runKeyword(WebUIKeywordMain.groovy:43)
	at com.kms.katalon.core.webui.keyword.builtin.ClickKeyword.click(ClickKeyword.groovy:75)
	at com.kms.katalon.core.webui.keyword.builtin.ClickKeyword.execute(ClickKeyword.groovy:40)
	at com.kms.katalon.core.keyword.internal.KeywordExecutor.executeKeywordForPlatform(KeywordExecutor.groovy:74)
	at com.kms.katalon.core.webui.keyword.WebUiBuiltInKeywords.click(WebUiBuiltInKeywords.groovy:696)
	at TC01 - Add Script Template.run(TC01 - Add Script Template:90)
	at com.kms.katalon.core.main.ScriptEngine.run(ScriptEngine.java:194)
	at com.kms.katalon.core.main.ScriptEngine.runScriptAsRawText(ScriptEngine.java:119)
	at com.kms.katalon.core.main.TestCaseExecutor.runScript(TestCaseExecutor.java:448)
	at com.kms.katalon.core.main.TestCaseExecutor.doExecute(TestCaseExecutor.java:439)
	at com.kms.katalon.core.main.TestCaseExecutor.processExecutionPhase(TestCaseExecutor.java:418)
	at com.kms.katalon.core.main.TestCaseExecutor.accessMainPhase(TestCaseExecutor.java:410)
	at com.kms.katalon.core.main.TestCaseExecutor.execute(TestCaseExecutor.java:285)
	at com.kms.katalon.core.common.CommonExecutor.accessTestCaseMainPhase(CommonExecutor.java:71)
	at com.kms.katalon.core.main.TestSuiteExecutor.accessTestSuiteMainPhase(TestSuiteExecutor.java:160)
	at com.kms.katalon.core.main.TestSuiteExecutor.execute(TestSuiteExecutor.java:107)
	at com.kms.katalon.core.main.TestCaseMain.startTestSuite(TestCaseMain.java:180)
	at TempTestSuite1745484667099.run(TempTestSuite1745484667099.groovy:35)
	at java.base/jdk.internal.reflect.NativeMethodAccessorImpl.invoke0(Native Method)
	at java.base/jdk.internal.reflect.NativeMethodAccessorImpl.invoke(NativeMethodAccessorImpl.java:77)
	at java.base/jdk.internal.reflect.DelegatingMethodAccessorImpl.invoke(DelegatingMethodAccessorImpl.java:43)
Caused by: org.openqa.selenium.ElementClickInterceptedException: Element <button id="Button_Cancel" class="btn" type="button"> is not clickable at point (1847,17) because another element <div id="b2-b2-Popover_Icon" class="padding-left-base padding-right-s"> obscures it
Build info: version: '4.22.0', revision: 'c5f3146703'
System info: os.name: 'Windows 11', os.arch: 'amd64', os.version: '10.0', java.version: '17.0.13'
Driver info: com.kms.katalon.selenium.driver.CFirefoxDriver
Command: [fcd636f5-e07d-41c2-93a0-1939cc07cc3e, clickElement {id=764d9921-14a9-4f12-b668-ab59fc81e231}]
Capabilities {acceptInsecureCerts: true, browserName: firefox, browserVersion: 137.0.2, moz:accessibilityChecks: false, moz:buildID: 20250414091429, moz:debuggerAddress: 127.0.0.1:21244, moz:geckodriverVersion: 0.35.0, moz:headless: false, moz:platformVersion: 10.0, moz:processID: 19548, moz:profile: C:\Users\MUNYAR~1\AppData\L..., moz:shutdownTimeout: 60000, moz:webdriverClick: true, moz:windowless: false, pageLoadStrategy: normal, platformName: windows, proxy: Proxy(), se:cdp: ws://127.0.0.1:21244/devtoo..., se:cdpVersion: 85.0, setWindowRect: true, strictFileInteractability: false, timeouts: {implicit: 0, pageLoad: 300000, script: 30000}, unhandledPromptBehavior: ignore, userAgent: Mozilla/5.0 (Windows NT 10...., webSocketUrl: ws://127.0.0.1:21244/sessio...}
Element: [[CFirefoxDriver: firefox on windows (fcd636f5-e07d-41c2-93a0-1939cc07cc3e)] -> xpath: //button[@id='Button_Cancel']]
Session ID: fcd636f5-e07d-41c2-93a0-1939cc07cc3e
	at jdk.internal.reflect.GeneratedConstructorAccessor45.newInstance(Unknown Source)
	at java.base/jdk.internal.reflect.DelegatingConstructorAccessorImpl.newInstance(DelegatingConstructorAccessorImpl.java:45)
	at org.openqa.selenium.remote.ErrorCodec.decode(ErrorCodec.java:167)
	at org.openqa.selenium.remote.codec.w3c.W3CHttpResponseCodec.decode(W3CHttpResponseCodec.java:138)
	at org.openqa.selenium.remote.codec.w3c.W3CHttpResponseCodec.decode(W3CHttpResponseCodec.java:50)
	at org.openqa.selenium.remote.HttpCommandExecutor.execute(HttpCommandExecutor.java:190)
	at org.openqa.selenium.remote.service.DriverCommandExecutor.invokeExecute(DriverCommandExecutor.java:216)
	at org.openqa.selenium.remote.service.DriverCommandExecutor.execute(DriverCommandExecutor.java:174)
	at org.openqa.selenium.remote.RemoteWebDriver.execute(RemoteWebDriver.java:518)
	at org.openqa.selenium.remote.RemoteWebElement.execute(RemoteWebElement.java:223)
	at org.openqa.selenium.remote.RemoteWebElement.click(RemoteWebElement.java:76)
	at jdk.internal.reflect.GeneratedMethodAccessor26.invoke(Unknown Source)
	at java.base/jdk.internal.reflect.DelegatingMethodAccessorImpl.invoke(DelegatingMethodAccessorImpl.java:43)
	at org.openqa.selenium.support.decorators.WebDriverDecorator.call(WebDriverDecorator.java:249)
	at org.openqa.selenium.support.decorators.DefaultDecorated.call(DefaultDecorated.java:48)
	at org.openqa.selenium.support.decorators.WebDriverDecorator.lambda$createProxy$2(WebDriverDecorator.java:321)
	at net.bytebuddy.renamed.java.lang.Object$ByteBuddy$KhqctD1c.click(Unknown Source)
	at org.openqa.selenium.WebElement$click.call(Unknown Source)
	at com.kms.katalon.core.webui.keyword.builtin.ClickKeyword.clickUntilSuccessWithTimeout(ClickKeyword.groovy:82)
	at com.kms.katalon.core.webui.keyword.builtin.ClickKeyword.clickUntilSuccessWithTimeout(ClickKeyword.groovy)
	at java.base/jdk.internal.reflect.NativeMethodAccessorImpl.invoke0(Native Method)
	at java.base/jdk.internal.reflect.NativeMethodAccessorImpl.invoke(NativeMethodAccessorImpl.java:77)
	at java.base/jdk.internal.reflect.DelegatingMethodAccessorImpl.invoke(DelegatingMethodAccessorImpl.java:43)
	at com.kms.katalon.core.webui.keyword.builtin.ClickKeyword$_click_closure1.doCall(ClickKeyword.groovy:68)
	at com.kms.katalon.core.webui.keyword.builtin.ClickKeyword$_click_closure1.call(ClickKeyword.groovy)
	at com.kms.katalon.core.webui.keyword.internal.WebUIKeywordMain.runKeyword(WebUIKeywordMain.groovy:35)
	... 20 more


24-04-2025T10:53:23 - [TEST_STEP][PASSED] - Start listener action : logBeforeTestCase: null

24-04-2025T10:53:23 - [TEST_STEP][PASSED] - comment("Initialize setup for Test Case Execution"): Initialize setup for Test Case Execution

24-04-2025T10:53:23 - [MESSAGE][INFO] - Initialize setup for Test Case Execution

24-04-2025T10:53:23 - [TEST_STEP][PASSED] - markWarning("Test Case Name : " + testCaseContext.getTestCaseId()): Test Case Name : Test Cases/TC01 - Add Script Template

24-04-2025T10:53:23 - [MESSAGE][WARNING] - Test Case Name : Test Cases/TC01 - Add Script Template

24-04-2025T10:53:23 - [TEST_STEP][PASSED] - markWarning("Test Case Variables : " + testCaseContext.getTestCaseVariables()): Test Case Variables : [Type:1, Description:This is a sample, MergeFieldPrefix:{{, MergeFieldSuffix:}}, TextScript:Rear {{policy.accountHolder}},

We have the following information on record for ID {{legalRefNo}}. Your policy with policy number {{policy.policyNo}} under the {{policy.productName}} is now ready.

Please contact us and confirm that your account is with {{policy.bankName}}.

The Benefits table is depicted below:
{{policy.benefits}}

The Signatures table is depicted below:
{{policy.signatures}}

The Contacts table is depicted below:
{{policy.memberContacts}}

Kind regards, Name:Json_Testing_Template_6, ApplicationModule:33]

24-04-2025T10:53:23 - [MESSAGE][WARNING] - Test Case Variables : [Type:1, Description:This is a sample, MergeFieldPrefix:{{, MergeFieldSuffix:}}, TextScript:Rear {{policy.accountHolder}},

We have the following information on record for ID {{legalRefNo}}. Your policy with policy number {{policy.policyNo}} under the {{policy.productName}} is now ready.

Please contact us and confirm that your account is with {{policy.bankName}}.

The Benefits table is depicted below:
{{policy.benefits}}

The Signatures table is depicted below:
{{policy.signatures}}

The Contacts table is depicted below:
{{policy.memberContacts}}

Kind regards, Name:Json_Testing_Template_6, ApplicationModule:33]

24-04-2025T10:53:23 - [TEST_STEP][PASSED] - println("Initializing test data for case " + testCaseContext.getTestCaseId()): null

24-04-2025T10:53:24 - [TEST_STEP][PASSED] - delayDuration = 3: null

24-04-2025T10:53:24 - [TEST_STEP][PASSED] - comment("Story: Add a Script Template"): Story: Add a Script Template

24-04-2025T10:53:24 - [MESSAGE][INFO] - Story: Add a Script Template

24-04-2025T10:53:24 - [TEST_STEP][PASSED] - comment("Given that the user has logged into their account"): Given that the user has logged into their account

24-04-2025T10:53:24 - [MESSAGE][INFO] - Given that the user has logged into their account

24-04-2025T10:53:24 - [TEST_STEP][PASSED] - isLoggedIn = verifyElementNotPresent(findTestObject("Object Repository/Page_Script Template Detail/button_Script Template"), 0, STOP_ON_FAILURE): Web element with id: 'Object Repository/Page_Script Template Detail/button_Script Template' located by 'By.xpath: //button[@id='btnAddScriptTemplate']' is not present after '30' second(s)

24-04-2025T10:53:24 - [MESSAGE][WARNING] - Timeout '0' is invalid. Using default page load timeout: '30'

24-04-2025T10:53:24 - [MESSAGE][PASSED] - Web element with id: 'Object Repository/Page_Script Template Detail/button_Script Template' located by 'By.xpath: //button[@id='btnAddScriptTemplate']' is not present after '30' second(s)

24-04-2025T10:53:24 - [TEST_STEP][PASSED] - if (isLoggedIn === true): Object 'Object Repository/Page_Script Template Detail/button_Script Template' is visible

24-04-2025T10:53:24 - [TEST_STEP][PASSED] - callTestCase(findTestCase("Authentication/Login"), ["Username":findTestData("ScriptTemplateManager/Credentials").getValue(1, 1), "Password":findTestData("ScriptTemplateManager/Credentials").getValue(2, 1), ... ], STOP_ON_FAILURE): Call Test Case 'Test Cases/Authentication/Login' successfully

24-04-2025T10:53:24 - [TEST_CASE][PASSED] - Test Cases/Authentication/Login: Test Cases/Authentication/Login

24-04-2025T10:53:24 - [TEST_STEP][PASSED] - waitForElementVisible(findTestObject("Object Repository/Page_Login/input_Username_Input_UsernameVal"), 0, STOP_ON_FAILURE): Object 'Object Repository/Page_Login/input_Username_Input_UsernameVal' is visible

24-04-2025T10:53:24 - [MESSAGE][WARNING] - Timeout '0' is invalid. Using default page load timeout: '30'

24-04-2025T10:53:30 - [MESSAGE][PASSED] - Object 'Object Repository/Page_Login/input_Username_Input_UsernameVal' is visible

24-04-2025T10:53:30 - [TEST_STEP][PASSED] - sendKeys(findTestObject("Object Repository/Page_Login/input_Username_Input_UsernameVal"), Username): Keys 'Jvansandwyk11' sent to object: 'Object Repository/Page_Login/input_Username_Input_UsernameVal'

24-04-2025T10:53:30 - [MESSAGE][PASSED] - Keys 'Jvansandwyk11' sent to object: 'Object Repository/Page_Login/input_Username_Input_UsernameVal'

24-04-2025T10:53:30 - [TEST_STEP][PASSED] - sendKeys(findTestObject("Object Repository/Page_Login/input_Password_Input_PasswordVal"), Password): Keys '123456' sent to object: 'Object Repository/Page_Login/input_Password_Input_PasswordVal'

24-04-2025T10:53:31 - [MESSAGE][PASSED] - Keys '123456' sent to object: 'Object Repository/Page_Login/input_Password_Input_PasswordVal'

24-04-2025T10:53:31 - [TEST_STEP][PASSED] - if (RememberMe): Object 'Object Repository/Page_Login/input_Password_Checkbox' is checked

24-04-2025T10:53:31 - [TEST_STEP][PASSED] - check(findTestObject("Object Repository/Page_Login/input_Password_Checkbox")): Object 'Object Repository/Page_Login/input_Password_Checkbox' is checked

24-04-2025T10:53:31 - [MESSAGE][PASSED] - Object 'Object Repository/Page_Login/input_Password_Checkbox' is checked

24-04-2025T10:53:31 - [TEST_STEP][PASSED] - click(findTestObject("Object Repository/Page_Login/button_Login")): Object: 'Object Repository/Page_Login/button_Login' is clicked on

24-04-2025T10:53:32 - [MESSAGE][PASSED] - Object: 'Object Repository/Page_Login/button_Login' is clicked on

24-04-2025T10:53:32 - [TEST_STEP][PASSED] - waitForPageLoad(TimeOut): Wait for page load successfully

24-04-2025T10:53:32 - [MESSAGE][PASSED] - Wait for page load successfully

24-04-2025T10:53:32 - [TEST_STEP][PASSED] - click(findTestObject("Object Repository/Page_ScriptTemplates/icon_Account_Options")): Object: 'Object Repository/Page_ScriptTemplates/icon_Account_Options' is clicked on

24-04-2025T10:53:37 - [MESSAGE][PASSED] - Object: 'Object Repository/Page_ScriptTemplates/icon_Account_Options' is clicked on

24-04-2025T10:53:37 - [TEST_STEP][PASSED] - verifyElementPresent(findTestObject("Object Repository/Page_ScriptTemplates/div_Logout"), 0, STOP_ON_FAILURE): Object 'Object Repository/Page_ScriptTemplates/div_Logout' is present

24-04-2025T10:53:37 - [MESSAGE][WARNING] - Timeout '0' is invalid. Using default page load timeout: '30'

24-04-2025T10:53:38 - [MESSAGE][PASSED] - Object 'Object Repository/Page_ScriptTemplates/div_Logout' is present

24-04-2025T10:53:38 - [TEST_STEP][PASSED] - click(findTestObject("Object Repository/Page_ScriptTemplates/div_Script TemplatesScript Template")): Object: 'Object Repository/Page_ScriptTemplates/div_Script TemplatesScript Template' is clicked on

24-04-2025T10:53:38 - [MESSAGE][PASSED] - Object: 'Object Repository/Page_ScriptTemplates/div_Script TemplatesScript Template' is clicked on

24-04-2025T10:53:38 - [MESSAGE][PASSED] - Call Test Case 'Test Cases/Authentication/Login' successfully

24-04-2025T10:53:38 - [TEST_STEP][PASSED] - waitForPageLoad(TimeOut, STOP_ON_FAILURE): Wait for page load successfully

24-04-2025T10:53:38 - [MESSAGE][PASSED] - Wait for page load successfully

24-04-2025T10:53:38 - [TEST_STEP][PASSED] - waitForElementVisible(findTestObject("Object Repository/Page_Script Template Detail/button_Script Template"), 0, STOP_ON_FAILURE): Object 'Object Repository/Page_Script Template Detail/button_Script Template' is visible

24-04-2025T10:53:38 - [MESSAGE][WARNING] - Timeout '0' is invalid. Using default page load timeout: '30'

24-04-2025T10:53:39 - [MESSAGE][PASSED] - Object 'Object Repository/Page_Script Template Detail/button_Script Template' is visible

24-04-2025T10:53:39 - [TEST_STEP][PASSED] - click(findTestObject("Object Repository/Page_Script Template Detail/button_Script Template")): Object: 'Object Repository/Page_Script Template Detail/button_Script Template' is clicked on

24-04-2025T10:53:39 - [MESSAGE][PASSED] - Object: 'Object Repository/Page_Script Template Detail/button_Script Template' is clicked on

24-04-2025T10:53:39 - [TEST_STEP][PASSED] - waitForPageLoad(TimeOut, STOP_ON_FAILURE): Wait for page load successfully

24-04-2025T10:53:39 - [MESSAGE][PASSED] - Wait for page load successfully

24-04-2025T10:53:39 - [TEST_STEP][PASSED] - waitForElementVisible(findTestObject("Object Repository/Page_Script Template Detail/input_Name_TemplateDetail_Name_Input"), 0, STOP_ON_FAILURE): Object 'Object Repository/Page_Script Template Detail/input_Name_TemplateDetail_Name_Input' is visible

24-04-2025T10:53:39 - [MESSAGE][WARNING] - Timeout '0' is invalid. Using default page load timeout: '30'

24-04-2025T10:53:42 - [MESSAGE][PASSED] - Object 'Object Repository/Page_Script Template Detail/input_Name_TemplateDetail_Name_Input' is visible

24-04-2025T10:53:42 - [TEST_STEP][PASSED] - comment("When the user fills in valid information on the Script Template Detail page"): When the user fills in valid information on the Script Template Detail page

24-04-2025T10:53:42 - [MESSAGE][INFO] - When the user fills in valid information on the Script Template Detail page

24-04-2025T10:53:42 - [TEST_STEP][PASSED] - setText(findTestObject("Object Repository/Page_Script Template Detail/input_Name_TemplateDetail_Name_Input"), Name): Text 'Json_Testing_Template_6' is set on object 'Object Repository/Page_Script Template Detail/input_Name_TemplateDetail_Name_Input'

24-04-2025T10:53:44 - [MESSAGE][PASSED] - Text 'Json_Testing_Template_6' is set on object 'Object Repository/Page_Script Template Detail/input_Name_TemplateDetail_Name_Input'

24-04-2025T10:53:44 - [TEST_STEP][PASSED] - setText(findTestObject("Object Repository/Page_Script Template Detail/textarea_Description_TemplateDetail_aa8ae6"), Description): Text 'This is a sample' is set on object 'Object Repository/Page_Script Template Detail/textarea_Description_TemplateDetail_aa8ae6'

24-04-2025T10:53:45 - [MESSAGE][PASSED] - Text 'This is a sample' is set on object 'Object Repository/Page_Script Template Detail/textarea_Description_TemplateDetail_aa8ae6'

24-04-2025T10:53:45 - [TEST_STEP][PASSED] - selectOptionByValue(findTestObject("Object Repository/Page_Script Template Detail/select_Template_Type"), Type, true): All options with value '1' are selected in object 'Object Repository/Page_Script Template Detail/select_Template_Type'  using regular expression

24-04-2025T10:53:46 - [MESSAGE][PASSED] - All options with value '1' are selected in object 'Object Repository/Page_Script Template Detail/select_Template_Type'  using regular expression

24-04-2025T10:53:46 - [TEST_STEP][PASSED] - selectOptionByValue(findTestObject("Object Repository/Page_Script Template Detail/select_Application_Module"), ApplicationModule, true): All options with value '33' are selected in object 'Object Repository/Page_Script Template Detail/select_Application_Module'  using regular expression

24-04-2025T10:53:49 - [MESSAGE][PASSED] - All options with value '33' are selected in object 'Object Repository/Page_Script Template Detail/select_Application_Module'  using regular expression

24-04-2025T10:53:49 - [TEST_STEP][PASSED] - setText(findTestObject("Object Repository/Page_Script Template Detail/input_MergeFields_Parenthesis_TemplateDetail_VariablePrefix_Input"), MergeFieldPrefix): Text '{{' is set on object 'Object Repository/Page_Script Template Detail/input_MergeFields_Parenthesis_TemplateDetail_VariablePrefix_Input'

24-04-2025T10:53:49 - [MESSAGE][PASSED] - Text '{{' is set on object 'Object Repository/Page_Script Template Detail/input_MergeFields_Parenthesis_TemplateDetail_VariablePrefix_Input'

24-04-2025T10:53:49 - [TEST_STEP][PASSED] - setText(findTestObject("Object Repository/Page_Script Template Detail/input_MergeFields_Parenthesis_TemplateDetail_VariableSuffix_Input"), MergeFieldSuffix): Text '}}' is set on object 'Object Repository/Page_Script Template Detail/input_MergeFields_Parenthesis_TemplateDetail_VariableSuffix_Input'

24-04-2025T10:53:50 - [MESSAGE][PASSED] - Text '}}' is set on object 'Object Repository/Page_Script Template Detail/input_MergeFields_Parenthesis_TemplateDetail_VariableSuffix_Input'

24-04-2025T10:53:50 - [TEST_STEP][PASSED] - com.components.ckeditor.CKEditorKeywords.setText(findTestObject("Page_Script Template Detail/iframe_CKEditor_TemplateDetail_TextArea_Script"), TextScript): com.components.ckeditor.CKEditorKeywords.setText is PASSED

24-04-2025T10:53:51 - [MESSAGE][PASSED] - com.components.ckeditor.CKEditorKeywords.setText is PASSED

24-04-2025T10:53:51 - [TEST_STEP][PASSED] - delay(delayDuration): Delayed 3 second(s)

24-04-2025T10:53:54 - [MESSAGE][PASSED] - Delayed 3 second(s)

24-04-2025T10:53:54 - [TEST_STEP][PASSED] - click(findTestObject("Object Repository/Page_Script Template Detail/button_Generate Merge Fields")): Object: 'Object Repository/Page_Script Template Detail/button_Generate Merge Fields' is clicked on

24-04-2025T10:53:54 - [MESSAGE][PASSED] - Object: 'Object Repository/Page_Script Template Detail/button_Generate Merge Fields' is clicked on

24-04-2025T10:53:54 - [TEST_STEP][PASSED] - comment("When the user has filled in valid information on the Script Template Detail page"): When the user has filled in valid information on the Script Template Detail page

24-04-2025T10:53:54 - [MESSAGE][INFO] - When the user has filled in valid information on the Script Template Detail page

24-04-2025T10:53:54 - [TEST_STEP][PASSED] - delay(delayDuration): Delayed 3 second(s)

24-04-2025T10:53:57 - [MESSAGE][PASSED] - Delayed 3 second(s)

24-04-2025T10:53:57 - [TEST_STEP][PASSED] - click(findTestObject("Object Repository/Page_Script Template Detail/button_Save")): Object: 'Object Repository/Page_Script Template Detail/button_Save' is clicked on

24-04-2025T10:53:58 - [MESSAGE][PASSED] - Object: 'Object Repository/Page_Script Template Detail/button_Save' is clicked on

24-04-2025T10:53:58 - [TEST_STEP][PASSED] - comment("The the user should be able to create a new Script Template"): The the user should be able to create a new Script Template

24-04-2025T10:53:58 - [MESSAGE][INFO] - The the user should be able to create a new Script Template

24-04-2025T10:53:58 - [TEST_STEP][PASSED] - verifyElementVisible(findTestObject("Page_Script Template Detail/div_Template CV Successfully saved")): Object 'Object Repository/Page_Script Template Detail/div_Template CV Successfully saved' is visible

24-04-2025T10:53:58 - [MESSAGE][PASSED] - Object 'Object Repository/Page_Script Template Detail/div_Template CV Successfully saved' is visible

24-04-2025T10:53:58 - [TEST_STEP][FAILED] - click(findTestObject("Object Repository/Page_Script Template Detail/button_Back")): Unable to click on object 'Object Repository/Page_Script Template Detail/button_Back' (Root cause: com.kms.katalon.core.exception.StepFailedException: Unable to click on object 'Object Repository/Page_Script Template Detail/button_Back'
	at com.kms.katalon.core.webui.keyword.internal.WebUIKeywordMain.stepFailed(WebUIKeywordMain.groovy:117)
	at com.kms.katalon.core.webui.keyword.internal.WebUIKeywordMain.runKeyword(WebUIKeywordMain.groovy:43)
	at com.kms.katalon.core.webui.keyword.builtin.ClickKeyword.click(ClickKeyword.groovy:75)
	at com.kms.katalon.core.webui.keyword.builtin.ClickKeyword.execute(ClickKeyword.groovy:40)
	at com.kms.katalon.core.keyword.internal.KeywordExecutor.executeKeywordForPlatform(KeywordExecutor.groovy:74)
	at com.kms.katalon.core.webui.keyword.WebUiBuiltInKeywords.click(WebUiBuiltInKeywords.groovy:696)
	at TC01 - Add Script Template.run(TC01 - Add Script Template:90)
	at com.kms.katalon.core.main.ScriptEngine.run(ScriptEngine.java:194)
	at com.kms.katalon.core.main.ScriptEngine.runScriptAsRawText(ScriptEngine.java:119)
	at com.kms.katalon.core.main.TestCaseExecutor.runScript(TestCaseExecutor.java:448)
	at com.kms.katalon.core.main.TestCaseExecutor.doExecute(TestCaseExecutor.java:439)
	at com.kms.katalon.core.main.TestCaseExecutor.processExecutionPhase(TestCaseExecutor.java:418)
	at com.kms.katalon.core.main.TestCaseExecutor.accessMainPhase(TestCaseExecutor.java:410)
	at com.kms.katalon.core.main.TestCaseExecutor.execute(TestCaseExecutor.java:285)
	at com.kms.katalon.core.common.CommonExecutor.accessTestCaseMainPhase(CommonExecutor.java:71)
	at com.kms.katalon.core.main.TestSuiteExecutor.accessTestSuiteMainPhase(TestSuiteExecutor.java:160)
	at com.kms.katalon.core.main.TestSuiteExecutor.execute(TestSuiteExecutor.java:107)
	at com.kms.katalon.core.main.TestCaseMain.startTestSuite(TestCaseMain.java:180)
	at TempTestSuite1745484667099.run(TempTestSuite1745484667099.groovy:35)
	at java.base/jdk.internal.reflect.NativeMethodAccessorImpl.invoke0(Native Method)
	at java.base/jdk.internal.reflect.NativeMethodAccessorImpl.invoke(NativeMethodAccessorImpl.java:77)
	at java.base/jdk.internal.reflect.DelegatingMethodAccessorImpl.invoke(DelegatingMethodAccessorImpl.java:43)
Caused by: org.openqa.selenium.ElementClickInterceptedException: Element <button id="Button_Cancel" class="btn" type="button"> is not clickable at point (1847,17) because another element <div id="b2-b2-Popover_Icon" class="padding-left-base padding-right-s"> obscures it
Build info: version: '4.22.0', revision: 'c5f3146703'
System info: os.name: 'Windows 11', os.arch: 'amd64', os.version: '10.0', java.version: '17.0.13'
Driver info: com.kms.katalon.selenium.driver.CFirefoxDriver
Command: [fcd636f5-e07d-41c2-93a0-1939cc07cc3e, clickElement {id=764d9921-14a9-4f12-b668-ab59fc81e231}]
Capabilities {acceptInsecureCerts: true, browserName: firefox, browserVersion: 137.0.2, moz:accessibilityChecks: false, moz:buildID: 20250414091429, moz:debuggerAddress: 127.0.0.1:21244, moz:geckodriverVersion: 0.35.0, moz:headless: false, moz:platformVersion: 10.0, moz:processID: 19548, moz:profile: C:\Users\MUNYAR~1\AppData\L..., moz:shutdownTimeout: 60000, moz:webdriverClick: true, moz:windowless: false, pageLoadStrategy: normal, platformName: windows, proxy: Proxy(), se:cdp: ws://127.0.0.1:21244/devtoo..., se:cdpVersion: 85.0, setWindowRect: true, strictFileInteractability: false, timeouts: {implicit: 0, pageLoad: 300000, script: 30000}, unhandledPromptBehavior: ignore, userAgent: Mozilla/5.0 (Windows NT 10...., webSocketUrl: ws://127.0.0.1:21244/sessio...}
Element: [[CFirefoxDriver: firefox on windows (fcd636f5-e07d-41c2-93a0-1939cc07cc3e)] -> xpath: //button[@id='Button_Cancel']]
Session ID: fcd636f5-e07d-41c2-93a0-1939cc07cc3e
	at jdk.internal.reflect.GeneratedConstructorAccessor45.newInstance(Unknown Source)
	at java.base/jdk.internal.reflect.DelegatingConstructorAccessorImpl.newInstance(DelegatingConstructorAccessorImpl.java:45)
	at org.openqa.selenium.remote.ErrorCodec.decode(ErrorCodec.java:167)
	at org.openqa.selenium.remote.codec.w3c.W3CHttpResponseCodec.decode(W3CHttpResponseCodec.java:138)
	at org.openqa.selenium.remote.codec.w3c.W3CHttpResponseCodec.decode(W3CHttpResponseCodec.java:50)
	at org.openqa.selenium.remote.HttpCommandExecutor.execute(HttpCommandExecutor.java:190)
	at org.openqa.selenium.remote.service.DriverCommandExecutor.invokeExecute(DriverCommandExecutor.java:216)
	at org.openqa.selenium.remote.service.DriverCommandExecutor.execute(DriverCommandExecutor.java:174)
	at org.openqa.selenium.remote.RemoteWebDriver.execute(RemoteWebDriver.java:518)
	at org.openqa.selenium.remote.RemoteWebElement.execute(RemoteWebElement.java:223)
	at org.openqa.selenium.remote.RemoteWebElement.click(RemoteWebElement.java:76)
	at jdk.internal.reflect.GeneratedMethodAccessor26.invoke(Unknown Source)
	at java.base/jdk.internal.reflect.DelegatingMethodAccessorImpl.invoke(DelegatingMethodAccessorImpl.java:43)
	at org.openqa.selenium.support.decorators.WebDriverDecorator.call(WebDriverDecorator.java:249)
	at org.openqa.selenium.support.decorators.DefaultDecorated.call(DefaultDecorated.java:48)
	at org.openqa.selenium.support.decorators.WebDriverDecorator.lambda$createProxy$2(WebDriverDecorator.java:321)
	at net.bytebuddy.renamed.java.lang.Object$ByteBuddy$KhqctD1c.click(Unknown Source)
	at org.openqa.selenium.WebElement$click.call(Unknown Source)
	at com.kms.katalon.core.webui.keyword.builtin.ClickKeyword.clickUntilSuccessWithTimeout(ClickKeyword.groovy:82)
	at com.kms.katalon.core.webui.keyword.builtin.ClickKeyword.clickUntilSuccessWithTimeout(ClickKeyword.groovy)
	at java.base/jdk.internal.reflect.NativeMethodAccessorImpl.invoke0(Native Method)
	at java.base/jdk.internal.reflect.NativeMethodAccessorImpl.invoke(NativeMethodAccessorImpl.java:77)
	at java.base/jdk.internal.reflect.DelegatingMethodAccessorImpl.invoke(DelegatingMethodAccessorImpl.java:43)
	at com.kms.katalon.core.webui.keyword.builtin.ClickKeyword$_click_closure1.doCall(ClickKeyword.groovy:68)
	at com.kms.katalon.core.webui.keyword.builtin.ClickKeyword$_click_closure1.call(ClickKeyword.groovy)
	at com.kms.katalon.core.webui.keyword.internal.WebUIKeywordMain.runKeyword(WebUIKeywordMain.groovy:35)
	at com.kms.katalon.core.webui.keyword.builtin.ClickKeyword.click(ClickKeyword.groovy:75)
	at com.kms.katalon.core.webui.keyword.builtin.ClickKeyword.execute(ClickKeyword.groovy:40)
	at com.kms.katalon.core.keyword.internal.KeywordExecutor.executeKeywordForPlatform(KeywordExecutor.groovy:74)
	at com.kms.katalon.core.webui.keyword.WebUiBuiltInKeywords.click(WebUiBuiltInKeywords.groovy:696)
	at Script1744378544474.run(Script1744378544474.groovy:90)
	... 15 more
)

24-04-2025T10:54:30 - [MESSAGE][FAILED] - Unable to click on object 'Object Repository/Page_Script Template Detail/button_Back' (Root cause: com.kms.katalon.core.exception.StepFailedException: Unable to click on object 'Object Repository/Page_Script Template Detail/button_Back'
	at com.kms.katalon.core.webui.keyword.internal.WebUIKeywordMain.stepFailed(WebUIKeywordMain.groovy:117)
	at com.kms.katalon.core.webui.keyword.internal.WebUIKeywordMain.runKeyword(WebUIKeywordMain.groovy:43)
	at com.kms.katalon.core.webui.keyword.builtin.ClickKeyword.click(ClickKeyword.groovy:75)
	at com.kms.katalon.core.webui.keyword.builtin.ClickKeyword.execute(ClickKeyword.groovy:40)
	at com.kms.katalon.core.keyword.internal.KeywordExecutor.executeKeywordForPlatform(KeywordExecutor.groovy:74)
	at com.kms.katalon.core.webui.keyword.WebUiBuiltInKeywords.click(WebUiBuiltInKeywords.groovy:696)
	at TC01 - Add Script Template.run(TC01 - Add Script Template:90)
	at com.kms.katalon.core.main.ScriptEngine.run(ScriptEngine.java:194)
	at com.kms.katalon.core.main.ScriptEngine.runScriptAsRawText(ScriptEngine.java:119)
	at com.kms.katalon.core.main.TestCaseExecutor.runScript(TestCaseExecutor.java:448)
	at com.kms.katalon.core.main.TestCaseExecutor.doExecute(TestCaseExecutor.java:439)
	at com.kms.katalon.core.main.TestCaseExecutor.processExecutionPhase(TestCaseExecutor.java:418)
	at com.kms.katalon.core.main.TestCaseExecutor.accessMainPhase(TestCaseExecutor.java:410)
	at com.kms.katalon.core.main.TestCaseExecutor.execute(TestCaseExecutor.java:285)
	at com.kms.katalon.core.common.CommonExecutor.accessTestCaseMainPhase(CommonExecutor.java:71)
	at com.kms.katalon.core.main.TestSuiteExecutor.accessTestSuiteMainPhase(TestSuiteExecutor.java:160)
	at com.kms.katalon.core.main.TestSuiteExecutor.execute(TestSuiteExecutor.java:107)
	at com.kms.katalon.core.main.TestCaseMain.startTestSuite(TestCaseMain.java:180)
	at TempTestSuite1745484667099.run(TempTestSuite1745484667099.groovy:35)
	at java.base/jdk.internal.reflect.NativeMethodAccessorImpl.invoke0(Native Method)
	at java.base/jdk.internal.reflect.NativeMethodAccessorImpl.invoke(NativeMethodAccessorImpl.java:77)
	at java.base/jdk.internal.reflect.DelegatingMethodAccessorImpl.invoke(DelegatingMethodAccessorImpl.java:43)
Caused by: org.openqa.selenium.ElementClickInterceptedException: Element <button id="Button_Cancel" class="btn" type="button"> is not clickable at point (1847,17) because another element <div id="b2-b2-Popover_Icon" class="padding-left-base padding-right-s"> obscures it
Build info: version: '4.22.0', revision: 'c5f3146703'
System info: os.name: 'Windows 11', os.arch: 'amd64', os.version: '10.0', java.version: '17.0.13'
Driver info: com.kms.katalon.selenium.driver.CFirefoxDriver
Command: [fcd636f5-e07d-41c2-93a0-1939cc07cc3e, clickElement {id=764d9921-14a9-4f12-b668-ab59fc81e231}]
Capabilities {acceptInsecureCerts: true, browserName: firefox, browserVersion: 137.0.2, moz:accessibilityChecks: false, moz:buildID: 20250414091429, moz:debuggerAddress: 127.0.0.1:21244, moz:geckodriverVersion: 0.35.0, moz:headless: false, moz:platformVersion: 10.0, moz:processID: 19548, moz:profile: C:\Users\MUNYAR~1\AppData\L..., moz:shutdownTimeout: 60000, moz:webdriverClick: true, moz:windowless: false, pageLoadStrategy: normal, platformName: windows, proxy: Proxy(), se:cdp: ws://127.0.0.1:21244/devtoo..., se:cdpVersion: 85.0, setWindowRect: true, strictFileInteractability: false, timeouts: {implicit: 0, pageLoad: 300000, script: 30000}, unhandledPromptBehavior: ignore, userAgent: Mozilla/5.0 (Windows NT 10...., webSocketUrl: ws://127.0.0.1:21244/sessio...}
Element: [[CFirefoxDriver: firefox on windows (fcd636f5-e07d-41c2-93a0-1939cc07cc3e)] -> xpath: //button[@id='Button_Cancel']]
Session ID: fcd636f5-e07d-41c2-93a0-1939cc07cc3e
	at jdk.internal.reflect.GeneratedConstructorAccessor45.newInstance(Unknown Source)
	at java.base/jdk.internal.reflect.DelegatingConstructorAccessorImpl.newInstance(DelegatingConstructorAccessorImpl.java:45)
	at org.openqa.selenium.remote.ErrorCodec.decode(ErrorCodec.java:167)
	at org.openqa.selenium.remote.codec.w3c.W3CHttpResponseCodec.decode(W3CHttpResponseCodec.java:138)
	at org.openqa.selenium.remote.codec.w3c.W3CHttpResponseCodec.decode(W3CHttpResponseCodec.java:50)
	at org.openqa.selenium.remote.HttpCommandExecutor.execute(HttpCommandExecutor.java:190)
	at org.openqa.selenium.remote.service.DriverCommandExecutor.invokeExecute(DriverCommandExecutor.java:216)
	at org.openqa.selenium.remote.service.DriverCommandExecutor.execute(DriverCommandExecutor.java:174)
	at org.openqa.selenium.remote.RemoteWebDriver.execute(RemoteWebDriver.java:518)
	at org.openqa.selenium.remote.RemoteWebElement.execute(RemoteWebElement.java:223)
	at org.openqa.selenium.remote.RemoteWebElement.click(RemoteWebElement.java:76)
	at jdk.internal.reflect.GeneratedMethodAccessor26.invoke(Unknown Source)
	at java.base/jdk.internal.reflect.DelegatingMethodAccessorImpl.invoke(DelegatingMethodAccessorImpl.java:43)
	at org.openqa.selenium.support.decorators.WebDriverDecorator.call(WebDriverDecorator.java:249)
	at org.openqa.selenium.support.decorators.DefaultDecorated.call(DefaultDecorated.java:48)
	at org.openqa.selenium.support.decorators.WebDriverDecorator.lambda$createProxy$2(WebDriverDecorator.java:321)
	at net.bytebuddy.renamed.java.lang.Object$ByteBuddy$KhqctD1c.click(Unknown Source)
	at org.openqa.selenium.WebElement$click.call(Unknown Source)
	at com.kms.katalon.core.webui.keyword.builtin.ClickKeyword.clickUntilSuccessWithTimeout(ClickKeyword.groovy:82)
	at com.kms.katalon.core.webui.keyword.builtin.ClickKeyword.clickUntilSuccessWithTimeout(ClickKeyword.groovy)
	at java.base/jdk.internal.reflect.NativeMethodAccessorImpl.invoke0(Native Method)
	at java.base/jdk.internal.reflect.NativeMethodAccessorImpl.invoke(NativeMethodAccessorImpl.java:77)
	at java.base/jdk.internal.reflect.DelegatingMethodAccessorImpl.invoke(DelegatingMethodAccessorImpl.java:43)
	at com.kms.katalon.core.webui.keyword.builtin.ClickKeyword$_click_closure1.doCall(ClickKeyword.groovy:68)
	at com.kms.katalon.core.webui.keyword.builtin.ClickKeyword$_click_closure1.call(ClickKeyword.groovy)
	at com.kms.katalon.core.webui.keyword.internal.WebUIKeywordMain.runKeyword(WebUIKeywordMain.groovy:35)
	at com.kms.katalon.core.webui.keyword.builtin.ClickKeyword.click(ClickKeyword.groovy:75)
	at com.kms.katalon.core.webui.keyword.builtin.ClickKeyword.execute(ClickKeyword.groovy:40)
	at com.kms.katalon.core.keyword.internal.KeywordExecutor.executeKeywordForPlatform(KeywordExecutor.groovy:74)
	at com.kms.katalon.core.webui.keyword.WebUiBuiltInKeywords.click(WebUiBuiltInKeywords.groovy:696)
	at Script1744378544474.run(Script1744378544474.groovy:90)
	... 15 more
)
[[ATTACHMENT|C:\\Users\\MunyaradziKandoro\\git\\Script-Template-Manager-Web-UI-Testing\\Reports\\20250424_105104\\Sanity Test Suite\\SN001_ScriptTemplate_Validation\\20250424_105107\\1745484869922.png]]

24-04-2025T10:54:30 - [TEST_STEP][PASSED] - Start listener action : logAfterTestCase: null

24-04-2025T10:54:30 - [TEST_STEP][PASSED] - switchToDefaultContent(): null

24-04-2025T10:54:30 - [TEST_STEP][PASSED] - comment("Test Case Execution Completed"): Test Case Execution Completed

24-04-2025T10:54:30 - [MESSAGE][INFO] - Test Case Execution Completed

24-04-2025T10:54:30 - [TEST_STEP][PASSED] - markWarning("Test Case Name : " + testCaseContext.getTestCaseId()): Test Case Name : Test Cases/TC01 - Add Script Template

24-04-2025T10:54:30 - [MESSAGE][WARNING] - Test Case Name : Test Cases/TC01 - Add Script Template

24-04-2025T10:54:30 - [TEST_STEP][PASSED] - markWarning("Test Case Status : " + testCaseContext.getTestCaseStatus()): Test Case Status : FAILED

24-04-2025T10:54:30 - [MESSAGE][WARNING] - Test Case Status : FAILED

24-04-2025T10:54:30 - [TEST_STEP][PASSED] - if (getTestCaseStatus().equals("FAILED")): null

24-04-2025T10:54:30 - [TEST_STEP][PASSED] - screenshotPath = "Screenshots/" + testCaseContext.getTestCaseId() + ".png": null

24-04-2025T10:54:30 - [TEST_STEP][PASSED] - takeScreenshot(screenshotPath): Taking screenshot successfully

24-04-2025T10:54:30 - [MESSAGE][PASSED] - Taking screenshot successfully
[[ATTACHMENT|C:\\Users\\MunyaradziKandoro\\git\\Script-Template-Manager-Web-UI-Testing\\Reports\\20250424_105104\\Sanity Test Suite\\SN001_ScriptTemplate_Validation\\20250424_105107\\Screenshots/Test Cases/TC01 - Add Script Template.png]]

24-04-2025T10:54:30 - [TEST_STEP][PASSED] - println("Screenshot saved at: " + screenshotPath): null

24-04-2025T10:54:30 - [TEST_STEP][PASSED] - println("Reseting test configuration settings..."): null

24-04-2025T10:54:30 - [TEST_STEP][PASSED] - println("Cleaning up resources for case " + testCaseContext.getTestCaseId()): null]]></system-out>
         <system-err><![CDATA[24-04-2025T10:53:22 - [TEST_CASE][FAILED] - Test Cases/TC01 - Add Script Template: Test Cases/TC01 - Add Script Template FAILED.
Reason:
com.kms.katalon.core.exception.StepFailedException: Unable to click on object 'Object Repository/Page_Script Template Detail/button_Back'
	at com.kms.katalon.core.webui.keyword.internal.WebUIKeywordMain.stepFailed(WebUIKeywordMain.groovy:117)
	at com.kms.katalon.core.webui.keyword.internal.WebUIKeywordMain.runKeyword(WebUIKeywordMain.groovy:43)
	at com.kms.katalon.core.webui.keyword.builtin.ClickKeyword.click(ClickKeyword.groovy:75)
	at com.kms.katalon.core.webui.keyword.builtin.ClickKeyword.execute(ClickKeyword.groovy:40)
	at com.kms.katalon.core.keyword.internal.KeywordExecutor.executeKeywordForPlatform(KeywordExecutor.groovy:74)
	at com.kms.katalon.core.webui.keyword.WebUiBuiltInKeywords.click(WebUiBuiltInKeywords.groovy:696)
	at TC01 - Add Script Template.run(TC01 - Add Script Template:90)
	at com.kms.katalon.core.main.ScriptEngine.run(ScriptEngine.java:194)
	at com.kms.katalon.core.main.ScriptEngine.runScriptAsRawText(ScriptEngine.java:119)
	at com.kms.katalon.core.main.TestCaseExecutor.runScript(TestCaseExecutor.java:448)
	at com.kms.katalon.core.main.TestCaseExecutor.doExecute(TestCaseExecutor.java:439)
	at com.kms.katalon.core.main.TestCaseExecutor.processExecutionPhase(TestCaseExecutor.java:418)
	at com.kms.katalon.core.main.TestCaseExecutor.accessMainPhase(TestCaseExecutor.java:410)
	at com.kms.katalon.core.main.TestCaseExecutor.execute(TestCaseExecutor.java:285)
	at com.kms.katalon.core.common.CommonExecutor.accessTestCaseMainPhase(CommonExecutor.java:71)
	at com.kms.katalon.core.main.TestSuiteExecutor.accessTestSuiteMainPhase(TestSuiteExecutor.java:160)
	at com.kms.katalon.core.main.TestSuiteExecutor.execute(TestSuiteExecutor.java:107)
	at com.kms.katalon.core.main.TestCaseMain.startTestSuite(TestCaseMain.java:180)
	at TempTestSuite1745484667099.run(TempTestSuite1745484667099.groovy:35)
	at java.base/jdk.internal.reflect.NativeMethodAccessorImpl.invoke0(Native Method)
	at java.base/jdk.internal.reflect.NativeMethodAccessorImpl.invoke(NativeMethodAccessorImpl.java:77)
	at java.base/jdk.internal.reflect.DelegatingMethodAccessorImpl.invoke(DelegatingMethodAccessorImpl.java:43)
Caused by: org.openqa.selenium.ElementClickInterceptedException: Element <button id="Button_Cancel" class="btn" type="button"> is not clickable at point (1847,17) because another element <div id="b2-b2-Popover_Icon" class="padding-left-base padding-right-s"> obscures it
Build info: version: '4.22.0', revision: 'c5f3146703'
System info: os.name: 'Windows 11', os.arch: 'amd64', os.version: '10.0', java.version: '17.0.13'
Driver info: com.kms.katalon.selenium.driver.CFirefoxDriver
Command: [fcd636f5-e07d-41c2-93a0-1939cc07cc3e, clickElement {id=764d9921-14a9-4f12-b668-ab59fc81e231}]
Capabilities {acceptInsecureCerts: true, browserName: firefox, browserVersion: 137.0.2, moz:accessibilityChecks: false, moz:buildID: 20250414091429, moz:debuggerAddress: 127.0.0.1:21244, moz:geckodriverVersion: 0.35.0, moz:headless: false, moz:platformVersion: 10.0, moz:processID: 19548, moz:profile: C:\Users\MUNYAR~1\AppData\L..., moz:shutdownTimeout: 60000, moz:webdriverClick: true, moz:windowless: false, pageLoadStrategy: normal, platformName: windows, proxy: Proxy(), se:cdp: ws://127.0.0.1:21244/devtoo..., se:cdpVersion: 85.0, setWindowRect: true, strictFileInteractability: false, timeouts: {implicit: 0, pageLoad: 300000, script: 30000}, unhandledPromptBehavior: ignore, userAgent: Mozilla/5.0 (Windows NT 10...., webSocketUrl: ws://127.0.0.1:21244/sessio...}
Element: [[CFirefoxDriver: firefox on windows (fcd636f5-e07d-41c2-93a0-1939cc07cc3e)] -> xpath: //button[@id='Button_Cancel']]
Session ID: fcd636f5-e07d-41c2-93a0-1939cc07cc3e
	at jdk.internal.reflect.GeneratedConstructorAccessor45.newInstance(Unknown Source)
	at java.base/jdk.internal.reflect.DelegatingConstructorAccessorImpl.newInstance(DelegatingConstructorAccessorImpl.java:45)
	at org.openqa.selenium.remote.ErrorCodec.decode(ErrorCodec.java:167)
	at org.openqa.selenium.remote.codec.w3c.W3CHttpResponseCodec.decode(W3CHttpResponseCodec.java:138)
	at org.openqa.selenium.remote.codec.w3c.W3CHttpResponseCodec.decode(W3CHttpResponseCodec.java:50)
	at org.openqa.selenium.remote.HttpCommandExecutor.execute(HttpCommandExecutor.java:190)
	at org.openqa.selenium.remote.service.DriverCommandExecutor.invokeExecute(DriverCommandExecutor.java:216)
	at org.openqa.selenium.remote.service.DriverCommandExecutor.execute(DriverCommandExecutor.java:174)
	at org.openqa.selenium.remote.RemoteWebDriver.execute(RemoteWebDriver.java:518)
	at org.openqa.selenium.remote.RemoteWebElement.execute(RemoteWebElement.java:223)
	at org.openqa.selenium.remote.RemoteWebElement.click(RemoteWebElement.java:76)
	at jdk.internal.reflect.GeneratedMethodAccessor26.invoke(Unknown Source)
	at java.base/jdk.internal.reflect.DelegatingMethodAccessorImpl.invoke(DelegatingMethodAccessorImpl.java:43)
	at org.openqa.selenium.support.decorators.WebDriverDecorator.call(WebDriverDecorator.java:249)
	at org.openqa.selenium.support.decorators.DefaultDecorated.call(DefaultDecorated.java:48)
	at org.openqa.selenium.support.decorators.WebDriverDecorator.lambda$createProxy$2(WebDriverDecorator.java:321)
	at net.bytebuddy.renamed.java.lang.Object$ByteBuddy$KhqctD1c.click(Unknown Source)
	at org.openqa.selenium.WebElement$click.call(Unknown Source)
	at com.kms.katalon.core.webui.keyword.builtin.ClickKeyword.clickUntilSuccessWithTimeout(ClickKeyword.groovy:82)
	at com.kms.katalon.core.webui.keyword.builtin.ClickKeyword.clickUntilSuccessWithTimeout(ClickKeyword.groovy)
	at java.base/jdk.internal.reflect.NativeMethodAccessorImpl.invoke0(Native Method)
	at java.base/jdk.internal.reflect.NativeMethodAccessorImpl.invoke(NativeMethodAccessorImpl.java:77)
	at java.base/jdk.internal.reflect.DelegatingMethodAccessorImpl.invoke(DelegatingMethodAccessorImpl.java:43)
	at com.kms.katalon.core.webui.keyword.builtin.ClickKeyword$_click_closure1.doCall(ClickKeyword.groovy:68)
	at com.kms.katalon.core.webui.keyword.builtin.ClickKeyword$_click_closure1.call(ClickKeyword.groovy)
	at com.kms.katalon.core.webui.keyword.internal.WebUIKeywordMain.runKeyword(WebUIKeywordMain.groovy:35)
	... 20 more]]></system-err>
      </testcase>
      <system-out><![CDATA[24-04-2025T10:53:15 - [TEST_SUITE][FAILED] - SN001_ScriptTemplate_Validation: Test Cases/TC01 - Add Script Template FAILED.
Reason:
com.kms.katalon.core.exception.StepFailedException: Unable to click on object 'Object Repository/Page_Script Template Detail/button_Back'
	at com.kms.katalon.core.webui.keyword.internal.WebUIKeywordMain.stepFailed(WebUIKeywordMain.groovy:117)
	at com.kms.katalon.core.webui.keyword.internal.WebUIKeywordMain.runKeyword(WebUIKeywordMain.groovy:43)
	at com.kms.katalon.core.webui.keyword.builtin.ClickKeyword.click(ClickKeyword.groovy:75)
	at com.kms.katalon.core.webui.keyword.builtin.ClickKeyword.execute(ClickKeyword.groovy:40)
	at com.kms.katalon.core.keyword.internal.KeywordExecutor.executeKeywordForPlatform(KeywordExecutor.groovy:74)
	at com.kms.katalon.core.webui.keyword.WebUiBuiltInKeywords.click(WebUiBuiltInKeywords.groovy:696)
	at TC01 - Add Script Template.run(TC01 - Add Script Template:90)
	at com.kms.katalon.core.main.ScriptEngine.run(ScriptEngine.java:194)
	at com.kms.katalon.core.main.ScriptEngine.runScriptAsRawText(ScriptEngine.java:119)
	at com.kms.katalon.core.main.TestCaseExecutor.runScript(TestCaseExecutor.java:448)
	at com.kms.katalon.core.main.TestCaseExecutor.doExecute(TestCaseExecutor.java:439)
	at com.kms.katalon.core.main.TestCaseExecutor.processExecutionPhase(TestCaseExecutor.java:418)
	at com.kms.katalon.core.main.TestCaseExecutor.accessMainPhase(TestCaseExecutor.java:410)
	at com.kms.katalon.core.main.TestCaseExecutor.execute(TestCaseExecutor.java:285)
	at com.kms.katalon.core.common.CommonExecutor.accessTestCaseMainPhase(CommonExecutor.java:71)
	at com.kms.katalon.core.main.TestSuiteExecutor.accessTestSuiteMainPhase(TestSuiteExecutor.java:160)
	at com.kms.katalon.core.main.TestSuiteExecutor.execute(TestSuiteExecutor.java:107)
	at com.kms.katalon.core.main.TestCaseMain.startTestSuite(TestCaseMain.java:180)
	at TempTestSuite1745484667099.run(TempTestSuite1745484667099.groovy:35)
	at java.base/jdk.internal.reflect.NativeMethodAccessorImpl.invoke0(Native Method)
	at java.base/jdk.internal.reflect.NativeMethodAccessorImpl.invoke(NativeMethodAccessorImpl.java:77)
	at java.base/jdk.internal.reflect.DelegatingMethodAccessorImpl.invoke(DelegatingMethodAccessorImpl.java:43)
Caused by: org.openqa.selenium.ElementClickInterceptedException: Element <button id="Button_Cancel" class="btn" type="button"> is not clickable at point (1847,17) because another element <div id="b2-b2-Popover_Icon" class="padding-left-base padding-right-s"> obscures it
Build info: version: '4.22.0', revision: 'c5f3146703'
System info: os.name: 'Windows 11', os.arch: 'amd64', os.version: '10.0', java.version: '17.0.13'
Driver info: com.kms.katalon.selenium.driver.CFirefoxDriver
Command: [fcd636f5-e07d-41c2-93a0-1939cc07cc3e, clickElement {id=764d9921-14a9-4f12-b668-ab59fc81e231}]
Capabilities {acceptInsecureCerts: true, browserName: firefox, browserVersion: 137.0.2, moz:accessibilityChecks: false, moz:buildID: 20250414091429, moz:debuggerAddress: 127.0.0.1:21244, moz:geckodriverVersion: 0.35.0, moz:headless: false, moz:platformVersion: 10.0, moz:processID: 19548, moz:profile: C:\Users\MUNYAR~1\AppData\L..., moz:shutdownTimeout: 60000, moz:webdriverClick: true, moz:windowless: false, pageLoadStrategy: normal, platformName: windows, proxy: Proxy(), se:cdp: ws://127.0.0.1:21244/devtoo..., se:cdpVersion: 85.0, setWindowRect: true, strictFileInteractability: false, timeouts: {implicit: 0, pageLoad: 300000, script: 30000}, unhandledPromptBehavior: ignore, userAgent: Mozilla/5.0 (Windows NT 10...., webSocketUrl: ws://127.0.0.1:21244/sessio...}
Element: [[CFirefoxDriver: firefox on windows (fcd636f5-e07d-41c2-93a0-1939cc07cc3e)] -> xpath: //button[@id='Button_Cancel']]
Session ID: fcd636f5-e07d-41c2-93a0-1939cc07cc3e
	at jdk.internal.reflect.GeneratedConstructorAccessor45.newInstance(Unknown Source)
	at java.base/jdk.internal.reflect.DelegatingConstructorAccessorImpl.newInstance(DelegatingConstructorAccessorImpl.java:45)
	at org.openqa.selenium.remote.ErrorCodec.decode(ErrorCodec.java:167)
	at org.openqa.selenium.remote.codec.w3c.W3CHttpResponseCodec.decode(W3CHttpResponseCodec.java:138)
	at org.openqa.selenium.remote.codec.w3c.W3CHttpResponseCodec.decode(W3CHttpResponseCodec.java:50)
	at org.openqa.selenium.remote.HttpCommandExecutor.execute(HttpCommandExecutor.java:190)
	at org.openqa.selenium.remote.service.DriverCommandExecutor.invokeExecute(DriverCommandExecutor.java:216)
	at org.openqa.selenium.remote.service.DriverCommandExecutor.execute(DriverCommandExecutor.java:174)
	at org.openqa.selenium.remote.RemoteWebDriver.execute(RemoteWebDriver.java:518)
	at org.openqa.selenium.remote.RemoteWebElement.execute(RemoteWebElement.java:223)
	at org.openqa.selenium.remote.RemoteWebElement.click(RemoteWebElement.java:76)
	at jdk.internal.reflect.GeneratedMethodAccessor26.invoke(Unknown Source)
	at java.base/jdk.internal.reflect.DelegatingMethodAccessorImpl.invoke(DelegatingMethodAccessorImpl.java:43)
	at org.openqa.selenium.support.decorators.WebDriverDecorator.call(WebDriverDecorator.java:249)
	at org.openqa.selenium.support.decorators.DefaultDecorated.call(DefaultDecorated.java:48)
	at org.openqa.selenium.support.decorators.WebDriverDecorator.lambda$createProxy$2(WebDriverDecorator.java:321)
	at net.bytebuddy.renamed.java.lang.Object$ByteBuddy$KhqctD1c.click(Unknown Source)
	at org.openqa.selenium.WebElement$click.call(Unknown Source)
	at com.kms.katalon.core.webui.keyword.builtin.ClickKeyword.clickUntilSuccessWithTimeout(ClickKeyword.groovy:82)
	at com.kms.katalon.core.webui.keyword.builtin.ClickKeyword.clickUntilSuccessWithTimeout(ClickKeyword.groovy)
	at java.base/jdk.internal.reflect.NativeMethodAccessorImpl.invoke0(Native Method)
	at java.base/jdk.internal.reflect.NativeMethodAccessorImpl.invoke(NativeMethodAccessorImpl.java:77)
	at java.base/jdk.internal.reflect.DelegatingMethodAccessorImpl.invoke(DelegatingMethodAccessorImpl.java:43)
	at com.kms.katalon.core.webui.keyword.builtin.ClickKeyword$_click_closure1.doCall(ClickKeyword.groovy:68)
	at com.kms.katalon.core.webui.keyword.builtin.ClickKeyword$_click_closure1.call(ClickKeyword.groovy)
	at com.kms.katalon.core.webui.keyword.internal.WebUIKeywordMain.runKeyword(WebUIKeywordMain.groovy:35)
	... 20 more]]></system-out>
      <system-err><![CDATA[24-04-2025T10:53:15 - [TEST_SUITE][FAILED] - SN001_ScriptTemplate_Validation: Test Cases/TC01 - Add Script Template FAILED.
Reason:
com.kms.katalon.core.exception.StepFailedException: Unable to click on object 'Object Repository/Page_Script Template Detail/button_Back'
	at com.kms.katalon.core.webui.keyword.internal.WebUIKeywordMain.stepFailed(WebUIKeywordMain.groovy:117)
	at com.kms.katalon.core.webui.keyword.internal.WebUIKeywordMain.runKeyword(WebUIKeywordMain.groovy:43)
	at com.kms.katalon.core.webui.keyword.builtin.ClickKeyword.click(ClickKeyword.groovy:75)
	at com.kms.katalon.core.webui.keyword.builtin.ClickKeyword.execute(ClickKeyword.groovy:40)
	at com.kms.katalon.core.keyword.internal.KeywordExecutor.executeKeywordForPlatform(KeywordExecutor.groovy:74)
	at com.kms.katalon.core.webui.keyword.WebUiBuiltInKeywords.click(WebUiBuiltInKeywords.groovy:696)
	at TC01 - Add Script Template.run(TC01 - Add Script Template:90)
	at com.kms.katalon.core.main.ScriptEngine.run(ScriptEngine.java:194)
	at com.kms.katalon.core.main.ScriptEngine.runScriptAsRawText(ScriptEngine.java:119)
	at com.kms.katalon.core.main.TestCaseExecutor.runScript(TestCaseExecutor.java:448)
	at com.kms.katalon.core.main.TestCaseExecutor.doExecute(TestCaseExecutor.java:439)
	at com.kms.katalon.core.main.TestCaseExecutor.processExecutionPhase(TestCaseExecutor.java:418)
	at com.kms.katalon.core.main.TestCaseExecutor.accessMainPhase(TestCaseExecutor.java:410)
	at com.kms.katalon.core.main.TestCaseExecutor.execute(TestCaseExecutor.java:285)
	at com.kms.katalon.core.common.CommonExecutor.accessTestCaseMainPhase(CommonExecutor.java:71)
	at com.kms.katalon.core.main.TestSuiteExecutor.accessTestSuiteMainPhase(TestSuiteExecutor.java:160)
	at com.kms.katalon.core.main.TestSuiteExecutor.execute(TestSuiteExecutor.java:107)
	at com.kms.katalon.core.main.TestCaseMain.startTestSuite(TestCaseMain.java:180)
	at TempTestSuite1745484667099.run(TempTestSuite1745484667099.groovy:35)
	at java.base/jdk.internal.reflect.NativeMethodAccessorImpl.invoke0(Native Method)
	at java.base/jdk.internal.reflect.NativeMethodAccessorImpl.invoke(NativeMethodAccessorImpl.java:77)
	at java.base/jdk.internal.reflect.DelegatingMethodAccessorImpl.invoke(DelegatingMethodAccessorImpl.java:43)
Caused by: org.openqa.selenium.ElementClickInterceptedException: Element <button id="Button_Cancel" class="btn" type="button"> is not clickable at point (1847,17) because another element <div id="b2-b2-Popover_Icon" class="padding-left-base padding-right-s"> obscures it
Build info: version: '4.22.0', revision: 'c5f3146703'
System info: os.name: 'Windows 11', os.arch: 'amd64', os.version: '10.0', java.version: '17.0.13'
Driver info: com.kms.katalon.selenium.driver.CFirefoxDriver
Command: [fcd636f5-e07d-41c2-93a0-1939cc07cc3e, clickElement {id=764d9921-14a9-4f12-b668-ab59fc81e231}]
Capabilities {acceptInsecureCerts: true, browserName: firefox, browserVersion: 137.0.2, moz:accessibilityChecks: false, moz:buildID: 20250414091429, moz:debuggerAddress: 127.0.0.1:21244, moz:geckodriverVersion: 0.35.0, moz:headless: false, moz:platformVersion: 10.0, moz:processID: 19548, moz:profile: C:\Users\MUNYAR~1\AppData\L..., moz:shutdownTimeout: 60000, moz:webdriverClick: true, moz:windowless: false, pageLoadStrategy: normal, platformName: windows, proxy: Proxy(), se:cdp: ws://127.0.0.1:21244/devtoo..., se:cdpVersion: 85.0, setWindowRect: true, strictFileInteractability: false, timeouts: {implicit: 0, pageLoad: 300000, script: 30000}, unhandledPromptBehavior: ignore, userAgent: Mozilla/5.0 (Windows NT 10...., webSocketUrl: ws://127.0.0.1:21244/sessio...}
Element: [[CFirefoxDriver: firefox on windows (fcd636f5-e07d-41c2-93a0-1939cc07cc3e)] -> xpath: //button[@id='Button_Cancel']]
Session ID: fcd636f5-e07d-41c2-93a0-1939cc07cc3e
	at jdk.internal.reflect.GeneratedConstructorAccessor45.newInstance(Unknown Source)
	at java.base/jdk.internal.reflect.DelegatingConstructorAccessorImpl.newInstance(DelegatingConstructorAccessorImpl.java:45)
	at org.openqa.selenium.remote.ErrorCodec.decode(ErrorCodec.java:167)
	at org.openqa.selenium.remote.codec.w3c.W3CHttpResponseCodec.decode(W3CHttpResponseCodec.java:138)
	at org.openqa.selenium.remote.codec.w3c.W3CHttpResponseCodec.decode(W3CHttpResponseCodec.java:50)
	at org.openqa.selenium.remote.HttpCommandExecutor.execute(HttpCommandExecutor.java:190)
	at org.openqa.selenium.remote.service.DriverCommandExecutor.invokeExecute(DriverCommandExecutor.java:216)
	at org.openqa.selenium.remote.service.DriverCommandExecutor.execute(DriverCommandExecutor.java:174)
	at org.openqa.selenium.remote.RemoteWebDriver.execute(RemoteWebDriver.java:518)
	at org.openqa.selenium.remote.RemoteWebElement.execute(RemoteWebElement.java:223)
	at org.openqa.selenium.remote.RemoteWebElement.click(RemoteWebElement.java:76)
	at jdk.internal.reflect.GeneratedMethodAccessor26.invoke(Unknown Source)
	at java.base/jdk.internal.reflect.DelegatingMethodAccessorImpl.invoke(DelegatingMethodAccessorImpl.java:43)
	at org.openqa.selenium.support.decorators.WebDriverDecorator.call(WebDriverDecorator.java:249)
	at org.openqa.selenium.support.decorators.DefaultDecorated.call(DefaultDecorated.java:48)
	at org.openqa.selenium.support.decorators.WebDriverDecorator.lambda$createProxy$2(WebDriverDecorator.java:321)
	at net.bytebuddy.renamed.java.lang.Object$ByteBuddy$KhqctD1c.click(Unknown Source)
	at org.openqa.selenium.WebElement$click.call(Unknown Source)
	at com.kms.katalon.core.webui.keyword.builtin.ClickKeyword.clickUntilSuccessWithTimeout(ClickKeyword.groovy:82)
	at com.kms.katalon.core.webui.keyword.builtin.ClickKeyword.clickUntilSuccessWithTimeout(ClickKeyword.groovy)
	at java.base/jdk.internal.reflect.NativeMethodAccessorImpl.invoke0(Native Method)
	at java.base/jdk.internal.reflect.NativeMethodAccessorImpl.invoke(NativeMethodAccessorImpl.java:77)
	at java.base/jdk.internal.reflect.DelegatingMethodAccessorImpl.invoke(DelegatingMethodAccessorImpl.java:43)
	at com.kms.katalon.core.webui.keyword.builtin.ClickKeyword$_click_closure1.doCall(ClickKeyword.groovy:68)
	at com.kms.katalon.core.webui.keyword.builtin.ClickKeyword$_click_closure1.call(ClickKeyword.groovy)
	at com.kms.katalon.core.webui.keyword.internal.WebUIKeywordMain.runKeyword(WebUIKeywordMain.groovy:35)
	... 20 more]]></system-err>
   </testsuite>
</testsuites>
